PRT1
61
134
4 0 3 (3072 2048 -4 ) (3072 2048 3508 ) (3072 2460.209961 3508 ) (3072 2460.209961 -4 ) 
4 0 1 (3777.129883 2048 3508 ) (3072 2048 3508 ) (3072 2048 -4 ) (3777.129883 2048 -4 ) 
4 1 6 (3072 1024 -4 ) (3072 1024 3508 ) (3072 2048 3508 ) (3072 2048 -4 ) 
4 1 2 (3072 1024 3508 ) (3072 1024 -4 ) (3777.129883 1024 -4 ) (3777.129883 1024 3508 ) 
4 2 12 (3777.129883 0 3508 ) (3072 0 3508 ) (3072 0 -4 ) (3777.129883 0 -4 ) 
4 2 7 (3072 0 -4 ) (3072 0 3508 ) (3072 1024 3508 ) (3072 1024 -4 ) 
4 3 6 (3072 2048 -4 ) (3072 2048 3508 ) (2048 2048 3508 ) (2048 2048 -4 ) 
4 3 4 (2048 2048 -4 ) (2048 2048 3508 ) (2048 2460.209961 3508 ) (2048 2460.209961 -4 ) 
4 4 8 (2048 2048 -4 ) (2048 2048 3508 ) (1024 2048 3508 ) (1024 2048 -4 ) 
4 4 5 (1024 2048 -4 ) (1024 2048 3508 ) (1024 2460.209961 3508 ) (1024 2460.209961 -4 ) 
4 5 24 (0 2048 -4 ) (0 2048 3508 ) (0 2460.209961 3508 ) (0 2460.209961 -4 ) 
4 5 9 (1024 2048 -4 ) (1024 2048 3508 ) (0 2048 3508 ) (0 2048 -4 ) 
4 6 8 (2048 2048 3508 ) (2048 2048 -4 ) (2048 1024 -4 ) (2048 1024 3508 ) 
4 6 7 (3072 1024 -4 ) (3072 1024 3508 ) (2048 1024 3508 ) (2048 1024 -4 ) 
4 7 15 (3072 0 -4 ) (3072 0 3508 ) (2048 0 3508 ) (2048 0 -4 ) 
4 7 10 (2048 0 -4 ) (2048 0 3508 ) (2048 1024 3508 ) (2048 1024 -4 ) 
4 8 10 (2048 1024 -4 ) (2048 1024 3508 ) (1024 1024 3508 ) (1024 1024 -4 ) 
4 8 9 (1024 2048 3508 ) (1024 2048 -4 ) (1024 1024 -4 ) (1024 1024 3508 ) 
4 9 26 (0 1024 -4 ) (0 1024 3508 ) (0 2048 3508 ) (0 2048 -4 ) 
4 9 11 (1024 1024 -4 ) (1024 1024 3508 ) (0 1024 3508 ) (0 1024 -4 ) 
4 10 17 (2048 0 -4 ) (2048 0 3508 ) (1024 0 3508 ) (1024 0 -4 ) 
4 10 11 (1024 1024 3508 ) (1024 1024 -4 ) (1024 0 -4 ) (1024 0 3508 ) 
4 11 32 (0 0 -4 ) (0 0 192 ) (0 1024 192 ) (0 1024 -4 ) 
4 11 28 (0 0 192 ) (0 0 3508 ) (0 1024 3508 ) (0 1024 192 ) 
4 11 18 (1024 0 -4 ) (1024 0 3508 ) (0 0 3508 ) (0 0 -4 ) 
4 12 15 (3072 0 3508 ) (3072 0 -4 ) (3072 -1024 -4 ) (3072 -1024 3508 ) 
4 12 13 (3072 -1024 3508 ) (3072 -1024 -4 ) (3777.129883 -1024 -4 ) (3777.129883 -1024 3508 ) 
4 13 16 (3072 -2048 -4 ) (3072 -2048 3508 ) (3072 -1024 3508 ) (3072 -1024 -4 ) 
4 13 14 (3777.129883 -2048 3508 ) (3072 -2048 3508 ) (3072 -2048 -4 ) (3777.129883 -2048 -4 ) 
4 14 21 (3072 -2708.209961 3508 ) (3072 -2048 3508 ) (3072 -2048 -4 ) (3072 -2708.209961 -4 ) 
4 15 17 (2048 0 3508 ) (2048 0 -4 ) (2048 -1024 -4 ) (2048 -1024 3508 ) 
4 15 16 (3072 -1024 -4 ) (3072 -1024 3508 ) (2048 -1024 3508 ) (2048 -1024 -4 ) 
4 16 21 (3072 -2048 -4 ) (3072 -2048 3508 ) (2048 -2048 3508 ) (2048 -2048 -4 ) 
4 16 19 (2048 -2048 -4 ) (2048 -2048 3508 ) (2048 -1024 3508 ) (2048 -1024 -4 ) 
4 17 19 (2048 -1024 -4 ) (2048 -1024 3508 ) (1024 -1024 3508 ) (1024 -1024 -4 ) 
4 17 18 (1024 0 3508 ) (1024 0 -4 ) (1024 -1024 -4 ) (1024 -1024 3508 ) 
4 18 43 (0 -896 3508 ) (0 -256 3508 ) (0 -256 320 ) (0 -896 320 ) 
4 18 44 (0 -1024 -4 ) (0 -1024 3508 ) (0 -896 3508 ) (0 -896 -4 ) 
4 18 41 (0 -192 3508 ) (0 -128 3508 ) (0 -128 192.981003 ) (0 -192 192.981003 ) 
4 18 40 (0 -128 3508 ) (0 0 3508 ) (0 0 -4 ) (0 -128 -4 ) 
4 18 42 (0 -256 3508 ) (0 -192 3508 ) (0 -192 -4 ) (0 -256 -4 ) 
4 18 20 (1024 -1024 -4 ) (1024 -1024 3508 ) (0 -1024 3508 ) (0 -1024 -4 ) 
4 19 22 (2048 -2048 -4 ) (2048 -2048 3508 ) (1024 -2048 3508 ) (1024 -2048 -4 ) 
4 19 20 (1024 -1024 3508 ) (1024 -1024 -4 ) (1024 -2048 -4 ) (1024 -2048 3508 ) 
4 20 51 (0 -2048 -4 ) (0 -2048 3508 ) (0 -1024 3508 ) (0 -1024 -4 ) 
4 20 23 (1024 -2048 -4 ) (1024 -2048 3508 ) (0 -2048 3508 ) (0 -2048 -4 ) 
4 21 22 (2048 -2048 3508 ) (2048 -2048 -4 ) (2048 -2708.209961 -4 ) (2048 -2708.209961 3508 ) 
4 22 23 (1024 -2048 3508 ) (1024 -2048 -4 ) (1024 -2708.209961 -4 ) (1024 -2708.209961 3508 ) 
4 23 53 (0 -2708.209961 3508 ) (0 -2048 3508 ) (0 -2048 -4 ) (0 -2708.209961 -4 ) 
4 24 26 (0 2048 -4 ) (0 2048 3508 ) (-1024 2048 3508 ) (-1024 2048 -4 ) 
4 24 25 (-1024 2048 -4 ) (-1024 2048 3508 ) (-1024 2460.209961 3508 ) (-1024 2460.209961 -4 ) 
4 25 34 (-2048 2048 -4 ) (-2048 2048 3508 ) (-2048 2460.209961 3508 ) (-2048 2460.209961 -4 ) 
4 25 27 (-1024 2048 -4 ) (-1024 2048 3508 ) (-2048 2048 3508 ) (-2048 2048 -4 ) 
4 26 32 (0 1024 -4 ) (0 1024 192 ) (-1024 1024 192 ) (-1024 1024 -4 ) 
4 26 29 (-128 1024 3508 ) (-256 1024 3508 ) (-256 1024 192 ) (-128 1024 192 ) 
4 26 28 (0 1024 192 ) (0 1024 3508 ) (-128 1024 3508 ) (-128 1024 192 ) 
4 26 31 (-256 1024 3508 ) (-1024 1024 3508 ) (-1024 1024 192 ) (-256 1024 192 ) 
4 26 27 (-1024 1024 -4 ) (-1024 1024 3508 ) (-1024 2048 3508 ) (-1024 2048 -4 ) 
4 27 36 (-2048 1024 -4 ) (-2048 1024 3508 ) (-2048 2048 3508 ) (-2048 2048 -4 ) 
4 27 33 (-2048 1024 3508 ) (-2048 1024 -4 ) (-1024 1024 -4 ) (-1024 1024 3508 ) 
4 28 46 (-128 0 208 ) (-128 0 192 ) (-64 0 192 ) (-64 0 208 ) 
4 28 45 (-64 0 3508 ) (-128 0 3508 ) (-128 0 208 ) (-64 0 208 ) 
4 28 40 (0 0 192 ) (0 0 3508 ) (-64 0 3508 ) (-64 0 192 ) 
4 28 32 (-128 1024 192 ) (0 1024 192 ) (0 0 192 ) (-128 0 192 ) 
4 28 30 (-128 0 208 ) (-128 0 3508 ) (-128 64 3508 ) (-128 64 208 ) 
4 28 29 (-128 1024 192 ) (-128 64 192 ) (-128 64 3508 ) (-128 1024 3508 ) 
4 29 32 (-256 1024 192 ) (-128 1024 192 ) (-128 64 192 ) (-256 64 192 ) 
4 29 30 (-256 64 3508 ) (-256 64 208 ) (-128 64 208 ) (-128 64 3508 ) 
4 29 31 (-256 1024 192 ) (-256 64 192 ) (-256 64 3508 ) (-256 1024 3508 ) 
4 30 45 (-128 0 3508 ) (-256 0 3508 ) (-256 0 208 ) (-128 0 208 ) 
4 30 31 (-256 0 208 ) (-256 0 3508 ) (-256 64 3508 ) (-256 64 208 ) 
4 31 49 (-1024 0 208 ) (-1024 0 192 ) (-256 0 192 ) (-256 0 208 ) 
4 31 45 (-256 0 3508 ) (-1024 0 3508 ) (-1024 0 208 ) (-256 0 208 ) 
4 31 33 (-1024 1024 3508 ) (-1024 1024 192 ) (-1024 0 192 ) (-1024 0 3508 ) 
4 31 32 (-1024 1024 192 ) (-256 1024 192 ) (-256 0 192 ) (-1024 0 192 ) 
4 32 47 (-128 0 192 ) (-256 0 192 ) (-256 0 -4 ) (-128 0 -4 ) 
4 32 46 (-64 0 192 ) (-128 0 192 ) (-128 0 -4 ) (-64 0 -4 ) 
4 32 49 (-256 0 192 ) (-1024 0 192 ) (-1024 0 -4 ) (-256 0 -4 ) 
4 32 40 (0 0 -4 ) (0 0 192 ) (-64 0 192 ) (-64 0 -4 ) 
4 32 33 (-1024 1024 192 ) (-1024 1024 -4 ) (-1024 0 -4 ) (-1024 0 192 ) 
4 33 50 (-1024 0 -4 ) (-1024 0 3508 ) (-2048 0 3508 ) (-2048 0 -4 ) 
4 33 37 (-2048 0 -4 ) (-2048 0 3508 ) (-2048 1024 3508 ) (-2048 1024 -4 ) 
4 34 36 (-2048 2048 -4 ) (-2048 2048 3508 ) (-3072 2048 3508 ) (-3072 2048 -4 ) 
4 34 35 (-3072 2048 -4 ) (-3072 2048 3508 ) (-3072 2460.209961 3508 ) (-3072 2460.209961 -4 ) 
4 35 38 (-3072 2048 -4 ) (-3072 2048 3508 ) (-3569.129883 2048 3508 ) (-3569.129883 2048 -4 ) 
4 36 38 (-3072 2048 3508 ) (-3072 2048 -4 ) (-3072 1024 -4 ) (-3072 1024 3508 ) 
4 36 37 (-2048 1024 -4 ) (-2048 1024 3508 ) (-3072 1024 3508 ) (-3072 1024 -4 ) 
4 37 55 (-2048 0 -4 ) (-2048 0 3508 ) (-3072 0 3508 ) (-3072 0 -4 ) 
4 37 39 (-3072 0 -4 ) (-3072 0 3508 ) (-3072 1024 3508 ) (-3072 1024 -4 ) 
4 38 39 (-3072 1024 -4 ) (-3072 1024 3508 ) (-3569.129883 1024 3508 ) (-3569.129883 1024 -4 ) 
4 39 57 (-3072 0 -4 ) (-3072 0 3508 ) (-3569.129883 0 3508 ) (-3569.129883 0 -4 ) 
4 40 46 (-64 0 -4 ) (-64 -128 -4 ) (-64 -128 208 ) (-64 0 208 ) 
4 40 45 (-64 -128 208 ) (-64 -128 3508 ) (-64 0 3508 ) (-64 0 208 ) 
4 40 41 (0 -128 3508 ) (-64 -128 3508 ) (-64 -128 192.981003 ) (0 -128 192.981003 ) 
4 41 46 (-64 -192 192.981003 ) (-64 -192 208 ) (-64 -128 208 ) (-64 -128 192.981003 ) 
4 41 45 (-64 -192 208 ) (-64 -192 3508 ) (-64 -128 3508 ) (-64 -128 208 ) 
4 41 42 (0 -192 3508 ) (-64 -192 3508 ) (-64 -192 192.981003 ) (0 -192 192.981003 ) 
4 42 46 (-64 -192 -4 ) (-64 -256 -4 ) (-64 -256 208 ) (-64 -192 208 ) 
4 42 45 (-64 -256 208 ) (-64 -256 3508 ) (-64 -192 3508 ) (-64 -192 208 ) 
4 42 43 (0 -256 3508 ) (-64 -256 3508 ) (-64 -256 320 ) (0 -256 320 ) 
4 43 45 (-64 -896 320 ) (-64 -896 3508 ) (-64 -256 3508 ) (-64 -256 320 ) 
4 43 44 (0 -896 3508 ) (-64 -896 3508 ) (-64 -896 320 ) (0 -896 320 ) 
4 44 51 (0 -1024 -4 ) (0 -1024 3508 ) (-64 -1024 3508 ) (-64 -1024 -4 ) 
4 44 46 (-64 -896 -4 ) (-64 -1024 -4 ) (-64 -1024 208 ) (-64 -896 208 ) 
4 44 45 (-64 -1024 208 ) (-64 -1024 3508 ) (-64 -896 3508 ) (-64 -896 208 ) 
4 45 51 (-1024 -1024 3508 ) (-1024 -1024 208 ) (-64 -1024 208 ) (-64 -1024 3508 ) 
4 45 50 (-1024 -1024 208 ) (-1024 -1024 3508 ) (-1024 0 3508 ) (-1024 0 208 ) 
4 45 48 (-128 -64 208 ) (-128 -1024 208 ) (-256 -1024 208 ) (-256 -64 208 ) 
4 45 46 (-128 0 208 ) (-64 0 208 ) (-64 -1024 208 ) (-128 -1024 208 ) 
4 45 49 (-1024 0 208 ) (-256 0 208 ) (-256 -1024 208 ) (-1024 -1024 208 ) 
4 46 51 (-128 -1024 -4 ) (-64 -1024 -4 ) (-64 -1024 208 ) (-128 -1024 208 ) 
4 46 47 (-128 0 -4 ) (-128 -64 -4 ) (-128 -64 192 ) (-128 0 192 ) 
4 46 48 (-128 -64 -4 ) (-128 -1024 -4 ) (-128 -1024 208 ) (-128 -64 208 ) 
4 47 48 (-256 -64 192 ) (-256 -64 -4 ) (-128 -64 -4 ) (-128 -64 192 ) 
4 47 49 (-256 0 -4 ) (-256 -64 -4 ) (-256 -64 192 ) (-256 0 192 ) 
4 48 51 (-256 -1024 -4 ) (-128 -1024 -4 ) (-128 -1024 208 ) (-256 -1024 208 ) 
4 48 49 (-256 -64 -4 ) (-256 -1024 -4 ) (-256 -1024 208 ) (-256 -64 208 ) 
4 49 51 (-1024 -1024 208 ) (-1024 -1024 -4 ) (-256 -1024 -4 ) (-256 -1024 208 ) 
4 49 50 (-1024 -1024 -4 ) (-1024 -1024 208 ) (-1024 0 208 ) (-1024 0 -4 ) 
4 50 55 (-2048 0 3508 ) (-2048 0 -4 ) (-2048 -1024 -4 ) (-2048 -1024 3508 ) 
4 50 52 (-2048 -1024 3508 ) (-2048 -1024 -4 ) (-1024 -1024 -4 ) (-1024 -1024 3508 ) 
4 51 53 (0 -2048 -4 ) (0 -2048 3508 ) (-1024 -2048 3508 ) (-1024 -2048 -4 ) 
4 51 52 (-1024 -1024 3508 ) (-1024 -1024 -4 ) (-1024 -2048 -4 ) (-1024 -2048 3508 ) 
4 52 56 (-2048 -2048 -4 ) (-2048 -2048 3508 ) (-2048 -1024 3508 ) (-2048 -1024 -4 ) 
4 52 54 (-1024 -2048 -4 ) (-1024 -2048 3508 ) (-2048 -2048 3508 ) (-2048 -2048 -4 ) 
4 53 54 (-1024 -2708.209961 3508 ) (-1024 -2048 3508 ) (-1024 -2048 -4 ) (-1024 -2708.209961 -4 ) 
4 54 59 (-2048 -2708.209961 3508 ) (-2048 -2048 3508 ) (-2048 -2048 -4 ) (-2048 -2708.209961 -4 ) 
4 55 57 (-3072 0 3508 ) (-3072 0 -4 ) (-3072 -1024 -4 ) (-3072 -1024 3508 ) 
4 55 56 (-2048 -1024 -4 ) (-2048 -1024 3508 ) (-3072 -1024 3508 ) (-3072 -1024 -4 ) 
4 56 59 (-2048 -2048 -4 ) (-2048 -2048 3508 ) (-3072 -2048 3508 ) (-3072 -2048 -4 ) 
4 56 58 (-3072 -2048 -4 ) (-3072 -2048 3508 ) (-3072 -1024 3508 ) (-3072 -1024 -4 ) 
4 57 58 (-3072 -1024 -4 ) (-3072 -1024 3508 ) (-3569.129883 -1024 3508 ) (-3569.129883 -1024 -4 ) 
4 58 60 (-3072 -2048 -4 ) (-3072 -2048 3508 ) (-3569.129883 -2048 3508 ) (-3569.129883 -2048 -4 ) 
4 59 60 (-3072 -2048 3508 ) (-3072 -2048 -4 ) (-3072 -2708.209961 -4 ) (-3072 -2708.209961 3508 ) 
