PRT1
16
24
4 0 2 (2048 1024 -140 ) (2048 1024 1428 ) (2048 2048 1428 ) (2048 2048 -140 ) 
4 0 1 (3072 1024 -140 ) (3072 1024 1428 ) (2048 1024 1428 ) (2048 1024 -140 ) 
4 1 8 (3072 0 -140 ) (3072 0 1428 ) (2048 0 1428 ) (2048 0 -140 ) 
4 1 4 (2048 0 -140 ) (2048 0 1428 ) (2048 1024 1428 ) (2048 1024 -140 ) 
4 2 4 (2048 1024 -140 ) (2048 1024 1428 ) (1024 1024 1428 ) (1024 1024 -140 ) 
4 2 3 (1024 1024 -140 ) (1024 1024 1428 ) (1024 2048 1428 ) (1024 2048 -140 ) 
4 3 6 (0 1024 -140 ) (0 1024 1428 ) (0 2048 1428 ) (0 2048 -140 ) 
4 3 5 (1024 1024 -140 ) (1024 1024 1428 ) (0 1024 1428 ) (0 1024 -140 ) 
4 4 10 (2048 0 -140 ) (2048 0 1428 ) (1024 0 1428 ) (1024 0 -140 ) 
4 4 5 (1024 1024 1428 ) (1024 1024 -140 ) (1024 0 -140 ) (1024 0 1428 ) 
4 5 11 (1024 0 -140 ) (1024 0 1428 ) (0 0 1428 ) (0 0 -140 ) 
4 5 7 (0 0 -140 ) (0 0 1428 ) (0 1024 1428 ) (0 1024 -140 ) 
4 6 7 (0 1024 -140 ) (0 1024 1428 ) (-1024 1024 1428 ) (-1024 1024 -140 ) 
4 7 14 (0 0 -140 ) (0 0 1428 ) (-1024 0 1428 ) (-1024 0 -140 ) 
4 8 10 (2048 -1024 -140 ) (2048 -1024 1428 ) (2048 0 1428 ) (2048 0 -140 ) 
4 8 9 (3072 -1024 -140 ) (3072 -1024 1428 ) (2048 -1024 1428 ) (2048 -1024 -140 ) 
4 9 12 (2048 -2048 -140 ) (2048 -2048 1428 ) (2048 -1024 1428 ) (2048 -1024 -140 ) 
4 10 12 (2048 -1024 -140 ) (2048 -1024 1428 ) (1024 -1024 1428 ) (1024 -1024 -140 ) 
4 10 11 (1024 -1024 -140 ) (1024 -1024 1428 ) (1024 0 1428 ) (1024 0 -140 ) 
4 11 14 (0 0 1428 ) (0 0 -140 ) (0 -1024 -140 ) (0 -1024 1428 ) 
4 11 13 (0 -1024 1428 ) (0 -1024 -140 ) (1024 -1024 -140 ) (1024 -1024 1428 ) 
4 12 13 (1024 -1024 1428 ) (1024 -1024 -140 ) (1024 -2048 -140 ) (1024 -2048 1428 ) 
4 13 15 (0 -2048 -140 ) (0 -2048 1428 ) (0 -1024 1428 ) (0 -1024 -140 ) 
4 14 15 (0 -1024 -140 ) (0 -1024 1428 ) (-1024 -1024 1428 ) (-1024 -1024 -140 ) 
