


materialPath: E:\steam\steamapps\sourcemods\bcws\materials
Loading e:\steam\steamapps\sourcemods\bcws\maps\d1_town_02_d.vmf
ConVarRef mat_reduceparticles doesn't point to an existing ConVar
Could not locate 'GameData' key in e:\steam\steamapps\sourcemods\bcws\gameinfo.txt
Patching WVT material: maps/d1_town_02_d/nature/red_grass_wvt_patch
Patching WVT material: maps/d1_town_02_d/nature/blendgrassgravel001a_wvt_patch
Patching WVT material: maps/d1_town_02_d/nature/blenddirtgrass008a_wvt_patch
fixing up env_cubemap materials on brush sides...
0...1...2...3...4...5...6...7...8...9...100...1...2...3...4...5...6...7...8...9...10Processing areas...done (0)
Building Faces...done (0)
Chop Details...done (0)
Find Visible Detail Sides...
Merged 596 detail faces...done (0)
Merging details...done (0)
FixTjuncs...
PruneNodes...
WriteBSP...
done (0)
writing e:\steam\steamapps\sourcemods\bcws\maps\d1_town_02_d.prt...Building visibility clusters...
done (0)
Creating default LDR cubemaps for env_cubemap using skybox materials:
   skybox/sky_day01_09*.vmt
 ! Run buildcubemaps in the engine to get the correct cube maps.
Creating default HDR cubemaps for env_cubemap using skybox materials:
   skybox/sky_day01_09*.vmt
 ! Run buildcubemaps in the engine to get the correct cube maps.
Finding displacement neighbors...
Finding lightmap sample positions...
Displacement Alpha : 0...1...2...3...4...5...6...7...8...9...10
Building Physics collision data...
WARNING: Map using power 4 displacements, terrain physics cannot be compressed, map will need additional memory and CPU.
done (1) (1618496 bytes)
Placing detail props : 0...1...2...3...4...5...6...7...8Material NATURE/BLENDGRASSGRAVEL001A uses unknown detail object type coastline_redgrass02!
Material NATURE/BLENDGRASSGRAVEL001A uses unknown detail object type coastline_redgrass02!
Material NATURE/BLENDGRASSGRAVEL001A uses unknown detail object type coastline_redgrass02!
Material NATURE/BLENDGRASSGRAVEL001A uses unknown detail object type coastline_redgrass02!
Material NATURE/BLENDGRASSGRAVEL001A uses unknown detail object type coastline_redgrass02!
Material NATURE/BLENDGRASSGRAVEL001A uses unknown detail object type coastline_redgrass02!
Material NATURE/RED_GRASS uses unknown detail object type redgrass!
Material NATURE/RED_GRASS uses unknown detail object type redgrass!
Material NATURE/RED_GRASS uses unknown detail object type redgrass!
Material NATURE/RED_GRASS uses unknown detail object type redgrass!
Material NATURE/RED_GRASS uses unknown detail object type redgrass!
Material NATURE/RED_GRASS uses unknown detail object type redgrass!
Material NATURE/RED_GRASS uses unknown detail object type redgrass!
Material NATURE/BLENDGRASSGRAVEL001A uses unknown detail object type coastline_redgrass02!
Material NATURE/BLENDGRASSGRAVEL001A uses unknown detail object type coastline_redgrass02!
Material NATURE/BLENDGRASSGRAVEL001A uses unknown detail object type coastline_redgrass02!
Material NATURE/BLENDGRASSGRAVEL001A uses unknown detail object type coastline_redgrass02!
Material NATURE/BLENDGRASSGRAVEL001A uses unknown detail object type coastline_redgrass02!
Material NATURE/BLENDGRASSGRAVEL001A uses unknown detail object type coastline_redgrass02!
Material NATURE/BLENDGRASSGRAVEL001A uses unknown detail object type coastline_redgrass02!
Material NATURE/BLENDDIRTGRASS008A uses unknown detail object type coastline_redgrass01!
Material NATURE/BLENDGRASSGRAVEL001A uses unknown detail object type coastline_redgrass02!
Material NATURE/BLENDGRASSGRAVEL001A uses unknown detail object type coastline_redgrass02!
Material NATURE/BLENDGRASSGRAVEL001A uses unknown detail object type coastline_redgrass02!
Material NATURE/BLENDGRASSGRAVEL001A uses unknown detail object type coastline_redgrass02!
Material NATURE/BLENDGRASSGRAVEL001A uses unknown detail object type coastline_redgrass02!
Material NATURE/BLENDGRASSGRAVEL001A uses unknown detail object type coastline_redgrass02!
Material NATURE/BLENDGRASSGRAVEL001A uses unknown detail object type coastline_redgrass02!
...9...10
Compacting texture/material tables...
Reduced 6125 texinfos to 2476
Reduced 654 texdatas to 386 (32803 bytes to 18424)
Writing e:\steam\steamapps\sourcemods\bcws\maps\d1_town_02_d.bsp
7 seconds elapsed



4 threads
reading e:\steam\steamapps\sourcemods\bcws\maps\d1_town_02_d.bsp
reading e:\steam\steamapps\sourcemods\bcws\maps\d1_town_02_d.prt
1074 portalclusters
3238 numportals
0...1...2...3...4...5...6...7...8...9...100...1...2...3...4


materialPath: E:\steam\steamapps\sourcemods\bcws\materials
Loading e:\steam\steamapps\sourcemods\bcws\maps\d1_town_02_d.vmf
ConVarRef mat_reduceparticles doesn't point to an existing ConVar
Could not locate 'GameData' key in e:\steam\steamapps\sourcemods\bcws\gameinfo.txt
Patching WVT material: maps/d1_town_02_d/nature/red_grass_wvt_patch
Patching WVT material: maps/d1_town_02_d/nature/blendgrassgravel001a_wvt_patch
Patching WVT material: maps/d1_town_02_d/nature/blenddirtgrass008a_wvt_patch
fixing up env_cubemap materials on brush sides...
0...1...2...3...4...5...6...7...8...9...100...1...2...3...4...5...6...7...8...9...10Processing areas...done (0)
Building Faces...done (0)
Chop Details...done (0)
Find Visible Detail Sides...
Merged 596 detail faces...done (0)
Merging details...done (0)
FixTjuncs...
PruneNodes...
WriteBSP...
done (1)
writing e:\steam\steamapps\sourcemods\bcws\maps\d1_town_02_d.prt...Building visibility clusters...
done (0)
Creating default LDR cubemaps for env_cubemap using skybox materials:
   skybox/sky_day01_09*.vmt
 ! Run buildcubemaps in the engine to get the correct cube maps.
Creating default HDR cubemaps for env_cubemap using skybox materials:
   skybox/sky_day01_09*.vmt
 ! Run buildcubemaps in the engine to get the correct cube maps.
Finding displacement neighbors...
Finding lightmap sample positions...
Displacement Alpha : 0...1...2...3...4...5...6...7...8...9...10
Building Physics collision data...
WARNING: Map using power 4 displacements, terrain physics cannot be compressed, map will need additional memory and CPU.
done (1) (1618496 bytes)
Placing detail props : 0...1...2...3...4...5...6...7...8Material NATURE/BLENDGRASSGRAVEL001A uses unknown detail object type coastline_redgrass02!
Material NATURE/BLENDGRASSGRAVEL001A uses unknown detail object type coastline_redgrass02!
Material NATURE/BLENDGRASSGRAVEL001A uses unknown detail object type coastline_redgrass02!
Material NATURE/BLENDGRASSGRAVEL001A uses unknown detail object type coastline_redgrass02!
Material NATURE/BLENDGRASSGRAVEL001A uses unknown detail object type coastline_redgrass02!
Material NATURE/BLENDGRASSGRAVEL001A uses unknown detail object type coastline_redgrass02!
Material NATURE/RED_GRASS uses unknown detail object type redgrass!
Material NATURE/RED_GRASS uses unknown detail object type redgrass!
Material NATURE/RED_GRASS uses unknown detail object type redgrass!
Material NATURE/RED_GRASS uses unknown detail object type redgrass!
Material NATURE/RED_GRASS uses unknown detail object type redgrass!
Material NATURE/RED_GRASS uses unknown detail object type redgrass!
Material NATURE/RED_GRASS uses unknown detail object type redgrass!
Material NATURE/BLENDGRASSGRAVEL001A uses unknown detail object type coastline_redgrass02!
Material NATURE/BLENDGRASSGRAVEL001A uses unknown detail object type coastline_redgrass02!
Material NATURE/BLENDGRASSGRAVEL001A uses unknown detail object type coastline_redgrass02!
Material NATURE/BLENDGRASSGRAVEL001A uses unknown detail object type coastline_redgrass02!
Material NATURE/BLENDGRASSGRAVEL001A uses unknown detail object type coastline_redgrass02!
Material NATURE/BLENDGRASSGRAVEL001A uses unknown detail object type coastline_redgrass02!
Material NATURE/BLENDGRASSGRAVEL001A uses unknown detail object type coastline_redgrass02!
Material NATURE/BLENDDIRTGRASS008A uses unknown detail object type coastline_redgrass01!
Material NATURE/BLENDGRASSGRAVEL001A uses unknown detail object type coastline_redgrass02!
Material NATURE/BLENDGRASSGRAVEL001A uses unknown detail object type coastline_redgrass02!
Material NATURE/BLENDGRASSGRAVEL001A uses unknown detail object type coastline_redgrass02!
Material NATURE/BLENDGRASSGRAVEL001A uses unknown detail object type coastline_redgrass02!
Material NATURE/BLENDGRASSGRAVEL001A uses unknown detail object type coastline_redgrass02!
Material NATURE/BLENDGRASSGRAVEL001A uses unknown detail object type coastline_redgrass02!
Material NATURE/BLENDGRASSGRAVEL001A uses unknown detail object type coastline_redgrass02!
...9...10
Compacting texture/material tables...
Reduced 6125 texinfos to 2476
Reduced 654 texdatas to 386 (32803 bytes to 18424)
Writing e:\steam\steamapps\sourcemods\bcws\maps\d1_town_02_d.bsp
7 seconds elapsed



4 threads
reading e:\steam\steamapps\sourcemods\bcws\maps\d1_town_02_d.bsp
reading e:\steam\steamapps\sourcemods\bcws\maps\d1_town_02_d.prt
1074 portalclusters
3238 numportals
0...1...2...3...4...5...6...7...8...9...10Optimized: 62146 visible clusters (7.55%)
Total clusters visible: 823162
Average clusters visible: 766
Building PAS...
Average clusters audible: 1025
visdatasize:281732  compressed from 292128
writing e:\steam\steamapps\sourcemods\bcws\maps\d1_town_02_d.bsp
1 second elapsed



[Reading texlights from 'lights.rad']
[45 texlights parsed from 'lights.rad']

Loading e:\steam\steamapps\sourcemods\bcws\maps\d1_town_02_d.bsp
Loaded alpha texture materials\models\props_foliage\tree_deciduous_01a_lod.vtf
Loaded alpha texture materials\models\props_foliage\tree_deciduous_01a_lod-leaves.vtf
Loaded alpha texture materials\models\props_foliage\tree_deciduous_01a_branches.vtf
Loaded alpha texture materials\models\props_foliage\tree_deciduous_01a_leaves.vtf
Loaded alpha texture materials\Models\props_c17\fence_alpha.vtf
6710 faces
1187916 square feet [171059968.00 square inches]
52 Displacements
66502 Square Feet [9576314.00 Square Inches]
6710 patches before subdivision
81876 patches after subdivision
47 direct lights
0...1...2...3...4...5...6...7...8...9...100...1...2...3...4...5...6...7...8...9...10transfers 8051128, max 1228
transfer lists:  61.4 megs
0...1...2...3...4...5...6...7...8...9...10	Bounce #1 added RGB(152950, 149606, 63444)
0...1...2...3...4...5...6...7...8...9...10	Bounce #2 added RGB(26828, 25518, 10309)
0...1...2...3...4...5...6...7...8...9...10	Bounce #3 added RGB(5258, 4588, 1615)
0...1...2...3...4...5...6...7...8...9...10	Bounce #4 added RGB(1210, 1006, 313)
0...1...2...3...4...5...6...7...8...9...10	Bounce #5 added RGB(320, 270, 81)
0...1...2...3...4...5...6...7...8...9...10	Bounce #6 added RGB(87, 67, 17)
0...1...2...3...4...5...6...7...8...9...10	Bounce #7 added RGB(27, 22, 6)
0...1...2...3...4...5...6...7...8...9...10	Bounce #8 added RGB(8, 6, 1)
0...1...2...3...4...5...6...7...8...9...10	Bounce #9 added RGB(3, 2, 0)
0...1...2...3...4...5...6...7...8...9...10	Bounce #10 added RGB(1, 1, 0)
Build Patch/Sample Hash Table(s).....Done<0.0468 sec>
0...1...2...3...4...5...6...7...8...9...10FinalLightFace Done
9 of 9 (100% of) surface lights went in leaf ambient cubes.
0...1...2...3...4...5...6...7...8...9...10Writing leaf ambient...done
Computing static prop lighting : 00...1...2...3...4...5...6...7...8...9...10
Ready to Finish

Object names       Objects/Maxobjs  Memory / Maxmem  Fullness 
------------       ---------------  ---------------  -------- 
models                 166/1024         7968/49152    (16.2%) 
brushes               2456/8192        29472/98304    (30.0%) 
brushsides           17939/65536      143512/524288   (27.4%) 
planes                8876/65536      177520/1310720  (13.5%) 
vertexes             12682/65536      152184/786432   (19.4%) 
nodes                 3631/65536      116192/2097152  ( 5.5%) 
texinfos              2476/12288      178272/884736   (20.1%) 
texdata                386/2048        12352/65536    (18.8%) 
dispinfos               52/0            9152/0        ( 0.0%) 
disp_verts            4108/0           82160/0        ( 0.0%) 
disp_tris             6560/0           13120/0        ( 0.0%) 
disp_lmsamples      109523/0          109523/0        ( 0.0%) 
faces                 6710/65536      375760/3670016  (10.2%) 
hdr faces             6710/65536      375760/3670016  (10.2%) 
origfaces             5096/65536      285376/3670016  ( 7.8%) 
leaves                3798/65536      121536/2097152  ( 5.8%) 
leaffaces             8406/65536       16812/131072   (12.8%) 
leafbrushes           5215/65536       10430/131072   ( 8.0%) 
areas                   12/256            96/2048     ( 4.7%) 
surfedges            52423/512000     209692/2048000  (10.2%) 
edges                32973/256000     131892/1024000  (12.9%) 
LDR worldlights          0/8192            0/720896   ( 0.0%) 
HDR worldlights         47/8192         4136/720896   ( 0.6%) 
leafwaterdata            1/32768          12/393216   ( 0.0%) 
waterstrips            705/32768        7050/327680   ( 2.2%) 
waterverts               0/65536           0/786432   ( 0.0%) 
waterindices         12468/65536       24936/131072   (19.0%) 
cubemapsamples         111/1024         1776/16384    (10.8%) 
overlays                 3/512          1056/180224   ( 0.6%) 
LDR lightdata         [variable]           0/0        ( 0.0%) 
HDR lightdata         [variable]     5139196/0        ( 0.0%) 
visdata               [variable]      281732/16777216 ( 1.7%) 
entdata               [variable]      338985/393216   (86.2%) VERY FULL!
LDR ambient table     3798/65536       15192/262144   ( 5.8%) 
HDR ambient table     3798/65536       15192/262144   ( 5.8%) 
LDR leaf ambient      3798/65536      106344/1835008  ( 5.8%) 
HDR leaf ambient     10640/65536      297920/1835008  (16.2%) 
occluders                3/0             120/0        ( 0.0%) 
occluder polygons        5/0              60/0        ( 0.0%) 
occluder vert ind       21/0              84/0        ( 0.0%) 
detail props          [variable]           1/12       ( 8.3%) 
static props          [variable]           1/27554    ( 0.0%) 
pakfile               [variable]    13114768/0        ( 0.0%) 
physics               [variable]     1618496/4194304  (38.6%) 
physics terrain       [variable]           0/1048576  ( 0.0%) 

Level flags = 2

Total triangle count: 18541
Writing e:\steam\steamapps\sourcemods\bcws\maps\d1_town_02_d.bsp
2 minutes, 0 seconds elapsed



materialPath: E:\steam\steamapps\sourcemods\bcws\materials
Loading e:\steam\steamapps\sourcemods\bcws\maps\d1_town_02_d.vmf
ConVarRef mat_reduceparticles doesn't point to an existing ConVar
Could not locate 'GameData' key in e:\steam\steamapps\sourcemods\bcws\gameinfo.txt
Patching WVT material: maps/d1_town_02_d/nature/red_grass_wvt_patch
Patching WVT material: maps/d1_town_02_d/nature/blendgrassgravel001a_wvt_patch
Patching WVT material: maps/d1_town_02_d/nature/blenddirtgrass008a_wvt_patch
fixing up env_cubemap materials on brush sides...
0...1...2...3...4...5...6...7...8...9...100...1...2...3...4...5...6...7...8...9...10Processing areas...done (0)
Building Faces...done (0)
Chop Details...done (0)
Find Visible Detail Sides...
Merged 596 detail faces...done (0)
Merging details...done (1)
FixTjuncs...
PruneNodes...
WriteBSP...
done (0)
writing e:\steam\steamapps\sourcemods\bcws\maps\d1_town_02_d.prt...Building visibility clusters...
done (0)
Creating default LDR cubemaps for env_cubemap using skybox materials:
   skybox/sky_day01_09*.vmt
 ! Run buildcubemaps in the engine to get the correct cube maps.
Creating default HDR cubemaps for env_cubemap using skybox materials:
   skybox/sky_day01_09*.vmt
 ! Run buildcubemaps in the engine to get the correct cube maps.
Finding displacement neighbors...
Finding lightmap sample positions...
Displacement Alpha : 0...1...2...3...4...5...6...7...8...9...10
Building Physics collision data...
WARNING: Map using power 4 displacements, terrain physics cannot be compressed, map will need additional memory and CPU.
done (1) (1618496 bytes)
Placing detail props : 0...1...2...3...4...5...6...7...8Material NATURE/BLENDGRASSGRAVEL001A uses unknown detail object type coastline_redgrass02!
Material NATURE/BLENDGRASSGRAVEL001A uses unknown detail object type coastline_redgrass02!
Material NATURE/BLENDGRASSGRAVEL001A uses unknown detail object type coastline_redgrass02!
Material NATURE/BLENDGRASSGRAVEL001A uses unknown detail object type coastline_redgrass02!
Material NATURE/BLENDGRASSGRAVEL001A uses unknown detail object type coastline_redgrass02!
Material NATURE/BLENDGRASSGRAVEL001A uses unknown detail object type coastline_redgrass02!
Material NATURE/RED_GRASS uses unknown detail object type redgrass!
Material NATURE/RED_GRASS uses unknown detail object type redgrass!
Material NATURE/RED_GRASS uses unknown detail object type redgrass!
Material NATURE/RED_GRASS uses unknown detail object type redgrass!
Material NATURE/RED_GRASS uses unknown detail object type redgrass!
Material NATURE/RED_GRASS uses unknown detail object type redgrass!
Material NATURE/RED_GRASS uses unknown detail object type redgrass!
Material NATURE/BLENDGRASSGRAVEL001A uses unknown detail object type coastline_redgrass02!
Material NATURE/BLENDGRASSGRAVEL001A uses unknown detail object type coastline_redgrass02!
Material NATURE/BLENDGRASSGRAVEL001A uses unknown detail object type coastline_redgrass02!
Material NATURE/BLENDGRASSGRAVEL001A uses unknown detail object type coastline_redgrass02!
Material NATURE/BLENDGRASSGRAVEL001A uses unknown detail object type coastline_redgrass02!
Material NATURE/BLENDGRASSGRAVEL001A uses unknown detail object type coastline_redgrass02!
Material NATURE/BLENDGRASSGRAVEL001A uses unknown detail object type coastline_redgrass02!
Material NATURE/BLENDDIRTGRASS008A uses unknown detail object type coastline_redgrass01!
Material NATURE/BLENDGRASSGRAVEL001A uses unknown detail object type coastline_redgrass02!
Material NATURE/BLENDGRASSGRAVEL001A uses unknown detail object type coastline_redgrass02!
Material NATURE/BLENDGRASSGRAVEL001A uses unknown detail object type coastline_redgrass02!
Material NATURE/BLENDGRASSGRAVEL001A uses unknown detail object type coastline_redgrass02!
Material NATURE/BLENDGRASSGRAVEL001A uses unknown detail object type coastline_redgrass02!
Material NATURE/BLENDGRASSGRAVEL001A uses unknown detail object type coastline_redgrass02!
Material NATURE/BLENDGRASSGRAVEL001A uses unknown detail object type coastline_redgrass02!
...9...10
Compacting texture/material tables...
Reduced 6126 texinfos to 2479
Reduced 655 texdatas to 386 (32858 bytes to 18424)
Writing e:\steam\steamapps\sourcemods\bcws\maps\d1_town_02_d.bsp
6 seconds elapsed



[Reading texlights from 'lights.rad']
[45 texlights parsed from 'lights.rad']

Loading e:\steam\steamapps\sourcemods\bcws\maps\d1_town_02_d.bsp
Loaded alpha texture materials\models\props_foliage\tree_deciduous_01a_lod.vtf
Loaded alpha texture materials\models\props_foliage\tree_deciduous_01a_lod-leaves.vtf
Loaded alpha texture materials\models\props_foliage\tree_deciduous_01a_branches.vtf
Loaded alpha texture materials\models\props_foliage\tree_deciduous_01a_leaves.vtf
Loaded alpha texture materials\Models\props_c17\fence_alpha.vtf
No vis information, direct lighting only.
6650 faces
1187937 square feet [171063040.00 square inches]
52 Displacements
66502 Square Feet [9576314.00 Square Inches]
47 direct lights
0...1...2...3...4...5...6...7...8...9...10Build Patch/Sample Hash Table(s).....Done<0.0255 sec>
0...1...2...3...4...5...6...7...8...9...10FinalLightFace Done
9 of 9 (100% of) surface lights went in leaf ambient cubes.
0...1...2...3...4...5...6...7...8...9...10Writing leaf ambient...done
Computing static prop lighting : 00...1...2...3...4...5...6...7...8...9...10
Ready to Finish

Object names       Objects/Maxobjs  Memory / Maxmem  Fullness 
------------       ---------------  ---------------  -------- 
models                 166/1024         7968/49152    (16.2%) 
brushes               2456/8192        29472/98304    (30.0%) 
brushsides           17939/65536      143512/524288   (27.4%) 
planes                8876/65536      177520/1310720  (13.5%) 
vertexes             12626/65536      151512/786432   (19.3%) 
nodes                 3550/65536      113600/2097152  ( 5.4%) 
texinfos              2479/12288      178488/884736   (20.2%) 
texdata                386/2048        12352/65536    (18.8%) 
dispinfos               52/0            9152/0        ( 0.0%) 
disp_verts            4108/0           82160/0        ( 0.0%) 
disp_tris             6560/0           13120/0        ( 0.0%) 
disp_lmsamples      109523/0          109523/0        ( 0.0%) 
faces                 6650/65536      372400/3670016  (10.1%) 
hdr faces             6650/65536      372400/3670016  (10.1%) 
origfaces             5101/65536      285656/3670016  ( 7.8%) 
leaves                3717/65536      118944/2097152  ( 5.7%) 
leaffaces             8370/65536       16740/131072   (12.8%) 
leafbrushes           5211/65536       10422/131072   ( 8.0%) 
areas                   12/256            96/2048     ( 4.7%) 
surfedges            52226/512000     208904/2048000  (10.2%) 
edges                32900/256000     131600/1024000  (12.9%) 
LDR worldlights          0/8192            0/720896   ( 0.0%) 
HDR worldlights         47/8192         4136/720896   ( 0.6%) 
leafwaterdata            1/32768          12/393216   ( 0.0%) 
waterstrips            700/32768        7000/327680   ( 2.1%) 
waterverts               0/65536           0/786432   ( 0.0%) 
waterindices         12438/65536       24876/131072   (19.0%) 
cubemapsamples         111/1024         1776/16384    (10.8%) 
overlays                 3/512          1056/180224   ( 0.6%) 
LDR lightdata         [variable]           0/0        ( 0.0%) 
HDR lightdata         [variable]     5131768/0        ( 0.0%) 
visdata               [variable]           0/16777216 ( 0.0%) 
entdata               [variable]      338985/393216   (86.2%) VERY FULL!
LDR ambient table     3717/65536       14868/262144   ( 5.7%) 
HDR ambient table     3717/65536       14868/262144   ( 5.7%) 
LDR leaf ambient      3717/65536      104076/1835008  ( 5.7%) 
HDR leaf ambient     10302/65536      288456/1835008  (15.7%) 
occluders                3/0             120/0        ( 0.0%) 
occluder polygons        5/0              60/0        ( 0.0%) 
occluder vert ind       21/0              84/0        ( 0.0%) 
detail props          [variable]           1/12       ( 8.3%) 
static props          [variable]           1/27532    ( 0.0%) 
pakfile               [variable]    13115139/0        ( 0.0%) 
physics               [variable]     1618496/4194304  (38.6%) 
physics terrain       [variable]           0/1048576  ( 0.0%) 

Level flags = 2

Total triangle count: 18444
Writing e:\steam\steamapps\sourcemods\bcws\maps\d1_town_02_d.bsp
59 seconds elapsed



materialPath: E:\steam\steamapps\sourcemods\bcws\materials
Loading e:\steam\steamapps\sourcemods\bcws\maps\d1_town_02_d.vmf
ConVarRef mat_reduceparticles doesn't point to an existing ConVar
Could not locate 'GameData' key in e:\steam\steamapps\sourcemods\bcws\gameinfo.txt
Patching WVT material: maps/d1_town_02_d/nature/red_grass_wvt_patch
Patching WVT material: maps/d1_town_02_d/nature/blendgrassgravel001a_wvt_patch
Patching WVT material: maps/d1_town_02_d/nature/blenddirtgrass008a_wvt_patch
fixing up env_cubemap materials on brush sides...
0...1...2...3...4...5...6...7...8...9...100...1...2...3...4...5...6...7...8...9...10Processing areas...done (0)
Building Faces...done (0)
Chop Details...done (1)
Find Visible Detail Sides...
Merged 596 detail faces...done (1)
Merging details...done (0)
FixTjuncs...
PruneNodes...
WriteBSP...
done (0)
writing e:\steam\steamapps\sourcemods\bcws\maps\d1_town_02_d.prt...Building visibility clusters...
done (0)
Creating default LDR cubemaps for env_cubemap using skybox materials:
   skybox/sky_day01_09*.vmt
 ! Run buildcubemaps in the engine to get the correct cube maps.
Creating default HDR cubemaps for env_cubemap using skybox materials:
   skybox/sky_day01_09*.vmt
 ! Run buildcubemaps in the engine to get the correct cube maps.
Finding displacement neighbors...
Finding lightmap sample positions...
Displacement Alpha : 0...1...2...3...4...5...6...7...8...9...10
Building Physics collision data...
WARNING: Map using power 4 displacements, terrain physics cannot be compressed, map will need additional memory and CPU.
done (1) (1618496 bytes)
Placing detail props : 0...1...2...3...4...5...6...7...8Material NATURE/BLENDGRASSGRAVEL001A uses unknown detail object type coastline_redgrass02!
Material NATURE/BLENDGRASSGRAVEL001A uses unknown detail object type coastline_redgrass02!
Material NATURE/BLENDGRASSGRAVEL001A uses unknown detail object type coastline_redgrass02!
Material NATURE/BLENDGRASSGRAVEL001A uses unknown detail object type coastline_redgrass02!
Material NATURE/BLENDGRASSGRAVEL001A uses unknown detail object type coastline_redgrass02!
Material NATURE/BLENDGRASSGRAVEL001A uses unknown detail object type coastline_redgrass02!
Material NATURE/RED_GRASS uses unknown detail object type redgrass!
Material NATURE/RED_GRASS uses unknown detail object type redgrass!
Material NATURE/RED_GRASS uses unknown detail object type redgrass!
Material NATURE/RED_GRASS uses unknown detail object type redgrass!
Material NATURE/RED_GRASS uses unknown detail object type redgrass!
Material NATURE/RED_GRASS uses unknown detail object type redgrass!
Material NATURE/RED_GRASS uses unknown detail object type redgrass!
Material NATURE/BLENDGRASSGRAVEL001A uses unknown detail object type coastline_redgrass02!
Material NATURE/BLENDGRASSGRAVEL001A uses unknown detail object type coastline_redgrass02!
Material NATURE/BLENDGRASSGRAVEL001A uses unknown detail object type coastline_redgrass02!
Material NATURE/BLENDGRASSGRAVEL001A uses unknown detail object type coastline_redgrass02!
Material NATURE/BLENDGRASSGRAVEL001A uses unknown detail object type coastline_redgrass02!
Material NATURE/BLENDGRASSGRAVEL001A uses unknown detail object type coastline_redgrass02!
Material NATURE/BLENDGRASSGRAVEL001A uses unknown detail object type coastline_redgrass02!
Material NATURE/BLENDDIRTGRASS008A uses unknown detail object type coastline_redgrass01!
Material NATURE/BLENDGRASSGRAVEL001A uses unknown detail object type coastline_redgrass02!
Material NATURE/BLENDGRASSGRAVEL001A uses unknown detail object type coastline_redgrass02!
Material NATURE/BLENDGRASSGRAVEL001A uses unknown detail object type coastline_redgrass02!
Material NATURE/BLENDGRASSGRAVEL001A uses unknown detail object type coastline_redgrass02!
Material NATURE/BLENDGRASSGRAVEL001A uses unknown detail object type coastline_redgrass02!
Material NATURE/BLENDGRASSGRAVEL001A uses unknown detail object type coastline_redgrass02!
Material NATURE/BLENDGRASSGRAVEL001A uses unknown detail object type coastline_redgrass02!
...9...10
Compacting texture/material tables...
Reduced 6126 texinfos to 2479
Reduced 655 texdatas to 386 (32858 bytes to 18424)
Writing e:\steam\steamapps\sourcemods\bcws\maps\d1_town_02_d.bsp
7 seconds elapsed



4 threads
reading e:\steam\steamapps\sourcemods\bcws\maps\d1_town_02_d.bsp
reading e:\steam\steamapps\sourcemods\bcws\maps\d1_town_02_d.prt
 998 portalclusters
2915 numportals
0...1...2...3...4...5...6...7...8...9...100...1...2...3...4...5...6...7...8...9...


4 threads
reading e:\steam\steamapps\sourcemods\bcws\maps\d1_town_02_d.bsp
reading /tmpe:\steam\steamapps\sourcemods\bcws\maps\d1_town_02_d.prt
LoadPortals: couldn't read /tmpe:\steam\steamapps\sourcemods\bcws\maps\d1_town_02_d.prt



4 threads
reading e:\steam\steamapps\sourcemods\bcws\maps\d1_town_02_d.bsp
reading e:\steam\steamapps\sourcemods\bcws\maps\d1_town_02_d.prt
 998 portalclusters
2915 numportals
0...1...2...3...4...5...6...7...8...9...100...1...2...3...4...5...6...7...8...9...10Optimized: 2839 visible clusters (0.82%)
Total clusters visible: 346519
Average clusters visible: 347
Building PAS...
Average clusters audible: 810
visdatasize:215576  compressed from 255488
writing e:\steam\steamapps\sourcemods\bcws\maps\d1_town_02_d.bsp
16 minutes, 32 seconds elapsed



materialPath: E:\steam\steamapps\sourcemods\bcws\materials
Loading e:\steam\steamapps\sourcemods\bcws\maps\d1_town_02_d.vmf
ConVarRef mat_reduceparticles doesn't point to an existing ConVar
Could not locate 'GameData' key in e:\steam\steamapps\sourcemods\bcws\gameinfo.txt
Patching WVT material: maps/d1_town_02_d/nature/red_grass_wvt_patch
Patching WVT material: maps/d1_town_02_d/nature/blendgrassgravel001a_wvt_patch
Patching WVT material: maps/d1_town_02_d/nature/blenddirtgrass008a_wvt_patch
fixing up env_cubemap materials on brush sides...
0...1...2...3...4...5...6...7...8...9...100...1...2...3...4...5...6...7...8...9...10Processing areas...done (0)
Building Faces...done (0)
Chop Details...done (0)
Find Visible Detail Sides...
Merged 596 detail faces...done (0)
Merging details...done (0)
FixTjuncs...
PruneNodes...
WriteBSP...
done (0)
writing e:\steam\steamapps\sourcemods\bcws\maps\d1_town_02_d.prt...Building visibility clusters...
done (0)
Creating default LDR cubemaps for env_cubemap using skybox materials:
   skybox/sky_day01_09*.vmt
 ! Run buildcubemaps in the engine to get the correct cube maps.
Creating default HDR cubemaps for env_cubemap using skybox materials:
   skybox/sky_day01_09*.vmt
 ! Run buildcubemaps in the engine to get the correct cube maps.
Finding displacement neighbors...
Finding lightmap sample positions...
Displacement Alpha : 0...1...2...3...4...5...6...7...8...9...10
Building Physics collision data...
WARNING: Map using power 4 displacements, terrain physics cannot be compressed, map will need additional memory and CPU.
done (1) (1618496 bytes)
Placing detail props : 0...1...2...3...4...5...6...7...8Material NATURE/BLENDGRASSGRAVEL001A uses unknown detail object type coastline_redgrass02!
Material NATURE/BLENDGRASSGRAVEL001A uses unknown detail object type coastline_redgrass02!
Material NATURE/BLENDGRASSGRAVEL001A uses unknown detail object type coastline_redgrass02!
Material NATURE/BLENDGRASSGRAVEL001A uses unknown detail object type coastline_redgrass02!
Material NATURE/BLENDGRASSGRAVEL001A uses unknown detail object type coastline_redgrass02!
Material NATURE/BLENDGRASSGRAVEL001A uses unknown detail object type coastline_redgrass02!
Material NATURE/RED_GRASS uses unknown detail object type redgrass!
Material NATURE/RED_GRASS uses unknown detail object type redgrass!
Material NATURE/RED_GRASS uses unknown detail object type redgrass!
Material NATURE/RED_GRASS uses unknown detail object type redgrass!
Material NATURE/RED_GRASS uses unknown detail object type redgrass!
Material NATURE/RED_GRASS uses unknown detail object type redgrass!
Material NATURE/RED_GRASS uses unknown detail object type redgrass!
Material NATURE/BLENDGRASSGRAVEL001A uses unknown detail object type coastline_redgrass02!
Material NATURE/BLENDGRASSGRAVEL001A uses unknown detail object type coastline_redgrass02!
Material NATURE/BLENDGRASSGRAVEL001A uses unknown detail object type coastline_redgrass02!
Material NATURE/BLENDGRASSGRAVEL001A uses unknown detail object type coastline_redgrass02!
Material NATURE/BLENDGRASSGRAVEL001A uses unknown detail object type coastline_redgrass02!
Material NATURE/BLENDGRASSGRAVEL001A uses unknown detail object type coastline_redgrass02!
Material NATURE/BLENDGRASSGRAVEL001A uses unknown detail object type coastline_redgrass02!
Material NATURE/BLENDDIRTGRASS008A uses unknown detail object type coastline_redgrass01!
Material NATURE/BLENDGRASSGRAVEL001A uses unknown detail object type coastline_redgrass02!
Material NATURE/BLENDGRASSGRAVEL001A uses unknown detail object type coastline_redgrass02!
Material NATURE/BLENDGRASSGRAVEL001A uses unknown detail object type coastline_redgrass02!
Material NATURE/BLENDGRASSGRAVEL001A uses unknown detail object type coastline_redgrass02!
Material NATURE/BLENDGRASSGRAVEL001A uses unknown detail object type coastline_redgrass02!
Material NATURE/BLENDGRASSGRAVEL001A uses unknown detail object type coastline_redgrass02!
Material NATURE/BLENDGRASSGRAVEL001A uses unknown detail object type coastline_redgrass02!
...9...10
Compacting texture/material tables...
Reduced 6126 texinfos to 2479
Reduced 655 texdatas to 386 (32858 bytes to 18424)
Writing e:\steam\steamapps\sourcemods\bcws\maps\d1_town_02_d.bsp
6 seconds elapsed



4 threads
reading e:\steam\steamapps\sourcemods\bcws\maps\d1_town_02_d.bsp
reading /tmpe:\steam\steamapps\sourcemods\bcws\maps\d1_town_02_d.prt
LoadPortals: couldn't read /tmpe:\steam\steamapps\sourcemods\bcws\maps\d1_town_02_d.prt



4 threads
reading e:\steam\steamapps\sourcemods\bcws\maps\d1_town_02_d.bsp
reading /tmpe:\steam\steamapps\sourcemods\bcws\maps\d1_town_02_d.prt
LoadPortals: couldn't read /tmpe:\steam\steamapps\sourcemods\bcws\maps\d1_town_02_d.prt



materialPath: E:\steam\steamapps\sourcemods\bcws\materials
Loading e:\steam\steamapps\sourcemods\bcws\maps\d1_town_02_d.vmf
ConVarRef mat_reduceparticles doesn't point to an existing ConVar
Could not locate 'GameData' key in e:\steam\steamapps\sourcemods\bcws\gameinfo.txt
Patching WVT material: maps/d1_town_02_d/nature/red_grass_wvt_patch
Patching WVT material: maps/d1_town_02_d/nature/blendgrassgravel001a_wvt_patch
Patching WVT material: maps/d1_town_02_d/nature/blenddirtgrass008a_wvt_patch
fixing up env_cubemap materials on brush sides...
0...1...2...3...4...5...6...7...8...9...100...1...2...3...4...5...6...7...8...9...10Processing areas...done (0)
Building Faces...done (0)
Chop Details...done (0)
Find Visible Detail Sides...
Merged 596 detail faces...done (0)
Merging details...done (0)
FixTjuncs...
PruneNodes...
WriteBSP...
done (0)
writing e:\steam\steamapps\sourcemods\bcws\maps\d1_town_02_d.prt...Building visibility clusters...
done (0)
Creating default LDR cubemaps for env_cubemap using skybox materials:
   skybox/sky_day01_09*.vmt
 ! Run buildcubemaps in the engine to get the correct cube maps.
Creating default HDR cubemaps for env_cubemap using skybox materials:
   skybox/sky_day01_09*.vmt
 ! Run buildcubemaps in the engine to get the correct cube maps.
Finding displacement neighbors...
Finding lightmap sample positions...
Displacement Alpha : 0...1...2...3...4...5...6...7...8...9...10
Building Physics collision data...
WARNING: Map using power 4 displacements, terrain physics cannot be compressed, map will need additional memory and CPU.
done (1) (1618496 bytes)
Placing detail props : 0...1...2...3...4...5...6...7...8Material NATURE/BLENDGRASSGRAVEL001A uses unknown detail object type coastline_redgrass02!
Material NATURE/BLENDGRASSGRAVEL001A uses unknown detail object type coastline_redgrass02!
Material NATURE/BLENDGRASSGRAVEL001A uses unknown detail object type coastline_redgrass02!
Material NATURE/BLENDGRASSGRAVEL001A uses unknown detail object type coastline_redgrass02!
Material NATURE/BLENDGRASSGRAVEL001A uses unknown detail object type coastline_redgrass02!
Material NATURE/BLENDGRASSGRAVEL001A uses unknown detail object type coastline_redgrass02!
Material NATURE/RED_GRASS uses unknown detail object type redgrass!
Material NATURE/RED_GRASS uses unknown detail object type redgrass!
Material NATURE/RED_GRASS uses unknown detail object type redgrass!
Material NATURE/RED_GRASS uses unknown detail object type redgrass!
Material NATURE/RED_GRASS uses unknown detail object type redgrass!
Material NATURE/RED_GRASS uses unknown detail object type redgrass!
Material NATURE/RED_GRASS uses unknown detail object type redgrass!
Material NATURE/BLENDGRASSGRAVEL001A uses unknown detail object type coastline_redgrass02!
Material NATURE/BLENDGRASSGRAVEL001A uses unknown detail object type coastline_redgrass02!
Material NATURE/BLENDGRASSGRAVEL001A uses unknown detail object type coastline_redgrass02!
Material NATURE/BLENDGRASSGRAVEL001A uses unknown detail object type coastline_redgrass02!
Material NATURE/BLENDGRASSGRAVEL001A uses unknown detail object type coastline_redgrass02!
Material NATURE/BLENDGRASSGRAVEL001A uses unknown detail object type coastline_redgrass02!
Material NATURE/BLENDGRASSGRAVEL001A uses unknown detail object type coastline_redgrass02!
Material NATURE/BLENDDIRTGRASS008A uses unknown detail object type coastline_redgrass01!
Material NATURE/BLENDGRASSGRAVEL001A uses unknown detail object type coastline_redgrass02!
Material NATURE/BLENDGRASSGRAVEL001A uses unknown detail object type coastline_redgrass02!
Material NATURE/BLENDGRASSGRAVEL001A uses unknown detail object type coastline_redgrass02!
Material NATURE/BLENDGRASSGRAVEL001A uses unknown detail object type coastline_redgrass02!
Material NATURE/BLENDGRASSGRAVEL001A uses unknown detail object type coastline_redgrass02!
Material NATURE/BLENDGRASSGRAVEL001A uses unknown detail object type coastline_redgrass02!
Material NATURE/BLENDGRASSGRAVEL001A uses unknown detail object type coastline_redgrass02!
...9...10
Compacting texture/material tables...
Reduced 6126 texinfos to 2479
Reduced 655 texdatas to 386 (32858 bytes to 18424)
Writing e:\steam\steamapps\sourcemods\bcws\maps\d1_town_02_d.bsp
7 seconds elapsed



4 threads
reading e:\steam\steamapps\sourcemods\bcws\maps\d1_town_02_d.bsp
reading e:\steam\steamapps\sourcemods\bcws\maps\d1_town_02_d.prt
 998 portalclusters
2915 numportals
0...1...2...3...4...5...6...7...8...9...100...1...2...3...4...5...6...7...8...9...10Optimized: 2839 visible clusters (0.82%)
Total clusters visible: 346519
Average clusters visible: 347
Building PAS...
Average clusters audible: 810
visdatasize:215576  compressed from 255488
writing e:\steam\steamapps\sourcemods\bcws\maps\d1_town_02_d.bsp
16 minutes, 53 seconds elapsed



[Reading texlights from 'lights.rad']
[45 texlights parsed from 'lights.rad']

Loading e:\steam\steamapps\sourcemods\bcws\maps\d1_town_02_d.bsp
Loaded alpha texture materials\models\props_foliage\tree_deciduous_01a_lod.vtf
Loaded alpha texture materials\models\props_foliage\tree_deciduous_01a_lod-leaves.vtf
Loaded alpha texture materials\models\props_foliage\tree_deciduous_01a_branches.vtf
Loaded alpha texture materials\models\props_foliage\tree_deciduous_01a_leaves.vtf
Loaded alpha texture materials\Models\props_c17\fence_alpha.vtf
6650 faces
1187937 square feet [171063040.00 square inches]
52 Displacements
66502 Square Feet [9576314.00 Square Inches]
6650 patches before subdivision
81540 patches after subdivision
47 direct lights
0...1...2...3...4...5...6...7...8...9...100...1...2...3...4...5...6...7...8...9...10transfers 7899470, max 1186
transfer lists:  60.3 megs
0...1...2...3...4...5...6...7...8...9...10	Bounce #1 added RGB(152261, 148587, 62798)
0...1...2...3...4...5...6...7...8...9...10	Bounce #2 added RGB(26731, 25365, 10220)
0...1...2...3...4...5...6...7...8...9...10	Bounce #3 added RGB(5241, 4564, 1603)
0...1...2...3...4...5...6...7...8...9...10	Bounce #4 added RGB(1207, 1001, 311)
0...1...2...3...4...5...6...7...8...9...10	Bounce #5 added RGB(320, 269, 80)
0...1...2...3...4...5...6...7...8...9...10	Bounce #6 added RGB(87, 67, 17)
0...1...2...3...4...5...6...7...8...9...10	Bounce #7 added RGB(27, 22, 6)
0...1...2...3...4...5...6...7...8...9...10	Bounce #8 added RGB(8, 6, 1)
0...1...2...3...4...5...6...7...8...9...10	Bounce #9 added RGB(3, 2, 0)
0...1...2...3...4...5...6...7...8...9...10	Bounce #10 added RGB(1, 1, 0)
Build Patch/Sample Hash Table(s).....Done<0.0363 sec>
0...1...2...3...4...5...6...7...8...9...10FinalLightFace Done
9 of 9 (100% of) surface lights went in leaf ambient cubes.
0...1...2...3...4...5...6...7...8...9...10Writing leaf ambient...done
Computing static prop lighting : 00...1...2...3...4...5...6...7...8...9...10
Ready to Finish

Object names       Objects/Maxobjs  Memory / Maxmem  Fullness 
------------       ---------------  ---------------  -------- 
models                 166/1024         7968/49152    (16.2%) 
brushes               2456/8192        29472/98304    (30.0%) 
brushsides           17939/65536      143512/524288   (27.4%) 
planes                8876/65536      177520/1310720  (13.5%) 
vertexes             12626/65536      151512/786432   (19.3%) 
nodes                 3550/65536      113600/2097152  ( 5.4%) 
texinfos              2479/12288      178488/884736   (20.2%) 
texdata                386/2048        12352/65536    (18.8%) 
dispinfos               52/0            9152/0        ( 0.0%) 
disp_verts            4108/0           82160/0        ( 0.0%) 
disp_tris             6560/0           13120/0        ( 0.0%) 
disp_lmsamples      109523/0          109523/0        ( 0.0%) 
faces                 6650/65536      372400/3670016  (10.1%) 
hdr faces             6650/65536      372400/3670016  (10.1%) 
origfaces             5101/65536      285656/3670016  ( 7.8%) 
leaves                3717/65536      118944/2097152  ( 5.7%) 
leaffaces             8370/65536       16740/131072   (12.8%) 
leafbrushes           5211/65536       10422/131072   ( 8.0%) 
areas                   12/256            96/2048     ( 4.7%) 
surfedges            52226/512000     208904/2048000  (10.2%) 
edges                32900/256000     131600/1024000  (12.9%) 
LDR worldlights          0/8192            0/720896   ( 0.0%) 
HDR worldlights         47/8192         4136/720896   ( 0.6%) 
leafwaterdata            1/32768          12/393216   ( 0.0%) 
waterstrips            700/32768        7000/327680   ( 2.1%) 
waterverts               0/65536           0/786432   ( 0.0%) 
waterindices         12438/65536       24876/131072   (19.0%) 
cubemapsamples         111/1024         1776/16384    (10.8%) 
overlays                 3/512          1056/180224   ( 0.6%) 
LDR lightdata         [variable]           0/0        ( 0.0%) 
HDR lightdata         [variable]     5131768/0        ( 0.0%) 
visdata               [variable]      215576/16777216 ( 1.3%) 
entdata               [variable]      338986/393216   (86.2%) VERY FULL!
LDR ambient table     3717/65536       14868/262144   ( 5.7%) 
HDR ambient table     3717/65536       14868/262144   ( 5.7%) 
LDR leaf ambient      3717/65536      104076/1835008  ( 5.7%) 
HDR leaf ambient     10425/65536      291900/1835008  (15.9%) 
occluders                3/0             120/0        ( 0.0%) 
occluder polygons        5/0              60/0        ( 0.0%) 
occluder vert ind       21/0              84/0        ( 0.0%) 
detail props          [variable]           1/12       ( 8.3%) 
static props          [variable]           1/27532    ( 0.0%) 
pakfile               [variable]    13115139/0        ( 0.0%) 
physics               [variable]     1618496/4194304  (38.6%) 
physics terrain       [variable]           0/1048576  ( 0.0%) 

Level flags = 2

Total triangle count: 18444
Writing e:\steam\steamapps\sourcemods\bcws\maps\d1_town_02_d.bsp
1 minute, 41 seconds elapsed



materialPath: E:\steam\steamapps\sourcemods\bcws\materials
Loading e:\steam\steamapps\sourcemods\bcws\maps\d1_town_02_d.vmf
ConVarRef mat_reduceparticles doesn't point to an existing ConVar
Could not locate 'GameData' key in e:\steam\steamapps\sourcemods\bcws\gameinfo.txt
Patching WVT material: maps/d1_town_02_d/nature/red_grass_wvt_patch
Patching WVT material: maps/d1_town_02_d/nature/blendgrassgravel001a_wvt_patch
Patching WVT material: maps/d1_town_02_d/nature/blenddirtgrass008a_wvt_patch
fixing up env_cubemap materials on brush sides...
0...1...2...3...4...5...6...7...8...9...100...1...2...3...4...5...6...7...8...9...10Processing areas...done (0)
Building Faces...done (0)
Chop Details...done (0)
Find Visible Detail Sides...
Merged 600 detail faces...done (0)
Merging details...done (0)
FixTjuncs...
PruneNodes...
WriteBSP...
done (0)
writing e:\steam\steamapps\sourcemods\bcws\maps\d1_town_02_d.prt...Building visibility clusters...
done (1)
Creating default LDR cubemaps for env_cubemap using skybox materials:
   skybox/sky_day01_09*.vmt
 ! Run buildcubemaps in the engine to get the correct cube maps.
Creating default HDR cubemaps for env_cubemap using skybox materials:
   skybox/sky_day01_09*.vmt
 ! Run buildcubemaps in the engine to get the correct cube maps.
Finding displacement neighbors...
Finding lightmap sample positions...
Displacement Alpha : 0...1...2...3...4...5...6...7...8...9...10
Building Physics collision data...
WARNING: Map using power 4 displacements, terrain physics cannot be compressed, map will need additional memory and CPU.
done (1) (1581049 bytes)
Placing detail props : 0...1...2...3...4...5...6...7...8..Material NATURE/BLENDGRASSGRAVEL001A uses unknown detail object type coastline_redgrass02!
Material NATURE/BLENDGRASSGRAVEL001A uses unknown detail object type coastline_redgrass02!
Material NATURE/BLENDGRASSGRAVEL001A uses unknown detail object type coastline_redgrass02!
Material NATURE/BLENDGRASSGRAVEL001A uses unknown detail object type coastline_redgrass02!
Material NATURE/BLENDGRASSGRAVEL001A uses unknown detail object type coastline_redgrass02!
Material NATURE/BLENDGRASSGRAVEL001A uses unknown detail object type coastline_redgrass02!
Material NATURE/RED_GRASS uses unknown detail object type redgrass!
Material NATURE/RED_GRASS uses unknown detail object type redgrass!
Material NATURE/RED_GRASS uses unknown detail object type redgrass!
Material NATURE/RED_GRASS uses unknown detail object type redgrass!
Material NATURE/RED_GRASS uses unknown detail object type redgrass!
Material NATURE/RED_GRASS uses unknown detail object type redgrass!
Material NATURE/RED_GRASS uses unknown detail object type redgrass!
Material NATURE/BLENDGRASSGRAVEL001A uses unknown detail object type coastline_redgrass02!
Material NATURE/BLENDGRASSGRAVEL001A uses unknown detail object type coastline_redgrass02!
Material NATURE/BLENDGRASSGRAVEL001A uses unknown detail object type coastline_redgrass02!
Material NATURE/BLENDGRASSGRAVEL001A uses unknown detail object type coastline_redgrass02!
Material NATURE/BLENDGRASSGRAVEL001A uses unknown detail object type coastline_redgrass02!
Material NATURE/BLENDGRASSGRAVEL001A uses unknown detail object type coastline_redgrass02!
Material NATURE/BLENDGRASSGRAVEL001A uses unknown detail object type coastline_redgrass02!
Material NATURE/BLENDDIRTGRASS008A uses unknown detail object type coastline_redgrass01!
Material NATURE/BLENDGRASSGRAVEL001A uses unknown detail object type coastline_redgrass02!
Material NATURE/BLENDGRASSGRAVEL001A uses unknown detail object type coastline_redgrass02!
Material NATURE/BLENDGRASSGRAVEL001A uses unknown detail object type coastline_redgrass02!
Material NATURE/BLENDGRASSGRAVEL001A uses unknown detail object type coastline_redgrass02!
Material NATURE/BLENDGRASSGRAVEL001A uses unknown detail object type coastline_redgrass02!
Material NATURE/BLENDGRASSGRAVEL001A uses unknown detail object type coastline_redgrass02!
Material NATURE/BLENDGRASSGRAVEL001A uses unknown detail object type coastline_redgrass02!
.9...10
Compacting texture/material tables...
Reduced 5859 texinfos to 2271
Reduced 654 texdatas to 384 (32795 bytes to 18307)
Writing e:\steam\steamapps\sourcemods\bcws\maps\d1_town_02_d.bsp
7 seconds elapsed



4 threads
reading e:\steam\steamapps\sourcemods\bcws\maps\d1_town_02_d.bsp
reading e:\steam\steamapps\sourcemods\bcws\maps\d1_town_02_d.prt
 998 portalclusters
2915 numportals
0...1...2...3...4...5...6...7...8...9...100...1...2...3...4...5.


materialPath: E:\steam\steamapps\sourcemods\bcws\materials
Loading e:\steam\steamapps\sourcemods\bcws\maps\d1_town_02_d.vmf
ConVarRef mat_reduceparticles doesn't point to an existing ConVar
Could not locate 'GameData' key in e:\steam\steamapps\sourcemods\bcws\gameinfo.txt
Patching WVT material: maps/d1_town_02_d/nature/red_grass_wvt_patch
Patching WVT material: maps/d1_town_02_d/nature/blendgrassgravel001a_wvt_patch
Patching WVT material: maps/d1_town_02_d/nature/blenddirtgrass008a_wvt_patch
fixing up env_cubemap materials on brush sides...
0...1...2...3...4...5...6...7...8...9...100...1...2...3...4...5...6...7...8...9...10Processing areas...done (0)
Building Faces...done (0)
Chop Details...done (0)
Find Visible Detail Sides...
Merged 600 detail faces...done (0)
Merging details...done (0)
FixTjuncs...
PruneNodes...
WriteBSP...
done (0)
writing e:\steam\steamapps\sourcemods\bcws\maps\d1_town_02_d.prt...Building visibility clusters...
done (0)
Creating default LDR cubemaps for env_cubemap using skybox materials:
   skybox/sky_day01_09*.vmt
 ! Run buildcubemaps in the engine to get the correct cube maps.
Creating default HDR cubemaps for env_cubemap using skybox materials:
   skybox/sky_day01_09*.vmt
 ! Run buildcubemaps in the engine to get the correct cube maps.
Finding displacement neighbors...
Finding lightmap sample positions...
Displacement Alpha : 0...1...2...3...4...5...6...7...8...9...10
Building Physics collision data...
WARNING: Map using power 4 displacements, terrain physics cannot be compressed, map will need additional memory and CPU.
done (0) (1581049 bytes)
Placing detail props : 0...1...2...3...4...5...6...7...8..Material NATURE/BLENDGRASSGRAVEL001A uses unknown detail object type coastline_redgrass02!
Material NATURE/BLENDGRASSGRAVEL001A uses unknown detail object type coastline_redgrass02!
Material NATURE/BLENDGRASSGRAVEL001A uses unknown detail object type coastline_redgrass02!
Material NATURE/BLENDGRASSGRAVEL001A uses unknown detail object type coastline_redgrass02!
Material NATURE/BLENDGRASSGRAVEL001A uses unknown detail object type coastline_redgrass02!
Material NATURE/BLENDGRASSGRAVEL001A uses unknown detail object type coastline_redgrass02!
Material NATURE/RED_GRASS uses unknown detail object type redgrass!
Material NATURE/RED_GRASS uses unknown detail object type redgrass!
Material NATURE/RED_GRASS uses unknown detail object type redgrass!
Material NATURE/RED_GRASS uses unknown detail object type redgrass!
Material NATURE/RED_GRASS uses unknown detail object type redgrass!
Material NATURE/RED_GRASS uses unknown detail object type redgrass!
Material NATURE/RED_GRASS uses unknown detail object type redgrass!
Material NATURE/BLENDGRASSGRAVEL001A uses unknown detail object type coastline_redgrass02!
Material NATURE/BLENDGRASSGRAVEL001A uses unknown detail object type coastline_redgrass02!
Material NATURE/BLENDGRASSGRAVEL001A uses unknown detail object type coastline_redgrass02!
Material NATURE/BLENDGRASSGRAVEL001A uses unknown detail object type coastline_redgrass02!
Material NATURE/BLENDGRASSGRAVEL001A uses unknown detail object type coastline_redgrass02!
Material NATURE/BLENDGRASSGRAVEL001A uses unknown detail object type coastline_redgrass02!
Material NATURE/BLENDGRASSGRAVEL001A uses unknown detail object type coastline_redgrass02!
Material NATURE/BLENDDIRTGRASS008A uses unknown detail object type coastline_redgrass01!
Material NATURE/BLENDGRASSGRAVEL001A uses unknown detail object type coastline_redgrass02!
Material NATURE/BLENDGRASSGRAVEL001A uses unknown detail object type coastline_redgrass02!
Material NATURE/BLENDGRASSGRAVEL001A uses unknown detail object type coastline_redgrass02!
Material NATURE/BLENDGRASSGRAVEL001A uses unknown detail object type coastline_redgrass02!
Material NATURE/BLENDGRASSGRAVEL001A uses unknown detail object type coastline_redgrass02!
Material NATURE/BLENDGRASSGRAVEL001A uses unknown detail object type coastline_redgrass02!
Material NATURE/BLENDGRASSGRAVEL001A uses unknown detail object type coastline_redgrass02!
.9...10
Compacting texture/material tables...
Reduced 5859 texinfos to 2271
Reduced 654 texdatas to 384 (32795 bytes to 18307)
Writing e:\steam\steamapps\sourcemods\bcws\maps\d1_town_02_d.bsp
8 seconds elapsed



4 threads
reading e:\steam\steamapps\sourcemods\bcws\maps\d1_town_02_d.bsp
reading e:\steam\steamapps\sourcemods\bcws\maps\d1_town_02_d.prt
 998 portalclusters
2915 numportals
0...1...2...3...4...5...6...7...8...9...10Optimized: 57932 visible clusters (8.33%)
Total clusters visible: 695632
Average clusters visible: 697
Building PAS...
Average clusters audible: 950
visdatasize:242619  compressed from 255488
writing e:\steam\steamapps\sourcemods\bcws\maps\d1_town_02_d.bsp
1 second elapsed



[Reading texlights from 'lights.rad']
[45 texlights parsed from 'lights.rad']

Loading e:\steam\steamapps\sourcemods\bcws\maps\d1_town_02_d.bsp
Loaded alpha texture materials\models\props_foliage\tree_deciduous_01a_branches.vtf
Loaded alpha texture materials\models\props_foliage\tree_deciduous_01a_leaves.vtf
Loaded alpha texture materials\models\props_foliage\tree_deciduous_01a_lod.vtf
Loaded alpha texture materials\models\props_foliage\tree_deciduous_01a_lod-leaves.vtf
Loaded alpha texture materials\Models\props_c17\fence_alpha.vtf
6252 faces
1122222 square feet [161600000.00 square inches]
52 Displacements
66502 Square Feet [9576314.00 Square Inches]
6252 patches before subdivision
81144 patches after subdivision
47 direct lights
0...1...2...3...4...5...6...7...8...9...100...1...2...3...4...5...6...7...8...9...10transfers 7833816, max 1185
transfer lists:  59.8 megs
0...1...2...3...4...5...6...7...8...9...10	Bounce #1 added RGB(150471, 146448, 61775)
0...1...2...3...4...5...6...7...8...9...10	Bounce #2 added RGB(26444, 25085, 10107)
0...1...2...3...4...5...6...7...8...9...10	Bounce #3 added RGB(5178, 4514, 1588)
0...1...2...3...4...5...6...7...8...9...10	Bounce #4 added RGB(1189, 988, 307)
0...1...2...3...4...5...6...7...8...9...10	Bounce #5 added RGB(315, 266, 80)
0...1...2...3...4...5...6...7...8...9...10	Bounce #6 added RGB(85, 66, 17)
0...1...2...3...4...5...6...7...8...9...10	Bounce #7 added RGB(27, 22, 5)
0...1...2...3...4...5...6...7...8...9...10	Bounce #8 added RGB(8, 6, 1)
0...1...2...3...4...5...6...7...8...9...10	Bounce #9 added RGB(3, 2, 0)
0...1...2...3...4...5...6...7...8...9...10	Bounce #10 added RGB(1, 1, 0)
Build Patch/Sample Hash Table(s).....Done<0.0546 sec>
0...1...2...3...4...5...6...7...8...9...10FinalLightFace Done
9 of 9 (100% of) surface lights went in leaf ambient cubes.
0...1...2...3...4...5...6...7...8...9...10Writing leaf ambient...done
Computing static prop lighting : 00...1...2...3...4...5...6...7...8...9...10
Ready to Finish

Object names       Objects/Maxobjs  Memory / Maxmem  Fullness 
------------       ---------------  ---------------  -------- 
models                 104/1024         4992/49152    (10.2%) 
brushes               2390/8192        28680/98304    (29.2%) 
brushsides           17520/65536      140160/524288   (26.7%) 
planes                8482/65536      169640/1310720  (12.9%) 
vertexes             12098/65536      145176/786432   (18.5%) 
nodes                 3154/65536      100928/2097152  ( 4.8%) 
texinfos              2271/12288      163512/884736   (18.5%) 
texdata                384/2048        12288/65536    (18.8%) 
dispinfos               52/0            9152/0        ( 0.0%) 
disp_verts            4108/0           82160/0        ( 0.0%) 
disp_tris             6560/0           13120/0        ( 0.0%) 
disp_lmsamples      109523/0          109523/0        ( 0.0%) 
faces                 6252/65536      350112/3670016  ( 9.5%) 
hdr faces             6252/65536      350112/3670016  ( 9.5%) 
origfaces             4703/65536      263368/3670016  ( 7.2%) 
leaves                3259/65536      104288/2097152  ( 5.0%) 
leaffaces             7972/65536       15944/131072   (12.2%) 
leafbrushes           5145/65536       10290/131072   ( 7.9%) 
areas                   12/256            96/2048     ( 4.7%) 
surfedges            49028/512000     196112/2048000  ( 9.6%) 
edges                31298/256000     125192/1024000  (12.2%) 
LDR worldlights          0/8192            0/720896   ( 0.0%) 
HDR worldlights         47/8192         4136/720896   ( 0.6%) 
leafwaterdata            1/32768          12/393216   ( 0.0%) 
waterstrips            702/32768        7020/327680   ( 2.1%) 
waterverts               0/65536           0/786432   ( 0.0%) 
waterindices         12465/65536       24930/131072   (19.0%) 
cubemapsamples         111/1024         1776/16384    (10.8%) 
overlays                 3/512          1056/180224   ( 0.6%) 
LDR lightdata         [variable]           0/0        ( 0.0%) 
HDR lightdata         [variable]     5131304/0        ( 0.0%) 
visdata               [variable]      242619/16777216 ( 1.4%) 
entdata               [variable]      291802/393216   (74.2%) 
LDR ambient table     3259/65536       13036/262144   ( 5.0%) 
HDR ambient table     3259/65536       13036/262144   ( 5.0%) 
LDR leaf ambient      3259/65536       91252/1835008  ( 5.0%) 
HDR leaf ambient     10029/65536      280812/1835008  (15.3%) 
occluders                3/0             120/0        ( 0.0%) 
occluder polygons        5/0              60/0        ( 0.0%) 
occluder vert ind       21/0              84/0        ( 0.0%) 
detail props          [variable]           1/12       ( 8.3%) 
static props          [variable]           1/27532    ( 0.0%) 
pakfile               [variable]    13114767/0        ( 0.0%) 
physics               [variable]     1581049/4194304  (37.7%) 
physics terrain       [variable]           0/1048576  ( 0.0%) 

Level flags = 2

Total triangle count: 17640
Writing e:\steam\steamapps\sourcemods\bcws\maps\d1_town_02_d.bsp
2 minutes, 0 seconds elapsed
