PRT1
46
129
4 0 9 (0 1024 -106 ) (0 1024 539 ) (0 1134 539 ) (0 1134 -106 ) 
4 0 7 (0 1024 64 ) (0 1024 -106 ) (88 1024 -106 ) (88 1024 64 ) 
4 0 6 (88 1024 -106 ) (1004 1024 -106 ) (1004 1024 64 ) (88 1024 64 ) 
4 0 2 (88 1024 539 ) (0 1024 539 ) (0 1024 64 ) (88 1024 64 ) 
4 0 1 (1004 1024 539 ) (88 1024 539 ) (88 1024 64 ) (1004 1024 64 ) 
4 1 27 (1004 0 539 ) (88 0 539 ) (88 0 64 ) (1004 0 64 ) 
4 1 6 (1004 0 64 ) (88 0 64 ) (88 1024 64 ) (1004 1024 64 ) 
4 1 4 (88 0 156 ) (88 0 539 ) (88 256 539 ) (88 256 156 ) 
4 1 3 (88 256 156 ) (88 256 539 ) (88 264 539 ) (88 264 156 ) 
4 1 2 (88 1024 64 ) (88 264 64 ) (88 264 539 ) (88 1024 539 ) 
4 2 12 (0 1024 156 ) (0 1024 64 ) (0 264 64 ) (0 264 156 ) 
4 2 11 (0 264 539 ) (0 1024 539 ) (0 1024 156 ) (0 264 156 ) 
4 2 7 (0 264 64 ) (0 1024 64 ) (88 1024 64 ) (88 264 64 ) 
4 2 3 (88 264 156 ) (88 264 539 ) (0 264 539 ) (0 264 156 ) 
4 3 11 (0 256 539 ) (0 264 539 ) (0 264 156 ) (0 256 156 ) 
4 3 4 (88 256 156 ) (88 256 539 ) (80 256 539 ) (80 256 156 ) 
4 3 5 (80 256 539 ) (0 256 539 ) (0 256 156 ) (80 256 156 ) 
4 4 28 (88 0 539 ) (80 0 539 ) (80 0 156 ) (88 0 156 ) 
4 4 5 (80 256 539 ) (80 256 156 ) (80 0 156 ) (80 0 539 ) 
4 5 29 (80 0 539 ) (0 0 539 ) (0 0 64 ) (80 0 64 ) 
4 5 14 (0 0 64 ) (0 0 149 ) (0 256 149 ) (0 256 64 ) 
4 5 13 (0 0 149 ) (0 0 156 ) (0 256 156 ) (0 256 149 ) 
4 5 11 (0 0 156 ) (0 0 539 ) (0 256 539 ) (0 256 156 ) 
4 6 27 (1004 0 64 ) (88 0 64 ) (88 0 -106 ) (1004 0 -106 ) 
4 6 8 (88 264 -106 ) (88 0 -106 ) (88 0 48 ) (88 264 48 ) 
4 6 7 (88 1024 -106 ) (88 264 -106 ) (88 264 64 ) (88 1024 64 ) 
4 7 25 (0 1024 48 ) (0 1024 -106 ) (0 264 -106 ) (0 264 48 ) 
4 7 17 (0 264 64 ) (0 1024 64 ) (0 1024 48 ) (0 264 48 ) 
4 7 8 (0 264 -106 ) (88 264 -106 ) (88 264 48 ) (0 264 48 ) 
4 8 32 (0 0 48 ) (0 0 -106 ) (88 0 -106 ) (88 0 48 ) 
4 8 25 (0 0 -106 ) (0 0 48 ) (0 264 48 ) (0 264 -106 ) 
4 9 25 (0 1024 -106 ) (0 1024 48 ) (-1024 1024 48 ) (-1024 1024 -106 ) 
4 9 21 (-110 1024 64 ) (-124 1024 64 ) (-124 1024 48 ) (-110 1024 48 ) 
4 9 24 (-124 1024 64 ) (-1024 1024 64 ) (-1024 1024 48 ) (-124 1024 48 ) 
4 9 18 (-96 1024 64 ) (-110 1024 64 ) (-110 1024 48 ) (-96 1024 48 ) 
4 9 17 (0 1024 48 ) (0 1024 64 ) (-96 1024 64 ) (-96 1024 48 ) 
4 9 12 (0 1024 64 ) (0 1024 156 ) (-96 1024 156 ) (-96 1024 64 ) 
4 9 16 (-96 1024 156 ) (-1024 1024 156 ) (-1024 1024 64 ) (-96 1024 64 ) 
4 9 11 (0 1024 156 ) (0 1024 539 ) (-1024 1024 539 ) (-1024 1024 156 ) 
4 9 10 (-1024 1134 -106 ) (-1024 1024 -106 ) (-1024 1024 539 ) (-1024 1134 539 ) 
4 10 26 (-1122 1024 -106 ) (-1024 1024 -106 ) (-1024 1024 539 ) (-1122 1024 539 ) 
4 11 35 (-88 0 539 ) (-96 0 539 ) (-96 0 156 ) (-88 0 156 ) 
4 11 34 (0 0 156 ) (0 0 539 ) (-88 0 539 ) (-88 0 156 ) 
4 11 36 (-96 0 539 ) (-1024 0 539 ) (-1024 0 156 ) (-96 0 156 ) 
4 11 26 (-1024 1024 539 ) (-1024 1024 156 ) (-1024 0 156 ) (-1024 0 539 ) 
4 11 13 (0 256 156 ) (0 0 156 ) (-88 0 156 ) (-88 256 156 ) 
4 11 12 (-96 1024 156 ) (0 1024 156 ) (0 264 156 ) (-96 264 156 ) 
4 11 16 (-1024 0 156 ) (-1024 1024 156 ) (-96 1024 156 ) (-96 0 156 ) 
4 12 17 (-96 264 64 ) (-96 1024 64 ) (0 1024 64 ) (0 264 64 ) 
4 12 16 (-96 1024 64 ) (-96 264 64 ) (-96 264 156 ) (-96 1024 156 ) 
4 13 34 (0 0 149 ) (0 0 156 ) (-88 0 156 ) (-88 0 149 ) 
4 13 14 (0 0 149 ) (-88 0 149 ) (-88 256 149 ) (0 256 149 ) 
4 14 37 (0 0 64 ) (0 0 149 ) (-88 0 149 ) (-88 0 64 ) 
4 14 15 (-88 72 149 ) (-88 256 149 ) (-88 256 64 ) (-88 72 64 ) 
4 15 16 (-96 256 64 ) (-96 72 64 ) (-96 72 149 ) (-96 256 149 ) 
4 16 38 (-1024 0 149 ) (-1024 0 64 ) (-96 0 64 ) (-96 0 149 ) 
4 16 36 (-96 0 156 ) (-1024 0 156 ) (-1024 0 149 ) (-96 0 149 ) 
4 16 26 (-1024 1024 156 ) (-1024 1024 64 ) (-1024 0 64 ) (-1024 0 156 ) 
4 16 22 (-124 56 64 ) (-124 136 64 ) (-110 136 64 ) (-110 56 64 ) 
4 16 21 (-124 136 64 ) (-124 1024 64 ) (-110 1024 64 ) (-110 136 64 ) 
4 16 23 (-110 0 64 ) (-124 0 64 ) (-124 56 64 ) (-110 56 64 ) 
4 16 24 (-124 0 64 ) (-1024 0 64 ) (-1024 1024 64 ) (-124 1024 64 ) 
4 16 18 (-110 136 64 ) (-110 1024 64 ) (-96 1024 64 ) (-96 136 64 ) 
4 16 20 (-96 0 64 ) (-110 0 64 ) (-110 56 64 ) (-96 56 64 ) 
4 17 25 (-96 1024 48 ) (0 1024 48 ) (0 264 48 ) (-96 264 48 ) 
4 17 18 (-96 1024 48 ) (-96 264 48 ) (-96 264 64 ) (-96 1024 64 ) 
4 18 25 (-110 1024 48 ) (-96 1024 48 ) (-96 136 48 ) (-110 136 48 ) 
4 18 21 (-110 1024 48 ) (-110 136 48 ) (-110 136 64 ) (-110 1024 64 ) 
4 18 19 (-110 136 56 ) (-110 136 48 ) (-96 136 48 ) (-96 136 56 ) 
4 19 25 (-96 136 48 ) (-96 56 48 ) (-110 56 48 ) (-110 136 48 ) 
4 19 20 (-110 56 56 ) (-110 56 48 ) (-96 56 48 ) (-96 56 56 ) 
4 20 43 (-96 0 64 ) (-110 0 64 ) (-110 0 48 ) (-96 0 48 ) 
4 20 25 (-96 56 48 ) (-96 0 48 ) (-110 0 48 ) (-110 56 48 ) 
4 20 23 (-110 56 48 ) (-110 0 48 ) (-110 0 64 ) (-110 56 64 ) 
4 21 25 (-124 1024 48 ) (-110 1024 48 ) (-110 136 48 ) (-124 136 48 ) 
4 21 22 (-124 136 64 ) (-124 136 56 ) (-110 136 56 ) (-110 136 64 ) 
4 21 24 (-124 1024 48 ) (-124 136 48 ) (-124 136 64 ) (-124 1024 64 ) 
4 22 24 (-124 56 56 ) (-124 56 64 ) (-124 136 64 ) (-124 136 56 ) 
4 22 23 (-124 56 64 ) (-124 56 56 ) (-110 56 56 ) (-110 56 64 ) 
4 23 43 (-110 0 64 ) (-124 0 64 ) (-124 0 48 ) (-110 0 48 ) 
4 23 25 (-110 56 48 ) (-110 0 48 ) (-124 0 48 ) (-124 56 48 ) 
4 23 24 (-124 56 48 ) (-124 0 48 ) (-124 0 64 ) (-124 56 64 ) 
4 24 43 (-124 0 64 ) (-1024 0 64 ) (-1024 0 48 ) (-124 0 48 ) 
4 24 26 (-1024 1024 64 ) (-1024 1024 48 ) (-1024 0 48 ) (-1024 0 64 ) 
4 24 25 (-1024 0 48 ) (-1024 1024 48 ) (-124 1024 48 ) (-124 0 48 ) 
4 25 42 (0 0 -106 ) (0 0 48 ) (-96 0 48 ) (-96 0 -106 ) 
4 25 43 (-96 0 48 ) (-1024 0 48 ) (-1024 0 -106 ) (-96 0 -106 ) 
4 25 26 (-1024 1024 48 ) (-1024 1024 -106 ) (-1024 0 -106 ) (-1024 0 48 ) 
4 26 45 (-1024 0 -106 ) (-1024 0 539 ) (-1122 0 539 ) (-1122 0 -106 ) 
4 27 33 (88 -72 -106 ) (88 -908 -106 ) (88 -908 64 ) (88 -72 64 ) 
4 27 32 (88 0 -106 ) (88 -72 -106 ) (88 -72 48 ) (88 0 48 ) 
4 27 30 (88 -72 539 ) (88 -64 539 ) (88 -64 156 ) (88 -72 156 ) 
4 27 31 (88 -908 64 ) (88 -908 539 ) (88 -72 539 ) (88 -72 64 ) 
4 27 28 (88 -64 539 ) (88 0 539 ) (88 0 156 ) (88 -64 156 ) 
4 28 30 (88 -64 156 ) (88 -64 539 ) (80 -64 539 ) (80 -64 156 ) 
4 28 29 (80 -64 156 ) (80 -64 539 ) (80 0 539 ) (80 0 156 ) 
4 29 37 (0 0 149 ) (0 0 64 ) (0 -64 64 ) (0 -64 149 ) 
4 29 34 (0 0 539 ) (0 0 149 ) (0 -64 149 ) (0 -64 539 ) 
4 29 30 (80 -64 156 ) (80 -64 539 ) (0 -64 539 ) (0 -64 156 ) 
4 30 39 (0 -72 156 ) (0 -72 539 ) (0 -64 539 ) (0 -64 156 ) 
4 30 31 (88 -72 156 ) (88 -72 539 ) (0 -72 539 ) (0 -72 156 ) 
4 31 40 (0 -72 64 ) (0 -908 64 ) (0 -908 539 ) (0 -72 539 ) 
4 31 33 (0 -908 64 ) (0 -72 64 ) (88 -72 64 ) (88 -908 64 ) 
4 32 42 (0 0 48 ) (0 0 -106 ) (0 -72 -106 ) (0 -72 48 ) 
4 32 33 (0 -72 -106 ) (88 -72 -106 ) (88 -72 48 ) (0 -72 48 ) 
4 33 44 (0 -72 -106 ) (0 -908 -106 ) (0 -908 64 ) (0 -72 64 ) 
4 34 39 (0 -64 156 ) (0 -64 539 ) (-88 -64 539 ) (-88 -64 156 ) 
4 34 37 (0 -64 149 ) (-88 -64 149 ) (-88 0 149 ) (0 0 149 ) 
4 34 35 (-88 -64 156 ) (-88 -64 539 ) (-88 0 539 ) (-88 0 156 ) 
4 35 39 (-88 -64 156 ) (-88 -64 539 ) (-96 -64 539 ) (-96 -64 156 ) 
4 35 36 (-96 -64 156 ) (-96 -64 539 ) (-96 0 539 ) (-96 0 156 ) 
4 36 45 (-1024 0 539 ) (-1024 0 149 ) (-1024 -64 149 ) (-1024 -64 539 ) 
4 36 41 (-1024 -64 539 ) (-1024 -64 149 ) (-96 -64 149 ) (-96 -64 539 ) 
4 36 38 (-96 -64 149 ) (-1024 -64 149 ) (-1024 0 149 ) (-96 0 149 ) 
4 38 45 (-1024 0 149 ) (-1024 0 64 ) (-1024 -64 64 ) (-1024 -64 149 ) 
4 38 43 (-1024 -64 64 ) (-1024 0 64 ) (-96 0 64 ) (-96 -64 64 ) 
4 38 41 (-1024 -64 149 ) (-1024 -64 64 ) (-96 -64 64 ) (-96 -64 149 ) 
4 39 40 (-96 -72 539 ) (-96 -72 156 ) (0 -72 156 ) (0 -72 539 ) 
4 39 41 (-96 -72 539 ) (-96 -64 539 ) (-96 -64 156 ) (-96 -72 156 ) 
4 40 44 (0 -72 64 ) (0 -908 64 ) (-96 -908 64 ) (-96 -72 64 ) 
4 40 41 (-96 -908 64 ) (-96 -908 539 ) (-96 -72 539 ) (-96 -72 64 ) 
4 41 45 (-1024 -64 64 ) (-1024 -908 64 ) (-1024 -908 539 ) (-1024 -64 539 ) 
4 41 44 (-1024 -908 64 ) (-1024 -72 64 ) (-96 -72 64 ) (-96 -908 64 ) 
4 41 43 (-1024 -72 64 ) (-1024 -64 64 ) (-96 -64 64 ) (-96 -72 64 ) 
4 42 44 (-96 -72 -106 ) (0 -72 -106 ) (0 -72 48 ) (-96 -72 48 ) 
4 42 43 (-96 0 -106 ) (-96 -72 -106 ) (-96 -72 48 ) (-96 0 48 ) 
4 43 45 (-1024 0 64 ) (-1024 0 -106 ) (-1024 -72 -106 ) (-1024 -72 64 ) 
4 43 44 (-1024 -72 -106 ) (-96 -72 -106 ) (-96 -72 64 ) (-1024 -72 64 ) 
4 44 45 (-1024 -72 -106 ) (-1024 -908 -106 ) (-1024 -908 64 ) (-1024 -72 64 ) 
