PRT1
31
56
4 0 28 (24 0 288 ) (0 0 288 ) (0 0 128 ) (24 0 128 ) 
4 0 5 (0 0 128 ) (0 0 288 ) (0 680 288 ) (0 680 128 ) 
4 0 4 (0 680 288 ) (0 856 288 ) (0 856 128 ) (0 680 128 ) 
4 0 1 (0 688 128 ) (0 832 128 ) (24 832 128 ) (24 688 128 ) 
4 1 7 (0 688 -64 ) (0 688 128 ) (0 832 128 ) (0 832 -64 ) 
4 2 24 (-1776 1024 128 ) (-1456 1024 128 ) (-1456 1024 288 ) (-1776 1024 288 ) 
4 2 3 (-1760 1488 128 ) (-1472 1488 128 ) (-1472 1024 128 ) (-1760 1024 128 ) 
4 3 26 (-1472 1024 -64 ) (-1472 1024 128 ) (-1760 1024 128 ) (-1760 1024 -64 ) 
4 4 17 (-448 704 128 ) (-448 832 128 ) (-128 832 128 ) (-128 704 128 ) 
4 4 7 (0 832 128 ) (0 680 128 ) (-128 680 128 ) (-128 832 128 ) 
4 4 6 (-448 856 128 ) (-448 680 128 ) (-448 680 288 ) (-448 856 288 ) 
4 4 5 (-152 680 128 ) (0 680 128 ) (0 680 288 ) (-152 680 288 ) 
4 5 30 (-128 0 288 ) (-152 0 288 ) (-152 0 128 ) (-128 0 128 ) 
4 5 29 (0 0 128 ) (0 0 288 ) (-128 0 288 ) (-128 0 128 ) 
4 5 13 (0 0 128 ) (-128 0 128 ) (-128 320 128 ) (0 320 128 ) 
4 5 12 (-128 320 128 ) (-128 336 128 ) (0 336 128 ) (0 320 128 ) 
4 5 11 (-128 336 128 ) (-128 384 128 ) (0 384 128 ) (0 336 128 ) 
4 5 9 (-128 384 128 ) (-128 400 128 ) (0 400 128 ) (0 384 128 ) 
4 5 8 (-128 400 128 ) (-128 432 128 ) (0 432 128 ) (0 400 128 ) 
4 5 7 (-128 432 128 ) (-128 680 128 ) (0 680 128 ) (0 432 128 ) 
4 6 23 (-1024 928 128 ) (-1024 608 128 ) (-1024 608 288 ) (-1024 928 288 ) 
4 6 18 (-1024 624 128 ) (-1024 704 128 ) (-472 704 128 ) (-472 624 128 ) 
4 6 17 (-1024 704 128 ) (-1024 832 128 ) (-448 832 128 ) (-448 704 128 ) 
4 6 16 (-1024 832 128 ) (-1024 912 128 ) (-472 912 128 ) (-472 832 128 ) 
4 7 17 (-128 704 128 ) (-128 832 128 ) (-128 832 -64 ) (-128 704 -64 ) 
4 7 10 (-128 432 -44 ) (-128 432 -54 ) (0 432 -54 ) (0 432 -44 ) 
4 7 8 (-128 432 128 ) (-128 432 -44 ) (0 432 -44 ) (0 432 128 ) 
4 8 10 (-128 416 -44 ) (-128 432 -44 ) (0 432 -44 ) (0 416 -44 ) 
4 8 9 (-128 400 128 ) (-128 400 -34 ) (0 400 -34 ) (0 400 128 ) 
4 9 15 (-128 384 -14 ) (-128 384 -24 ) (0 384 -24 ) (0 384 -14 ) 
4 9 14 (-128 384 -4 ) (-128 384 -14 ) (0 384 -14 ) (0 384 -4 ) 
4 9 11 (-128 384 128 ) (-128 384 -4 ) (0 384 -4 ) (0 384 128 ) 
4 11 14 (-128 352 -4 ) (-128 384 -4 ) (0 384 -4 ) (0 352 -4 ) 
4 11 12 (-128 336 128 ) (-128 336 6 ) (0 336 6 ) (0 336 128 ) 
4 12 13 (-128 320 128 ) (-128 320 16 ) (0 320 16 ) (0 320 128 ) 
4 13 29 (0 0 16 ) (0 0 128 ) (-128 0 128 ) (-128 0 16 ) 
4 14 15 (-128 368 -14 ) (-128 384 -14 ) (0 384 -14 ) (0 368 -14 ) 
4 16 25 (-1024 832 -64 ) (-1024 832 128 ) (-1024 912 128 ) (-1024 912 -64 ) 
4 16 17 (-472 832 128 ) (-1024 832 128 ) (-1024 832 -64 ) (-472 832 -64 ) 
4 17 25 (-1024 704 -64 ) (-1024 704 128 ) (-1024 832 128 ) (-1024 832 -64 ) 
4 17 18 (-472 704 128 ) (-1024 704 128 ) (-1024 704 -64 ) (-472 704 -64 ) 
4 18 25 (-1024 624 -64 ) (-1024 624 128 ) (-1024 704 128 ) (-1024 704 -64 ) 
4 18 20 (-968 624 64 ) (-968 624 -64 ) (-808 624 -64 ) (-808 624 64 ) 
4 18 19 (-676 624 -24 ) (-576 624 -24 ) (-576 624 40 ) (-676 624 40 ) 
4 19 21 (-576 600 40 ) (-676 600 40 ) (-676 600 -24 ) (-576 600 -24 ) 
4 20 21 (-968 600 64 ) (-968 600 -64 ) (-808 600 -64 ) (-808 600 64 ) 
4 21 27 (-1024 224 -64 ) (-1024 224 128 ) (-1024 600 128 ) (-1024 600 -64 ) 
4 22 23 (-1456 928 288 ) (-1456 928 128 ) (-1448 928 128 ) (-1448 928 288 ) 
4 22 24 (-1456 936 128 ) (-1456 928 128 ) (-1456 928 288 ) (-1456 936 288 ) 
4 23 25 (-1024 912 128 ) (-1024 624 128 ) (-1456 624 128 ) (-1456 912 128 ) 
4 23 24 (-1456 928 128 ) (-1456 608 128 ) (-1456 608 288 ) (-1456 928 288 ) 
4 24 26 (-1760 1024 128 ) (-1472 1024 128 ) (-1472 624 128 ) (-1760 624 128 ) 
4 24 25 (-1456 912 128 ) (-1456 624 128 ) (-1472 624 128 ) (-1472 912 128 ) 
4 25 26 (-1472 624 -64 ) (-1472 624 128 ) (-1472 912 128 ) (-1472 912 -64 ) 
4 28 29 (0 0 288 ) (0 0 128 ) (0 -48 128 ) (0 -48 288 ) 
4 29 30 (-128 -48 128 ) (-128 -48 288 ) (-128 0 288 ) (-128 0 128 ) 
