


materialPath: E:\steam\steamapps\sourcemods\bcws\materials
Loading e:\steam\steamapps\sourcemods\bcws\maps\lmp.vmf
Could not locate 'GameData' key in e:\steam\steamapps\sourcemods\bcws\gameinfo.txt
fixing up env_cubemap materials on brush sides...
0...1...2...3...4...5...6...7...8...9...100...1...2...3...4...5...6...7...8...9...10Processing areas...done (0)
Building Faces...done (0)
FixTjuncs...
PruneNodes...
WriteBSP...
done (0)
writing e:\steam\steamapps\sourcemods\bcws\maps\lmp.prt...Building visibility clusters...
done (0)
Finding displacement neighbors...
Finding lightmap sample positions...
Displacement Alpha : 0...1...2...3...4...5...6...7...8...9...10
Building Physics collision data...
done (0) (2314 bytes)
Placing detail props : 0...1...2...3...4...5...6...7...8...9...10
Compacting texture/material tables...
Reduced 4 texinfos to 4
Reduced 1 texdatas to 1 (27 bytes to 27)
Writing e:\steam\steamapps\sourcemods\bcws\maps\lmp.bsp
0 seconds elapsed



4 threads
reading e:\steam\steamapps\sourcemods\bcws\maps\lmp.bsp
reading e:\steam\steamapps\sourcemods\bcws\maps\lmp.prt
   4 portalclusters
   4 numportals
0...1...2...3...4...5...6...7...8...9...100...1...2...3...4...5...6...7...8...9...10Optimized: 0 visible clusters (0.00%)
Total clusters visible: 16
Average clusters visible: 4
Building PAS...
Average clusters audible: 4
visdatasize:44  compressed from 64
writing e:\steam\steamapps\sourcemods\bcws\maps\lmp.bsp
0 seconds elapsed



[Reading texlights from 'lights.rad']
[45 texlights parsed from 'lights.rad']

Loading e:\steam\steamapps\sourcemods\bcws\maps\lmp.bsp
156 faces
3697 square feet [532480.00 square inches]
0 Displacements
0 Square Feet [0.00 Square Inches]
156 patches before subdivision
15134 patches after subdivision
1 direct lights
0...1...2...3...4...5...6...7...8...


materialPath: E:\steam\steamapps\sourcemods\bcws\materials
Loading e:\steam\steamapps\sourcemods\bcws\maps\lmp.vmf
Could not locate 'GameData' key in e:\steam\steamapps\sourcemods\bcws\gameinfo.txt
fixing up env_cubemap materials on brush sides...
0...1...2...3...4...5...6...7...8...9...100...1...2...3...4...5...6...7...8...9...10Processing areas...done (0)
Building Faces...done (0)
FixTjuncs...
PruneNodes...
WriteBSP...
done (0)
writing e:\steam\steamapps\sourcemods\bcws\maps\lmp.prt...Building visibility clusters...
done (0)
Finding displacement neighbors...
Finding lightmap sample positions...
Displacement Alpha : 0...1...2...3...4...5...6...7...8...9...10
Building Physics collision data...
done (0) (2314 bytes)
Placing detail props : 0...1...2...3...4...5...6...7...8...9...10
Compacting texture/material tables...
Reduced 4 texinfos to 4
Reduced 1 texdatas to 1 (27 bytes to 27)
Writing e:\steam\steamapps\sourcemods\bcws\maps\lmp.bsp
0 seconds elapsed



4 threads
reading e:\steam\steamapps\sourcemods\bcws\maps\lmp.bsp
reading e:\steam\steamapps\sourcemods\bcws\maps\lmp.prt
   4 portalclusters
   4 numportals
0...1...2...3...4...5...6...7...8...9...100...1...2...3...4...5...6...7...8...9...10Optimized: 0 visible clusters (0.00%)
Total clusters visible: 16
Average clusters visible: 4
Building PAS...
Average clusters audible: 4
visdatasize:44  compressed from 64
writing e:\steam\steamapps\sourcemods\bcws\maps\lmp.bsp
0 seconds elapsed



[Reading texlights from 'lights.rad']
[45 texlights parsed from 'lights.rad']

Loading e:\steam\steamapps\sourcemods\bcws\maps\lmp.bsp
156 faces
3697 square feet [532480.00 square inches]
0 Displacements
0 Square Feet [0.00 Square Inches]
156 patches before subdivision
15134 patches after subdivision
1 direct lights
0...1...2...3...4...5...6...7...8...9...100...1...2...3...4...5...6...7...8...9...10transfers 1340176, max 376
transfer lists:  10.2 megs
0...1...2...3...4...5...6...7...8...9...10	Bounce #1 added RGB(112871, 113377, 100132)
0...1...2...3...4...5...6...7...8...9...10	Bounce #2 added RGB(34268, 34576, 26969)
0...1...2...3...4...5...6...7...8...9...10	Bounce #3 added RGB(10514, 10656, 7340)
0...1...2...3...4...5...6...7...8...9...10	Bounce #4 added RGB(3226, 3284, 1998)
0...1...2...3...4...5...6...7...8...9...10	Bounce #5 added RGB(991, 1013, 545)
0...1...2...3...4...5...6...7...8...9...10	Bounce #6 added RGB(304, 313, 148)
0...1...2...3...4...5...6...7...8...9...10	Bounce #7 added RGB(94, 97, 40)
0...1...2...3...4...5...6...7...8...9...10	Bounce #8 added RGB(29, 30, 11)
0...1...2...3...4...5...6...7...8...9...10	Bounce #9 added RGB(9, 9, 3)
0...1...2...3...4...5...6...7...8...9...10	Bounce #10 added RGB(3, 3, 1)
0...1...2...3...4...5...6...7...8...9...10	Bounce #11 added RGB(1, 1, 0)
Build Patch/Sample Hash Table(s).....Done<0.0106 sec>
0...1...2...3...4...5...6...7...8...9...10FinalLightFace Done
0 of 0 (0% of) surface lights went in leaf ambient cubes.
0...1...2...3...4...5...6...7...8...9...10Writing leaf ambient...done
Ready to Finish

Object names       Objects/Maxobjs  Memory / Maxmem  Fullness 
------------       ---------------  ---------------  -------- 
models                   1/1024           48/49152    ( 0.1%) 
brushes                  6/8192           72/98304    ( 0.1%) 
brushsides              36/65536         288/524288   ( 0.1%) 
planes                  40/65536         800/1310720  ( 0.1%) 
vertexes               195/65536        2340/786432   ( 0.3%) 
nodes                   27/65536         864/2097152  ( 0.0%) 
texinfos                 4/12288         288/884736   ( 0.0%) 
texdata                  1/2048           32/65536    ( 0.0%) 
dispinfos                0/0               0/0        ( 0.0%) 
disp_verts               0/0               0/0        ( 0.0%) 
disp_tris                0/0               0/0        ( 0.0%) 
disp_lmsamples           0/0               0/0        ( 0.0%) 
faces                  156/65536        8736/3670016  ( 0.2%) 
hdr faces                0/65536           0/3670016  ( 0.0%) 
origfaces                6/65536         336/3670016  ( 0.0%) 
leaves                  29/65536         928/2097152  ( 0.0%) 
leaffaces              156/65536         312/131072   ( 0.2%) 
leafbrushes             16/65536          32/131072   ( 0.0%) 
areas                    2/256            16/2048     ( 0.8%) 
surfedges              688/512000       2752/2048000  ( 0.1%) 
edges                  357/256000       1428/1024000  ( 0.1%) 
LDR worldlights          1/65536          88/5767168  ( 0.0%) 
HDR worldlights          0/65536           0/5767168  ( 0.0%) 
leafwaterdata            0/32768           0/393216   ( 0.0%) 
waterstrips              0/32768           0/327680   ( 0.0%) 
waterverts               0/65536           0/786432   ( 0.0%) 
waterindices             0/65536           0/131072   ( 0.0%) 
cubemapsamples           0/1024            0/16384    ( 0.0%) 
overlays                 0/8192            0/2883584  ( 0.0%) 
LDR lightdata         [variable]     1795888/0        ( 0.0%) 
HDR lightdata         [variable]           0/0        ( 0.0%) 
visdata               [variable]          44/16777216 ( 0.0%) 
entdata               [variable]         537/393216   ( 0.1%) 
LDR ambient table       29/65536         116/262144   ( 0.0%) 
HDR ambient table       29/65536         116/262144   ( 0.0%) 
LDR leaf ambient        45/65536        1260/1835008  ( 0.1%) 
HDR leaf ambient        29/65536         812/1835008  ( 0.0%) 
occluders                0/0               0/0        ( 0.0%) 
occluder polygons        0/0               0/0        ( 0.0%) 
occluder vert ind        0/0               0/0        ( 0.0%) 
detail props          [variable]           1/12       ( 8.3%) 
static props          [variable]           1/12       ( 8.3%) 
pakfile               [variable]          54/0        ( 0.0%) 
physics               [variable]        2314/4194304  ( 0.1%) 
physics terrain       [variable]           2/1048576  ( 0.0%) 

Level flags = 1

Total triangle count: 352
Writing e:\steam\steamapps\sourcemods\bcws\maps\lmp.bsp
2 seconds elapsed



[Reading texlights from 'lights.rad']
[45 texlights parsed from 'lights.rad']

Loading e:\steam\steamapps\sourcemods\bcws\maps\lmp.bsp
156 faces
3697 square feet [532480.00 square inches]
0 Displacements
0 Square Feet [0.00 Square Inches]
156 patches before subdivision
15134 patches after subdivision
1 direct lights
0...1...2...3...4...5...6...7...8...9...100...1...2...3...4...5...6...7...8...9...10transfers 1340176, max 376
transfer lists:  10.2 megs
0...1...2...3...4...5...6...7...8...9...10	Bounce #1 added RGB(112871, 113377, 100132)
0...1...2...3...4...5...6...7...8...9...10	Bounce #2 added RGB(34268, 34576, 26969)
0...1...2...3...4...5...6...7...8...9...10	Bounce #3 added RGB(10514, 10656, 7340)
0...1...2...3...4...5...6...7...8...9...10	Bounce #4 added RGB(3226, 3284, 1998)
0...1...2...3...4...5...6...7...8...9...10	Bounce #5 added RGB(991, 1013, 545)
0...1...2...3...4...5...6...7...8...9...10	Bounce #6 added RGB(304, 313, 148)
0...1...2...3...4...5...6...7...8...9...10	Bounce #7 added RGB(94, 97, 40)
0...1...2...3...4...5...6...7...8...9...10	Bounce #8 added RGB(29, 30, 11)
0...1...2...3...4...5...6...7...8...9...10	Bounce #9 added RGB(9, 9, 3)
0...1...2...3...4...5...6...7...8...9...10	Bounce #10 added RGB(3, 3, 1)
0...1...2...3...4...5...6...7...8...9...10	Bounce #11 added RGB(1, 1, 0)
Build Patch/Sample Hash Table(s).....Done<0.0076 sec>
0...1...2...3...4...5...6...7...8...9...10FinalLightFace Done
0 of 0 (0% of) surface lights went in leaf ambient cubes.
0...1...2...3...4...5...6...7...8...9...10Writing leaf ambient...done
Ready to Finish

Object names       Objects/Maxobjs  Memory / Maxmem  Fullness 
------------       ---------------  ---------------  -------- 
models                   1/1024           48/49152    ( 0.1%) 
brushes                  6/8192           72/98304    ( 0.1%) 
brushsides              36/65536         288/524288   ( 0.1%) 
planes                  40/65536         800/1310720  ( 0.1%) 
vertexes               195/65536        2340/786432   ( 0.3%) 
nodes                   27/65536         864/2097152  ( 0.0%) 
texinfos                 4/12288         288/884736   ( 0.0%) 
texdata                  1/2048           32/65536    ( 0.0%) 
dispinfos                0/0               0/0        ( 0.0%) 
disp_verts               0/0               0/0        ( 0.0%) 
disp_tris                0/0               0/0        ( 0.0%) 
disp_lmsamples           0/0               0/0        ( 0.0%) 
faces                  156/65536        8736/3670016  ( 0.2%) 
hdr faces              156/65536        8736/3670016  ( 0.2%) 
origfaces                6/65536         336/3670016  ( 0.0%) 
leaves                  29/65536         928/2097152  ( 0.0%) 
leaffaces              156/65536         312/131072   ( 0.2%) 
leafbrushes             16/65536          32/131072   ( 0.0%) 
areas                    2/256            16/2048     ( 0.8%) 
surfedges              688/512000       2752/2048000  ( 0.1%) 
edges                  357/256000       1428/1024000  ( 0.1%) 
LDR worldlights          1/65536          88/5767168  ( 0.0%) 
HDR worldlights          1/65536          88/5767168  ( 0.0%) 
leafwaterdata            0/32768           0/393216   ( 0.0%) 
waterstrips              0/32768           0/327680   ( 0.0%) 
waterverts               0/65536           0/786432   ( 0.0%) 
waterindices             0/65536           0/131072   ( 0.0%) 
cubemapsamples           0/1024            0/16384    ( 0.0%) 
overlays                 0/8192            0/2883584  ( 0.0%) 
LDR lightdata         [variable]     1795888/0        ( 0.0%) 
HDR lightdata         [variable]     1795888/0        ( 0.0%) 
visdata               [variable]          44/16777216 ( 0.0%) 
entdata               [variable]         537/393216   ( 0.1%) 
LDR ambient table       29/65536         116/262144   ( 0.0%) 
HDR ambient table       29/65536         116/262144   ( 0.0%) 
LDR leaf ambient        45/65536        1260/1835008  ( 0.1%) 
HDR leaf ambient        45/65536        1260/1835008  ( 0.1%) 
occluders                0/0               0/0        ( 0.0%) 
occluder polygons        0/0               0/0        ( 0.0%) 
occluder vert ind        0/0               0/0        ( 0.0%) 
detail props          [variable]           1/12       ( 8.3%) 
static props          [variable]           1/12       ( 8.3%) 
pakfile               [variable]          54/0        ( 0.0%) 
physics               [variable]        2314/4194304  ( 0.1%) 
physics terrain       [variable]           2/1048576  ( 0.0%) 

Level flags = 3

Total triangle count: 352
Writing e:\steam\steamapps\sourcemods\bcws\maps\lmp.bsp
2 seconds elapsed



materialPath: E:\steam\steamapps\sourcemods\bcws\materials
Loading e:\steam\steamapps\sourcemods\bcws\maps\lmp.vmf
Could not locate 'GameData' key in e:\steam\steamapps\sourcemods\bcws\gameinfo.txt
fixing up env_cubemap materials on brush sides...
0...1...2...3...4...5...6...7...8...9...100...1...2...3...4...5...6...7...8...9...10Processing areas...done (0)
Building Faces...done (0)
FixTjuncs...
PruneNodes...
WriteBSP...
done (0)
writing e:\steam\steamapps\sourcemods\bcws\maps\lmp.prt...Building visibility clusters...
done (0)
Finding displacement neighbors...
Finding lightmap sample positions...
Displacement Alpha : 0...1...2...3...4...5...6...7...8...9...10
Building Physics collision data...
done (0) (2282 bytes)
Placing detail props : 0...1...2...3...4...5...6...7...8...9...10
Compacting texture/material tables...
Reduced 4 texinfos to 4
Reduced 1 texdatas to 1 (27 bytes to 27)
Writing e:\steam\steamapps\sourcemods\bcws\maps\lmp.bsp
0 seconds elapsed



4 threads
reading e:\steam\steamapps\sourcemods\bcws\maps\lmp.bsp
reading e:\steam\steamapps\sourcemods\bcws\maps\lmp.prt
   1 portalclusters
   0 numportals
0...1...2...3...4...5...6...7...8...9...100...1...2...3...4...5...6...7...8...9...10Optimized: 0 visible clusters (0.00%)
Total clusters visible: 1
Average clusters visible: 1
Building PAS...
Average clusters audible: 1
visdatasize:14  compressed from 16
writing e:\steam\steamapps\sourcemods\bcws\maps\lmp.bsp
0 seconds elapsed



[Reading texlights from 'lights.rad']
[45 texlights parsed from 'lights.rad']

Loading e:\steam\steamapps\sourcemods\bcws\maps\lmp.bsp
126 faces
3697 square feet [532480.00 square inches]
0 Displacements
0 Square Feet [0.00 Square Inches]
126 patches before subdivision
14626 patches after subdivision
1 direct lights
0...1...2...3...4...5...6...7...8...9...100...1...2...3...4...5...6...7...8...9...10transfers 1220101, max 352
transfer lists:   9.3 megs
0...1...2...3...4...5...6...7...8...9...10	Bounce #1 added RGB(106975, 107455, 94901)
0...1...2...3...4...5...6...7...8...9...10	Bounce #2 added RGB(32544, 32837, 25612)
0...1...2...3...4...5...6...7...8...9...10	Bounce #3 added RGB(9946, 10080, 6944)
0...1...2...3...4...5...6...7...8...9...10	Bounce #4 added RGB(3041, 3096, 1884)
0...1...2...3...4...5...6...7...8...9...10	Bounce #5 added RGB(930, 951, 511)
0...1...2...3...4...5...6...7...8...9...10	Bounce #6 added RGB(285, 292, 139)
0...1...2...3...4...5...6...7...8...9...10	Bounce #7 added RGB(87, 90, 38)
0...1...2...3...4...5...6...7...8...9...10	Bounce #8 added RGB(27, 28, 10)
0...1...2...3...4...5...6...7...8...9...10	Bounce #9 added RGB(8, 8, 3)
0...1...2...3...4...5...6...7...8...9...10	Bounce #10 added RGB(2, 3, 1)
0...1...2...3...4...5...6...7...8...9...10	Bounce #11 added RGB(1, 1, 0)
Build Patch/Sample Hash Table(s).....Done<0.0071 sec>
0...1...2...3...4...5...6...7...8...9...10FinalLightFace Done
0 of 0 (0% of) surface lights went in leaf ambient cubes.
0...1...2...3...4...5...6...7...8...9...10Writing leaf ambient...done
Ready to Finish

Object names       Objects/Maxobjs  Memory / Maxmem  Fullness 
------------       ---------------  ---------------  -------- 
models                   1/1024           48/49152    ( 0.1%) 
brushes                  6/8192           72/98304    ( 0.1%) 
brushsides              36/65536         288/524288   ( 0.1%) 
planes                  36/65536         720/1310720  ( 0.1%) 
vertexes               165/65536        1980/786432   ( 0.3%) 
nodes                   10/65536         320/2097152  ( 0.0%) 
texinfos                 4/12288         288/884736   ( 0.0%) 
texdata                  1/2048           32/65536    ( 0.0%) 
dispinfos                0/0               0/0        ( 0.0%) 
disp_verts               0/0               0/0        ( 0.0%) 
disp_tris                0/0               0/0        ( 0.0%) 
disp_lmsamples           0/0               0/0        ( 0.0%) 
faces                  126/65536        7056/3670016  ( 0.2%) 
hdr faces                0/65536           0/3670016  ( 0.0%) 
origfaces                6/65536         336/3670016  ( 0.0%) 
leaves                  12/65536         384/2097152  ( 0.0%) 
leaffaces              126/65536         252/131072   ( 0.2%) 
leafbrushes              6/65536          12/131072   ( 0.0%) 
areas                    2/256            16/2048     ( 0.8%) 
surfedges              568/512000       2272/2048000  ( 0.1%) 
edges                  297/256000       1188/1024000  ( 0.1%) 
LDR worldlights          1/65536          88/5767168  ( 0.0%) 
HDR worldlights          0/65536           0/5767168  ( 0.0%) 
leafwaterdata            0/32768           0/393216   ( 0.0%) 
waterstrips              0/32768           0/327680   ( 0.0%) 
waterverts               0/65536           0/786432   ( 0.0%) 
waterindices             0/65536           0/131072   ( 0.0%) 
cubemapsamples           0/1024            0/16384    ( 0.0%) 
overlays                 0/8192            0/2883584  ( 0.0%) 
LDR lightdata         [variable]     1783384/0        ( 0.0%) 
HDR lightdata         [variable]           0/0        ( 0.0%) 
visdata               [variable]          14/16777216 ( 0.0%) 
entdata               [variable]         542/393216   ( 0.1%) 
LDR ambient table       12/65536          48/262144   ( 0.0%) 
HDR ambient table       12/65536          48/262144   ( 0.0%) 
LDR leaf ambient        16/65536         448/1835008  ( 0.0%) 
HDR leaf ambient        12/65536         336/1835008  ( 0.0%) 
occluders                0/0               0/0        ( 0.0%) 
occluder polygons        0/0               0/0        ( 0.0%) 
occluder vert ind        0/0               0/0        ( 0.0%) 
detail props          [variable]           1/12       ( 8.3%) 
static props          [variable]           1/12       ( 8.3%) 
pakfile               [variable]          54/0        ( 0.0%) 
physics               [variable]        2282/4194304  ( 0.1%) 
physics terrain       [variable]           2/1048576  ( 0.0%) 

Level flags = 1

Total triangle count: 292
Writing e:\steam\steamapps\sourcemods\bcws\maps\lmp.bsp
2 seconds elapsed



[Reading texlights from 'lights.rad']
[45 texlights parsed from 'lights.rad']

Loading e:\steam\steamapps\sourcemods\bcws\maps\lmp.bsp
126 faces
3697 square feet [532480.00 square inches]
0 Displacements
0 Square Feet [0.00 Square Inches]
126 patches before subdivision
14626 patches after subdivision
1 direct lights
0...1...2...3...4...5...6...7...8...9...100...1...2...3...4...5...6...7...8...9...10transfers 1220101, max 352
transfer lists:   9.3 megs
0...1...2...3...4...5...6...7...8...9...10	Bounce #1 added RGB(106975, 107455, 94901)
0...1...2...3...4...5...6...7...8...9...10	Bounce #2 added RGB(32544, 32837, 25612)
0...1...2...3...4...5...6...7...8...9...10	Bounce #3 added RGB(9946, 10080, 6944)
0...1...2...3...4...5...6...7...8...9...10	Bounce #4 added RGB(3041, 3096, 1884)
0...1...2...3...4...5...6...7...8...9...10	Bounce #5 added RGB(930, 951, 511)
0...1...2...3...4...5...6...7...8...9...10	Bounce #6 added RGB(285, 292, 139)
0...1...2...3...4...5...6...7...8...9...10	Bounce #7 added RGB(87, 90, 38)
0...1...2...3...4...5...6...7...8...9...10	Bounce #8 added RGB(27, 28, 10)
0...1...2...3...4...5...6...7...8...9...10	Bounce #9 added RGB(8, 8, 3)
0...1...2...3...4...5...6...7...8...9...10	Bounce #10 added RGB(2, 3, 1)
0...1...2...3...4...5...6...7...8...9...10	Bounce #11 added RGB(1, 1, 0)
Build Patch/Sample Hash Table(s).....Done<0.0072 sec>
0...1...2...3...4...5...6...7...8...9...10FinalLightFace Done
0 of 0 (0% of) surface lights went in leaf ambient cubes.
0...1...2...3...4...5...6...7...8...9...10Writing leaf ambient...done
Ready to Finish

Object names       Objects/Maxobjs  Memory / Maxmem  Fullness 
------------       ---------------  ---------------  -------- 
models                   1/1024           48/49152    ( 0.1%) 
brushes                  6/8192           72/98304    ( 0.1%) 
brushsides              36/65536         288/524288   ( 0.1%) 
planes                  36/65536         720/1310720  ( 0.1%) 
vertexes               165/65536        1980/786432   ( 0.3%) 
nodes                   10/65536         320/2097152  ( 0.0%) 
texinfos                 4/12288         288/884736   ( 0.0%) 
texdata                  1/2048           32/65536    ( 0.0%) 
dispinfos                0/0               0/0        ( 0.0%) 
disp_verts               0/0               0/0        ( 0.0%) 
disp_tris                0/0               0/0        ( 0.0%) 
disp_lmsamples           0/0               0/0        ( 0.0%) 
faces                  126/65536        7056/3670016  ( 0.2%) 
hdr faces              126/65536        7056/3670016  ( 0.2%) 
origfaces                6/65536         336/3670016  ( 0.0%) 
leaves                  12/65536         384/2097152  ( 0.0%) 
leaffaces              126/65536         252/131072   ( 0.2%) 
leafbrushes              6/65536          12/131072   ( 0.0%) 
areas                    2/256            16/2048     ( 0.8%) 
surfedges              568/512000       2272/2048000  ( 0.1%) 
edges                  297/256000       1188/1024000  ( 0.1%) 
LDR worldlights          1/65536          88/5767168  ( 0.0%) 
HDR worldlights          1/65536          88/5767168  ( 0.0%) 
leafwaterdata            0/32768           0/393216   ( 0.0%) 
waterstrips              0/32768           0/327680   ( 0.0%) 
waterverts               0/65536           0/786432   ( 0.0%) 
waterindices             0/65536           0/131072   ( 0.0%) 
cubemapsamples           0/1024            0/16384    ( 0.0%) 
overlays                 0/8192            0/2883584  ( 0.0%) 
LDR lightdata         [variable]     1783384/0        ( 0.0%) 
HDR lightdata         [variable]     1783384/0        ( 0.0%) 
visdata               [variable]          14/16777216 ( 0.0%) 
entdata               [variable]         542/393216   ( 0.1%) 
LDR ambient table       12/65536          48/262144   ( 0.0%) 
HDR ambient table       12/65536          48/262144   ( 0.0%) 
LDR leaf ambient        16/65536         448/1835008  ( 0.0%) 
HDR leaf ambient        16/65536         448/1835008  ( 0.0%) 
occluders                0/0               0/0        ( 0.0%) 
occluder polygons        0/0               0/0        ( 0.0%) 
occluder vert ind        0/0               0/0        ( 0.0%) 
detail props          [variable]           1/12       ( 8.3%) 
static props          [variable]           1/12       ( 8.3%) 
pakfile               [variable]          54/0        ( 0.0%) 
physics               [variable]        2282/4194304  ( 0.1%) 
physics terrain       [variable]           2/1048576  ( 0.0%) 

Level flags = 3

Total triangle count: 292
Writing e:\steam\steamapps\sourcemods\bcws\maps\lmp.bsp
2 seconds elapsed



materialPath: E:\steam\steamapps\sourcemods\bcws\materials
Loading e:\steam\steamapps\sourcemods\bcws\maps\lmp.vmf
Could not locate 'GameData' key in e:\steam\steamapps\sourcemods\bcws\gameinfo.txt
fixing up env_cubemap materials on brush sides...
0...1...2...3...4...5...6...7...8...9...100...1...2...3...4...5...6...7...8...9...10Processing areas...done (0)
Building Faces...done (0)
FixTjuncs...
PruneNodes...
WriteBSP...
done (0)
writing e:\steam\steamapps\sourcemods\bcws\maps\lmp.prt...Building visibility clusters...
done (0)
Finding displacement neighbors...
Finding lightmap sample positions...
Displacement Alpha : 0...1...2...3...4...5...6...7...8...9...10
Building Physics collision data...
done (0) (2282 bytes)
Placing detail props : 0...1...2...3...4...5...6...7...8...9...10
Compacting texture/material tables...
Reduced 3 texinfos to 3
Reduced 1 texdatas to 1 (27 bytes to 27)
Writing e:\steam\steamapps\sourcemods\bcws\maps\lmp.bsp
0 seconds elapsed



4 threads
reading e:\steam\steamapps\sourcemods\bcws\maps\lmp.bsp
reading e:\steam\steamapps\sourcemods\bcws\maps\lmp.prt
   1 portalclusters
   0 numportals
0...1...2...3...4...5...6...7...8...9...100...1...2...3...4...5...6...7...8...9...10Optimized: 0 visible clusters (0.00%)
Total clusters visible: 1
Average clusters visible: 1
Building PAS...
Average clusters audible: 1
visdatasize:14  compressed from 16
writing e:\steam\steamapps\sourcemods\bcws\maps\lmp.bsp
0 seconds elapsed



[Reading texlights from 'lights.rad']
[45 texlights parsed from 'lights.rad']

Loading e:\steam\steamapps\sourcemods\bcws\maps\lmp.bsp
6 faces
3697 square feet [532480.00 square inches]
0 Displacements
0 Square Feet [0.00 Square Inches]
6 patches before subdivision
762 patches after subdivision
1 direct lights
0...1...2...3...4...5...6...7...8...9...100...1...2...3...4...5...6...7...8...9...10transfers 61104, max 183
transfer lists:   0.5 megs
0...1...2...3...4...5...6...7...8...9...10	Bounce #1 added RGB(5683, 5708, 5042)
0...1...2...3...4...5...6...7...8...9...10	Bounce #2 added RGB(1740, 1755, 1369)
0...1...2...3...4...5...6...7...8...9...10	Bounce #3 added RGB(532, 539, 372)
0...1...2...3...4...5...6...7...8...9...10	Bounce #4 added RGB(163, 166, 101)
0...1...2...3...4...5...6...7...8...9...10	Bounce #5 added RGB(50, 51, 27)
0...1...2...3...4...5...6...7...8...9...10	Bounce #6 added RGB(15, 16, 7)
0...1...2...3...4...5...6...7...8...9...10	Bounce #7 added RGB(5, 5, 2)
0...1...2...3...4...5...6...7...8...9...10	Bounce #8 added RGB(1, 1, 1)
0...1...2...3...4...5...6...7...8...9...10	Bounce #9 added RGB(0, 0, 0)
Build Patch/Sample Hash Table(s).....Done<0.0002 sec>
0...1...2...3...4...5...6...7...8...9...10FinalLightFace Done
0 of 0 (0% of) surface lights went in leaf ambient cubes.
0...1...2...3...4...5...6...7...8...9...10Writing leaf ambient...done
Ready to Finish

Object names       Objects/Maxobjs  Memory / Maxmem  Fullness 
------------       ---------------  ---------------  -------- 
models                   1/1024           48/49152    ( 0.1%) 
brushes                  6/8192           72/98304    ( 0.1%) 
brushsides              36/65536         288/524288   ( 0.1%) 
planes                  36/65536         720/1310720  ( 0.1%) 
vertexes                25/65536         300/786432   ( 0.0%) 
nodes                   10/65536         320/2097152  ( 0.0%) 
texinfos                 3/12288         216/884736   ( 0.0%) 
texdata                  1/2048           32/65536    ( 0.0%) 
dispinfos                0/0               0/0        ( 0.0%) 
disp_verts               0/0               0/0        ( 0.0%) 
disp_tris                0/0               0/0        ( 0.0%) 
disp_lmsamples           0/0               0/0        ( 0.0%) 
faces                    6/65536         336/3670016  ( 0.0%) 
hdr faces                0/65536           0/3670016  ( 0.0%) 
origfaces                6/65536         336/3670016  ( 0.0%) 
leaves                  12/65536         384/2097152  ( 0.0%) 
leaffaces                6/65536          12/131072   ( 0.0%) 
leafbrushes              6/65536          12/131072   ( 0.0%) 
areas                    2/256            16/2048     ( 0.8%) 
surfedges               48/512000        192/2048000  ( 0.0%) 
edges                   37/256000        148/1024000  ( 0.0%) 
LDR worldlights          1/65536          88/5767168  ( 0.0%) 
HDR worldlights          0/65536           0/5767168  ( 0.0%) 
leafwaterdata            0/32768           0/393216   ( 0.0%) 
waterstrips              0/32768           0/327680   ( 0.0%) 
waterverts               0/65536           0/786432   ( 0.0%) 
waterindices             0/65536           0/131072   ( 0.0%) 
cubemapsamples           0/1024            0/16384    ( 0.0%) 
overlays                 0/8192            0/2883584  ( 0.0%) 
LDR lightdata         [variable]       36984/0        ( 0.0%) 
HDR lightdata         [variable]           0/0        ( 0.0%) 
visdata               [variable]          14/16777216 ( 0.0%) 
entdata               [variable]         542/393216   ( 0.1%) 
LDR ambient table       12/65536          48/262144   ( 0.0%) 
HDR ambient table       12/65536          48/262144   ( 0.0%) 
LDR leaf ambient        16/65536         448/1835008  ( 0.0%) 
HDR leaf ambient        12/65536         336/1835008  ( 0.0%) 
occluders                0/0               0/0        ( 0.0%) 
occluder polygons        0/0               0/0        ( 0.0%) 
occluder vert ind        0/0               0/0        ( 0.0%) 
detail props          [variable]           1/12       ( 8.3%) 
static props          [variable]           1/12       ( 8.3%) 
pakfile               [variable]          54/0        ( 0.0%) 
physics               [variable]        2282/4194304  ( 0.1%) 
physics terrain       [variable]           2/1048576  ( 0.0%) 

Level flags = 1

Total triangle count: 12
Writing e:\steam\steamapps\sourcemods\bcws\maps\lmp.bsp
0 seconds elapsed



[Reading texlights from 'lights.rad']
[45 texlights parsed from 'lights.rad']

Loading e:\steam\steamapps\sourcemods\bcws\maps\lmp.bsp
6 faces
3697 square feet [532480.00 square inches]
0 Displacements
0 Square Feet [0.00 Square Inches]
6 patches before subdivision
762 patches after subdivision
1 direct lights
0...1...2...3...4...5...6...7...8...9...100...1...2...3...4...5...6...7...8...9...10transfers 61104, max 183
transfer lists:   0.5 megs
0...1...2...3...4...5...6...7...8...9...10	Bounce #1 added RGB(5683, 5708, 5042)
0...1...2...3...4...5...6...7...8...9...10	Bounce #2 added RGB(1740, 1755, 1369)
0...1...2...3...4...5...6...7...8...9...10	Bounce #3 added RGB(532, 539, 372)
0...1...2...3...4...5...6...7...8...9...10	Bounce #4 added RGB(163, 166, 101)
0...1...2...3...4...5...6...7...8...9...10	Bounce #5 added RGB(50, 51, 27)
0...1...2...3...4...5...6...7...8...9...10	Bounce #6 added RGB(15, 16, 7)
0...1...2...3...4...5...6...7...8...9...10	Bounce #7 added RGB(5, 5, 2)
0...1...2...3...4...5...6...7...8...9...10	Bounce #8 added RGB(1, 1, 1)
0...1...2...3...4...5...6...7...8...9...10	Bounce #9 added RGB(0, 0, 0)
Build Patch/Sample Hash Table(s).....Done<0.0007 sec>
0...1...2...3...4...5...6...7...8...9...10FinalLightFace Done
0 of 0 (0% of) surface lights went in leaf ambient cubes.
0...1...2...3...4...5...6...7...8...9...10Writing leaf ambient...done
Ready to Finish

Object names       Objects/Maxobjs  Memory / Maxmem  Fullness 
------------       ---------------  ---------------  -------- 
models                   1/1024           48/49152    ( 0.1%) 
brushes                  6/8192           72/98304    ( 0.1%) 
brushsides              36/65536         288/524288   ( 0.1%) 
planes                  36/65536         720/1310720  ( 0.1%) 
vertexes                25/65536         300/786432   ( 0.0%) 
nodes                   10/65536         320/2097152  ( 0.0%) 
texinfos                 3/12288         216/884736   ( 0.0%) 
texdata                  1/2048           32/65536    ( 0.0%) 
dispinfos                0/0               0/0        ( 0.0%) 
disp_verts               0/0               0/0        ( 0.0%) 
disp_tris                0/0               0/0        ( 0.0%) 
disp_lmsamples           0/0               0/0        ( 0.0%) 
faces                    6/65536         336/3670016  ( 0.0%) 
hdr faces                6/65536         336/3670016  ( 0.0%) 
origfaces                6/65536         336/3670016  ( 0.0%) 
leaves                  12/65536         384/2097152  ( 0.0%) 
leaffaces                6/65536          12/131072   ( 0.0%) 
leafbrushes              6/65536          12/131072   ( 0.0%) 
areas                    2/256            16/2048     ( 0.8%) 
surfedges               48/512000        192/2048000  ( 0.0%) 
edges                   37/256000        148/1024000  ( 0.0%) 
LDR worldlights          1/65536          88/5767168  ( 0.0%) 
HDR worldlights          1/65536          88/5767168  ( 0.0%) 
leafwaterdata            0/32768           0/393216   ( 0.0%) 
waterstrips              0/32768           0/327680   ( 0.0%) 
waterverts               0/65536           0/786432   ( 0.0%) 
waterindices             0/65536           0/131072   ( 0.0%) 
cubemapsamples           0/1024            0/16384    ( 0.0%) 
overlays                 0/8192            0/2883584  ( 0.0%) 
LDR lightdata         [variable]       36984/0        ( 0.0%) 
HDR lightdata         [variable]       36984/0        ( 0.0%) 
visdata               [variable]          14/16777216 ( 0.0%) 
entdata               [variable]         542/393216   ( 0.1%) 
LDR ambient table       12/65536          48/262144   ( 0.0%) 
HDR ambient table       12/65536          48/262144   ( 0.0%) 
LDR leaf ambient        16/65536         448/1835008  ( 0.0%) 
HDR leaf ambient        16/65536         448/1835008  ( 0.0%) 
occluders                0/0               0/0        ( 0.0%) 
occluder polygons        0/0               0/0        ( 0.0%) 
occluder vert ind        0/0               0/0        ( 0.0%) 
detail props          [variable]           1/12       ( 8.3%) 
static props          [variable]           1/12       ( 8.3%) 
pakfile               [variable]          54/0        ( 0.0%) 
physics               [variable]        2282/4194304  ( 0.1%) 
physics terrain       [variable]           2/1048576  ( 0.0%) 

Level flags = 3

Total triangle count: 12
Writing e:\steam\steamapps\sourcemods\bcws\maps\lmp.bsp
1 second elapsed



materialPath: E:\steam\steamapps\sourcemods\bcws\materials
Loading e:\steam\steamapps\sourcemods\bcws\maps\lmp.vmf
Could not locate 'GameData' key in e:\steam\steamapps\sourcemods\bcws\gameinfo.txt
fixing up env_cubemap materials on brush sides...
0...1...2...3...4...5...6...7...8...9...100...1...2...3...4...5...6...7...8...9...10Processing areas...done (0)
Building Faces...done (0)
FixTjuncs...
PruneNodes...
WriteBSP...
done (0)
writing e:\steam\steamapps\sourcemods\bcws\maps\lmp.prt...Building visibility clusters...
done (0)
Finding displacement neighbors...
Finding lightmap sample positions...
Displacement Alpha : 0...1...2...3...4...5...6...7...8...9...10
Building Physics collision data...
done (0) (2282 bytes)
Placing detail props : 0...1...2...3...4...5...6...7...8...9...10
Compacting texture/material tables...
Reduced 4 texinfos to 4
Reduced 1 texdatas to 1 (27 bytes to 27)
Writing e:\steam\steamapps\sourcemods\bcws\maps\lmp.bsp
0 seconds elapsed



4 threads
reading e:\steam\steamapps\sourcemods\bcws\maps\lmp.bsp
reading e:\steam\steamapps\sourcemods\bcws\maps\lmp.prt
   1 portalclusters
   0 numportals
0...1...2...3...4...5...6...7...8...9...100...1...2...3...4...5...6...7...8...9...10Optimized: 0 visible clusters (0.00%)
Total clusters visible: 1
Average clusters visible: 1
Building PAS...
Average clusters audible: 1
visdatasize:14  compressed from 16
writing e:\steam\steamapps\sourcemods\bcws\maps\lmp.bsp
0 seconds elapsed



[Reading texlights from 'lights.rad']
[45 texlights parsed from 'lights.rad']

Loading e:\steam\steamapps\sourcemods\bcws\maps\lmp.bsp
126 faces
3697 square feet [532480.00 square inches]
0 Displacements
0 Square Feet [0.00 Square Inches]
126 patches before subdivision
14626 patches after subdivision
1 direct lights
0...1...2...3...4...5...6...7...8...9...100...1...2...3...4...5...6...7...8...9...10transfers 1220101, max 352
transfer lists:   9.3 megs
0...1...2...3...4...5...6...7...8...9...10	Bounce #1 added RGB(106975, 107455, 94901)
0...1...2...3...4...5...6...7...8...9...10	Bounce #2 added RGB(32544, 32837, 25612)
0...1...2...3...4...5...6...7...8...9...10	Bounce #3 added RGB(9946, 10080, 6944)
0...1...2...3...4...5...6...7...8...9...10	Bounce #4 added RGB(3041, 3096, 1884)
0...1...2...3...4...5...6...7...8...9...10	Bounce #5 added RGB(930, 951, 511)
0...1...2...3...4...5...6...7...8...9...10	Bounce #6 added RGB(285, 292, 139)
0...1...2...3...4...5...6...7...8...9...10	Bounce #7 added RGB(87, 90, 38)
0...1...2...3...4...5...6...7...8...9...10	Bounce #8 added RGB(27, 28, 10)
0...1...2...3...4...5...6...7...8...9...10	Bounce #9 added RGB(8, 8, 3)
0...1...2...3...4...5...6...7...8...9...10	Bounce #10 added RGB(2, 3, 1)
0...1...2...3...4...5...6...7...8...9...10	Bounce #11 added RGB(1, 1, 0)
Build Patch/Sample Hash Table(s).....Done<0.0070 sec>
0...1...2...3...4...5...6...7...8...9...10FinalLightFace Done
0 of 0 (0% of) surface lights went in leaf ambient cubes.
0...1...2...3...4...5...6...7...8...9...10Writing leaf ambient...done
Ready to Finish

Object names       Objects/Maxobjs  Memory / Maxmem  Fullness 
------------       ---------------  ---------------  -------- 
models                   1/1024           48/49152    ( 0.1%) 
brushes                  6/8192           72/98304    ( 0.1%) 
brushsides              36/65536         288/524288   ( 0.1%) 
planes                  36/65536         720/1310720  ( 0.1%) 
vertexes               165/65536        1980/786432   ( 0.3%) 
nodes                   10/65536         320/2097152  ( 0.0%) 
texinfos                 4/12288         288/884736   ( 0.0%) 
texdata                  1/2048           32/65536    ( 0.0%) 
dispinfos                0/0               0/0        ( 0.0%) 
disp_verts               0/0               0/0        ( 0.0%) 
disp_tris                0/0               0/0        ( 0.0%) 
disp_lmsamples           0/0               0/0        ( 0.0%) 
faces                  126/65536        7056/3670016  ( 0.2%) 
hdr faces                0/65536           0/3670016  ( 0.0%) 
origfaces                6/65536         336/3670016  ( 0.0%) 
leaves                  12/65536         384/2097152  ( 0.0%) 
leaffaces              126/65536         252/131072   ( 0.2%) 
leafbrushes              6/65536          12/131072   ( 0.0%) 
areas                    2/256            16/2048     ( 0.8%) 
surfedges              568/512000       2272/2048000  ( 0.1%) 
edges                  297/256000       1188/1024000  ( 0.1%) 
LDR worldlights          1/65536          88/5767168  ( 0.0%) 
HDR worldlights          0/65536           0/5767168  ( 0.0%) 
leafwaterdata            0/32768           0/393216   ( 0.0%) 
waterstrips              0/32768           0/327680   ( 0.0%) 
waterverts               0/65536           0/786432   ( 0.0%) 
waterindices             0/65536           0/131072   ( 0.0%) 
cubemapsamples           0/1024            0/16384    ( 0.0%) 
overlays                 0/8192            0/2883584  ( 0.0%) 
LDR lightdata         [variable]     1783384/0        ( 0.0%) 
HDR lightdata         [variable]           0/0        ( 0.0%) 
visdata               [variable]          14/16777216 ( 0.0%) 
entdata               [variable]         542/393216   ( 0.1%) 
LDR ambient table       12/65536          48/262144   ( 0.0%) 
HDR ambient table       12/65536          48/262144   ( 0.0%) 
LDR leaf ambient        16/65536         448/1835008  ( 0.0%) 
HDR leaf ambient        12/65536         336/1835008  ( 0.0%) 
occluders                0/0               0/0        ( 0.0%) 
occluder polygons        0/0               0/0        ( 0.0%) 
occluder vert ind        0/0               0/0        ( 0.0%) 
detail props          [variable]           1/12       ( 8.3%) 
static props          [variable]           1/12       ( 8.3%) 
pakfile               [variable]          54/0        ( 0.0%) 
physics               [variable]        2282/4194304  ( 0.1%) 
physics terrain       [variable]           2/1048576  ( 0.0%) 

Level flags = 1

Total triangle count: 292
Writing e:\steam\steamapps\sourcemods\bcws\maps\lmp.bsp
1 second elapsed



[Reading texlights from 'lights.rad']
[45 texlights parsed from 'lights.rad']

Loading e:\steam\steamapps\sourcemods\bcws\maps\lmp.bsp
126 faces
3697 square feet [532480.00 square inches]
0 Displacements
0 Square Feet [0.00 Square Inches]
126 patches before subdivision
14626 patches after subdivision
1 direct lights
0...1...2...3...4...5...6...7...8...9...100...1...2...3...4...5...6...7...8...9...10transfers 1220101, max 352
transfer lists:   9.3 megs
0...1...2...3...4...5...6...7...8...9...10	Bounce #1 added RGB(106975, 107455, 94901)
0...1...2...3...4...5...6...7...8...9...10	Bounce #2 added RGB(32544, 32837, 25612)
0...1...2...3...4...5...6...7...8...9...10	Bounce #3 added RGB(9946, 10080, 6944)
0...1...2...3...4...5...6...7...8...9...10	Bounce #4 added RGB(3041, 3096, 1884)
0...1...2...3...4...5...6...7...8...9...10	Bounce #5 added RGB(930, 951, 511)
0...1...2...3...4...5...6...7...8...9...10	Bounce #6 added RGB(285, 292, 139)
0...1...2...3...4...5...6...7...8...9...10	Bounce #7 added RGB(87, 90, 38)
0...1...2...3...4...5...6...7...8...9...10	Bounce #8 added RGB(27, 28, 10)
0...1...2...3...4...5...6...7...8...9...10	Bounce #9 added RGB(8, 8, 3)
0...1...2...3...4...5...6...7...8...9...10	Bounce #10 added RGB(2, 3, 1)
0...1...2...3...4...5...6...7...8...9...10	Bounce #11 added RGB(1, 1, 0)
Build Patch/Sample Hash Table(s).....Done<0.0053 sec>
0...1...2...3...4...5...6...7...8...9...10FinalLightFace Done
0 of 0 (0% of) surface lights went in leaf ambient cubes.
0...1...2...3...4...5...6...7...8...9...10Writing leaf ambient...done
Ready to Finish

Object names       Objects/Maxobjs  Memory / Maxmem  Fullness 
------------       ---------------  ---------------  -------- 
models                   1/1024           48/49152    ( 0.1%) 
brushes                  6/8192           72/98304    ( 0.1%) 
brushsides              36/65536         288/524288   ( 0.1%) 
planes                  36/65536         720/1310720  ( 0.1%) 
vertexes               165/65536        1980/786432   ( 0.3%) 
nodes                   10/65536         320/2097152  ( 0.0%) 
texinfos                 4/12288         288/884736   ( 0.0%) 
texdata                  1/2048           32/65536    ( 0.0%) 
dispinfos                0/0               0/0        ( 0.0%) 
disp_verts               0/0               0/0        ( 0.0%) 
disp_tris                0/0               0/0        ( 0.0%) 
disp_lmsamples           0/0               0/0        ( 0.0%) 
faces                  126/65536        7056/3670016  ( 0.2%) 
hdr faces              126/65536        7056/3670016  ( 0.2%) 
origfaces                6/65536         336/3670016  ( 0.0%) 
leaves                  12/65536         384/2097152  ( 0.0%) 
leaffaces              126/65536         252/131072   ( 0.2%) 
leafbrushes              6/65536          12/131072   ( 0.0%) 
areas                    2/256            16/2048     ( 0.8%) 
surfedges              568/512000       2272/2048000  ( 0.1%) 
edges                  297/256000       1188/1024000  ( 0.1%) 
LDR worldlights          1/65536          88/5767168  ( 0.0%) 
HDR worldlights          1/65536          88/5767168  ( 0.0%) 
leafwaterdata            0/32768           0/393216   ( 0.0%) 
waterstrips              0/32768           0/327680   ( 0.0%) 
waterverts               0/65536           0/786432   ( 0.0%) 
waterindices             0/65536           0/131072   ( 0.0%) 
cubemapsamples           0/1024            0/16384    ( 0.0%) 
overlays                 0/8192            0/2883584  ( 0.0%) 
LDR lightdata         [variable]     1783384/0        ( 0.0%) 
HDR lightdata         [variable]     1783384/0        ( 0.0%) 
visdata               [variable]          14/16777216 ( 0.0%) 
entdata               [variable]         542/393216   ( 0.1%) 
LDR ambient table       12/65536          48/262144   ( 0.0%) 
HDR ambient table       12/65536          48/262144   ( 0.0%) 
LDR leaf ambient        16/65536         448/1835008  ( 0.0%) 
HDR leaf ambient        16/65536         448/1835008  ( 0.0%) 
occluders                0/0               0/0        ( 0.0%) 
occluder polygons        0/0               0/0        ( 0.0%) 
occluder vert ind        0/0               0/0        ( 0.0%) 
detail props          [variable]           1/12       ( 8.3%) 
static props          [variable]           1/12       ( 8.3%) 
pakfile               [variable]          54/0        ( 0.0%) 
physics               [variable]        2282/4194304  ( 0.1%) 
physics terrain       [variable]           2/1048576  ( 0.0%) 

Level flags = 3

Total triangle count: 292
Writing e:\steam\steamapps\sourcemods\bcws\maps\lmp.bsp
2 seconds elapsed
