PRT1
407
1217
4 0 78 (1152 0 1748 ) (1024 0 1748 ) (1024 0 -716 ) (1152 0 -716 ) 
4 0 21 (1024 0 -716 ) (1024 0 460 ) (1024 64 460 ) (1024 64 -716 ) 
4 0 17 (1024 0 460 ) (1024 0 496 ) (1024 64 496 ) (1024 64 460 ) 
4 0 7 (1024 0 496 ) (1024 0 624.500000 ) (1024 64 624.500000 ) (1024 64 496 ) 
4 0 6 (1024 0 624.500000 ) (1024 0 1748 ) (1024 64 1748 ) (1024 64 624.500000 ) 
4 0 2 (1024 64 1748 ) (1024 128 1748 ) (1024 128 -716 ) (1024 64 -716 ) 
4 0 1 (1024 128 1748 ) (1024 754 1748 ) (1024 754 -716 ) (1024 128 -716 ) 
4 1 33 (256 144 -716 ) (256 128 -716 ) (256 128 1748 ) (256 144 1748 ) 
4 1 30 (256 264 -716 ) (256 144 -716 ) (256 144 1748 ) (256 264 1748 ) 
4 1 29 (256 754 -716 ) (256 264 -716 ) (256 264 1748 ) (256 754 1748 ) 
4 1 3 (590 128 624 ) (590 128 1748 ) (270 128 1748 ) (270 128 624 ) 
4 1 4 (270 128 -716 ) (590 128 -716 ) (590 128 496 ) (270 128 496 ) 
4 1 2 (590 128 -716 ) (1024 128 -716 ) (1024 128 1748 ) (590 128 1748 ) 
4 1 5 (256 128 -716 ) (270 128 -716 ) (270 128 1748 ) (256 128 1748 ) 
4 2 21 (590 64 -716 ) (1024 64 -716 ) (1024 64 460 ) (590 64 460 ) 
4 2 18 (720 64 496 ) (606 64 496 ) (606 64 460 ) (720 64 460 ) 
4 2 17 (1024 64 460 ) (1024 64 496 ) (720 64 496 ) (720 64 460 ) 
4 2 20 (606 64 496 ) (590 64 496 ) (590 64 460 ) (606 64 460 ) 
4 2 13 (606 64 1748 ) (590 64 1748 ) (590 64 624 ) (606 64 624 ) 
4 2 9 (720 64 1748 ) (606 64 1748 ) (606 64 496 ) (720 64 496 ) 
4 2 8 (728 64 624.500000 ) (720 64 624.500000 ) (720 64 496 ) (728 64 496 ) 
4 2 7 (1024 64 496 ) (1024 64 624.500000 ) (728 64 624.500000 ) (728 64 496 ) 
4 2 6 (1024 64 624.500000 ) (1024 64 1748 ) (720 64 1748 ) (720 64 624.500000 ) 
4 2 3 (590 128 1748 ) (590 128 624 ) (590 64 624 ) (590 64 1748 ) 
4 2 4 (590 128 496 ) (590 128 -716 ) (590 64 -716 ) (590 64 496 ) 
4 3 15 (590 64 640 ) (590 64 1748 ) (270 64 1748 ) (270 64 640 ) 
4 3 5 (270 128 1748 ) (270 128 624 ) (270 64 624 ) (270 64 1748 ) 
4 4 21 (270 64 -716 ) (590 64 -716 ) (590 64 460 ) (270 64 460 ) 
4 4 5 (270 128 496 ) (270 128 -716 ) (270 64 -716 ) (270 64 496 ) 
4 5 33 (256 128 -716 ) (256 64 -716 ) (256 64 1748 ) (256 128 1748 ) 
4 5 28 (256 64 -80 ) (256 64 -716 ) (270 64 -716 ) (270 64 -80 ) 
4 5 27 (256 64 64 ) (256 64 48 ) (270 64 48 ) (270 64 64 ) 
4 5 26 (256 64 208 ) (256 64 192 ) (270 64 192 ) (270 64 208 ) 
4 5 25 (256 64 352 ) (256 64 336 ) (270 64 336 ) (270 64 352 ) 
4 5 24 (256 64 496 ) (256 64 480 ) (270 64 480 ) (270 64 496 ) 
4 5 23 (256 64 784 ) (256 64 768 ) (270 64 768 ) (270 64 784 ) 
4 5 22 (256 64 1748 ) (256 64 912 ) (270 64 912 ) (270 64 1748 ) 
4 6 80 (728 0 1748 ) (720 0 1748 ) (720 0 624.500000 ) (728 0 624.500000 ) 
4 6 79 (1024 0 624.500000 ) (1024 0 1748 ) (728 0 1748 ) (728 0 624.500000 ) 
4 6 11 (720 0 630 ) (720 0 1748 ) (720 32 1748 ) (720 32 630 ) 
4 6 10 (720 42 624.500000 ) (720 32 624.500000 ) (720 32 1748 ) (720 42 1748 ) 
4 6 9 (720 64 1748 ) (720 64 624.500000 ) (720 42 624.500000 ) (720 42 1748 ) 
4 6 8 (720 32 624.500000 ) (720 64 624.500000 ) (728 64 624.500000 ) (728 32 624.500000 ) 
4 6 7 (728 64 624.500000 ) (1024 64 624.500000 ) (1024 0 624.500000 ) (728 0 624.500000 ) 
4 7 79 (1024 0 496 ) (1024 0 624.500000 ) (728 0 624.500000 ) (728 0 496 ) 
4 7 17 (1024 0 496 ) (728 0 496 ) (728 64 496 ) (1024 64 496 ) 
4 7 8 (728 64 496 ) (728 32 496 ) (728 32 624.500000 ) (728 64 624.500000 ) 
4 8 17 (720 32 496 ) (720 64 496 ) (728 64 496 ) (728 32 496 ) 
4 8 9 (720 64 624.500000 ) (720 64 496 ) (720 42 496 ) (720 42 624.500000 ) 
4 9 18 (606 42 496 ) (606 64 496 ) (720 64 496 ) (720 42 496 ) 
4 9 13 (606 64 1748 ) (606 64 624 ) (606 42 624 ) (606 42 1748 ) 
4 9 10 (720 42 624.500000 ) (720 42 1748 ) (606 42 1748 ) (606 42 624.500000 ) 
4 10 13 (606 32 624.500000 ) (606 32 1748 ) (606 42 1748 ) (606 42 624.500000 ) 
4 10 11 (606 32 1748 ) (606 32 630 ) (720 32 630 ) (720 32 1748 ) 
4 11 82 (606 0 1748 ) (606 0 630 ) (720 0 630 ) (720 0 1748 ) 
4 11 13 (606 0 630 ) (606 0 1748 ) (606 32 1748 ) (606 32 630 ) 
4 12 83 (606 0 624 ) (606 0 496 ) (720 0 496 ) (720 0 624 ) 
4 12 14 (606 0 534 ) (606 0 594 ) (606 32 594 ) (606 32 534 ) 
4 13 86 (590 0 1748 ) (590 0 624 ) (606 0 624 ) (606 0 1748 ) 
4 13 15 (590 64 1748 ) (590 64 640 ) (590 0 640 ) (590 0 1748 ) 
4 14 88 (590 0 594 ) (590 0 534 ) (606 0 534 ) (606 0 594 ) 
4 14 16 (590 32 534 ) (590 0 534 ) (590 0 594 ) (590 32 594 ) 
4 15 91 (270 0 1748 ) (270 0 640 ) (590 0 640 ) (590 0 1748 ) 
4 15 23 (270 64 784 ) (270 64 768 ) (270 0 768 ) (270 0 784 ) 
4 15 22 (270 64 1748 ) (270 64 912 ) (270 0 912 ) (270 0 1748 ) 
4 16 93 (270 0 624 ) (270 0 496 ) (590 0 496 ) (590 0 624 ) 
4 17 95 (1024 0 460 ) (1024 0 496 ) (720 0 496 ) (720 0 460 ) 
4 17 21 (720 64 460 ) (1024 64 460 ) (1024 0 460 ) (720 0 460 ) 
4 17 19 (720 32 460 ) (720 0 460 ) (720 0 490 ) (720 32 490 ) 
4 17 18 (720 64 460 ) (720 32 460 ) (720 32 496 ) (720 64 496 ) 
4 18 21 (606 64 460 ) (720 64 460 ) (720 32 460 ) (606 32 460 ) 
4 18 19 (606 32 490 ) (606 32 460 ) (720 32 460 ) (720 32 490 ) 
4 18 20 (606 64 460 ) (606 32 460 ) (606 32 496 ) (606 64 496 ) 
4 19 96 (606 0 490 ) (606 0 460 ) (720 0 460 ) (720 0 490 ) 
4 19 21 (720 32 460 ) (720 0 460 ) (606 0 460 ) (606 32 460 ) 
4 19 20 (606 32 460 ) (606 0 460 ) (606 0 490 ) (606 32 490 ) 
4 20 98 (606 0 496 ) (590 0 496 ) (590 0 460 ) (606 0 460 ) 
4 20 21 (590 64 460 ) (606 64 460 ) (606 0 460 ) (590 0 460 ) 
4 21 106 (1024 0 -716 ) (1024 0 -384 ) (270 0 -384 ) (270 0 -716 ) 
4 21 103 (416 0 -224 ) (270 0 -224 ) (270 0 -384 ) (416 0 -384 ) 
4 21 103 (432 0 -224 ) (416 0 -224 ) (416 0 -384 ) (432 0 -384 ) 
4 21 105 (1024 0 -384 ) (1024 0 -224 ) (432 0 -224 ) (432 0 -384 ) 
4 21 101 (284 0 460 ) (270 0 460 ) (270 0 -224 ) (284 0 -224 ) 
4 21 100 (1024 0 -224 ) (1024 0 460 ) (284 0 460 ) (284 0 -224 ) 
4 21 28 (270 64 -80 ) (270 64 -716 ) (270 0 -716 ) (270 0 -80 ) 
4 21 27 (270 64 64 ) (270 64 48 ) (270 0 48 ) (270 0 64 ) 
4 21 26 (270 64 208 ) (270 64 192 ) (270 0 192 ) (270 0 208 ) 
4 21 25 (270 64 352 ) (270 64 336 ) (270 0 336 ) (270 0 352 ) 
4 22 107 (270 0 912 ) (270 0 1748 ) (256 0 1748 ) (256 0 912 ) 
4 22 33 (256 0 912 ) (256 0 1748 ) (256 64 1748 ) (256 64 912 ) 
4 23 109 (270 0 768 ) (270 0 784 ) (256 0 784 ) (256 0 768 ) 
4 23 33 (256 0 768 ) (256 0 784 ) (256 64 784 ) (256 64 768 ) 
4 24 113 (270 0 480 ) (270 0 496 ) (256 0 496 ) (256 0 480 ) 
4 24 33 (256 0 480 ) (256 0 496 ) (256 64 496 ) (256 64 480 ) 
4 25 117 (270 0 336 ) (270 0 352 ) (256 0 352 ) (256 0 336 ) 
4 25 33 (256 0 336 ) (256 0 352 ) (256 64 352 ) (256 64 336 ) 
4 26 119 (270 0 192 ) (270 0 208 ) (256 0 208 ) (256 0 192 ) 
4 26 33 (256 0 192 ) (256 0 208 ) (256 64 208 ) (256 64 192 ) 
4 27 121 (270 0 48 ) (270 0 64 ) (256 0 64 ) (256 0 48 ) 
4 27 33 (256 0 48 ) (256 0 64 ) (256 64 64 ) (256 64 48 ) 
4 28 124 (270 0 -716 ) (270 0 -96 ) (256 0 -96 ) (256 0 -716 ) 
4 28 123 (270 0 -96 ) (270 0 -80 ) (256 0 -80 ) (256 0 -96 ) 
4 28 33 (256 0 -716 ) (256 0 -80 ) (256 64 -80 ) (256 64 -716 ) 
4 29 37 (0 264 -716 ) (0 264 1748 ) (0 280 1748 ) (0 280 -716 ) 
4 29 36 (0 280 1748 ) (0 754 1748 ) (0 754 -716 ) (0 280 -716 ) 
4 29 32 (0 264 -8 ) (0 264 -716 ) (33 264 -716 ) (33 264 -8 ) 
4 29 31 (33 264 1748 ) (0 264 1748 ) (0 264 856 ) (33 264 856 ) 
4 29 30 (256 264 -716 ) (256 264 1748 ) (33 264 1748 ) (33 264 -716 ) 
4 30 33 (256 144 -716 ) (256 144 1748 ) (33 144 1748 ) (33 144 -716 ) 
4 30 32 (33 264 -8 ) (33 264 -716 ) (33 144 -716 ) (33 144 -8 ) 
4 30 31 (33 264 1748 ) (33 264 856 ) (33 144 856 ) (33 144 1748 ) 
4 31 41 (0 144 856 ) (0 144 1748 ) (0 264 1748 ) (0 264 856 ) 
4 31 34 (0 144 1748 ) (0 144 856 ) (33 144 856 ) (33 144 1748 ) 
4 32 42 (0 144 -716 ) (0 144 -8 ) (0 264 -8 ) (0 264 -716 ) 
4 32 35 (0 144 -24 ) (0 144 -716 ) (33 144 -716 ) (33 144 -24 ) 
4 33 127 (256 0 -716 ) (256 0 1748 ) (33 0 1748 ) (33 0 -716 ) 
4 33 35 (33 144 -24 ) (33 144 -716 ) (33 0 -716 ) (33 0 48 ) 
4 33 34 (33 144 1748 ) (33 144 856 ) (33 0 928 ) (33 0 1748 ) 
4 34 128 (33 0 928 ) (33 0 1748 ) (0 0 1748 ) (0 0 928 ) 
4 34 52 (0 0 928 ) (0 0 1748 ) (0 144 1748 ) (0 144 856 ) 
4 35 129 (33 0 -716 ) (33 0 48 ) (0 0 48 ) (0 0 -716 ) 
4 35 73 (0 0 -716 ) (0 0 -384 ) (0 144 -384 ) (0 144 -716 ) 
4 35 70 (0 0 -384 ) (0 0 -368 ) (0 16 -368 ) (0 16 -384 ) 
4 35 68 (0 16 -368 ) (0 144 -368 ) (0 144 -384 ) (0 16 -384 ) 
4 35 51 (0 0 -368 ) (0 0 48 ) (0 144 -24 ) (0 144 -368 ) 
4 36 74 (-1024 280 -716 ) (-1024 280 1748 ) (-1024 754 1748 ) (-1024 754 -716 ) 
4 36 40 (-336 280 1748 ) (-1024 280 1748 ) (-1024 280 -716 ) (-336 280 -716 ) 
4 36 39 (-336 280 -8 ) (-336 280 -716 ) (-16 280 -716 ) (-16 280 -8 ) 
4 36 38 (-16 280 1748 ) (-336 280 1748 ) (-336 280 856 ) (-16 280 856 ) 
4 36 37 (0 280 -716 ) (0 280 1748 ) (-16 280 1748 ) (-16 280 -716 ) 
4 37 42 (0 264 -716 ) (0 264 -8 ) (-16 264 -8 ) (-16 264 -716 ) 
4 37 41 (0 264 856 ) (0 264 1748 ) (-16 264 1748 ) (-16 264 856 ) 
4 37 39 (-16 280 -8 ) (-16 280 -716 ) (-16 264 -716 ) (-16 264 -8 ) 
4 37 38 (-16 280 1748 ) (-16 280 856 ) (-16 264 856 ) (-16 264 1748 ) 
4 38 43 (-16 264 856 ) (-16 264 1748 ) (-336 264 1748 ) (-336 264 856 ) 
4 38 40 (-336 280 1748 ) (-336 280 856 ) (-336 264 856 ) (-336 264 1748 ) 
4 39 43 (-16 264 -716 ) (-16 264 -8 ) (-336 264 -8 ) (-336 264 -716 ) 
4 39 40 (-336 280 -8 ) (-336 280 -716 ) (-336 264 -716 ) (-336 264 -8 ) 
4 40 74 (-1024 264 -716 ) (-1024 264 1748 ) (-1024 280 1748 ) (-1024 280 -716 ) 
4 40 50 (-1024 264 -368 ) (-1024 264 -716 ) (-385 264 -716 ) (-385 264 -368 ) 
4 40 47 (-992 264 -368 ) (-560 264 -368 ) (-560 264 1748 ) (-992 264 1748 ) 
4 40 46 (-560 264 -368 ) (-385 264 -368 ) (-385 264 1748 ) (-560 264 1748 ) 
4 40 49 (-1024 264 1748 ) (-1024 264 -368 ) (-992 264 -368 ) (-992 264 1748 ) 
4 40 45 (-385 264 -716 ) (-336 264 -716 ) (-336 264 -8 ) (-385 264 -8 ) 
4 40 44 (-336 264 856 ) (-336 264 1748 ) (-385 264 1748 ) (-385 264 856 ) 
4 41 52 (0 144 856 ) (0 144 1748 ) (-16 144 1748 ) (-16 144 856 ) 
4 41 43 (-16 264 1748 ) (-16 264 856 ) (-16 144 856 ) (-16 144 1748 ) 
4 42 73 (0 144 -716 ) (0 144 -384 ) (-16 144 -384 ) (-16 144 -716 ) 
4 42 68 (0 144 -384 ) (0 144 -368 ) (-16 144 -368 ) (-16 144 -384 ) 
4 42 51 (0 144 -368 ) (0 144 -24 ) (-16 144 -24 ) (-16 144 -368 ) 
4 42 43 (-16 264 -8 ) (-16 264 -716 ) (-16 144 -716 ) (-16 144 -8 ) 
4 43 73 (-16 144 -716 ) (-16 144 -384 ) (-336 144 -384 ) (-336 144 -716 ) 
4 43 68 (-16 144 -384 ) (-16 144 -368 ) (-336 144 -368 ) (-336 144 -384 ) 
4 43 53 (-16 144 -368 ) (-16 144 1748 ) (-336 144 1748 ) (-336 144 -368 ) 
4 43 45 (-336 264 -8 ) (-336 264 -716 ) (-336 144 -716 ) (-336 144 -8 ) 
4 43 44 (-336 264 1748 ) (-336 264 856 ) (-336 144 856 ) (-336 144 1748 ) 
4 44 54 (-336 144 856 ) (-336 144 1748 ) (-385 144 1748 ) (-385 144 856 ) 
4 44 46 (-385 264 1748 ) (-385 264 856 ) (-385 144 856 ) (-385 144 1748 ) 
4 45 73 (-336 144 -716 ) (-336 144 -384 ) (-385 144 -384 ) (-385 144 -716 ) 
4 45 68 (-336 144 -384 ) (-336 144 -368 ) (-385 144 -368 ) (-385 144 -384 ) 
4 45 55 (-336 144 -368 ) (-336 144 -24 ) (-385 144 -24 ) (-385 144 -368 ) 
4 45 50 (-385 264 -368 ) (-385 264 -716 ) (-385 144 -716 ) (-385 144 -368 ) 
4 45 46 (-385 264 -8 ) (-385 264 -368 ) (-385 144 -368 ) (-385 144 -8 ) 
4 46 63 (-385 144 -368 ) (-385 144 -240 ) (-544 144 -240 ) (-544 144 -368 ) 
4 46 57 (-385 144 -240 ) (-385 144 -224 ) (-560 144 -224 ) (-560 144 -240 ) 
4 46 56 (-385 144 -224 ) (-385 144 1748 ) (-560 144 1748 ) (-560 144 -224 ) 
4 46 50 (-560 264 -368 ) (-385 264 -368 ) (-385 144 -368 ) (-560 144 -368 ) 
4 46 48 (-560 144 -240 ) (-560 144 1748 ) (-560 160 1748 ) (-560 160 -240 ) 
4 46 47 (-560 264 -368 ) (-560 160 -368 ) (-560 160 1748 ) (-560 264 1748 ) 
4 47 50 (-992 264 -368 ) (-560 264 -368 ) (-560 160 -368 ) (-992 160 -368 ) 
4 47 48 (-992 160 1748 ) (-992 160 -240 ) (-560 160 -240 ) (-560 160 1748 ) 
4 47 49 (-992 264 -368 ) (-992 160 -368 ) (-992 160 1748 ) (-992 264 1748 ) 
4 48 56 (-560 144 1748 ) (-992 144 1748 ) (-992 144 -224 ) (-560 144 -224 ) 
4 48 49 (-992 144 -240 ) (-992 144 1748 ) (-992 160 1748 ) (-992 160 -240 ) 
4 49 74 (-1024 144 -368 ) (-1024 144 1748 ) (-1024 264 1748 ) (-1024 264 -368 ) 
4 49 62 (-992 144 1748 ) (-1024 144 1748 ) (-1024 144 -48 ) (-992 144 -48 ) 
4 49 50 (-1024 264 -368 ) (-992 264 -368 ) (-992 144 -368 ) (-1024 144 -368 ) 
4 50 74 (-1024 144 -716 ) (-1024 144 -368 ) (-1024 264 -368 ) (-1024 264 -716 ) 
4 50 73 (-385 144 -716 ) (-385 144 -384 ) (-1024 144 -384 ) (-1024 144 -716 ) 
4 50 68 (-385 144 -384 ) (-385 144 -368 ) (-560 144 -368 ) (-560 144 -384 ) 
4 50 69 (-992 144 -368 ) (-1024 144 -368 ) (-1024 144 -384 ) (-992 144 -384 ) 
4 51 162 (0 0 -368 ) (0 0 48 ) (-16 0 48 ) (-16 0 -368 ) 
4 51 70 (0 16 -368 ) (0 0 -368 ) (-16 0 -368 ) (-16 16 -368 ) 
4 51 68 (-16 144 -368 ) (0 144 -368 ) (0 16 -368 ) (-16 16 -368 ) 
4 51 53 (-16 144 -24 ) (-16 144 -368 ) (-16 0 -368 ) (-16 0 48 ) 
4 52 161 (0 0 928 ) (0 0 1748 ) (-16 0 1748 ) (-16 0 928 ) 
4 52 53 (-16 144 1748 ) (-16 144 856 ) (-16 0 928 ) (-16 0 1748 ) 
4 53 235 (-336 0 -240 ) (-336 0 -368 ) (-280 0 -368 ) (-280 0 -240 ) 
4 53 233 (-336 0 -96 ) (-336 0 -240 ) (-280 0 -240 ) (-280 0 -96 ) 
4 53 229 (-336 0 48 ) (-336 0 -96 ) (-280 0 -96 ) (-280 0 48 ) 
4 53 224 (-280 0 -368 ) (-248 0 -368 ) (-248 0 -80 ) (-280 0 -80 ) 
4 53 223 (-248 0 -368 ) (-224 0 -368 ) (-224 0 -96 ) (-248 0 -96 ) 
4 53 222 (-224 0 -96 ) (-224 0 -80 ) (-248 0 -80 ) (-248 0 -96 ) 
4 53 221 (-224 0 -80 ) (-224 0 48 ) (-280 0 48 ) (-280 0 -80 ) 
4 53 216 (-336 0 192 ) (-336 0 48 ) (-224 0 48 ) (-224 0 192 ) 
4 53 196 (-336 0 1748 ) (-336 0 192 ) (-224 0 192 ) (-224 0 1748 ) 
4 53 163 (-224 0 -368 ) (-16 0 -368 ) (-16 0 1748 ) (-224 0 1748 ) 
4 53 70 (-16 16 -368 ) (-16 0 -368 ) (-336 0 -368 ) (-336 16 -368 ) 
4 53 68 (-336 144 -368 ) (-16 144 -368 ) (-16 16 -368 ) (-336 16 -368 ) 
4 53 55 (-336 144 -24 ) (-336 144 -368 ) (-336 0 -368 ) (-336 0 -96 ) 
4 53 54 (-336 144 1748 ) (-336 144 840 ) (-336 0 768 ) (-336 0 1748 ) 
4 54 197 (-385 0 1748 ) (-385 0 768 ) (-336 0 768 ) (-336 0 1748 ) 
4 54 58 (-385 16 776 ) (-385 0 768 ) (-385 0 1748 ) (-385 16 1748 ) 
4 54 56 (-385 144 1748 ) (-385 144 840 ) (-385 16 776 ) (-385 16 1748 ) 
4 55 235 (-385 0 -240 ) (-385 0 -368 ) (-336 0 -368 ) (-336 0 -240 ) 
4 55 233 (-385 0 -96 ) (-385 0 -240 ) (-336 0 -240 ) (-336 0 -96 ) 
4 55 70 (-336 16 -368 ) (-336 0 -368 ) (-385 0 -368 ) (-385 16 -368 ) 
4 55 68 (-385 144 -368 ) (-336 144 -368 ) (-336 16 -368 ) (-385 16 -368 ) 
4 55 63 (-385 144 -240 ) (-385 144 -368 ) (-385 0 -368 ) (-385 0 -240 ) 
4 55 59 (-385 16 -240 ) (-385 0 -240 ) (-385 0 -96 ) (-385 16 -88 ) 
4 55 57 (-385 144 -224 ) (-385 144 -240 ) (-385 16 -240 ) (-385 16 -224 ) 
4 55 56 (-385 144 -24 ) (-385 144 -224 ) (-385 16 -224 ) (-385 16 -88 ) 
4 56 62 (-992 144 1748 ) (-992 144 -48 ) (-992 16 -48 ) (-992 16 1748 ) 
4 56 60 (-688 16 -224 ) (-560 16 -224 ) (-560 16 -2 ) (-688 16 -2 ) 
4 56 59 (-560 16 -224 ) (-385 16 -224 ) (-385 16 -2 ) (-560 16 -2 ) 
4 56 61 (-864 16 -224 ) (-688 16 -224 ) (-688 16 -2 ) (-864 16 -2 ) 
4 56 58 (-992 16 1748 ) (-992 16 -2 ) (-385 16 -2 ) (-385 16 1748 ) 
4 56 57 (-385 16 -224 ) (-560 16 -224 ) (-560 144 -224 ) (-385 144 -224 ) 
4 57 63 (-544 144 -240 ) (-385 144 -240 ) (-385 16 -240 ) (-544 16 -240 ) 
4 57 59 (-560 16 -240 ) (-385 16 -240 ) (-385 16 -224 ) (-560 16 -224 ) 
4 58 293 (-992 0 1748 ) (-992 0 -2 ) (-704 0 -2 ) (-704 0 1748 ) 
4 58 272 (-638 0 -2 ) (-624 0 -2 ) (-624 0 1748 ) (-638 0 1748 ) 
4 58 275 (-704 0 -2 ) (-638 0 -2 ) (-638 0 1748 ) (-704 0 1748 ) 
4 58 250 (-624 0 -2 ) (-610 0 -2 ) (-610 0 1748 ) (-624 0 1748 ) 
4 58 230 (-610 0 -2 ) (-385 0 -2 ) (-385 0 48 ) (-610 0 48 ) 
4 58 217 (-385 0 48 ) (-385 0 192 ) (-610 0 192 ) (-610 0 48 ) 
4 58 199 (-385 0 192 ) (-385 0 1748 ) (-610 0 1748 ) (-610 0 192 ) 
4 58 62 (-992 0 -2 ) (-992 0 1748 ) (-992 16 1748 ) (-992 16 -2 ) 
4 58 60 (-688 16 -2 ) (-560 16 -2 ) (-560 0 -2 ) (-688 0 -2 ) 
4 58 59 (-560 16 -2 ) (-385 16 -2 ) (-385 0 -2 ) (-560 0 -2 ) 
4 58 61 (-864 16 -2 ) (-688 16 -2 ) (-688 0 -2 ) (-864 0 -2 ) 
4 59 233 (-560 0 -240 ) (-385 0 -240 ) (-385 0 -96 ) (-560 0 -96 ) 
4 59 230 (-385 0 -96 ) (-385 0 -2 ) (-560 0 -2 ) (-560 0 -96 ) 
4 59 63 (-385 16 -240 ) (-385 0 -240 ) (-544 0 -240 ) (-544 16 -240 ) 
4 59 60 (-560 0 -2 ) (-560 16 -2 ) (-560 16 -224 ) (-560 0 -224 ) 
4 60 276 (-688 0 -96 ) (-688 0 -224 ) (-624 0 -224 ) (-624 0 -96 ) 
4 60 272 (-624 0 -2 ) (-638 0 -2 ) (-638 0 -96 ) (-624 0 -96 ) 
4 60 275 (-638 0 -2 ) (-688 0 -2 ) (-688 0 -96 ) (-638 0 -96 ) 
4 60 250 (-610 0 -2 ) (-624 0 -2 ) (-624 0 -224 ) (-610 0 -224 ) 
4 60 234 (-560 0 -224 ) (-560 0 -96 ) (-610 0 -96 ) (-610 0 -224 ) 
4 60 230 (-560 0 -96 ) (-560 0 -2 ) (-610 0 -2 ) (-610 0 -96 ) 
4 60 61 (-688 0 -2 ) (-688 16 -2 ) (-688 16 -224 ) (-688 0 -224 ) 
4 61 297 (-848 0 -240 ) (-720 0 -240 ) (-720 0 -2 ) (-848 0 -2 ) 
4 61 294 (-720 0 -240 ) (-704 0 -240 ) (-704 0 -2 ) (-720 0 -2 ) 
4 61 277 (-704 0 -240 ) (-688 0 -240 ) (-688 0 -96 ) (-704 0 -96 ) 
4 61 275 (-688 0 -96 ) (-688 0 -2 ) (-704 0 -2 ) (-704 0 -96 ) 
4 62 301 (-1024 0 1748 ) (-1024 0 -48 ) (-992 0 -48 ) (-992 0 1748 ) 
4 62 75 (-1024 0 -48 ) (-1024 0 1748 ) (-1024 144 1748 ) (-1024 144 -48 ) 
4 63 235 (-544 0 -368 ) (-385 0 -368 ) (-385 0 -240 ) (-544 0 -240 ) 
4 63 70 (-385 16 -368 ) (-385 0 -368 ) (-544 0 -368 ) (-544 16 -368 ) 
4 63 68 (-544 144 -368 ) (-385 144 -368 ) (-385 16 -368 ) (-544 16 -368 ) 
4 64 282 (-688 0 -368 ) (-624 0 -368 ) (-624 0 -240 ) (-688 0 -240 ) 
4 64 251 (-624 0 -368 ) (-610 0 -368 ) (-610 0 -240 ) (-624 0 -240 ) 
4 64 236 (-610 0 -368 ) (-560 0 -368 ) (-560 0 -240 ) (-610 0 -240 ) 
4 64 65 (-688 144 -368 ) (-688 16 -368 ) (-688 16 -240 ) (-688 144 -240 ) 
4 65 66 (-704 144 -368 ) (-704 16 -368 ) (-704 16 -240 ) (-704 144 -240 ) 
4 66 67 (-864 144 -368 ) (-864 16 -368 ) (-864 16 -240 ) (-864 144 -240 ) 
4 67 299 (-992 0 -368 ) (-864 0 -368 ) (-864 0 -240 ) (-992 0 -240 ) 
4 68 73 (-560 144 -384 ) (0 144 -384 ) (0 16 -384 ) (-560 16 -384 ) 
4 68 70 (-560 16 -384 ) (0 16 -384 ) (0 16 -368 ) (-560 16 -368 ) 
4 69 76 (-1024 16 -368 ) (-1024 144 -368 ) (-1024 144 -384 ) (-1024 16 -384 ) 
4 69 73 (-1024 16 -384 ) (-1024 144 -384 ) (-992 144 -384 ) (-992 16 -384 ) 
4 69 72 (-1024 16 -384 ) (-992 16 -384 ) (-992 16 -368 ) (-1024 16 -368 ) 
4 70 237 (-280 0 -368 ) (-560 0 -368 ) (-560 0 -384 ) (-280 0 -384 ) 
4 70 224 (-248 0 -368 ) (-280 0 -368 ) (-280 0 -384 ) (-248 0 -384 ) 
4 70 223 (-224 0 -368 ) (-248 0 -368 ) (-248 0 -384 ) (-224 0 -384 ) 
4 70 163 (-16 0 -368 ) (-224 0 -368 ) (-224 0 -384 ) (-16 0 -384 ) 
4 70 162 (0 0 -384 ) (0 0 -368 ) (-16 0 -368 ) (-16 0 -384 ) 
4 70 73 (0 0 -384 ) (-560 0 -384 ) (-560 16 -384 ) (0 16 -384 ) 
4 71 298 (-720 0 -368 ) (-864 0 -368 ) (-864 0 -384 ) (-720 0 -384 ) 
4 71 294 (-704 0 -368 ) (-720 0 -368 ) (-720 0 -384 ) (-704 0 -384 ) 
4 71 286 (-688 0 -368 ) (-704 0 -368 ) (-704 0 -384 ) (-688 0 -384 ) 
4 71 73 (-688 0 -384 ) (-864 0 -384 ) (-864 16 -384 ) (-688 16 -384 ) 
4 72 305 (-992 0 -368 ) (-1020 0 -368 ) (-1020 0 -384 ) (-992 0 -384 ) 
4 72 306 (-1020 0 -368 ) (-1024 0 -368 ) (-1024 0 -384 ) (-1020 0 -384 ) 
4 72 76 (-1024 0 -384 ) (-1024 0 -368 ) (-1024 16 -368 ) (-1024 16 -384 ) 
4 72 73 (-992 0 -384 ) (-1024 0 -384 ) (-1024 16 -384 ) (-992 16 -384 ) 
4 73 307 (-992 0 -384 ) (-1024 0 -384 ) (-1024 0 -716 ) (-992 0 -716 ) 
4 73 300 (-864 0 -384 ) (-992 0 -384 ) (-992 0 -716 ) (-864 0 -716 ) 
4 73 298 (-720 0 -384 ) (-864 0 -384 ) (-864 0 -716 ) (-720 0 -716 ) 
4 73 296 (-720 0 -390 ) (-720 0 -716 ) (-704 0 -716 ) (-704 0 -390 ) 
4 73 294 (-704 0 -384 ) (-720 0 -384 ) (-720 0 -390 ) (-704 0 -390 ) 
4 73 287 (-624 0 -384 ) (-704 0 -384 ) (-704 0 -716 ) (-624 0 -716 ) 
4 73 252 (-610 0 -384 ) (-624 0 -384 ) (-624 0 -716 ) (-610 0 -716 ) 
4 73 238 (-560 0 -384 ) (-610 0 -384 ) (-610 0 -716 ) (-560 0 -716 ) 
4 73 237 (-280 0 -384 ) (-560 0 -384 ) (-560 0 -716 ) (-280 0 -716 ) 
4 73 227 (-224 0 -384 ) (-280 0 -384 ) (-280 0 -716 ) (-224 0 -716 ) 
4 73 163 (-16 0 -384 ) (-224 0 -384 ) (-224 0 -716 ) (-16 0 -716 ) 
4 73 162 (0 0 -716 ) (0 0 -384 ) (-16 0 -384 ) (-16 0 -716 ) 
4 73 76 (-1024 0 -716 ) (-1024 0 -384 ) (-1024 144 -384 ) (-1024 144 -716 ) 
4 74 75 (-1048 144 1748 ) (-1048 144 -48 ) (-1024 144 -48 ) (-1024 144 1748 ) 
4 74 76 (-1048 144 -368 ) (-1048 144 -716 ) (-1024 144 -716 ) (-1024 144 -368 ) 
4 74 77 (-1048 754 1748 ) (-1048 754 -716 ) (-1048 144 -716 ) (-1048 144 1748 ) 
4 75 375 (-1024 0 -48 ) (-1024 0 1748 ) (-1048 0 1748 ) (-1048 0 -48 ) 
4 75 77 (-1048 0 -48 ) (-1048 0 1748 ) (-1048 144 1748 ) (-1048 144 -48 ) 
4 76 386 (-1024 0 -716 ) (-1024 0 -368 ) (-1048 0 -368 ) (-1048 0 -716 ) 
4 76 77 (-1048 144 -716 ) (-1048 0 -716 ) (-1048 0 -368 ) (-1048 144 -368 ) 
4 77 388 (-1878 0 -368 ) (-1878 0 -716 ) (-1120 0 -716 ) (-1120 0 -368 ) 
4 77 386 (-1120 0 -716 ) (-1048 0 -716 ) (-1048 0 -368 ) (-1120 0 -368 ) 
4 77 376 (-1048 0 1748 ) (-1878 0 1748 ) (-1878 0 -368 ) (-1048 0 -368 ) 
4 78 154 (1152 -1024 1748 ) (1024 -1024 1748 ) (1024 -1024 -716 ) (1152 -1024 -716 ) 
4 78 106 (1024 -1024 -716 ) (1024 -1024 -384 ) (1024 0 -384 ) (1024 0 -716 ) 
4 78 105 (1024 -1024 -384 ) (1024 -1024 -224 ) (1024 0 -224 ) (1024 0 -384 ) 
4 78 104 (1024 -1024 -224 ) (1024 -1024 460 ) (1024 -864 460 ) (1024 -864 -224 ) 
4 78 100 (1024 -864 460 ) (1024 0 460 ) (1024 0 -224 ) (1024 -864 -224 ) 
4 78 95 (1024 -1024 460 ) (1024 -1024 496 ) (1024 0 496 ) (1024 0 460 ) 
4 78 79 (1024 -1024 496 ) (1024 -1024 1748 ) (1024 0 1748 ) (1024 0 496 ) 
4 79 155 (1024 -1024 496 ) (1024 -1024 1748 ) (728 -1024 1748 ) (728 -1024 496 ) 
4 79 95 (728 0 496 ) (1024 0 496 ) (1024 -1024 496 ) (728 -1024 496 ) 
4 79 80 (728 -64 624.500000 ) (728 -64 1748 ) (728 0 1748 ) (728 0 624.500000 ) 
4 79 81 (728 -64 496 ) (728 -1024 496 ) (728 -1024 1748 ) (728 -64 1748 ) 
4 80 82 (720 0 1748 ) (720 0 630 ) (720 -64 630 ) (720 -64 1748 ) 
4 80 81 (728 -64 624.500000 ) (728 -64 1748 ) (720 -64 1748 ) (720 -64 624.500000 ) 
4 81 155 (728 -1024 1748 ) (720 -1024 1748 ) (720 -1024 496 ) (728 -1024 496 ) 
4 81 95 (728 -64 496 ) (728 -1024 496 ) (720 -1024 496 ) (720 -64 496 ) 
4 81 85 (720 -74 496 ) (720 -1024 496 ) (720 -1024 624.500000 ) (720 -74 624.500000 ) 
4 81 84 (720 -1024 624.500000 ) (720 -1024 1748 ) (720 -64 1748 ) (720 -64 624.500000 ) 
4 82 86 (606 -64 630 ) (606 -64 1748 ) (606 0 1748 ) (606 0 630 ) 
4 82 84 (606 -64 1748 ) (606 -64 630 ) (720 -64 630 ) (720 -64 1748 ) 
4 83 88 (606 -64 534 ) (606 -64 594 ) (606 0 594 ) (606 0 534 ) 
4 84 155 (606 -1024 1748 ) (606 -1024 624.500000 ) (720 -1024 624.500000 ) (720 -1024 1748 ) 
4 84 86 (606 -1024 624.500000 ) (606 -1024 1748 ) (606 -64 1748 ) (606 -64 624.500000 ) 
4 84 85 (606 -1024 624.500000 ) (606 -74 624.500000 ) (720 -74 624.500000 ) (720 -1024 624.500000 ) 
4 85 155 (606 -1024 624.500000 ) (606 -1024 496 ) (720 -1024 496 ) (720 -1024 624.500000 ) 
4 85 97 (720 -74 496 ) (720 -1024 496 ) (606 -1024 496 ) (606 -74 496 ) 
4 85 90 (606 -200 496 ) (606 -1024 496 ) (606 -1024 534 ) (606 -200 534 ) 
4 85 89 (606 -1024 534 ) (606 -1024 594 ) (606 -200 594 ) (606 -200 534 ) 
4 85 87 (606 -1024 594 ) (606 -1024 624 ) (606 -200 624 ) (606 -200 594 ) 
4 85 86 (606 -1024 624 ) (606 -1024 624.500000 ) (606 -74 624.500000 ) (606 -74 624 ) 
4 86 155 (590 -1024 1748 ) (590 -1024 624 ) (606 -1024 624 ) (606 -1024 1748 ) 
4 86 92 (590 -200 624 ) (590 -1024 624 ) (590 -1024 640 ) (590 -200 640 ) 
4 86 91 (590 0 1748 ) (590 0 640 ) (590 -1024 640 ) (590 -1024 1748 ) 
4 86 87 (590 -1024 624 ) (590 -200 624 ) (606 -200 624 ) (606 -1024 624 ) 
4 87 155 (590 -1024 624 ) (590 -1024 594 ) (606 -1024 594 ) (606 -1024 624 ) 
4 87 94 (590 -264 594 ) (590 -1024 594 ) (590 -1024 624 ) (590 -264 624 ) 
4 87 89 (590 -1024 594 ) (590 -200 594 ) (606 -200 594 ) (606 -1024 594 ) 
4 88 93 (590 0 594 ) (590 0 534 ) (590 -64 534 ) (590 -64 594 ) 
4 89 155 (590 -1024 594 ) (590 -1024 534 ) (606 -1024 534 ) (606 -1024 594 ) 
4 89 94 (590 -264 534 ) (590 -1024 534 ) (590 -1024 594 ) (590 -264 594 ) 
4 89 90 (590 -1024 534 ) (590 -200 534 ) (606 -200 534 ) (606 -1024 534 ) 
4 90 155 (590 -1024 534 ) (590 -1024 496 ) (606 -1024 496 ) (606 -1024 534 ) 
4 90 98 (606 -200 496 ) (606 -1024 496 ) (590 -1024 496 ) (590 -200 496 ) 
4 90 94 (590 -264 496 ) (590 -1024 496 ) (590 -1024 534 ) (590 -264 534 ) 
4 91 158 (270 -1024 1748 ) (270 -1024 640 ) (416 -1024 640 ) (416 -1024 1748 ) 
4 91 156 (416 -1024 640 ) (432 -1024 640 ) (432 -1024 1748 ) (416 -1024 1748 ) 
4 91 155 (432 -1024 640 ) (590 -1024 640 ) (590 -1024 1748 ) (432 -1024 1748 ) 
4 91 125 (270 -1024 640 ) (270 -1024 1748 ) (270 -208 1748 ) (270 -208 640 ) 
4 91 110 (270 -120 640 ) (270 -168 640 ) (270 -168 748 ) (270 -120 748 ) 
4 91 109 (270 0 784 ) (270 0 768 ) (270 -208 768 ) (270 -208 784 ) 
4 91 108 (270 -120 784 ) (270 -168 784 ) (270 -168 892 ) (270 -120 892 ) 
4 91 107 (270 -208 1748 ) (270 0 1748 ) (270 0 912 ) (270 -208 912 ) 
4 91 92 (270 -1024 640 ) (270 -200 640 ) (590 -200 640 ) (590 -1024 640 ) 
4 92 158 (270 -1024 640 ) (270 -1024 624 ) (416 -1024 624 ) (416 -1024 640 ) 
4 92 156 (416 -1024 624 ) (432 -1024 624 ) (432 -1024 640 ) (416 -1024 640 ) 
4 92 155 (432 -1024 624 ) (590 -1024 624 ) (590 -1024 640 ) (432 -1024 640 ) 
4 92 125 (270 -1024 624 ) (270 -1024 640 ) (270 -208 640 ) (270 -208 624 ) 
4 92 111 (270 -208 640 ) (270 -200 640 ) (270 -200 624 ) (270 -208 624 ) 
4 92 94 (270 -1024 624 ) (270 -264 624 ) (590 -264 624 ) (590 -1024 624 ) 
4 93 112 (270 -120 496 ) (270 -168 496 ) (270 -168 604 ) (270 -120 604 ) 
5 94 158 (270 -1024 624 ) (270 -1024 496 ) (395.354279 -1024 496 ) (416 -1024 527.766357 ) (416 -1024 624 ) 
3 94 103 (395.354279 -1024 496 ) (416 -1024 496 ) (416 -1024 527.766357 ) 
4 94 156 (416 -1024 496 ) (432 -1024 496 ) (432 -1024 624 ) (416 -1024 624 ) 
4 94 155 (432 -1024 496 ) (590 -1024 496 ) (590 -1024 624 ) (432 -1024 624 ) 
4 94 125 (270 -1024 496 ) (270 -1024 624 ) (270 -264 624 ) (270 -264 496 ) 
4 94 99 (270 -1024 496 ) (270 -264 496 ) (590 -264 496 ) (590 -1024 496 ) 
4 95 155 (1024 -1024 460 ) (1024 -1024 496 ) (720 -1024 496 ) (720 -1024 460 ) 
4 95 104 (1024 -864 460 ) (1024 -1024 460 ) (720 -1024 460 ) (720 -864 460 ) 
4 95 100 (720 0 460 ) (1024 0 460 ) (1024 -864 460 ) (720 -864 460 ) 
4 95 96 (720 0 460 ) (720 -64 460 ) (720 -64 490 ) (720 0 490 ) 
4 95 97 (720 -64 460 ) (720 -1024 460 ) (720 -1024 496 ) (720 -64 496 ) 
4 96 100 (606 0 460 ) (720 0 460 ) (720 -64 460 ) (606 -64 460 ) 
4 96 97 (606 -64 490 ) (606 -64 460 ) (720 -64 460 ) (720 -64 490 ) 
4 96 98 (606 0 460 ) (606 -64 460 ) (606 -64 490 ) (606 0 490 ) 
4 97 155 (720 -1024 496 ) (606 -1024 496 ) (606 -1024 460 ) (720 -1024 460 ) 
4 97 104 (720 -864 460 ) (720 -1024 460 ) (606 -1024 460 ) (606 -864 460 ) 
4 97 100 (720 -64 460 ) (720 -864 460 ) (606 -864 460 ) (606 -64 460 ) 
4 97 98 (606 -64 460 ) (606 -1024 460 ) (606 -1024 496 ) (606 -64 496 ) 
4 98 155 (606 -1024 496 ) (590 -1024 496 ) (590 -1024 460 ) (606 -1024 460 ) 
4 98 104 (606 -864 460 ) (606 -1024 460 ) (590 -1024 460 ) (590 -864 460 ) 
4 98 100 (590 0 460 ) (606 0 460 ) (606 -864 460 ) (590 -864 460 ) 
4 98 99 (590 -200 460 ) (590 -1024 460 ) (590 -1024 496 ) (590 -200 496 ) 
4 99 158 (395.354309 -1024 496 ) (270 -1024 496 ) (270 -1024 460 ) (371.957031 -1024 460 ) 
4 99 103 (416 -1024 496 ) (395.354309 -1024 496 ) (371.957031 -1024 460 ) (416 -1024 460 ) 
4 99 156 (432 -1024 496 ) (416 -1024 496 ) (416 -1024 460 ) (432 -1024 460 ) 
4 99 155 (590 -1024 496 ) (432 -1024 496 ) (432 -1024 460 ) (590 -1024 460 ) 
4 99 125 (270 -1024 460 ) (270 -1024 496 ) (270 -208 496 ) (270 -208 460 ) 
4 99 115 (270 -208 496 ) (270 -200 496 ) (270 -200 480 ) (270 -208 480 ) 
4 99 103 (270 -1024 460 ) (270 -864 460 ) (416 -864 460 ) (416 -1024 460 ) 
4 99 104 (416 -864 460 ) (590 -864 460 ) (590 -1024 460 ) (416 -1024 460 ) 
4 99 103 (270 -864 460 ) (270 -200 460 ) (284 -200 460 ) (284 -864 460 ) 
4 99 100 (284 -200 460 ) (590 -200 460 ) (590 -864 460 ) (284 -864 460 ) 
4 100 103 (284 0 -224 ) (416 0 -224 ) (416 -864 -224 ) (284 -864 -224 ) 
4 100 103 (416 0 -224 ) (432 0 -224 ) (432 -864 -224 ) (416 -864 -224 ) 
4 100 105 (432 0 -224 ) (1024 0 -224 ) (1024 -864 -224 ) (432 -864 -224 ) 
4 100 103 (416 -864 -208 ) (416 -864 460 ) (284 -864 460 ) (284 -864 -208 ) 
4 100 104 (416 -864 -224 ) (1024 -864 -224 ) (1024 -864 460 ) (416 -864 460 ) 
4 100 102 (284 -120 -224 ) (284 -168 -224 ) (284 -168 -96 ) (284 -120 -96 ) 
4 100 101 (284 0 -224 ) (284 -120 -224 ) (284 -120 460 ) (284 0 460 ) 
4 100 103 (284 -168 -224 ) (284 -864 -224 ) (284 -864 460 ) (284 -168 460 ) 
4 101 124 (270 0 -96 ) (270 0 -224 ) (270 -120 -224 ) (270 -120 -96 ) 
4 101 123 (270 0 -80 ) (270 0 -96 ) (270 -48 -96 ) (270 -48 -80 ) 
4 101 121 (270 0 64 ) (270 0 48 ) (270 -48 48 ) (270 -48 64 ) 
4 101 119 (270 0 208 ) (270 0 192 ) (270 -48 192 ) (270 -48 208 ) 
4 101 117 (270 0 352 ) (270 0 336 ) (270 -48 336 ) (270 -48 352 ) 
4 101 103 (270 -120 -224 ) (270 0 -224 ) (284 0 -224 ) (284 -120 -224 ) 
4 101 102 (270 -120 -224 ) (284 -120 -224 ) (284 -120 -96 ) (270 -120 -96 ) 
4 102 124 (270 -120 -96 ) (270 -120 -224 ) (270 -168 -224 ) (270 -168 -96 ) 
4 102 103 (270 -168 -224 ) (270 -120 -224 ) (284 -120 -224 ) (284 -168 -224 ) 
4 102 103 (270 -168 -224 ) (284 -168 -224 ) (284 -168 -96 ) (270 -168 -96 ) 
4 103 125 (270 -864 460 ) (270 -208 460 ) (270 -208 -208 ) (270 -864 -208 ) 
4 103 124 (270 -168 -96 ) (270 -168 -224 ) (270 -208 -224 ) (270 -208 -96 ) 
3 103 158 (371.957031 -1024 460 ) (270 -1024 460 ) (270 -1024 303.124512 ) 
4 103 125 (270 -1024 -208 ) (270 -1024 460 ) (270 -864 460 ) (270 -864 -208 ) 
4 103 106 (416 0 -384 ) (432 0 -384 ) (432 -864 -384 ) (416 -864 -384 ) 
4 103 124 (270 -208 -224 ) (270 0 -224 ) (270 0 -384 ) (270 -208 -384 ) 
4 103 106 (270 -864 -384 ) (270 0 -384 ) (416 0 -384 ) (416 -864 -384 ) 
4 103 147 (256 -464 -208 ) (256 -224 -208 ) (256 -224 -224 ) (256 -464 -224 ) 
4 103 145 (256 -224 -208 ) (256 -208 -208 ) (256 -208 -224 ) (256 -224 -224 ) 
4 103 147 (256 -464 -224 ) (256 -224 -224 ) (256 -224 -384 ) (256 -464 -384 ) 
4 103 145 (256 -224 -224 ) (256 -208 -224 ) (256 -208 -384 ) (256 -224 -384 ) 
4 103 126 (256 -864 -384 ) (256 -208 -384 ) (270 -208 -384 ) (270 -864 -384 ) 
4 103 153 (256 -464 -384 ) (256 -480 -384 ) (128 -480 -384 ) (128 -464 -384 ) 
4 103 152 (256 -480 281.583466 ) (256 -480 604 ) (128 -480 604 ) (128 -480 84.637207 ) 
4 103 151 (128 -464 604 ) (128 -464 64 ) (128 -480 64 ) (128 -480 604 ) 
4 103 153 (128 -480 -384 ) (0 -480 -384 ) (0 -464 -384 ) (128 -464 -384 ) 
4 103 152 (256 -1024 281.585907 ) (256 -480 281.585938 ) (7.998627 -480 -100 ) (7.998638 -1024 -100 ) 
4 103 153 (256 -480 -384 ) (256 -864 -384 ) (0 -864 -384 ) (0 -480 -384 ) 
4 103 159 (0 -1568 -208 ) (416 -1568 -208 ) (416 -1568 527.766357 ) (0 -1568 -112.309082 ) 
4 103 158 (8 -1568 -100 ) (416 -1568 527.765930 ) (416 -1024 527.765930 ) (8 -1024 -100 ) 
4 103 160 (272 -1990 -384 ) (272 -1408 -384 ) (416 -1408 -384 ) (416 -1990 -384 ) 
4 103 160 (272 -1408 -384 ) (272 -1990 -384 ) (256 -1990 -384 ) (256 -1408 -384 ) 
4 103 395 (0 -1056 -368 ) (0 -1056 -384 ) (0 -1990 -384 ) (0 -1990 -368 ) 
4 103 393 (0 -1584 -368 ) (0 -1990 -368 ) (0 -1990 -256 ) (0 -1584 -256 ) 
4 103 392 (0 -1990 -208 ) (0 -1584 -208 ) (0 -1584 -256 ) (0 -1990 -256 ) 
4 103 390 (0 -1584 -208 ) (0 -1568 -208 ) (0 -1568 -256 ) (0 -1584 -256 ) 
4 103 160 (0 -1990 -384 ) (0 -1056 -384 ) (256 -1056 -384 ) (256 -1990 -384 ) 
4 103 334 (-16 -880 -384 ) (-16 -384 -384 ) (0 -384 -384 ) (0 -880 -384 ) 
4 103 333 (-16 -384 -384 ) (-16 -480 -384 ) (-16 -480 -368 ) (-16 -384 -368 ) 
3 103 389 (-565.282471 -1024 63.802383 ) (-1024 -1024 194.870483 ) (-1024 -1024 -67.266815 ) 
4 103 382 (-1024 -1024 -67.266815 ) (-1024 -1024 194.870422 ) (-1024 -480 194.870483 ) (-1024 -480 -67.266815 ) 
4 103 391 (-2 -1568 224.748886 ) (-16 -1568 220.748672 ) (-16 -1568 62 ) (-2 -1568 62 ) 
4 103 390 (0 -1568 -96 ) (0 -1568 225.320343 ) (-2 -1568 224.748886 ) (-2 -1568 -96 ) 
4 103 391 (-16 -1568 62 ) (-16 -1568 220.748672 ) (-565.282654 -1568 63.802399 ) (-558.974548 -1568 62 ) 
5 103 391 (-562.222961 -1568 62.928169 ) (-565.282654 -1568 63.802399 ) (-568.341980 -1568 62.928253 ) (-567.781982 -1568 62 ) (-562.782837 -1568 62 ) 
4 103 395 (-2 -1568 -368 ) (0 -1568 -368 ) (0 -1584 -368 ) (-2 -1584 -368 ) 
4 103 393 (-2 -1584 -368 ) (0 -1584 -368 ) (0 -1584 -256 ) (-2 -1584 -256 ) 
4 103 399 (-1120 -1568 -94.696846 ) (-1120 -1568 62 ) (-1120 -1024 62 ) (-1120 -1024 -94.696854 ) 
4 104 156 (432 -1024 460 ) (416 -1024 460 ) (416 -1024 -224 ) (432 -1024 -224 ) 
4 104 155 (1024 -1024 -224 ) (1024 -1024 460 ) (432 -1024 460 ) (432 -1024 -224 ) 
4 104 105 (1024 -1024 -224 ) (432 -1024 -224 ) (432 -864 -224 ) (1024 -864 -224 ) 
4 104 103 (416 -864 460 ) (416 -864 -208 ) (416 -1024 -208 ) (416 -1024 460 ) 
4 105 155 (1024 -1024 -384 ) (1024 -1024 -224 ) (432 -1024 -224 ) (432 -1024 -384 ) 
4 105 106 (432 0 -384 ) (1024 0 -384 ) (1024 -1024 -384 ) (432 -1024 -384 ) 
4 105 103 (432 0 -384 ) (432 -864 -384 ) (432 -864 -224 ) (432 0 -224 ) 
4 106 160 (1024 -1024 -716 ) (1024 -1024 -384 ) (270 -1024 -384 ) (270 -1024 -716 ) 
4 106 126 (270 -1024 -716 ) (270 -1024 -384 ) (270 -208 -384 ) (270 -208 -716 ) 
4 106 124 (270 -208 -384 ) (270 0 -384 ) (270 0 -716 ) (270 -208 -716 ) 
4 107 130 (256 -208 928 ) (256 -208 1748 ) (256 -32 1748 ) (256 -32 928 ) 
4 107 127 (256 0 1748 ) (256 0 912 ) (256 -32 912 ) (256 -32 1748 ) 
4 107 125 (256 -208 1748 ) (256 -208 912 ) (270 -208 912 ) (270 -208 1748 ) 
4 108 131 (256 -120 784 ) (256 -168 784 ) (256 -168 892 ) (256 -120 892 ) 
4 108 109 (256 -168 784 ) (256 -120 784 ) (270 -120 784 ) (270 -168 784 ) 
4 109 127 (256 0 784 ) (256 0 768 ) (256 -32 768 ) (256 -32 784 ) 
4 109 125 (256 -208 784 ) (256 -208 768 ) (270 -208 768 ) (270 -208 784 ) 
4 110 133 (256 -120 640 ) (256 -168 640 ) (256 -168 748 ) (256 -120 748 ) 
4 111 125 (256 -208 640 ) (256 -208 624 ) (270 -208 624 ) (270 -208 640 ) 
4 112 135 (256 -120 496 ) (256 -168 496 ) (256 -168 604 ) (256 -120 604 ) 
4 113 127 (256 0 496 ) (256 0 480 ) (256 -32 480 ) (256 -32 496 ) 
4 113 114 (256 -120 480 ) (270 -120 480 ) (270 -120 486 ) (256 -120 486 ) 
4 114 115 (256 -168 480 ) (270 -168 480 ) (270 -168 486 ) (256 -168 486 ) 
4 115 125 (256 -208 496 ) (256 -208 480 ) (270 -208 480 ) (270 -208 496 ) 
4 116 137 (256 -120 352 ) (256 -168 352 ) (256 -168 460 ) (256 -120 460 ) 
4 117 127 (256 0 352 ) (256 0 336 ) (256 -32 336 ) (256 -32 352 ) 
4 118 139 (256 -120 208 ) (256 -168 208 ) (256 -168 316 ) (256 -120 316 ) 
4 119 127 (256 0 208 ) (256 0 192 ) (256 -32 192 ) (256 -32 208 ) 
4 120 141 (256 -120 64 ) (256 -168 64 ) (256 -168 172 ) (256 -120 172 ) 
4 121 127 (256 0 64 ) (256 0 48 ) (256 -32 48 ) (256 -32 64 ) 
4 122 143 (256 -120 -80 ) (256 -168 -80 ) (256 -168 28 ) (256 -120 28 ) 
4 123 127 (256 0 -80 ) (256 0 -96 ) (256 -32 -96 ) (256 -32 -80 ) 
4 123 124 (256 -48 -96 ) (256 0 -96 ) (270 0 -96 ) (270 -48 -96 ) 
4 124 145 (256 -32 -716 ) (256 -208 -716 ) (256 -208 -96 ) (256 -32 -96 ) 
4 124 127 (256 0 -96 ) (256 0 -716 ) (256 -32 -716 ) (256 -32 -96 ) 
4 124 126 (256 -208 -384 ) (256 -208 -716 ) (270 -208 -716 ) (270 -208 -384 ) 
4 124 103 (256 -208 -224 ) (256 -208 -384 ) (270 -208 -384 ) (270 -208 -224 ) 
4 124 103 (256 -208 -208 ) (256 -208 -224 ) (270 -208 -224 ) (270 -208 -208 ) 
4 124 125 (256 -208 -96 ) (256 -208 -208 ) (270 -208 -208 ) (270 -208 -96 ) 
4 125 158 (270 -1024 303.124542 ) (270 -1024 1748 ) (256 -1024 1748 ) (256 -1024 281.583374 ) 
4 125 103 (270 -1024 -208 ) (270 -1024 303.124542 ) (256 -1024 281.583374 ) (256 -1024 -208 ) 
4 125 152 (256 -1024 281.583527 ) (256 -1024 1748 ) (256 -480 1748 ) (256 -480 281.583374 ) 
4 125 103 (256 -1024 -208 ) (256 -1024 281.583527 ) (256 -480 281.583374 ) (256 -480 -208 ) 
4 125 103 (256 -464 -208 ) (256 -480 -208 ) (256 -480 604 ) (256 -464 604 ) 
4 125 147 (256 -224 604 ) (256 -224 -208 ) (256 -464 -208 ) (256 -464 604 ) 
4 125 146 (256 -480 1748 ) (256 -224 1748 ) (256 -224 604 ) (256 -480 604 ) 
4 125 145 (256 -208 -96 ) (256 -208 -208 ) (256 -224 -208 ) (256 -224 -96 ) 
4 125 130 (256 -224 1748 ) (256 -208 1748 ) (256 -208 928 ) (256 -224 928 ) 
4 125 103 (256 -864 -208 ) (256 -208 -208 ) (270 -208 -208 ) (270 -864 -208 ) 
4 126 160 (270 -1024 -716 ) (270 -1024 -384 ) (256 -1024 -384 ) (256 -1024 -716 ) 
4 126 153 (256 -1024 -716 ) (256 -1024 -384 ) (256 -224 -384 ) (256 -224 -716 ) 
4 126 145 (256 -224 -384 ) (256 -208 -384 ) (256 -208 -716 ) (256 -224 -716 ) 
4 127 145 (256 -32 -716 ) (256 -32 -96 ) (33 -32 -96 ) (33 -32 -716 ) 
4 127 130 (256 -32 928 ) (256 -32 1748 ) (33 -32 1748 ) (33 -32 928 ) 
4 127 129 (33 -32 -716 ) (33 -32 48 ) (33 0 48 ) (33 0 -716 ) 
4 127 128 (33 -32 912 ) (33 -32 1748 ) (33 0 1748 ) (33 0 912 ) 
4 128 161 (0 0 1748 ) (0 0 912 ) (0 -32 912 ) (0 -32 1748 ) 
4 128 130 (0 -32 1748 ) (0 -32 928 ) (33 -32 928 ) (33 -32 1748 ) 
4 129 162 (0 0 48 ) (0 0 -716 ) (0 -32 -716 ) (0 -32 48 ) 
4 129 145 (0 -32 -96 ) (0 -32 -716 ) (33 -32 -716 ) (33 -32 -96 ) 
4 130 164 (0 -224 928 ) (0 -224 1748 ) (0 -32 1748 ) (0 -32 928 ) 
4 130 146 (256 -224 928 ) (256 -224 1748 ) (0 -224 1748 ) (0 -224 928 ) 
4 131 165 (0 -208 912 ) (0 -48 912 ) (0 -48 784 ) (0 -208 784 ) 
4 131 132 (96 -208 784 ) (142 -208 784 ) (142 -208 892 ) (96 -208 892 ) 
4 132 146 (96 -224 892 ) (96 -224 784 ) (142 -224 784 ) (142 -224 892 ) 
4 133 168 (0 -208 768 ) (0 -48 768 ) (0 -48 640 ) (0 -208 640 ) 
4 133 134 (96 -208 640 ) (142 -208 640 ) (142 -208 748 ) (96 -208 748 ) 
4 134 146 (96 -224 748 ) (96 -224 640 ) (142 -224 640 ) (142 -224 748 ) 
4 135 171 (0 -208 624 ) (0 -48 624 ) (0 -48 496 ) (0 -208 496 ) 
4 135 136 (96 -208 496 ) (142 -208 496 ) (142 -208 604 ) (96 -208 604 ) 
4 137 178 (0 -208 480 ) (0 -48 480 ) (0 -48 352 ) (0 -208 352 ) 
4 137 138 (96 -208 352 ) (142 -208 352 ) (142 -208 460 ) (96 -208 460 ) 
4 139 182 (0 -208 336 ) (0 -48 336 ) (0 -48 208 ) (0 -208 208 ) 
4 139 140 (96 -208 208 ) (142 -208 208 ) (142 -208 316 ) (96 -208 316 ) 
4 141 185 (0 -208 192 ) (0 -48 192 ) (0 -48 64 ) (0 -208 64 ) 
4 141 142 (96 -208 64 ) (142 -208 64 ) (142 -208 172 ) (96 -208 172 ) 
4 143 188 (0 -208 48 ) (0 -48 48 ) (0 -48 -80 ) (0 -208 -80 ) 
4 143 144 (96 -208 -80 ) (142 -208 -80 ) (142 -208 28 ) (96 -208 28 ) 
4 145 195 (0 -224 -716 ) (0 -224 -400 ) (0 -32 -400 ) (0 -32 -716 ) 
4 145 193 (0 -224 -400 ) (0 -224 -384 ) (0 -32 -384 ) (0 -32 -400 ) 
4 145 191 (0 -224 -384 ) (0 -224 -96 ) (0 -32 -96 ) (0 -32 -384 ) 
4 145 153 (256 -224 -716 ) (256 -224 -384 ) (0 -224 -384 ) (0 -224 -716 ) 
4 145 148 (142 -224 -96 ) (94 -224 -96 ) (94 -224 -384 ) (142 -224 -384 ) 
4 145 147 (256 -224 -384 ) (256 -224 -96 ) (142 -224 -96 ) (142 -224 -384 ) 
4 145 150 (94 -224 -96 ) (0 -224 -96 ) (0 -224 -384 ) (94 -224 -384 ) 
4 146 330 (0 -464 604 ) (0 -480 604 ) (0 -480 1748 ) (0 -464 1748 ) 
4 146 329 (0 -384 604 ) (0 -464 604 ) (0 -464 1748 ) (0 -384 1748 ) 
4 146 309 (0 -224 640 ) (0 -224 604 ) (0 -384 604 ) (0 -384 640 ) 
4 146 308 (0 -224 1748 ) (0 -224 640 ) (0 -384 640 ) (0 -384 1748 ) 
4 146 152 (256 -480 604 ) (256 -480 1748 ) (0 -480 1748 ) (0 -480 604 ) 
4 146 151 (128 -480 604 ) (0 -480 604 ) (0 -464 604 ) (128 -464 604 ) 
4 146 103 (256 -480 604 ) (128 -480 604 ) (128 -464 604 ) (256 -464 604 ) 
4 146 149 (142 -238 604 ) (142 -464 604 ) (94 -464 604 ) (94 -238 604 ) 
4 146 147 (142 -224 604 ) (256 -224 604 ) (256 -464 604 ) (142 -464 604 ) 
4 146 150 (0 -464 604 ) (0 -224 604 ) (94 -224 604 ) (94 -464 604 ) 
4 147 153 (142 -224 -384 ) (256 -224 -384 ) (256 -464 -384 ) (142 -464 -384 ) 
4 147 103 (142 -464 -384 ) (256 -464 -384 ) (256 -464 604 ) (142 -464 604 ) 
4 147 148 (142 -224 -384 ) (142 -238 -384 ) (142 -238 -96 ) (142 -224 -96 ) 
4 147 149 (142 -238 -384 ) (142 -464 -384 ) (142 -464 604 ) (142 -238 604 ) 
4 148 153 (94 -224 -384 ) (142 -224 -384 ) (142 -238 -384 ) (94 -238 -384 ) 
4 148 149 (94 -238 -96 ) (94 -238 -384 ) (142 -238 -384 ) (142 -238 -96 ) 
4 148 150 (94 -224 -384 ) (94 -238 -384 ) (94 -238 -96 ) (94 -224 -96 ) 
4 149 153 (142 -238 -384 ) (142 -464 -384 ) (94 -464 -384 ) (94 -238 -384 ) 
4 149 151 (128 -464 64 ) (128 -464 604 ) (94 -464 604 ) (94 -464 64 ) 
4 149 103 (94 -464 -384 ) (128 -464 -384 ) (128 -464 -368 ) (94 -464 -368 ) 
4 149 103 (128 -464 -384 ) (142 -464 -384 ) (142 -464 604 ) (128 -464 604 ) 
4 149 150 (94 -238 -384 ) (94 -464 -384 ) (94 -464 604 ) (94 -238 604 ) 
4 150 103 (0 -384 -384 ) (0 -464 -384 ) (0 -464 -368 ) (0 -384 -368 ) 
4 150 329 (0 -464 -368 ) (0 -464 604 ) (0 -384 604 ) (0 -384 -368 ) 
4 150 309 (0 -224 604 ) (0 -224 -384 ) (0 -384 -384 ) (0 -384 604 ) 
4 150 153 (0 -224 -384 ) (94 -224 -384 ) (94 -464 -384 ) (0 -464 -384 ) 
4 150 151 (94 -464 64 ) (94 -464 604 ) (0 -464 604 ) (0 -464 64 ) 
4 150 103 (0 -464 -384 ) (94 -464 -384 ) (94 -464 -368 ) (0 -464 -368 ) 
4 151 330 (0 -480 64 ) (0 -480 604 ) (0 -464 604 ) (0 -464 64 ) 
5 151 152 (128 -480 84.637215 ) (128 -480 604 ) (0 -480 604 ) (0 -480 64 ) (114.587395 -480 64 ) 
3 151 103 (128 -480 64 ) (128 -480 84.637215 ) (114.587395 -480 64 ) 
4 152 331 (0 -1024 -96 ) (0 -1024 1748 ) (0 -480 1748 ) (0 -480 -96 ) 
5 152 158 (0 -1024 1748 ) (0 -1024 -97.714111 ) (8 -1024 -100 ) (256 -1024 281.583527 ) (256 -1024 1748 ) 
4 153 334 (0 -1024 -716 ) (0 -1024 -384 ) (0 -384 -384 ) (0 -384 -716 ) 
4 153 312 (0 -384 -384 ) (0 -224 -384 ) (0 -224 -716 ) (0 -384 -716 ) 
4 153 160 (0 -1024 -384 ) (0 -1024 -716 ) (256 -1024 -716 ) (256 -1024 -384 ) 
4 154 160 (1024 -1024 -384 ) (1024 -1024 -716 ) (1024 -1990 -716 ) (1024 -1990 -384 ) 
4 154 155 (1024 -1024 1748 ) (1024 -1024 -384 ) (1024 -1990 -384 ) (1024 -1990 1748 ) 
4 155 160 (1024 -1024 -384 ) (1024 -1990 -384 ) (432 -1990 -384 ) (432 -1024 -384 ) 
4 155 156 (432 -1408 -224 ) (432 -1408 1748 ) (432 -1024 1748 ) (432 -1024 -224 ) 
4 155 157 (432 -1408 -384 ) (432 -1990 -384 ) (432 -1990 1748 ) (432 -1408 1748 ) 
4 156 158 (416 -1024 1748 ) (416 -1024 527.766479 ) (416 -1408 527.766357 ) (416 -1408 1748 ) 
4 156 103 (416 -1024 527.766479 ) (416 -1024 -208 ) (416 -1408 -208 ) (416 -1408 527.766357 ) 
4 156 157 (432 -1408 -224 ) (432 -1408 1748 ) (416 -1408 1748 ) (416 -1408 -224 ) 
4 157 160 (432 -1990 -384 ) (416 -1990 -384 ) (416 -1408 -384 ) (432 -1408 -384 ) 
4 157 103 (416 -1408 -384 ) (416 -1990 -384 ) (416 -1990 -208 ) (416 -1408 -208 ) 
4 157 159 (416 -1990 -208 ) (416 -1990 1748 ) (416 -1568 1748 ) (416 -1568 -208 ) 
4 157 158 (416 -1568 1748 ) (416 -1408 1748 ) (416 -1408 527.766479 ) (416 -1568 527.766357 ) 
4 157 103 (416 -1408 527.766479 ) (416 -1408 -208 ) (416 -1568 -208 ) (416 -1568 527.766357 ) 
4 158 103 (0 -1024 225.320435 ) (0 -1024 -96 ) (0 -1568 -96 ) (0 -1568 225.320358 ) 
4 158 389 (0 -1568 1748 ) (0 -1024 1748 ) (0 -1024 225.320435 ) (0 -1568 225.320358 ) 
5 158 159 (416 -1568 527.766357 ) (416 -1568 1748 ) (0 -1568 1748 ) (0 -1568 -97.714111 ) (8 -1568 -100 ) 
4 159 392 (0 -1990 1748 ) (0 -1584 1748 ) (0 -1584 -208 ) (0 -1990 -208 ) 
4 159 390 (0 -1584 1748 ) (0 -1568 1748 ) (0 -1568 -208 ) (0 -1584 -208 ) 
4 159 103 (272 -1990 -208 ) (256 -1990 -208 ) (256 -1568 -208 ) (272 -1568 -208 ) 
4 159 103 (256 -1990 -208 ) (0 -1990 -208 ) (0 -1568 -208 ) (256 -1568 -208 ) 
4 159 103 (416 -1568 -208 ) (416 -1990 -208 ) (272 -1990 -208 ) (272 -1568 -208 ) 
4 160 394 (0 -1040 -384 ) (0 -1024 -384 ) (0 -1024 -716 ) (0 -1040 -716 ) 
4 160 395 (0 -1990 -384 ) (0 -1040 -384 ) (0 -1040 -716 ) (0 -1990 -716 ) 
4 161 164 (0 -32 928 ) (0 -32 1748 ) (-16 -32 1748 ) (-16 -32 928 ) 
4 161 163 (-16 0 1748 ) (-16 0 912 ) (-16 -32 912 ) (-16 -32 1748 ) 
4 162 195 (0 -32 -716 ) (0 -32 -400 ) (-16 -32 -400 ) (-16 -32 -716 ) 
4 162 193 (0 -32 -400 ) (0 -32 -384 ) (-16 -32 -384 ) (-16 -32 -400 ) 
4 162 191 (0 -32 -384 ) (0 -32 -96 ) (-16 -32 -96 ) (-16 -32 -384 ) 
4 162 163 (-16 0 48 ) (-16 0 -716 ) (-16 -32 -716 ) (-16 -32 48 ) 
4 163 227 (-224 0 -384 ) (-224 0 -716 ) (-224 -32 -716 ) (-224 -32 -384 ) 
4 163 223 (-224 0 -96 ) (-224 0 -384 ) (-224 -32 -384 ) (-224 -32 -96 ) 
4 163 222 (-224 0 -80 ) (-224 0 -96 ) (-224 -32 -96 ) (-224 -32 -80 ) 
4 163 221 (-224 0 48 ) (-224 0 -80 ) (-224 -32 -80 ) (-224 -32 48 ) 
4 163 216 (-224 0 192 ) (-224 0 48 ) (-224 -32 48 ) (-224 -32 192 ) 
4 163 196 (-224 0 1748 ) (-224 0 192 ) (-224 -32 192 ) (-224 -32 1748 ) 
4 163 195 (-224 -32 -400 ) (-224 -32 -716 ) (-16 -32 -716 ) (-16 -32 -400 ) 
4 163 194 (-224 -32 -384 ) (-224 -32 -400 ) (-72 -32 -400 ) (-72 -32 -384 ) 
4 163 193 (-72 -32 -400 ) (-16 -32 -400 ) (-16 -32 -384 ) (-72 -32 -384 ) 
4 163 192 (-224 -32 -96 ) (-224 -32 -384 ) (-104 -32 -384 ) (-104 -32 -96 ) 
4 163 191 (-104 -32 -384 ) (-16 -32 -384 ) (-16 -32 -96 ) (-104 -32 -96 ) 
4 163 189 (-224 -32 48 ) (-224 -32 -80 ) (-16 -32 -80 ) (-16 -32 48 ) 
4 163 186 (-224 -32 192 ) (-224 -32 64 ) (-16 -32 64 ) (-16 -32 192 ) 
4 163 183 (-224 -32 336 ) (-224 -32 208 ) (-16 -32 208 ) (-16 -32 336 ) 
4 163 179 (-224 -32 480 ) (-224 -32 352 ) (-16 -32 352 ) (-16 -32 480 ) 
4 163 174 (-224 -32 608 ) (-224 -32 496 ) (-128 -32 496 ) (-128 -32 608 ) 
4 163 173 (-224 -32 624 ) (-224 -32 608 ) (-128 -32 608 ) (-128 -32 624 ) 
4 163 172 (-128 -32 496 ) (-16 -32 496 ) (-16 -32 624 ) (-128 -32 624 ) 
4 163 169 (-224 -32 768 ) (-224 -32 640 ) (-16 -32 640 ) (-16 -32 768 ) 
4 163 166 (-224 -32 912 ) (-224 -32 784 ) (-16 -32 784 ) (-16 -32 912 ) 
4 163 164 (-224 -32 1748 ) (-224 -32 928 ) (-16 -32 928 ) (-16 -32 1748 ) 
4 164 308 (0 -224 928 ) (0 -224 1748 ) (-224 -224 1748 ) (-224 -224 928 ) 
4 164 200 (-224 -224 928 ) (-224 -224 1748 ) (-224 -32 1748 ) (-224 -32 928 ) 
4 165 166 (-16 -48 784 ) (-16 -208 784 ) (-16 -208 912 ) (-16 -48 912 ) 
4 166 201 (-224 -208 912 ) (-224 -32 912 ) (-224 -32 784 ) (-224 -208 784 ) 
4 166 167 (-224 -208 784 ) (-128 -208 784 ) (-128 -208 896 ) (-224 -208 896 ) 
4 167 308 (-224 -224 896 ) (-224 -224 784 ) (-128 -224 784 ) (-128 -224 896 ) 
4 168 169 (-16 -48 640 ) (-16 -208 640 ) (-16 -208 768 ) (-16 -48 768 ) 
4 169 204 (-224 -208 768 ) (-224 -32 768 ) (-224 -32 640 ) (-224 -208 640 ) 
4 169 170 (-224 -208 640 ) (-128 -208 640 ) (-128 -208 752 ) (-224 -208 752 ) 
4 170 308 (-224 -224 752 ) (-224 -224 640 ) (-128 -224 640 ) (-128 -224 752 ) 
4 171 172 (-16 -48 496 ) (-16 -208 496 ) (-16 -208 624 ) (-16 -48 624 ) 
4 172 174 (-128 -32 496 ) (-128 -208 496 ) (-128 -208 608 ) (-128 -32 608 ) 
4 172 173 (-128 -208 608 ) (-128 -208 624 ) (-128 -32 624 ) (-128 -32 608 ) 
4 173 207 (-224 -208 624 ) (-224 -32 624 ) (-224 -32 608 ) (-224 -208 608 ) 
4 173 174 (-224 -32 608 ) (-128 -32 608 ) (-128 -208 608 ) (-224 -208 608 ) 
4 174 207 (-224 -32 608 ) (-224 -32 496 ) (-224 -208 496 ) (-224 -208 608 ) 
5 174 176 (-188 -218 496 ) (-157.414795 -218 496 ) (-129.011993 -218 602 ) (-151.404587 -218 608 ) (-188 -218 608 ) 
3 174 175 (-128 -218 601.728821 ) (-128 -218 608 ) (-151.404587 -218 608 ) 
3 175 177 (-128 -222 601.728821 ) (-128 -222 608 ) (-151.404587 -222 608 ) 
4 175 176 (-151.400772 -222 608 ) (-151.400772 -218 608 ) (-129.011734 -218 602 ) (-129.011734 -222 602 ) 
5 176 177 (-188 -222 496 ) (-157.414795 -222 496 ) (-129.011993 -222 602 ) (-151.404587 -222 608 ) (-188 -222 608 ) 
4 177 314 (-224 -224 608 ) (-224 -224 496 ) (-128 -224 496 ) (-128 -224 608 ) 
4 178 179 (-16 -48 352 ) (-16 -208 352 ) (-16 -208 480 ) (-16 -48 480 ) 
4 179 210 (-224 -32 480 ) (-224 -32 352 ) (-224 -208 352 ) (-224 -208 480 ) 
5 179 180 (-186.727005 -208 352 ) (-139.466995 -208 352 ) (-136.648972 -208 394.260529 ) (-183.776779 -208 413.111115 ) (-205.075851 -208 402.461578 ) 
5 180 181 (-186.727005 -210 352 ) (-139.466995 -210 352 ) (-136.648972 -210 394.260529 ) (-183.776779 -210 413.111115 ) (-205.075851 -210 402.461578 ) 
4 181 315 (-224 -224 464 ) (-224 -224 352 ) (-128 -224 352 ) (-128 -224 464 ) 
4 182 183 (-16 -48 208 ) (-16 -208 208 ) (-16 -208 336 ) (-16 -48 336 ) 
4 183 213 (-224 -208 336 ) (-224 -32 336 ) (-224 -32 208 ) (-224 -208 208 ) 
4 183 184 (-224 -208 208 ) (-128 -208 208 ) (-128 -208 320 ) (-224 -208 320 ) 
4 184 315 (-224 -224 320 ) (-224 -224 208 ) (-128 -224 208 ) (-128 -224 320 ) 
4 185 186 (-16 -48 64 ) (-16 -208 64 ) (-16 -208 192 ) (-16 -48 192 ) 
4 186 218 (-224 -208 192 ) (-224 -32 192 ) (-224 -32 64 ) (-224 -208 64 ) 
4 186 187 (-224 -208 64 ) (-128 -208 64 ) (-128 -208 176 ) (-224 -208 176 ) 
4 187 315 (-224 -224 176 ) (-224 -224 64 ) (-128 -224 64 ) (-128 -224 176 ) 
4 188 189 (-16 -48 -80 ) (-16 -208 -80 ) (-16 -208 48 ) (-16 -48 48 ) 
4 189 221 (-224 -208 48 ) (-224 -32 48 ) (-224 -32 -80 ) (-224 -208 -80 ) 
4 189 190 (-224 -208 -80 ) (-128 -208 -80 ) (-128 -208 32 ) (-224 -208 32 ) 
4 190 315 (-224 -224 32 ) (-224 -224 -80 ) (-128 -224 -80 ) (-128 -224 32 ) 
4 191 309 (0 -224 -384 ) (0 -224 -96 ) (-72 -224 -96 ) (-72 -224 -384 ) 
4 191 194 (-104 -192 -384 ) (-104 -32 -384 ) (-72 -32 -384 ) (-72 -192 -384 ) 
4 191 193 (0 -224 -384 ) (-72 -224 -384 ) (-72 -32 -384 ) (0 -32 -384 ) 
4 191 192 (-104 -32 -384 ) (-104 -192 -384 ) (-104 -192 -96 ) (-104 -32 -96 ) 
4 192 223 (-224 -192 -96 ) (-224 -32 -96 ) (-224 -32 -384 ) (-224 -192 -384 ) 
4 192 194 (-224 -192 -384 ) (-224 -32 -384 ) (-104 -32 -384 ) (-104 -192 -384 ) 
4 193 312 (0 -224 -400 ) (0 -224 -384 ) (-72 -224 -384 ) (-72 -224 -400 ) 
4 193 195 (0 -224 -400 ) (-72 -224 -400 ) (-72 -32 -400 ) (0 -32 -400 ) 
4 193 194 (-72 -32 -400 ) (-72 -192 -400 ) (-72 -192 -384 ) (-72 -32 -384 ) 
4 194 227 (-224 -192 -384 ) (-224 -32 -384 ) (-224 -32 -400 ) (-224 -192 -400 ) 
4 194 195 (-224 -192 -400 ) (-224 -32 -400 ) (-72 -32 -400 ) (-72 -192 -400 ) 
4 195 316 (-120 -224 -400 ) (-224 -224 -400 ) (-224 -224 -716 ) (-120 -224 -716 ) 
4 195 313 (-72 -224 -400 ) (-120 -224 -400 ) (-120 -224 -716 ) (-72 -224 -716 ) 
4 195 312 (0 -224 -716 ) (0 -224 -400 ) (-72 -224 -400 ) (-72 -224 -716 ) 
4 195 228 (-224 -224 -716 ) (-224 -224 -400 ) (-224 -192 -400 ) (-224 -192 -716 ) 
4 195 227 (-224 -192 -400 ) (-224 -32 -400 ) (-224 -32 -716 ) (-224 -192 -716 ) 
4 196 216 (-336 0 192 ) (-224 0 192 ) (-224 -32 192 ) (-336 -32 192 ) 
4 196 213 (-224 -32 208 ) (-224 -32 336 ) (-336 -32 336 ) (-336 -32 208 ) 
4 196 210 (-224 -32 352 ) (-224 -32 480 ) (-336 -32 480 ) (-336 -32 352 ) 
4 196 207 (-224 -32 496 ) (-224 -32 624 ) (-336 -32 624 ) (-336 -32 496 ) 
4 196 204 (-224 -32 640 ) (-224 -32 768 ) (-336 -32 768 ) (-336 -32 640 ) 
4 196 201 (-224 -32 784 ) (-224 -32 912 ) (-336 -32 912 ) (-336 -32 784 ) 
4 196 200 (-224 -32 928 ) (-224 -32 1748 ) (-336 -32 1748 ) (-336 -32 928 ) 
4 196 198 (-336 -32 480 ) (-336 -32 496 ) (-336 0 496 ) (-336 0 480 ) 
4 196 197 (-336 -32 624 ) (-336 -32 1748 ) (-336 0 1748 ) (-336 0 624 ) 
4 197 200 (-336 -32 928 ) (-336 -32 1748 ) (-385 -32 1748 ) (-385 -32 928 ) 
4 197 199 (-385 0 1748 ) (-385 0 624 ) (-385 -32 624 ) (-385 -32 1748 ) 
4 198 199 (-385 0 496 ) (-385 0 480 ) (-385 -32 480 ) (-385 -32 496 ) 
4 199 250 (-610 0 1748 ) (-610 0 192 ) (-610 -32 192 ) (-610 -32 1748 ) 
4 199 217 (-610 -32 192 ) (-610 0 192 ) (-385 0 192 ) (-385 -32 192 ) 
4 199 200 (-610 -32 1748 ) (-610 -32 928 ) (-385 -32 928 ) (-385 -32 1748 ) 
4 200 335 (-280 -224 1748 ) (-610 -224 1748 ) (-610 -224 928 ) (-280 -224 928 ) 
4 200 326 (-248 -224 1748 ) (-280 -224 1748 ) (-280 -224 928 ) (-248 -224 928 ) 
4 200 308 (-224 -224 928 ) (-224 -224 1748 ) (-248 -224 1748 ) (-248 -224 928 ) 
4 200 289 (-610 -224 928 ) (-610 -224 1748 ) (-610 -208 1748 ) (-610 -208 928 ) 
4 200 253 (-610 -208 1748 ) (-610 -48 1748 ) (-610 -48 928 ) (-610 -208 928 ) 
4 200 250 (-610 -48 1748 ) (-610 -32 1748 ) (-610 -32 928 ) (-610 -48 928 ) 
4 201 202 (-336 -48 784 ) (-336 -208 784 ) (-336 -208 912 ) (-336 -48 912 ) 
4 202 254 (-610 -120 784 ) (-610 -168 784 ) (-610 -168 892 ) (-610 -120 892 ) 
4 202 203 (-496 -208 784 ) (-450 -208 784 ) (-450 -208 892 ) (-496 -208 892 ) 
4 203 335 (-496 -224 892 ) (-496 -224 784 ) (-450 -224 784 ) (-450 -224 892 ) 
4 204 205 (-336 -48 640 ) (-336 -208 640 ) (-336 -208 768 ) (-336 -48 768 ) 
4 205 256 (-610 -120 640 ) (-610 -168 640 ) (-610 -168 748 ) (-610 -120 748 ) 
4 205 206 (-496 -208 640 ) (-450 -208 640 ) (-450 -208 748 ) (-496 -208 748 ) 
4 206 335 (-496 -224 748 ) (-496 -224 640 ) (-450 -224 640 ) (-450 -224 748 ) 
4 207 208 (-336 -48 496 ) (-336 -208 496 ) (-336 -208 624 ) (-336 -48 624 ) 
4 208 258 (-610 -120 496 ) (-610 -168 496 ) (-610 -168 604 ) (-610 -120 604 ) 
4 208 209 (-496 -208 496 ) (-450 -208 496 ) (-450 -208 604 ) (-496 -208 604 ) 
4 210 211 (-336 -48 352 ) (-336 -208 352 ) (-336 -208 480 ) (-336 -48 480 ) 
4 211 259 (-610 -120 352 ) (-610 -168 352 ) (-610 -168 460 ) (-610 -120 460 ) 
4 211 212 (-496 -208 352 ) (-450 -208 352 ) (-450 -208 460 ) (-496 -208 460 ) 
4 213 214 (-336 -48 208 ) (-336 -208 208 ) (-336 -208 336 ) (-336 -48 336 ) 
4 214 260 (-610 -120 208 ) (-610 -168 208 ) (-610 -168 316 ) (-610 -120 316 ) 
4 214 215 (-496 -208 208 ) (-450 -208 208 ) (-450 -208 316 ) (-496 -208 316 ) 
4 216 229 (-336 0 48 ) (-280 0 48 ) (-280 -32 48 ) (-336 -32 48 ) 
4 216 221 (-280 0 48 ) (-224 0 48 ) (-224 -32 48 ) (-280 -32 48 ) 
4 216 218 (-224 -32 64 ) (-224 -32 192 ) (-336 -32 192 ) (-336 -32 64 ) 
4 217 250 (-610 -32 192 ) (-610 0 192 ) (-610 0 48 ) (-610 -32 48 ) 
4 217 230 (-610 -32 48 ) (-610 0 48 ) (-385 0 48 ) (-385 -32 48 ) 
4 218 219 (-336 -48 64 ) (-336 -208 64 ) (-336 -208 192 ) (-336 -48 192 ) 
4 219 261 (-610 -120 64 ) (-610 -168 64 ) (-610 -168 172 ) (-610 -120 172 ) 
4 219 220 (-496 -208 172 ) (-496 -208 64 ) (-450 -208 64 ) (-450 -208 172 ) 
4 221 239 (-280 -208 48 ) (-280 -132 48 ) (-280 -132 -80 ) (-280 -208 -80 ) 
4 221 231 (-280 -132 48 ) (-280 -32 48 ) (-280 -32 -80 ) (-280 -132 -80 ) 
4 221 229 (-280 -32 48 ) (-280 0 48 ) (-280 0 -80 ) (-280 -32 -80 ) 
4 221 224 (-280 -32 -80 ) (-280 0 -80 ) (-248 0 -80 ) (-248 -32 -80 ) 
4 221 222 (-248 0 -80 ) (-224 0 -80 ) (-224 -32 -80 ) (-248 -32 -80 ) 
4 222 224 (-248 -32 -80 ) (-248 0 -80 ) (-248 0 -96 ) (-248 -32 -96 ) 
4 222 223 (-248 -32 -96 ) (-248 0 -96 ) (-224 0 -96 ) (-224 -32 -96 ) 
4 223 227 (-248 0 -384 ) (-224 0 -384 ) (-224 -192 -384 ) (-248 -192 -384 ) 
4 223 226 (-248 -192 -160 ) (-248 -192 -96 ) (-248 -144 -96 ) (-248 -144 -160 ) 
4 223 225 (-248 -32 -384 ) (-248 -144 -384 ) (-248 -144 -96 ) (-248 -32 -96 ) 
4 223 224 (-248 0 -384 ) (-248 -32 -384 ) (-248 -32 -96 ) (-248 0 -96 ) 
4 224 237 (-280 0 -368 ) (-280 0 -384 ) (-280 -32 -384 ) (-280 -32 -368 ) 
4 224 235 (-280 0 -240 ) (-280 0 -368 ) (-280 -32 -368 ) (-280 -32 -240 ) 
4 224 233 (-280 0 -96 ) (-280 0 -240 ) (-280 -32 -240 ) (-280 -32 -96 ) 
4 224 229 (-280 -32 -80 ) (-280 0 -80 ) (-280 0 -96 ) (-280 -32 -96 ) 
4 224 227 (-280 -32 -384 ) (-280 0 -384 ) (-248 0 -384 ) (-248 -32 -384 ) 
4 224 225 (-280 -32 -384 ) (-248 -32 -384 ) (-248 -32 -96 ) (-280 -32 -96 ) 
4 225 241 (-280 -144 -222.618652 ) (-280 -144 -96 ) (-280 -132 -96 ) (-280 -132 -256 ) 
4 225 237 (-280 -32 -368 ) (-280 -32 -384 ) (-280 -132 -384 ) (-280 -132 -368 ) 
4 225 235 (-280 -32 -240 ) (-280 -32 -368 ) (-280 -132 -368 ) (-280 -132 -240 ) 
4 225 233 (-280 -32 -96 ) (-280 -32 -240 ) (-280 -132 -240 ) (-280 -132 -96 ) 
4 225 227 (-280 -144 -384 ) (-280 -32 -384 ) (-248 -32 -384 ) (-248 -144 -384 ) 
4 225 226 (-248 -144 -160 ) (-248 -144 -96 ) (-280 -144 -96 ) (-280 -144 -160 ) 
3 226 247 (-280 -224 -160 ) (-280 -224 -157.975281 ) (-280 -221.456970 -160 ) 
5 226 244 (-280 -224 -157.975281 ) (-280 -224 -96 ) (-280 -144 -96 ) (-280 -144 -160 ) (-280 -221.456970 -160 ) 
4 227 249 (-280 -132 -390 ) (-280 -132 -716 ) (-280 -192 -716 ) (-280 -192 -390 ) 
4 227 237 (-280 -132 -384 ) (-280 0 -384 ) (-280 0 -716 ) (-280 -132 -716 ) 
4 227 228 (-280 -192 -716 ) (-224 -192 -716 ) (-224 -192 -400 ) (-280 -192 -400 ) 
4 228 328 (-248 -224 -400 ) (-280 -224 -400 ) (-280 -224 -716 ) (-248 -224 -716 ) 
4 228 320 (-232 -224 -400 ) (-248 -224 -400 ) (-248 -224 -716 ) (-232 -224 -716 ) 
4 228 316 (-224 -224 -716 ) (-224 -224 -400 ) (-232 -224 -400 ) (-232 -224 -716 ) 
4 228 249 (-280 -224 -716 ) (-280 -224 -400 ) (-280 -192 -400 ) (-280 -192 -716 ) 
4 229 233 (-336 0 -96 ) (-280 0 -96 ) (-280 -32 -96 ) (-336 -32 -96 ) 
4 229 231 (-280 -32 -80 ) (-280 -32 48 ) (-336 -32 48 ) (-336 -32 -80 ) 
4 230 250 (-610 -32 48 ) (-610 0 48 ) (-610 0 -96 ) (-610 -32 -96 ) 
4 230 234 (-610 -32 -96 ) (-610 0 -96 ) (-560 0 -96 ) (-560 -32 -96 ) 
4 230 233 (-560 0 -96 ) (-385 0 -96 ) (-385 -32 -96 ) (-560 -32 -96 ) 
4 231 239 (-280 -132 -80 ) (-280 -132 48 ) (-336 -132 48 ) (-336 -132 -80 ) 
4 231 232 (-336 -48 -80 ) (-336 -132 -80 ) (-336 -132 48 ) (-336 -48 48 ) 
4 232 262 (-610 -132 -80 ) (-610 -132 28 ) (-610 -120 28 ) (-610 -120 -80 ) 
4 232 239 (-336 -132 48 ) (-610 -132 48 ) (-610 -132 -80 ) (-336 -132 -80 ) 
4 233 241 (-280 -132 -240 ) (-280 -132 -96 ) (-560 -132 -96 ) (-560 -132 -240 ) 
4 233 235 (-280 -132 -240 ) (-544 -132 -240 ) (-544 0 -240 ) (-280 0 -240 ) 
4 233 234 (-560 -132 -224 ) (-560 -132 -96 ) (-560 0 -96 ) (-560 0 -224 ) 
4 234 263 (-610 -132 -224 ) (-610 -132 -96 ) (-610 -48 -96 ) (-610 -48 -224 ) 
4 234 250 (-610 -48 -96 ) (-610 0 -96 ) (-610 0 -224 ) (-610 -48 -224 ) 
4 234 242 (-560 -132 -96 ) (-610 -132 -96 ) (-610 -132 -224 ) (-560 -132 -224 ) 
4 235 241 (-280 -132 -256 ) (-280 -132 -240 ) (-544 -132 -240 ) (-544 -132 -256 ) 
4 235 237 (-280 -132 -368 ) (-544 -132 -368 ) (-544 0 -368 ) (-280 0 -368 ) 
4 236 264 (-610 -132 -368 ) (-610 -132 -240 ) (-610 -48 -240 ) (-610 -48 -368 ) 
4 236 251 (-610 -48 -240 ) (-610 0 -240 ) (-610 0 -368 ) (-610 -48 -368 ) 
4 236 243 (-610 -132 -260 ) (-610 -132 -368 ) (-576 -132 -368 ) (-576 -132 -260 ) 
4 237 249 (-280 -132 -716 ) (-280 -132 -390 ) (-560 -132 -390 ) (-560 -132 -716 ) 
4 237 238 (-560 0 -716 ) (-560 -132 -716 ) (-560 -132 -384 ) (-560 0 -384 ) 
4 238 265 (-610 -132 -716 ) (-610 -132 -384 ) (-610 -48 -384 ) (-610 -48 -716 ) 
4 238 252 (-610 -48 -384 ) (-610 0 -384 ) (-610 0 -716 ) (-610 -48 -716 ) 
4 238 249 (-610 -132 -390 ) (-610 -132 -716 ) (-560 -132 -716 ) (-560 -132 -390 ) 
4 239 262 (-610 -132 28 ) (-610 -132 -80 ) (-610 -168 -80 ) (-610 -168 28 ) 
4 239 240 (-496 -208 -80 ) (-450 -208 -80 ) (-450 -208 28 ) (-496 -208 28 ) 
4 241 245 (-280 -144 -222.618652 ) (-280 -144 -221.669571 ) (-560 -144 -221.669556 ) (-560 -144 -222.618652 ) 
4 241 244 (-280 -144 -221.669571 ) (-280 -144 -96 ) (-560 -144 -96 ) (-560 -144 -221.669556 ) 
5 241 242 (-560 -137.753998 -240 ) (-560 -144 -222.625000 ) (-560 -144 -96 ) (-560 -132 -96 ) (-560 -132 -240 ) 
5 242 266 (-610 -144 -96 ) (-610 -132 -96 ) (-610 -132 -240 ) (-610 -137.751709 -240 ) (-610 -144 -222.618652 ) 
4 242 245 (-610 -144 -221.669556 ) (-610 -144 -222.618652 ) (-560 -144 -222.618652 ) (-560 -144 -221.669571 ) 
4 242 244 (-560 -144 -96 ) (-610 -144 -96 ) (-610 -144 -221.669556 ) (-560 -144 -221.669571 ) 
4 243 267 (-610 -132 -260 ) (-610 -132 -368 ) (-610 -144 -368 ) (-610 -144 -260 ) 
4 243 246 (-610 -144 -368 ) (-576 -144 -368 ) (-576 -144 -260 ) (-610 -144 -260 ) 
4 244 337 (-450 -224 -96 ) (-498 -224 -96 ) (-498 -224 -157.975281 ) (-450 -224 -157.975281 ) 
4 244 336 (-280 -224 -157.975281 ) (-280 -224 -96 ) (-450 -224 -96 ) (-450 -224 -157.975281 ) 
4 244 339 (-498 -224 -96 ) (-610 -224 -96 ) (-610 -224 -157.975281 ) (-498 -224 -157.975281 ) 
4 244 289 (-610 -224 -157.975281 ) (-610 -224 -96 ) (-610 -208 -96 ) (-610 -208 -170.714142 ) 
4 244 268 (-610 -208 -96 ) (-610 -189.517197 -96 ) (-610 -144.477982 -221.289001 ) (-610 -208 -170.714142 ) 
4 244 266 (-610 -189.517197 -96 ) (-610 -144 -96 ) (-610 -144 -221.669556 ) (-610 -144.477982 -221.289001 ) 
4 244 247 (-610 -224 -157.973877 ) (-610 -179.436890 -193.453964 ) (-280 -179.436890 -193.453964 ) (-280 -224 -157.973877 ) 
4 244 245 (-610 -144.478775 -221.286774 ) (-610 -144 -221.667969 ) (-280 -144 -221.667969 ) (-280 -144.478775 -221.286774 ) 
3 245 266 (-610 -144.477982 -221.289001 ) (-610 -144 -221.669556 ) (-610 -144 -222.618622 ) 
4 246 343 (-280 -224 -368 ) (-280 -224 -192.184738 ) (-610 -224 -192.184738 ) (-610 -224 -368 ) 
4 246 290 (-610 -224 -368 ) (-610 -224 -192.184738 ) (-610 -208 -196.780563 ) (-610 -208 -368 ) 
6 246 269 (-610 -208 -196.780563 ) (-610 -186.922012 -202.834991 ) (-610 -155.289978 -226.496002 ) (-610 -144 -256 ) (-610 -144 -368 ) (-610 -208 -368 ) 
4 246 248 (-610 -224 -368 ) (-610 -218 -368 ) (-280 -218 -368 ) (-280 -224 -368 ) 
4 247 341 (-280 -224 -179.828873 ) (-280 -224 -178 ) (-610 -224 -178 ) (-610 -224 -179.828873 ) 
4 247 337 (-450 -224 -157.975281 ) (-498 -224 -157.975281 ) (-498 -224 -178 ) (-450 -224 -178 ) 
4 247 336 (-280 -224 -178 ) (-280 -224 -157.975281 ) (-450 -224 -157.975281 ) (-450 -224 -178 ) 
4 247 339 (-498 -224 -157.975281 ) (-610 -224 -157.975281 ) (-610 -224 -178 ) (-498 -224 -178 ) 
4 247 289 (-610 -224 -179.828873 ) (-610 -224 -157.975281 ) (-610 -208 -170.714127 ) (-610 -208 -184.720840 ) 
3 247 270 (-610 -208 -170.714127 ) (-610 -179.439972 -193.453003 ) (-610 -208 -184.720840 ) 
4 248 365 (-280 -224 -374 ) (-280 -224 -368 ) (-610 -224 -368 ) (-610 -224 -374 ) 
4 248 291 (-610 -224 -374 ) (-610 -224 -368 ) (-610 -218 -368 ) (-610 -218 -374 ) 
4 249 374 (-280 -224 -716 ) (-280 -224 -390 ) (-610 -224 -390 ) (-610 -224 -716 ) 
4 249 292 (-610 -224 -716 ) (-610 -224 -390 ) (-610 -208 -390 ) (-610 -208 -716 ) 
4 249 271 (-610 -208 -390 ) (-610 -132 -390 ) (-610 -132 -716 ) (-610 -208 -716 ) 
4 250 276 (-624 0 -96 ) (-624 0 -224 ) (-624 -48 -224 ) (-624 -48 -96 ) 
4 250 272 (-624 0 1748 ) (-624 0 -96 ) (-624 -48 -96 ) (-624 -48 1748 ) 
4 250 263 (-624 -48 -96 ) (-624 -48 -224 ) (-610 -48 -224 ) (-610 -48 -96 ) 
4 250 257 (-624 -48 640 ) (-624 -48 624 ) (-610 -48 624 ) (-610 -48 640 ) 
4 250 255 (-624 -48 784 ) (-624 -48 768 ) (-610 -48 768 ) (-610 -48 784 ) 
4 250 253 (-624 -48 1748 ) (-624 -48 912 ) (-610 -48 912 ) (-610 -48 1748 ) 
4 251 282 (-624 0 -240 ) (-624 0 -368 ) (-624 -48 -368 ) (-624 -48 -240 ) 
4 251 264 (-624 -48 -240 ) (-624 -48 -368 ) (-610 -48 -368 ) (-610 -48 -240 ) 
4 252 287 (-624 0 -384 ) (-624 0 -716 ) (-624 -48 -716 ) (-624 -48 -384 ) 
4 252 265 (-624 -48 -384 ) (-624 -48 -716 ) (-610 -48 -716 ) (-610 -48 -384 ) 
4 253 289 (-610 -208 912 ) (-610 -208 1748 ) (-624 -208 1748 ) (-624 -208 912 ) 
4 253 273 (-624 -168 1748 ) (-624 -120 1748 ) (-624 -120 912 ) (-624 -168 912 ) 
4 253 272 (-624 -120 1748 ) (-624 -48 1748 ) (-624 -48 912 ) (-624 -120 912 ) 
4 253 274 (-624 -208 912 ) (-624 -208 1748 ) (-624 -168 1748 ) (-624 -168 912 ) 
4 254 273 (-624 -168 892 ) (-624 -120 892 ) (-624 -120 784 ) (-624 -168 784 ) 
4 254 255 (-624 -168 784 ) (-624 -120 784 ) (-610 -120 784 ) (-610 -168 784 ) 
4 255 289 (-610 -208 768 ) (-610 -208 784 ) (-624 -208 784 ) (-624 -208 768 ) 
4 255 273 (-624 -168 784 ) (-624 -120 784 ) (-624 -120 768 ) (-624 -168 768 ) 
4 255 272 (-624 -120 784 ) (-624 -48 784 ) (-624 -48 768 ) (-624 -120 768 ) 
4 255 274 (-624 -208 768 ) (-624 -208 784 ) (-624 -168 784 ) (-624 -168 768 ) 
4 256 273 (-624 -168 748 ) (-624 -120 748 ) (-624 -120 640 ) (-624 -168 640 ) 
4 256 257 (-624 -168 640 ) (-624 -120 640 ) (-610 -120 640 ) (-610 -168 640 ) 
4 257 289 (-610 -208 624 ) (-610 -208 640 ) (-624 -208 640 ) (-624 -208 624 ) 
4 257 273 (-624 -168 640 ) (-624 -120 640 ) (-624 -120 624 ) (-624 -168 624 ) 
4 257 272 (-624 -120 640 ) (-624 -48 640 ) (-624 -48 624 ) (-624 -120 624 ) 
4 257 274 (-624 -208 624 ) (-624 -208 640 ) (-624 -168 640 ) (-624 -168 624 ) 
4 263 276 (-624 -132 -224 ) (-624 -132 -96 ) (-624 -48 -96 ) (-624 -48 -224 ) 
4 263 266 (-610 -132 -224 ) (-610 -132 -96 ) (-624 -132 -96 ) (-624 -132 -224 ) 
4 264 282 (-624 -132 -368 ) (-624 -132 -240 ) (-624 -48 -240 ) (-624 -48 -368 ) 
4 264 267 (-610 -132 -368 ) (-610 -132 -260 ) (-624 -132 -260 ) (-624 -132 -368 ) 
4 265 287 (-624 -132 -716 ) (-624 -132 -384 ) (-624 -48 -384 ) (-624 -48 -716 ) 
4 265 271 (-610 -132 -716 ) (-610 -132 -390 ) (-624 -132 -390 ) (-624 -132 -716 ) 
4 266 279 (-624 -132 -231.223679 ) (-624 -132 -240 ) (-624 -137.751709 -240 ) (-624 -144.477982 -221.289001 ) 
4 266 278 (-624 -189.517197 -96 ) (-624 -132 -96 ) (-624 -132 -231.223679 ) (-624 -144.477982 -221.289001 ) 
4 266 268 (-610 -144.478531 -221.288544 ) (-610 -189.517578 -96 ) (-624 -189.517578 -96 ) (-624 -144.478531 -221.288544 ) 
4 267 283 (-624 -132 -260 ) (-624 -132 -368 ) (-624 -144 -368 ) (-624 -144 -260 ) 
4 267 269 (-624 -144 -368 ) (-610 -144 -368 ) (-610 -144 -260 ) (-624 -144 -260 ) 
4 268 289 (-610 -208 -170.714127 ) (-610 -208 -96 ) (-624 -208 -96 ) (-624 -208 -170.714142 ) 
4 268 278 (-624 -208 -170.714127 ) (-624 -208 -96 ) (-624 -189.517197 -96 ) (-624 -144.477982 -221.289001 ) 
4 268 270 (-610 -208 -170.712845 ) (-624 -208 -170.712845 ) (-624 -179.437332 -193.453812 ) (-610 -179.437332 -193.453812 ) 
4 269 290 (-610 -208 -368 ) (-610 -208 -196.780563 ) (-624 -208 -196.780563 ) (-624 -208 -368 ) 
5 269 285 (-624 -208 -368 ) (-624 -208 -240 ) (-624 -150.122543 -240 ) (-624 -144 -256 ) (-624 -144 -368 ) 
5 269 280 (-624 -208 -240 ) (-624 -208 -196.780563 ) (-624 -186.922043 -202.834991 ) (-624 -155.289963 -226.496063 ) (-624 -150.122543 -240 ) 
4 270 289 (-610 -208 -184.720825 ) (-610 -208 -170.714127 ) (-624 -208 -170.714142 ) (-624 -208 -184.720825 ) 
3 270 281 (-624 -208 -184.720825 ) (-624 -208 -170.714127 ) (-624 -179.439987 -193.453003 ) 
4 271 292 (-610 -208 -716 ) (-610 -208 -390 ) (-624 -208 -390 ) (-624 -208 -716 ) 
4 271 288 (-624 -208 -716 ) (-624 -208 -390 ) (-624 -132 -390 ) (-624 -132 -716 ) 
4 272 276 (-624 0 -96 ) (-624 -120 -96 ) (-638 -120 -96 ) (-638 0 -96 ) 
4 272 273 (-638 -120 1748 ) (-638 -120 604 ) (-624 -120 604 ) (-624 -120 1748 ) 
4 272 275 (-638 0 -96 ) (-638 -120 -96 ) (-638 -120 1748 ) (-638 0 1748 ) 
4 273 275 (-638 -168 604 ) (-638 -168 1748 ) (-638 -120 1748 ) (-638 -120 604 ) 
4 273 274 (-638 -168 1748 ) (-638 -168 604 ) (-624 -168 604 ) (-624 -168 1748 ) 
4 274 289 (-638 -208 -96 ) (-624 -208 -96 ) (-624 -208 1748 ) (-638 -208 1748 ) 
4 274 278 (-624 -168 -96 ) (-624 -208 -96 ) (-638 -208 -96 ) (-638 -168 -96 ) 
4 274 275 (-638 -168 -96 ) (-638 -208 -96 ) (-638 -208 1748 ) (-638 -168 1748 ) 
4 275 295 (-704 -144 -96 ) (-704 -208 -96 ) (-704 -208 -2 ) (-704 -144 -2 ) 
4 275 294 (-704 0 -2 ) (-704 0 -96 ) (-704 -144 -96 ) (-704 -144 -2 ) 
4 275 293 (-704 0 1748 ) (-704 0 -2 ) (-704 -208 -2 ) (-704 -208 1748 ) 
4 275 289 (-704 -208 1748 ) (-704 -208 -96 ) (-638 -208 -96 ) (-638 -208 1748 ) 
4 275 278 (-638 -208 -96 ) (-704 -208 -96 ) (-704 -132 -96 ) (-638 -132 -96 ) 
4 275 276 (-688 0 -96 ) (-638 0 -96 ) (-638 -132 -96 ) (-688 -132 -96 ) 
4 275 277 (-704 -132 -96 ) (-704 0 -96 ) (-688 0 -96 ) (-688 -132 -96 ) 
4 276 278 (-624 -132 -224 ) (-624 -132 -96 ) (-688 -132 -96 ) (-688 -132 -224 ) 
4 276 277 (-688 -132 -224 ) (-688 -132 -96 ) (-688 0 -96 ) (-688 0 -224 ) 
4 277 294 (-704 0 -96 ) (-704 0 -240 ) (-704 -132 -240 ) (-704 -132 -96 ) 
4 277 279 (-704 -132 -240 ) (-688 -132 -240 ) (-688 -132 -231.223679 ) (-704 -132 -231.223679 ) 
4 277 278 (-688 -132 -231.223679 ) (-688 -132 -96 ) (-704 -132 -96 ) (-704 -132 -231.223679 ) 
5 278 295 (-704 -208 -170.714142 ) (-704 -208 -96 ) (-704 -144 -96 ) (-704 -144 -178 ) (-704 -198.848969 -178 ) 
4 278 294 (-704 -144 -96 ) (-704 -132 -96 ) (-704 -132 -231.223679 ) (-704 -144 -221.669540 ) 
4 278 289 (-704 -208 -96 ) (-704 -208 -170.714142 ) (-624 -208 -170.714142 ) (-624 -208 -96 ) 
4 278 281 (-624 -179.441696 -193.452484 ) (-624 -208 -170.714935 ) (-704 -208 -170.714935 ) (-704 -179.441711 -193.452484 ) 
4 278 279 (-704 -132 -231.224625 ) (-624 -132 -231.224625 ) (-624 -144.477539 -221.290253 ) (-704 -144.477539 -221.290268 ) 
5 279 294 (-704 -132 -240 ) (-704 -137.751709 -240 ) (-704 -144 -222.618652 ) (-704 -144 -221.669540 ) (-704 -132 -231.223679 ) 
4 279 284 (-688 -137.751709 -240 ) (-704 -137.751709 -240 ) (-704 -132 -240 ) (-688 -132 -240 ) 
4 280 290 (-704 -208 -196.780563 ) (-704 -208 -240 ) (-624 -208 -240 ) (-624 -208 -196.780563 ) 
4 280 285 (-624 -150.122559 -240 ) (-624 -208 -240 ) (-704 -208 -240 ) (-704 -150.122559 -240 ) 
3 281 295 (-704 -208 -178 ) (-704 -208 -170.714142 ) (-704 -198.848953 -178 ) 
4 281 289 (-704 -208 -170.714142 ) (-704 -208 -184.720825 ) (-624 -208 -184.720825 ) (-624 -208 -170.714142 ) 
4 282 283 (-670 -132 -368 ) (-624 -132 -368 ) (-624 -132 -260 ) (-670 -132 -260 ) 
4 283 285 (-670 -144 -368 ) (-624 -144 -368 ) (-624 -144 -260 ) (-670 -144 -260 ) 
3 284 294 (-704 -137.751709 -240 ) (-704 -132 -240 ) (-704 -132 -256 ) 
4 285 290 (-704 -208 -240 ) (-704 -208 -368 ) (-624 -208 -368 ) (-624 -208 -240 ) 
4 286 294 (-704 0 -368 ) (-704 0 -384 ) (-704 -132 -384 ) (-704 -132 -368 ) 
4 286 287 (-688 -132 -384 ) (-704 -132 -384 ) (-704 0 -384 ) (-688 0 -384 ) 
4 287 296 (-704 0 -390 ) (-704 0 -716 ) (-704 -132 -716 ) (-704 -132 -390 ) 
4 287 294 (-704 0 -384 ) (-704 0 -390 ) (-704 -132 -390 ) (-704 -132 -384 ) 
4 287 288 (-624 -132 -716 ) (-624 -132 -390 ) (-704 -132 -390 ) (-704 -132 -716 ) 
4 288 296 (-704 -208 -716 ) (-704 -208 -390 ) (-704 -132 -390 ) (-704 -132 -716 ) 
4 288 292 (-704 -208 -390 ) (-704 -208 -716 ) (-624 -208 -716 ) (-624 -208 -390 ) 
4 289 341 (-610 -224 -179.828873 ) (-610 -224 -178 ) (-704 -224 -178 ) (-704 -224 -179.828857 ) 
4 289 339 (-610 -224 -178 ) (-610 -224 604 ) (-704 -224 604 ) (-704 -224 -178 ) 
4 289 335 (-610 -224 604 ) (-610 -224 1748 ) (-704 -224 1748 ) (-704 -224 604 ) 
4 289 295 (-704 -224 -178 ) (-704 -224 -2 ) (-704 -208 -2 ) (-704 -208 -178 ) 
4 289 293 (-704 -224 -2 ) (-704 -224 1748 ) (-704 -208 1748 ) (-704 -208 -2 ) 
4 290 343 (-610 -224 -368 ) (-610 -224 -192.184753 ) (-704 -224 -192.184738 ) (-704 -224 -368 ) 
4 290 291 (-704 -224 -368 ) (-704 -218 -368 ) (-610 -218 -368 ) (-610 -224 -368 ) 
4 291 365 (-610 -224 -374 ) (-610 -224 -368 ) (-704 -224 -368 ) (-704 -224 -374 ) 
4 292 374 (-610 -224 -716 ) (-610 -224 -390 ) (-704 -224 -390 ) (-704 -224 -716 ) 
4 292 296 (-704 -224 -716 ) (-704 -224 -390 ) (-704 -208 -390 ) (-704 -208 -716 ) 
4 293 355 (-864 -224 1748 ) (-992 -224 1748 ) (-992 -224 -2 ) (-864 -224 -2 ) 
4 293 354 (-848 -224 1748 ) (-864 -224 1748 ) (-864 -224 -2 ) (-848 -224 -2 ) 
4 293 350 (-704 -224 -2 ) (-704 -224 1748 ) (-720 -224 1748 ) (-720 -224 -2 ) 
4 293 351 (-720 -224 1748 ) (-848 -224 1748 ) (-848 -224 -2 ) (-720 -224 -2 ) 
4 293 302 (-992 -224 -2 ) (-992 -224 1748 ) (-992 -160 1748 ) (-992 -160 -2 ) 
4 293 301 (-992 -160 1748 ) (-992 0 1748 ) (-992 0 -2 ) (-992 -160 -2 ) 
4 293 297 (-848 0 -2 ) (-720 0 -2 ) (-720 -224 -2 ) (-848 -224 -2 ) 
4 293 295 (-704 -144 -2 ) (-704 -224 -2 ) (-720 -224 -2 ) (-720 -144 -2 ) 
4 293 294 (-720 0 -2 ) (-704 0 -2 ) (-704 -144 -2 ) (-720 -144 -2 ) 
4 294 298 (-720 0 -368 ) (-720 0 -390 ) (-720 -144 -390 ) (-720 -144 -368 ) 
4 294 297 (-720 -144 -2 ) (-720 0 -2 ) (-720 0 -368 ) (-720 -144 -368 ) 
4 294 296 (-720 -144 -390 ) (-720 0 -390 ) (-704 0 -390 ) (-704 -144 -390 ) 
4 294 295 (-720 -144 -2 ) (-720 -144 -178 ) (-704 -144 -178 ) (-704 -144 -2 ) 
4 295 350 (-704 -224 -178 ) (-704 -224 -2 ) (-720 -224 -2 ) (-720 -224 -178 ) 
4 295 297 (-720 -224 -178 ) (-720 -224 -2 ) (-720 -144 -2 ) (-720 -144 -178 ) 
4 296 374 (-704 -224 -716 ) (-704 -224 -390 ) (-720 -224 -390 ) (-720 -224 -716 ) 
4 296 298 (-720 -224 -716 ) (-720 -224 -390 ) (-720 0 -390 ) (-720 0 -716 ) 
4 297 351 (-720 -224 -368 ) (-720 -224 -2 ) (-848 -224 -2 ) (-848 -224 -368 ) 
4 297 298 (-848 0 -368 ) (-720 0 -368 ) (-720 -224 -368 ) (-848 -224 -368 ) 
4 298 374 (-720 -224 -716 ) (-720 -224 -390 ) (-864 -224 -390 ) (-864 -224 -716 ) 
4 298 368 (-720 -224 -390 ) (-720 -224 -368 ) (-864 -224 -368 ) (-864 -224 -390 ) 
4 298 300 (-864 -224 -716 ) (-864 -224 -384 ) (-864 0 -384 ) (-864 0 -716 ) 
4 299 357 (-864 -224 -368 ) (-864 -224 -260 ) (-992 -224 -260 ) (-992 -224 -368 ) 
4 299 356 (-864 -224 -260 ) (-864 -224 -240 ) (-992 -224 -240 ) (-992 -224 -260 ) 
4 299 304 (-992 -224 -368 ) (-992 -224 -240 ) (-992 -160 -240 ) (-992 -160 -368 ) 
4 300 374 (-864 -224 -716 ) (-864 -224 -390 ) (-992 -224 -390 ) (-992 -224 -716 ) 
4 300 369 (-864 -224 -390 ) (-864 -224 -384 ) (-992 -224 -384 ) (-992 -224 -390 ) 
4 300 307 (-992 -224 -716 ) (-992 -224 -384 ) (-992 0 -384 ) (-992 0 -716 ) 
4 301 375 (-1024 0 1748 ) (-1024 0 -48 ) (-1024 -160 -48 ) (-1024 -160 1748 ) 
4 301 302 (-992 -160 -48 ) (-992 -160 1748 ) (-1024 -160 1748 ) (-1024 -160 -48 ) 
4 302 377 (-1024 -224 -228 ) (-1024 -224 1748 ) (-1024 -160 1748 ) (-1024 -160 -228 ) 
4 302 358 (-992 -224 -228 ) (-992 -224 1748 ) (-1024 -224 1748 ) (-1024 -224 -228 ) 
4 302 303 (-1024 -160 -228 ) (-1020 -160 -228 ) (-1020 -224 -228 ) (-1024 -224 -228 ) 
4 303 377 (-1024 -224 -240 ) (-1024 -224 -228 ) (-1024 -160 -228 ) (-1024 -160 -240 ) 
4 303 359 (-1020 -224 -228 ) (-1024 -224 -228 ) (-1024 -224 -240 ) (-1020 -224 -240 ) 
4 304 360 (-992 -224 -368 ) (-992 -224 -240 ) (-1020 -224 -240 ) (-1020 -224 -368 ) 
4 305 307 (-1020 0 -384 ) (-992 0 -384 ) (-992 -160 -384 ) (-1020 -160 -384 ) 
4 305 306 (-1020 0 -384 ) (-1020 -160 -384 ) (-1020 -160 -368 ) (-1020 0 -368 ) 
4 306 386 (-1024 0 -368 ) (-1024 0 -384 ) (-1024 -224 -384 ) (-1024 -224 -368 ) 
4 306 372 (-1020 -224 -368 ) (-1024 -224 -368 ) (-1024 -224 -384 ) (-1020 -224 -384 ) 
4 306 307 (-1024 0 -384 ) (-1020 0 -384 ) (-1020 -224 -384 ) (-1024 -224 -384 ) 
4 307 386 (-1024 0 -384 ) (-1024 0 -716 ) (-1024 -224 -716 ) (-1024 -224 -384 ) 
4 307 374 (-992 -224 -716 ) (-992 -224 -390 ) (-1024 -224 -390 ) (-1024 -224 -716 ) 
4 307 370 (-992 -224 -390 ) (-992 -224 -384 ) (-1020 -224 -384 ) (-1020 -224 -390 ) 
4 307 372 (-1020 -224 -384 ) (-1024 -224 -384 ) (-1024 -224 -390 ) (-1020 -224 -390 ) 
4 308 329 (0 -384 640 ) (0 -384 1748 ) (-248 -384 1748 ) (-248 -384 640 ) 
4 308 326 (-248 -224 1748 ) (-248 -224 640 ) (-248 -384 640 ) (-248 -384 1748 ) 
4 308 321 (-248 -352 640 ) (-248 -336 640 ) (-232 -336 640 ) (-232 -352 640 ) 
4 308 310 (-120 -352 640 ) (-120 -336 640 ) (-104 -336 640 ) (-104 -352 640 ) 
4 308 309 (0 -384 640 ) (-72 -384 640 ) (-72 -224 640 ) (0 -224 640 ) 
4 309 333 (-16 -384 -368 ) (-72 -384 -368 ) (-72 -384 -384 ) (-16 -384 -384 ) 
4 309 103 (0 -384 -384 ) (0 -384 -368 ) (-16 -384 -368 ) (-16 -384 -384 ) 
4 309 329 (0 -384 -368 ) (0 -384 640 ) (-72 -384 640 ) (-72 -384 -368 ) 
4 309 312 (0 -384 -384 ) (-72 -384 -384 ) (-72 -224 -384 ) (0 -224 -384 ) 
4 311 323 (-120 -336 -384 ) (-120 -352 -384 ) (-120 -352 -352 ) (-120 -336 -352 ) 
4 311 322 (-120 -352 -352 ) (-120 -352 488 ) (-120 -336 488 ) (-120 -336 -352 ) 
4 311 315 (-120 -224 488 ) (-120 -224 -384 ) (-120 -336 -384 ) (-120 -336 488 ) 
4 312 334 (0 -384 -716 ) (0 -384 -384 ) (-72 -384 -384 ) (-72 -384 -716 ) 
4 312 313 (-72 -224 -716 ) (-72 -384 -716 ) (-72 -384 -400 ) (-72 -224 -400 ) 
4 313 334 (-120 -384 -400 ) (-120 -384 -716 ) (-72 -384 -716 ) (-72 -384 -400 ) 
4 313 325 (-120 -384 -716 ) (-120 -384 -400 ) (-120 -336 -400 ) (-120 -336 -716 ) 
4 313 316 (-120 -336 -400 ) (-120 -224 -400 ) (-120 -224 -716 ) (-120 -336 -716 ) 
4 315 323 (-120 -336 -384 ) (-120 -336 -352 ) (-232 -336 -352 ) (-232 -336 -384 ) 
4 315 322 (-120 -336 -352 ) (-120 -336 488 ) (-232 -336 488 ) (-232 -336 -352 ) 
4 315 317 (-232 -336 -384 ) (-232 -336 488 ) (-232 -224 488 ) (-232 -224 -384 ) 
4 316 325 (-120 -336 -716 ) (-120 -336 -400 ) (-232 -336 -400 ) (-232 -336 -716 ) 
4 316 320 (-232 -336 -716 ) (-232 -336 -400 ) (-232 -224 -400 ) (-232 -224 -716 ) 
4 317 323 (-246 -336 -384 ) (-232 -336 -384 ) (-232 -336 -352 ) (-246 -336 -352 ) 
4 317 322 (-232 -336 -352 ) (-232 -336 488 ) (-246 -336 488 ) (-246 -336 -352 ) 
4 317 319 (-246 -336 -352 ) (-246 -336 488 ) (-246 -304 488 ) (-246 -304 -352 ) 
4 317 318 (-246 -224 -384 ) (-246 -304 -384 ) (-246 -304 488 ) (-246 -224 488 ) 
4 318 319 (-246 -304 -352 ) (-246 -304 488 ) (-248 -304 488 ) (-248 -304 -352 ) 
4 319 327 (-248 -336 -352 ) (-248 -336 -312 ) (-248 -304 -312 ) (-248 -304 -352 ) 
4 319 322 (-248 -336 488 ) (-248 -336 -352 ) (-246 -336 -352 ) (-246 -336 488 ) 
4 320 328 (-248 -224 -400 ) (-248 -224 -716 ) (-248 -336 -716 ) (-248 -336 -400 ) 
4 320 325 (-248 -336 -400 ) (-248 -336 -716 ) (-232 -336 -716 ) (-232 -336 -400 ) 
4 322 327 (-248 -336 -312 ) (-248 -336 -352 ) (-248 -344 -352 ) (-248 -344 -312 ) 
4 322 324 (-246 -352 -352 ) (-248 -352 -352 ) (-248 -344 -352 ) (-246 -344 -352 ) 
4 322 323 (-120 -352 -352 ) (-246 -352 -352 ) (-246 -336 -352 ) (-120 -336 -352 ) 
4 323 324 (-246 -344 -384 ) (-246 -352 -384 ) (-246 -352 -352 ) (-246 -344 -352 ) 
4 325 334 (-120 -384 -716 ) (-120 -384 -400 ) (-248 -384 -400 ) (-248 -384 -716 ) 
4 325 328 (-248 -384 -716 ) (-248 -384 -400 ) (-248 -336 -400 ) (-248 -336 -716 ) 
4 326 335 (-280 -224 1748 ) (-280 -224 640 ) (-280 -384 640 ) (-280 -384 1748 ) 
4 326 329 (-280 -384 1748 ) (-280 -384 640 ) (-248 -384 640 ) (-248 -384 1748 ) 
4 327 343 (-280 -304 -352 ) (-280 -344 -352 ) (-280 -344 -312 ) (-280 -304 -312 ) 
4 328 374 (-280 -224 -400 ) (-280 -224 -716 ) (-280 -384 -716 ) (-280 -384 -400 ) 
4 328 334 (-280 -384 -400 ) (-280 -384 -716 ) (-248 -384 -716 ) (-248 -384 -400 ) 
4 329 349 (-280 -384 -178 ) (-280 -384 -368 ) (-280 -464 -368 ) (-280 -464 -178 ) 
4 329 336 (-280 -384 604 ) (-280 -384 -178 ) (-280 -464 -178 ) (-280 -464 604 ) 
4 329 335 (-280 -384 1748 ) (-280 -384 604 ) (-280 -464 604 ) (-280 -464 1748 ) 
4 329 333 (-280 -464 -368 ) (-280 -384 -368 ) (-16 -384 -368 ) (-16 -464 -368 ) 
4 329 103 (-16 -384 -368 ) (0 -384 -368 ) (0 -464 -368 ) (-16 -464 -368 ) 
4 329 330 (0 -464 64 ) (0 -464 1748 ) (-280 -464 1748 ) (-280 -464 64 ) 
4 330 340 (-280 -480 64 ) (-280 -480 604 ) (-280 -464 604 ) (-280 -464 64 ) 
4 330 335 (-280 -480 604 ) (-280 -480 1748 ) (-280 -464 1748 ) (-280 -464 604 ) 
4 330 332 (-280 -480 1748 ) (-280 -480 64 ) (-16 -480 64 ) (-16 -480 1748 ) 
4 330 331 (-16 -480 64 ) (0 -480 64 ) (0 -480 1748 ) (-16 -480 1748 ) 
5 331 103 (0 -1024 -96 ) (0 -1024 225.320343 ) (-16 -1024 220.748657 ) (-16 -1024 -93.142578 ) (-6 -1024 -96 ) 
4 331 389 (0 -1024 225.320343 ) (0 -1024 1748 ) (-16 -1024 1748 ) (-16 -1024 220.748657 ) 
4 331 332 (-16 -1024 -93.142548 ) (-16 -1024 1748 ) (-16 -480 1748 ) (-16 -480 -93.142578 ) 
4 332 103 (-280 -1024 145.316040 ) (-280 -1024 -17.710571 ) (-16 -1024 -93.142548 ) (-16 -1024 220.748657 ) 
4 332 389 (-16 -1024 1748 ) (-280 -1024 1748 ) (-280 -1024 145.316040 ) (-16 -1024 220.748657 ) 
4 332 364 (-280 -1024 -17.710571 ) (-280 -1024 1748 ) (-280 -480 1748 ) (-280 -480 -17.710571 ) 
4 333 366 (-280 -480 -368 ) (-280 -384 -368 ) (-280 -384 -384 ) (-280 -480 -384 ) 
4 333 334 (-280 -480 -384 ) (-280 -384 -384 ) (-16 -384 -384 ) (-16 -480 -384 ) 
4 334 396 (-16 -1024 -384 ) (-280 -1024 -384 ) (-280 -1024 -716 ) (-16 -1024 -716 ) 
4 334 394 (0 -1024 -716 ) (0 -1024 -384 ) (-16 -1024 -384 ) (-16 -1024 -716 ) 
4 334 374 (-280 -1024 -716 ) (-280 -1024 -390 ) (-280 -384 -390 ) (-280 -384 -716 ) 
4 334 373 (-280 -1024 -390 ) (-280 -1024 -384 ) (-280 -480 -384 ) (-280 -480 -390 ) 
4 334 366 (-280 -480 -384 ) (-280 -384 -384 ) (-280 -384 -390 ) (-280 -480 -390 ) 
4 335 364 (-280 -480 604 ) (-280 -480 1748 ) (-704 -480 1748 ) (-704 -480 604 ) 
4 335 353 (-704 -464 604 ) (-704 -480 604 ) (-704 -480 1748 ) (-704 -464 1748 ) 
4 335 352 (-704 -384 604 ) (-704 -464 604 ) (-704 -464 1748 ) (-704 -384 1748 ) 
4 335 350 (-704 -224 1748 ) (-704 -224 604 ) (-704 -384 604 ) (-704 -384 1748 ) 
4 335 340 (-280 -480 604 ) (-704 -480 604 ) (-704 -464 604 ) (-280 -464 604 ) 
4 335 338 (-450 -238 604 ) (-450 -464 604 ) (-498 -464 604 ) (-498 -238 604 ) 
4 335 336 (-450 -224 604 ) (-280 -224 604 ) (-280 -464 604 ) (-450 -464 604 ) 
4 335 339 (-704 -464 604 ) (-704 -224 604 ) (-498 -224 604 ) (-498 -464 604 ) 
4 336 349 (-280 -384 -178 ) (-280 -464 -178 ) (-450 -464 -178 ) (-450 -384 -178 ) 
4 336 342 (-280 -286.018402 -178 ) (-280 -384 -178 ) (-450 -384 -178 ) (-450 -286.018402 -178 ) 
4 336 341 (-450 -224 -178 ) (-280 -224 -178 ) (-280 -229.981567 -178 ) (-450 -229.981567 -178 ) 
4 336 340 (-280 -464 64 ) (-280 -464 604 ) (-450 -464 604 ) (-450 -464 64 ) 
4 336 337 (-450 -224 -178 ) (-450 -238 -178 ) (-450 -238 -96 ) (-450 -224 -96 ) 
4 336 338 (-450 -238 -178 ) (-450 -464 -178 ) (-450 -464 604 ) (-450 -238 604 ) 
4 337 341 (-498 -224 -178 ) (-450 -224 -178 ) (-450 -229.981567 -178 ) (-498 -229.981567 -178 ) 
4 337 338 (-498 -238 -96 ) (-498 -238 -178 ) (-450 -238 -178 ) (-450 -238 -96 ) 
4 337 339 (-498 -224 -178 ) (-498 -238 -178 ) (-498 -238 -96 ) (-498 -224 -96 ) 
4 338 349 (-450 -384 -178 ) (-450 -464 -178 ) (-498 -464 -178 ) (-498 -384 -178 ) 
4 338 342 (-450 -286.018402 -178 ) (-450 -384 -178 ) (-498 -384 -178 ) (-498 -286.018402 -178 ) 
4 338 340 (-450 -464 64 ) (-450 -464 604 ) (-498 -464 604 ) (-498 -464 64 ) 
4 338 339 (-498 -238 -178 ) (-498 -464 -178 ) (-498 -464 604 ) (-498 -238 604 ) 
4 339 352 (-704 -384 -178 ) (-704 -464 -178 ) (-704 -464 604 ) (-704 -384 604 ) 
4 339 350 (-704 -224 604 ) (-704 -224 -178 ) (-704 -384 -178 ) (-704 -384 604 ) 
4 339 349 (-704 -464 -178 ) (-704 -384 -178 ) (-498 -384 -178 ) (-498 -464 -178 ) 
4 339 342 (-704 -384 -178 ) (-704 -286.018402 -178 ) (-498 -286.018402 -178 ) (-498 -384 -178 ) 
4 339 341 (-704 -229.981567 -178 ) (-704 -224 -178 ) (-498 -224 -178 ) (-498 -229.981567 -178 ) 
4 339 340 (-498 -464 64 ) (-498 -464 604 ) (-704 -464 604 ) (-704 -464 64 ) 
3 340 103 (-704 -480 103.437775 ) (-704 -480 64 ) (-565.974121 -480 64 ) 
5 340 364 (-280 -480 64 ) (-280 -480 604 ) (-704 -480 604 ) (-704 -480 103.437775 ) (-565.974121 -480 64 ) 
4 340 353 (-704 -480 64 ) (-704 -480 604 ) (-704 -464 604 ) (-704 -464 64 ) 
4 342 349 (-280 -384 -178 ) (-704 -384 -178 ) (-704 -384 -189.705002 ) (-280 -384 -189.705002 ) 
4 342 348 (-280 -384 -189.705002 ) (-704 -384 -189.705002 ) (-704 -372 -189.705002 ) (-280 -372 -189.705002 ) 
4 342 346 (-704 -372 -189.705002 ) (-704 -346.631531 -189.705002 ) (-280 -346.631531 -189.705002 ) (-280 -372 -189.705002 ) 
4 342 345 (-704 -331.852509 -189.705002 ) (-704 -324.301514 -189.705002 ) (-280 -324.301514 -189.705002 ) (-280 -331.852509 -189.705002 ) 
4 342 344 (-704 -346.631531 -189.705002 ) (-704 -331.852509 -189.705002 ) (-280 -331.852509 -189.705002 ) (-280 -346.631531 -189.705002 ) 
4 343 365 (-704 -224 -368 ) (-280 -224 -368 ) (-280 -308 -368 ) (-704 -308 -368 ) 
4 344 346 (-280 -353.106537 -206.626999 ) (-280 -346.630890 -189.705002 ) (-704 -346.630890 -189.705002 ) (-704 -353.106567 -206.627014 ) 
4 344 345 (-704 -336.560730 -193.453232 ) (-704 -331.852814 -189.705002 ) (-280 -331.852814 -189.705002 ) (-280 -336.560730 -193.453232 ) 
4 346 348 (-280 -372 -189.705002 ) (-704 -372 -189.705002 ) (-704 -372 -221.669571 ) (-280 -372 -221.669556 ) 
4 346 347 (-280 -372 -221.666870 ) (-704 -372 -221.666885 ) (-704 -371.520630 -221.285233 ) (-280 -371.520630 -221.285217 ) 
4 347 348 (-704 -372 -221.669571 ) (-704 -372 -222.618698 ) (-280 -372 -222.618683 ) (-280 -372 -221.669556 ) 
4 348 349 (-704 -384 -189.705002 ) (-704 -384 -256 ) (-280 -384 -256 ) (-280 -384 -189.705002 ) 
4 349 366 (-280 -384 -368 ) (-280 -464 -368 ) (-704 -464 -368 ) (-704 -384 -368 ) 
4 349 352 (-704 -384 -368 ) (-704 -464 -368 ) (-704 -464 -178 ) (-704 -384 -178 ) 
4 350 352 (-704 -384 -178 ) (-704 -384 1748 ) (-720 -384 1748 ) (-720 -384 -178 ) 
4 350 351 (-720 -384 -178 ) (-720 -384 1748 ) (-720 -224 1748 ) (-720 -224 -178 ) 
4 351 368 (-848 -224 -368 ) (-720 -224 -368 ) (-720 -384 -368 ) (-848 -384 -368 ) 
4 351 354 (-848 -224 1748 ) (-848 -224 -2 ) (-848 -384 -2 ) (-848 -384 1748 ) 
4 351 352 (-848 -384 1748 ) (-848 -384 -368 ) (-720 -384 -368 ) (-720 -384 1748 ) 
4 352 367 (-704 -384 -368 ) (-704 -464 -368 ) (-720 -464 -368 ) (-720 -384 -368 ) 
4 352 368 (-720 -464 -368 ) (-848 -464 -368 ) (-848 -384 -368 ) (-720 -384 -368 ) 
4 352 354 (-848 -464 -2 ) (-848 -464 1748 ) (-848 -384 1748 ) (-848 -384 -2 ) 
4 352 353 (-704 -464 64 ) (-704 -464 1748 ) (-848 -464 1748 ) (-848 -464 64 ) 
4 353 103 (-704 -480 64 ) (-704 -480 103.437729 ) (-848 -480 144.582397 ) (-848 -480 64 ) 
4 353 364 (-704 -480 103.437729 ) (-704 -480 1748 ) (-848 -480 1748 ) (-848 -480 144.582397 ) 
4 353 354 (-848 -480 64 ) (-848 -480 1748 ) (-848 -464 1748 ) (-848 -464 64 ) 
4 354 103 (-848 -480 -2 ) (-848 -480 144.582428 ) (-864 -480 149.154053 ) (-864 -480 -2 ) 
4 354 364 (-848 -480 144.582428 ) (-848 -480 1748 ) (-864 -480 1748 ) (-864 -480 149.154053 ) 
4 354 355 (-864 -224 1748 ) (-864 -224 -2 ) (-864 -480 -2 ) (-864 -480 1748 ) 
4 355 103 (-864 -480 -2 ) (-864 -480 149.154053 ) (-992 -480 185.727173 ) (-992 -480 -2 ) 
4 355 364 (-864 -480 149.154053 ) (-864 -480 1748 ) (-992 -480 1748 ) (-992 -480 185.727173 ) 
4 355 363 (-992 -464 -2 ) (-992 -480 -2 ) (-992 -480 1748 ) (-992 -464 1748 ) 
4 355 361 (-992 -288 -2 ) (-992 -464 -2 ) (-992 -464 1748 ) (-992 -288 1748 ) 
4 355 358 (-992 -224 1748 ) (-992 -224 -2 ) (-992 -288 -2 ) (-992 -288 1748 ) 
4 356 360 (-992 -224 -240 ) (-992 -224 -260 ) (-992 -288 -260 ) (-992 -288 -240 ) 
4 356 357 (-992 -470 -260 ) (-992 -224 -260 ) (-864 -224 -260 ) (-864 -470 -260 ) 
4 357 360 (-992 -224 -260 ) (-992 -224 -368 ) (-992 -288 -368 ) (-992 -288 -260 ) 
4 357 103 (-882 -470 -260 ) (-976 -470 -260 ) (-976 -470 -368 ) (-882 -470 -368 ) 
4 358 377 (-1024 -224 1748 ) (-1024 -224 -228 ) (-1024 -288 -228 ) (-1024 -288 1748 ) 
4 358 362 (-1020 -288 -48 ) (-1024 -288 -48 ) (-1024 -288 -228 ) (-1020 -288 -228 ) 
4 358 361 (-992 -288 -48 ) (-992 -288 1748 ) (-1024 -288 1748 ) (-1024 -288 -48 ) 
4 358 359 (-1020 -288 -228 ) (-1024 -288 -228 ) (-1024 -224 -228 ) (-1020 -224 -228 ) 
4 359 377 (-1024 -224 -228 ) (-1024 -224 -240 ) (-1024 -288 -240 ) (-1024 -288 -228 ) 
4 359 362 (-1020 -288 -228 ) (-1024 -288 -228 ) (-1024 -288 -240 ) (-1020 -288 -240 ) 
4 361 379 (-1024 -288 1748 ) (-1024 -288 -48 ) (-1024 -464 -48 ) (-1024 -464 1748 ) 
4 361 363 (-1024 -464 1748 ) (-1024 -464 -40 ) (-992 -464 -40 ) (-992 -464 1748 ) 
4 361 362 (-1020 -464 -48 ) (-1024 -464 -48 ) (-1024 -288 -48 ) (-1020 -288 -48 ) 
4 362 379 (-1024 -288 -48 ) (-1024 -288 -368 ) (-1024 -464 -368 ) (-1024 -464 -48 ) 
4 362 372 (-1020 -464 -368 ) (-1024 -464 -368 ) (-1024 -288 -368 ) (-1020 -288 -368 ) 
4 363 380 (-1024 -464 1748 ) (-1024 -464 -40 ) (-1024 -480 -40 ) (-1024 -480 1748 ) 
4 363 103 (-1024 -480 194.870361 ) (-1024 -480 -40 ) (-992 -480 -40 ) (-992 -480 185.727142 ) 
4 363 364 (-1024 -480 1748 ) (-1024 -480 194.870361 ) (-992 -480 185.727142 ) (-992 -480 1748 ) 
3 364 103 (-280 -1024 -17.710602 ) (-280 -1024 145.316040 ) (-565.282532 -1024 63.802399 ) 
5 364 389 (-280 -1024 145.316040 ) (-280 -1024 1748 ) (-1024 -1024 1748 ) (-1024 -1024 194.870483 ) (-565.282532 -1024 63.802399 ) 
4 364 382 (-1024 -1024 194.870422 ) (-1024 -1024 1748 ) (-1024 -480 1748 ) (-1024 -480 194.870483 ) 
4 364 103 (-565.282959 -480 63.802246 ) (-562.223145 -480 62.927979 ) (-562.223145 -1024 62.927986 ) (-565.282959 -1024 63.802254 ) 
4 364 103 (-1024 -1024 194.870117 ) (-1024 -480 194.870117 ) (-565.282959 -480 63.802246 ) (-565.282959 -1024 63.802254 ) 
4 366 374 (-280 -384 -390 ) (-280 -480 -390 ) (-704 -480 -390 ) (-704 -384 -390 ) 
4 366 373 (-704 -480 -390 ) (-280 -480 -390 ) (-280 -480 -384 ) (-704 -480 -384 ) 
4 366 367 (-704 -384 -390 ) (-704 -480 -390 ) (-704 -480 -368 ) (-704 -384 -368 ) 
4 367 374 (-704 -384 -390 ) (-704 -480 -390 ) (-720 -480 -390 ) (-720 -384 -390 ) 
4 367 373 (-720 -480 -390 ) (-704 -480 -390 ) (-704 -480 -384 ) (-720 -480 -384 ) 
4 367 368 (-720 -384 -390 ) (-720 -480 -390 ) (-720 -480 -368 ) (-720 -384 -368 ) 
4 368 374 (-864 -224 -390 ) (-720 -224 -390 ) (-720 -480 -390 ) (-864 -480 -390 ) 
4 368 373 (-864 -480 -390 ) (-720 -480 -390 ) (-720 -480 -384 ) (-864 -480 -384 ) 
4 368 369 (-864 -224 -390 ) (-864 -480 -390 ) (-864 -480 -384 ) (-864 -224 -384 ) 
4 369 374 (-992 -224 -390 ) (-864 -224 -390 ) (-864 -480 -390 ) (-992 -480 -390 ) 
4 369 373 (-992 -480 -390 ) (-864 -480 -390 ) (-864 -480 -384 ) (-992 -480 -384 ) 
4 369 370 (-992 -224 -390 ) (-992 -288 -390 ) (-992 -288 -384 ) (-992 -224 -384 ) 
4 369 371 (-992 -288 -390 ) (-992 -480 -390 ) (-992 -480 -384 ) (-992 -288 -384 ) 
4 370 374 (-1020 -224 -390 ) (-992 -224 -390 ) (-992 -288 -390 ) (-1020 -288 -390 ) 
4 370 371 (-1020 -288 -384 ) (-1020 -288 -390 ) (-992 -288 -390 ) (-992 -288 -384 ) 
4 370 372 (-1020 -224 -390 ) (-1020 -288 -390 ) (-1020 -288 -384 ) (-1020 -224 -384 ) 
4 371 374 (-992 -288 -390 ) (-992 -480 -390 ) (-1020 -480 -390 ) (-1020 -288 -390 ) 
4 371 373 (-1020 -480 -390 ) (-992 -480 -390 ) (-992 -480 -384 ) (-1020 -480 -384 ) 
4 371 372 (-1020 -288 -390 ) (-1020 -480 -390 ) (-1020 -480 -368 ) (-1020 -288 -368 ) 
4 372 386 (-1024 -480 -368 ) (-1024 -224 -368 ) (-1024 -224 -390 ) (-1024 -480 -390 ) 
4 372 374 (-1024 -480 -390 ) (-1024 -224 -390 ) (-1020 -224 -390 ) (-1020 -480 -390 ) 
4 372 373 (-1024 -480 -390 ) (-1020 -480 -390 ) (-1020 -480 -384 ) (-1024 -480 -384 ) 
4 373 396 (-280 -1024 -390 ) (-280 -1024 -384 ) (-1024 -1024 -384 ) (-1024 -1024 -390 ) 
4 373 387 (-1024 -1024 -390 ) (-1024 -1024 -384 ) (-1024 -480 -384 ) (-1024 -480 -390 ) 
4 373 374 (-1024 -1024 -390 ) (-1024 -480 -390 ) (-280 -480 -390 ) (-280 -1024 -390 ) 
4 374 396 (-280 -1024 -716 ) (-280 -1024 -390 ) (-1024 -1024 -390 ) (-1024 -1024 -716 ) 
4 374 387 (-1024 -1024 -716 ) (-1024 -1024 -390 ) (-1024 -480 -390 ) (-1024 -480 -716 ) 
4 374 386 (-1024 -480 -390 ) (-1024 -224 -390 ) (-1024 -224 -716 ) (-1024 -480 -716 ) 
4 375 377 (-1024 -160 -48 ) (-1024 -160 1748 ) (-1048 -160 1748 ) (-1048 -160 -48 ) 
4 375 376 (-1048 -160 -48 ) (-1048 -160 1748 ) (-1048 0 1748 ) (-1048 0 -48 ) 
4 376 388 (-1878 0 -368 ) (-1120 0 -368 ) (-1120 -160 -368 ) (-1878 -160 -368 ) 
4 376 386 (-1120 0 -368 ) (-1048 0 -368 ) (-1048 -160 -368 ) (-1120 -160 -368 ) 
4 376 381 (-1878 -160 -368 ) (-1120 -160 -368 ) (-1120 -160 1748 ) (-1878 -160 1748 ) 
4 376 378 (-1120 -160 -368 ) (-1048 -160 -368 ) (-1048 -160 1748 ) (-1120 -160 1748 ) 
4 377 379 (-1024 -288 -240 ) (-1024 -288 1748 ) (-1048 -288 1748 ) (-1048 -288 -240 ) 
4 377 378 (-1048 -160 1748 ) (-1048 -160 -240 ) (-1048 -288 -240 ) (-1048 -288 1748 ) 
4 378 386 (-1048 -288 -368 ) (-1120 -288 -368 ) (-1120 -160 -368 ) (-1048 -160 -368 ) 
4 378 381 (-1120 -160 1748 ) (-1120 -160 -368 ) (-1120 -288 -368 ) (-1120 -288 1748 ) 
4 378 379 (-1120 -288 1748 ) (-1120 -288 -368 ) (-1048 -288 -368 ) (-1048 -288 1748 ) 
4 379 386 (-1024 -288 -368 ) (-1024 -464 -368 ) (-1120 -464 -368 ) (-1120 -288 -368 ) 
4 379 381 (-1120 -288 -368 ) (-1120 -464 -368 ) (-1120 -464 1748 ) (-1120 -288 1748 ) 
4 379 380 (-1120 -464 1748 ) (-1120 -464 -40 ) (-1024 -464 -40 ) (-1024 -464 1748 ) 
4 380 382 (-1024 -480 -40 ) (-1024 -480 1748 ) (-1120 -480 1748 ) (-1120 -480 -40 ) 
4 380 381 (-1120 -480 -40 ) (-1120 -480 1748 ) (-1120 -464 1748 ) (-1120 -464 -40 ) 
4 381 388 (-1120 -480 -368 ) (-1878 -480 -368 ) (-1878 -160 -368 ) (-1120 -160 -368 ) 
5 381 385 (-1136 -480 -99.268524 ) (-1136 -480 1748 ) (-1878 -480 1748 ) (-1878 -480 1037.144287 ) (-1138.560059 -480 -100 ) 
4 381 384 (-1878 -480 -368 ) (-1136 -480 -368 ) (-1136 -480 -103.936981 ) (-1878 -480 1037.144287 ) 
5 381 383 (-1120 -480 -94.696846 ) (-1120 -480 1748 ) (-1136 -480 1748 ) (-1136 -480 -96 ) (-1124.560791 -480 -96 ) 
4 382 103 (-1024 -1024 -67.266785 ) (-1024 -1024 62 ) (-1120 -1024 62 ) (-1120 -1024 -94.696899 ) 
4 382 398 (-1024 -1024 62 ) (-1024 -1024 1748 ) (-1120 -1024 1748 ) (-1120 -1024 62 ) 
4 382 383 (-1120 -480 1748 ) (-1120 -480 -94.696899 ) (-1120 -1024 -94.696854 ) (-1120 -1024 1748 ) 
5 383 399 (-1136 -1024 62 ) (-1136 -1024 -96 ) (-1124.560791 -1024 -96 ) (-1120 -1024 -94.696846 ) (-1120 -1024 62 ) 
4 383 398 (-1120 -1024 1748 ) (-1136 -1024 1748 ) (-1136 -1024 62 ) (-1120 -1024 62 ) 
4 383 385 (-1136 -480 1748 ) (-1136 -480 -96 ) (-1136 -1024 -96 ) (-1136 -1024 1748 ) 
5 384 400 (-1878 -1024 -96 ) (-1878 -1024 -368 ) (-1136 -1024 -368 ) (-1136 -1024 -103.936981 ) (-1141.161133 -1024 -96 ) 
4 384 399 (-1878 -1024 62 ) (-1878 -1024 -96 ) (-1141.161133 -1024 -96 ) (-1243.902222 -1024 62 ) 
3 384 398 (-1878 -1024 1037.144287 ) (-1878 -1024 62 ) (-1243.902222 -1024 62 ) 
4 384 388 (-1136 -1024 -368 ) (-1878 -1024 -368 ) (-1878 -480 -368 ) (-1136 -480 -368 ) 
4 384 385 (-1138.561401 -480 -100 ) (-1878 -480 1037.142212 ) (-1878 -1024 1037.142212 ) (-1138.561401 -1024 -100 ) 
4 385 401 (-1141.161133 -1024 -96 ) (-1138.560059 -1024 -100 ) (-1136 -1024 -99.268524 ) (-1136 -1024 -96 ) 
4 385 399 (-1243.902344 -1024 62 ) (-1141.161133 -1024 -96 ) (-1136 -1024 -96 ) (-1136 -1024 62 ) 
5 385 398 (-1136 -1024 1748 ) (-1878 -1024 1748 ) (-1878 -1024 1037.144287 ) (-1243.902344 -1024 62 ) (-1136 -1024 62 ) 
4 386 388 (-1120 0 -716 ) (-1120 -480 -716 ) (-1120 -480 -368 ) (-1120 0 -368 ) 
4 386 387 (-1120 -480 -384 ) (-1120 -480 -716 ) (-1024 -480 -716 ) (-1024 -480 -384 ) 
4 387 404 (-1024 -1024 -716 ) (-1024 -1024 -384 ) (-1120 -1024 -384 ) (-1120 -1024 -716 ) 
4 387 388 (-1120 -480 -716 ) (-1120 -1024 -716 ) (-1120 -1024 -384 ) (-1120 -480 -384 ) 
4 388 405 (-1120 -1024 -368 ) (-1878 -1024 -368 ) (-1878 -1024 -716 ) (-1120 -1024 -716 ) 
4 389 103 (-1024 -1024 62 ) (-1024 -1024 -67.266724 ) (-1024 -1568 -67.266800 ) (-1024 -1568 62 ) 
4 389 398 (-1024 -1024 1748 ) (-1024 -1024 62 ) (-1024 -1568 62 ) (-1024 -1568 1748 ) 
5 389 391 (-1024 -1568 1748 ) (-1024 -1568 62 ) (-571.590637 -1568 62 ) (-2 -1568 224.748871 ) (-2 -1568 1748 ) 
4 389 390 (-2 -1568 224.748871 ) (0 -1568 225.320343 ) (0 -1568 1748 ) (-2 -1568 1748 ) 
4 389 103 (-568.341553 -1024 62.927441 ) (-565.280945 -1024 63.801941 ) (-565.281006 -1568 63.801941 ) (-568.341553 -1568 62.927448 ) 
4 389 103 (-565.280945 -1024 63.801941 ) (-16 -1024 220.747772 ) (-16 -1568 220.747787 ) (-565.281006 -1568 63.801941 ) 
4 389 103 (-16 -1024 220.747772 ) (0 -1024 225.319458 ) (0 -1568 225.319458 ) (-16 -1568 220.747787 ) 
4 390 103 (-2 -1568 -256 ) (0 -1568 -256 ) (0 -1584 -256 ) (-2 -1584 -256 ) 
4 390 392 (-2 -1584 -256 ) (0 -1584 -256 ) (0 -1584 1748 ) (-2 -1584 1748 ) 
4 390 391 (-2 -1584 62 ) (-2 -1584 1748 ) (-2 -1568 1748 ) (-2 -1568 62 ) 
4 391 398 (-1024 -1584 1748 ) (-1024 -1568 1748 ) (-1024 -1568 62 ) (-1024 -1584 62 ) 
4 391 392 (-2 -1584 62 ) (-2 -1584 1748 ) (-1024 -1584 1748 ) (-1024 -1584 62 ) 
4 392 406 (-1024 -1990 1748 ) (-1024 -1584 1748 ) (-1024 -1584 -256 ) (-1024 -1990 -256 ) 
4 392 393 (-1024 -1990 -256 ) (-1024 -1584 -256 ) (0 -1584 -256 ) (0 -1990 -256 ) 
4 393 406 (-1024 -1584 -368 ) (-1024 -1990 -368 ) (-1024 -1990 -256 ) (-1024 -1584 -256 ) 
4 393 397 (-1024 -1990 -368 ) (-1024 -1584 -368 ) (-16 -1584 -368 ) (-16 -1990 -368 ) 
4 393 395 (-16 -1584 -368 ) (0 -1584 -368 ) (0 -1990 -368 ) (-16 -1990 -368 ) 
4 394 396 (-16 -1024 -716 ) (-16 -1040 -716 ) (-16 -1040 -384 ) (-16 -1024 -384 ) 
4 394 395 (-16 -1040 -384 ) (-16 -1040 -716 ) (0 -1040 -716 ) (0 -1040 -384 ) 
4 395 396 (-16 -1040 -716 ) (-16 -1584 -716 ) (-16 -1584 -384 ) (-16 -1040 -384 ) 
4 395 397 (-16 -1584 -716 ) (-16 -1990 -716 ) (-16 -1990 -368 ) (-16 -1584 -368 ) 
4 396 404 (-1024 -1024 -384 ) (-1024 -1024 -716 ) (-1024 -1584 -716 ) (-1024 -1584 -384 ) 
4 396 397 (-1024 -1584 -716 ) (-16 -1584 -716 ) (-16 -1584 -384 ) (-1024 -1584 -384 ) 
4 397 406 (-1024 -1584 -716 ) (-1024 -1990 -716 ) (-1024 -1990 -368 ) (-1024 -1584 -368 ) 
4 398 406 (-1024 -1584 62 ) (-1024 -1584 1748 ) (-1878 -1584 1748 ) (-1878 -1584 62 ) 
4 398 402 (-1120 -1584 62 ) (-1136 -1584 62 ) (-1136 -1568 62 ) (-1120 -1568 62 ) 
4 398 403 (-1136 -1584 62 ) (-1878 -1584 62 ) (-1878 -1568 62 ) (-1136 -1568 62 ) 
4 398 399 (-1878 -1568 62 ) (-1878 -1024 62 ) (-1120 -1024 62 ) (-1120 -1568 62 ) 
4 398 103 (-1120 -1568 62 ) (-1120 -1024 62 ) (-1024 -1024 62 ) (-1024 -1568 62 ) 
5 399 402 (-1120 -1568 -94.696846 ) (-1120 -1568 62 ) (-1136 -1568 62 ) (-1136 -1568 -96 ) (-1124.560791 -1568 -96 ) 
4 399 403 (-1136 -1568 62 ) (-1878 -1568 62 ) (-1878 -1568 -96 ) (-1136 -1568 -96 ) 
4 399 401 (-1136 -1568 -96 ) (-1141.161133 -1568 -96 ) (-1141.161133 -1024 -96 ) (-1136 -1024 -96 ) 
4 399 400 (-1141.161133 -1568 -96 ) (-1878 -1568 -96 ) (-1878 -1024 -96 ) (-1141.161133 -1024 -96 ) 
4 400 405 (-1878 -1568 -368 ) (-1878 -1024 -368 ) (-1136 -1024 -368 ) (-1136 -1568 -368 ) 
5 400 403 (-1136 -1568 -103.937012 ) (-1141.161133 -1568 -96 ) (-1878 -1568 -96 ) (-1878 -1568 -368 ) (-1136 -1568 -368 ) 
4 400 401 (-1141.164063 -1024 -96 ) (-1141.164063 -1568 -96 ) (-1138.562500 -1568 -100 ) (-1138.562500 -1024 -100 ) 
4 401 403 (-1136 -1568 -96 ) (-1141.161133 -1568 -96 ) (-1138.560059 -1568 -100 ) (-1136 -1568 -99.268524 ) 
4 402 406 (-1120 -1584 62 ) (-1136 -1584 62 ) (-1136 -1584 -96 ) (-1120 -1584 -96 ) 
4 402 403 (-1136 -1568 62 ) (-1136 -1568 -96 ) (-1136 -1584 -96 ) (-1136 -1584 62 ) 
4 403 406 (-1136 -1584 62 ) (-1878 -1584 62 ) (-1878 -1584 -368 ) (-1136 -1584 -368 ) 
4 403 405 (-1136 -1584 -368 ) (-1878 -1584 -368 ) (-1878 -1568 -368 ) (-1136 -1568 -368 ) 
4 404 406 (-1120 -1584 -716 ) (-1024 -1584 -716 ) (-1024 -1584 -384 ) (-1120 -1584 -384 ) 
4 404 405 (-1120 -1024 -716 ) (-1120 -1584 -716 ) (-1120 -1584 -384 ) (-1120 -1024 -384 ) 
4 405 406 (-1878 -1584 -716 ) (-1120 -1584 -716 ) (-1120 -1584 -368 ) (-1878 -1584 -368 ) 
