PRT1
391
1204
4 0 81 (1152 0 1748 ) (1024 0 1748 ) (1024 0 -716 ) (1152 0 -716 ) 
4 0 21 (1024 0 -716 ) (1024 0 460 ) (1024 64 460 ) (1024 64 -716 ) 
4 0 17 (1024 0 460 ) (1024 0 496 ) (1024 64 496 ) (1024 64 460 ) 
4 0 7 (1024 0 496 ) (1024 0 624.500000 ) (1024 64 624.500000 ) (1024 64 496 ) 
4 0 6 (1024 0 624.500000 ) (1024 0 1748 ) (1024 64 1748 ) (1024 64 624.500000 ) 
4 0 2 (1024 64 1748 ) (1024 128 1748 ) (1024 128 -716 ) (1024 64 -716 ) 
4 0 1 (1024 128 1748 ) (1024 754 1748 ) (1024 754 -716 ) (1024 128 -716 ) 
4 1 35 (256 144 -716 ) (256 128 -716 ) (256 128 624 ) (256 144 624 ) 
4 1 34 (256 128 640 ) (256 128 1748 ) (256 144 1748 ) (256 144 640 ) 
4 1 32 (256 264 -716 ) (256 144 -716 ) (256 144 624 ) (256 264 624 ) 
4 1 31 (256 144 640 ) (256 144 1748 ) (256 264 1748 ) (256 264 640 ) 
4 1 29 (256 264 640 ) (256 264 1748 ) (256 292 1748 ) (256 292 640 ) 
4 1 30 (256 292 -716 ) (256 264 -716 ) (256 264 624 ) (256 292 624 ) 
4 1 28 (256 754 -716 ) (256 292 -716 ) (256 292 1748 ) (256 754 1748 ) 
4 1 3 (590 128 624 ) (590 128 1748 ) (270 128 1748 ) (270 128 624 ) 
4 1 4 (270 128 -716 ) (590 128 -716 ) (590 128 496 ) (270 128 496 ) 
4 1 2 (590 128 -716 ) (1024 128 -716 ) (1024 128 1748 ) (590 128 1748 ) 
4 1 5 (256 128 -716 ) (270 128 -716 ) (270 128 1748 ) (256 128 1748 ) 
4 2 21 (590 64 -716 ) (1024 64 -716 ) (1024 64 460 ) (590 64 460 ) 
4 2 20 (606 64 496 ) (590 64 496 ) (590 64 460 ) (606 64 460 ) 
4 2 18 (720 64 496 ) (606 64 496 ) (606 64 460 ) (720 64 460 ) 
4 2 17 (1024 64 460 ) (1024 64 496 ) (720 64 496 ) (720 64 460 ) 
4 2 13 (606 64 1748 ) (590 64 1748 ) (590 64 624 ) (606 64 624 ) 
4 2 9 (720 64 1748 ) (606 64 1748 ) (606 64 496 ) (720 64 496 ) 
4 2 8 (728 64 624.500000 ) (720 64 624.500000 ) (720 64 496 ) (728 64 496 ) 
4 2 7 (1024 64 496 ) (1024 64 624.500000 ) (728 64 624.500000 ) (728 64 496 ) 
4 2 6 (1024 64 624.500000 ) (1024 64 1748 ) (720 64 1748 ) (720 64 624.500000 ) 
4 2 3 (590 128 1748 ) (590 128 624 ) (590 64 624 ) (590 64 1748 ) 
4 2 4 (590 128 496 ) (590 128 -716 ) (590 64 -716 ) (590 64 496 ) 
4 3 15 (590 64 640 ) (590 64 1748 ) (270 64 1748 ) (270 64 640 ) 
4 3 5 (270 128 1748 ) (270 128 624 ) (270 64 624 ) (270 64 1748 ) 
4 4 21 (270 64 -716 ) (590 64 -716 ) (590 64 460 ) (270 64 460 ) 
4 4 5 (270 128 496 ) (270 128 -716 ) (270 64 -716 ) (270 64 496 ) 
4 5 35 (256 128 -716 ) (256 64 -716 ) (256 64 624 ) (256 128 624 ) 
4 5 34 (256 64 640 ) (256 64 1748 ) (256 128 1748 ) (256 128 640 ) 
4 5 27 (256 64 -80 ) (256 64 -716 ) (270 64 -716 ) (270 64 -80 ) 
4 5 26 (256 64 64 ) (256 64 48 ) (270 64 48 ) (270 64 64 ) 
4 5 25 (256 64 208 ) (256 64 192 ) (270 64 192 ) (270 64 208 ) 
4 5 24 (256 64 352 ) (256 64 336 ) (270 64 336 ) (270 64 352 ) 
4 5 23 (256 64 496 ) (256 64 480 ) (270 64 480 ) (270 64 496 ) 
4 5 22 (256 64 1748 ) (256 64 640 ) (270 64 640 ) (270 64 1748 ) 
4 6 83 (728 0 1748 ) (720 0 1748 ) (720 0 624.500000 ) (728 0 624.500000 ) 
4 6 82 (1024 0 624.500000 ) (1024 0 1748 ) (728 0 1748 ) (728 0 624.500000 ) 
4 6 11 (720 0 630 ) (720 0 1748 ) (720 32 1748 ) (720 32 630 ) 
4 6 10 (720 42 624.500000 ) (720 32 624.500000 ) (720 32 1748 ) (720 42 1748 ) 
4 6 9 (720 64 1748 ) (720 64 624.500000 ) (720 42 624.500000 ) (720 42 1748 ) 
4 6 8 (720 32 624.500000 ) (720 64 624.500000 ) (728 64 624.500000 ) (728 32 624.500000 ) 
4 6 7 (728 64 624.500000 ) (1024 64 624.500000 ) (1024 0 624.500000 ) (728 0 624.500000 ) 
4 7 82 (1024 0 496 ) (1024 0 624.500000 ) (728 0 624.500000 ) (728 0 496 ) 
4 7 17 (1024 0 496 ) (728 0 496 ) (728 64 496 ) (1024 64 496 ) 
4 7 8 (728 64 496 ) (728 32 496 ) (728 32 624.500000 ) (728 64 624.500000 ) 
4 8 17 (720 32 496 ) (720 64 496 ) (728 64 496 ) (728 32 496 ) 
4 8 9 (720 64 624.500000 ) (720 64 496 ) (720 42 496 ) (720 42 624.500000 ) 
4 9 18 (606 42 496 ) (606 64 496 ) (720 64 496 ) (720 42 496 ) 
4 9 13 (606 64 1748 ) (606 64 624 ) (606 42 624 ) (606 42 1748 ) 
4 9 10 (720 42 624.500000 ) (720 42 1748 ) (606 42 1748 ) (606 42 624.500000 ) 
4 10 13 (606 32 624.500000 ) (606 32 1748 ) (606 42 1748 ) (606 42 624.500000 ) 
4 10 11 (606 32 1748 ) (606 32 630 ) (720 32 630 ) (720 32 1748 ) 
4 11 85 (606 0 1748 ) (606 0 630 ) (720 0 630 ) (720 0 1748 ) 
4 11 13 (606 0 630 ) (606 0 1748 ) (606 32 1748 ) (606 32 630 ) 
4 12 86 (606 0 624 ) (606 0 496 ) (720 0 496 ) (720 0 624 ) 
4 12 14 (606 0 534 ) (606 0 594 ) (606 32 594 ) (606 32 534 ) 
4 13 89 (590 0 1748 ) (590 0 624 ) (606 0 624 ) (606 0 1748 ) 
4 13 15 (590 64 1748 ) (590 64 640 ) (590 0 640 ) (590 0 1748 ) 
4 14 91 (590 0 594 ) (590 0 534 ) (606 0 534 ) (606 0 594 ) 
4 14 16 (590 32 534 ) (590 0 534 ) (590 0 594 ) (590 32 594 ) 
4 15 94 (270 0 1748 ) (270 0 640 ) (590 0 640 ) (590 0 1748 ) 
4 15 22 (270 64 1748 ) (270 64 640 ) (270 0 640 ) (270 0 1748 ) 
4 16 96 (270 0 624 ) (270 0 496 ) (590 0 496 ) (590 0 624 ) 
4 17 98 (1024 0 460 ) (1024 0 496 ) (720 0 496 ) (720 0 460 ) 
4 17 21 (720 64 460 ) (1024 64 460 ) (1024 0 460 ) (720 0 460 ) 
4 17 19 (720 32 460 ) (720 0 460 ) (720 0 490 ) (720 32 490 ) 
4 17 18 (720 64 460 ) (720 32 460 ) (720 32 496 ) (720 64 496 ) 
4 18 21 (606 64 460 ) (720 64 460 ) (720 32 460 ) (606 32 460 ) 
4 18 20 (606 64 460 ) (606 32 460 ) (606 32 496 ) (606 64 496 ) 
4 18 19 (606 32 490 ) (606 32 460 ) (720 32 460 ) (720 32 490 ) 
4 19 99 (606 0 490 ) (606 0 460 ) (720 0 460 ) (720 0 490 ) 
4 19 21 (720 32 460 ) (720 0 460 ) (606 0 460 ) (606 32 460 ) 
4 19 20 (606 32 460 ) (606 0 460 ) (606 0 490 ) (606 32 490 ) 
4 20 101 (606 0 496 ) (590 0 496 ) (590 0 460 ) (606 0 460 ) 
4 20 21 (590 64 460 ) (606 64 460 ) (606 0 460 ) (590 0 460 ) 
4 21 109 (1024 0 -716 ) (1024 0 -384 ) (270 0 -384 ) (270 0 -716 ) 
4 21 106 (416 0 -224 ) (270 0 -224 ) (270 0 -384 ) (416 0 -384 ) 
4 21 106 (432 0 -224 ) (416 0 -224 ) (416 0 -384 ) (432 0 -384 ) 
4 21 108 (1024 0 -384 ) (1024 0 -224 ) (432 0 -224 ) (432 0 -384 ) 
4 21 104 (284 0 460 ) (270 0 460 ) (270 0 -224 ) (284 0 -224 ) 
4 21 103 (1024 0 -224 ) (1024 0 460 ) (284 0 460 ) (284 0 -224 ) 
4 21 27 (270 64 -80 ) (270 64 -716 ) (270 0 -716 ) (270 0 -80 ) 
4 21 26 (270 64 64 ) (270 64 48 ) (270 0 48 ) (270 0 64 ) 
4 21 25 (270 64 208 ) (270 64 192 ) (270 0 192 ) (270 0 208 ) 
4 21 24 (270 64 352 ) (270 64 336 ) (270 0 336 ) (270 0 352 ) 
4 22 110 (270 0 640 ) (270 0 1748 ) (256 0 1748 ) (256 0 640 ) 
4 22 34 (256 0 640 ) (256 0 1748 ) (256 64 1748 ) (256 64 640 ) 
4 23 115 (270 0 480 ) (270 0 486 ) (256 0 486 ) (256 0 480 ) 
4 23 113 (270 0 486 ) (270 0 496 ) (256 0 496 ) (256 0 486 ) 
4 23 35 (256 0 480 ) (256 0 496 ) (256 64 496 ) (256 64 480 ) 
4 24 117 (270 0 336 ) (270 0 352 ) (256 0 352 ) (256 0 336 ) 
4 24 35 (256 0 336 ) (256 0 352 ) (256 64 352 ) (256 64 336 ) 
4 25 119 (270 0 192 ) (270 0 208 ) (256 0 208 ) (256 0 192 ) 
4 25 35 (256 0 192 ) (256 0 208 ) (256 64 208 ) (256 64 192 ) 
4 26 121 (270 0 48 ) (270 0 64 ) (256 0 64 ) (256 0 48 ) 
4 26 35 (256 0 48 ) (256 0 64 ) (256 64 64 ) (256 64 48 ) 
4 27 124 (270 0 -716 ) (270 0 -96 ) (256 0 -96 ) (256 0 -716 ) 
4 27 123 (270 0 -96 ) (270 0 -80 ) (256 0 -80 ) (256 0 -96 ) 
4 27 35 (256 0 -716 ) (256 0 -80 ) (256 64 -80 ) (256 64 -716 ) 
4 28 40 (0 754 624 ) (0 754 -716 ) (0 292 -716 ) (0 292 624 ) 
4 28 37 (0 292 1748 ) (0 754 1748 ) (0 754 624 ) (0 292 624 ) 
4 28 29 (256 292 640 ) (256 292 1748 ) (0 292 1748 ) (0 292 640 ) 
4 28 30 (0 292 -716 ) (256 292 -716 ) (256 292 624 ) (0 292 624 ) 
4 29 38 (0 264 1748 ) (0 292 1748 ) (0 292 640 ) (0 264 640 ) 
4 29 31 (256 264 640 ) (256 264 1748 ) (0 264 1748 ) (0 264 640 ) 
4 30 41 (0 280 -716 ) (0 264 -716 ) (0 264 624 ) (0 280 624 ) 
4 30 40 (0 292 624 ) (0 292 -716 ) (0 280 -716 ) (0 280 624 ) 
4 30 33 (0 264 -716 ) (33 264 -716 ) (33 264 -8 ) (0 264 -8 ) 
4 30 32 (33 264 -716 ) (256 264 -716 ) (256 264 624 ) (33 264 624 ) 
4 31 44 (0 144 640 ) (0 144 1748 ) (0 264 1748 ) (0 264 640 ) 
4 31 34 (0 144 1748 ) (0 144 640 ) (256 144 640 ) (256 144 1748 ) 
4 32 35 (33 144 -716 ) (256 144 -716 ) (256 144 624 ) (33 144 624 ) 
4 32 33 (33 264 -8 ) (33 264 -716 ) (33 144 -716 ) (33 144 -8 ) 
4 33 46 (0 144 -716 ) (0 144 -8 ) (0 264 -8 ) (0 264 -716 ) 
4 33 36 (0 144 -24 ) (0 144 -716 ) (33 144 -716 ) (33 144 -24 ) 
4 34 127 (256 0 640 ) (256 0 1748 ) (0 0 1748 ) (0 0 640 ) 
4 34 54 (0 0 640 ) (0 0 1748 ) (0 144 1748 ) (0 144 640 ) 
4 35 148 (256 0 -716 ) (256 0 -96 ) (33 0 -96 ) (33 0 -716 ) 
4 35 147 (256 0 -96 ) (256 0 -80 ) (33 0 -80 ) (33 0 -96 ) 
4 35 144 (256 0 -80 ) (256 0 48 ) (33 0 48 ) (33 0 -80 ) 
4 35 143 (256 0 48 ) (256 0 64 ) (33 0 64 ) (33 0 48 ) 
4 35 140 (256 0 64 ) (256 0 192 ) (33 0 192 ) (33 0 64 ) 
4 35 139 (256 0 192 ) (256 0 208 ) (33 0 208 ) (33 0 192 ) 
4 35 136 (256 0 208 ) (256 0 336 ) (33 0 336 ) (33 0 208 ) 
4 35 135 (256 0 336 ) (256 0 352 ) (33 0 352 ) (33 0 336 ) 
4 35 132 (256 0 352 ) (256 0 480 ) (33 0 480 ) (33 0 352 ) 
4 35 131 (256 0 480 ) (256 0 496 ) (33 0 496 ) (33 0 480 ) 
4 35 128 (256 0 496 ) (256 0 624 ) (33 0 624 ) (33 0 496 ) 
4 35 36 (33 144 -24 ) (33 144 -716 ) (33 0 -716 ) (33 0 48 ) 
4 36 148 (33 0 -716 ) (33 0 -96 ) (0 0 -96 ) (0 0 -716 ) 
4 36 147 (33 0 -96 ) (33 0 -80 ) (0 0 -80 ) (0 0 -96 ) 
4 36 144 (33 0 -80 ) (33 0 48 ) (0 0 48 ) (0 0 -80 ) 
4 36 76 (0 0 -716 ) (0 0 -384 ) (0 144 -384 ) (0 144 -716 ) 
4 36 73 (0 0 -384 ) (0 0 -368 ) (0 16 -368 ) (0 16 -384 ) 
4 36 71 (0 16 -368 ) (0 144 -368 ) (0 144 -384 ) (0 16 -384 ) 
4 36 66 (0 0 -368 ) (0 0 -240 ) (0 144 -240 ) (0 144 -368 ) 
4 36 56 (0 0 -240 ) (0 0 48 ) (0 144 -24 ) (0 144 -240 ) 
4 37 40 (-610 292 624 ) (-610 754 624 ) (0 754 624 ) (0 292 624 ) 
4 37 38 (-610 292 1748 ) (-610 292 640 ) (0 292 640 ) (0 292 1748 ) 
4 37 39 (-610 754 1748 ) (-610 754 624 ) (-610 292 624 ) (-610 292 1748 ) 
4 38 44 (0 264 640 ) (0 264 1748 ) (-610 264 1748 ) (-610 264 640 ) 
4 38 39 (-610 264 640 ) (-610 264 1748 ) (-610 292 1748 ) (-610 292 640 ) 
4 39 77 (-1024 264 624 ) (-1024 264 1748 ) (-1024 754 1748 ) (-1024 754 624 ) 
4 39 45 (-1024 264 1748 ) (-1024 264 624 ) (-610 264 624 ) (-610 264 1748 ) 
4 39 43 (-610 264 624 ) (-1024 264 624 ) (-1024 280 624 ) (-610 280 624 ) 
4 39 40 (-1024 280 624 ) (-1024 754 624 ) (-610 754 624 ) (-610 280 624 ) 
4 40 77 (-1024 280 624 ) (-1024 754 624 ) (-1024 754 -716 ) (-1024 280 -716 ) 
4 40 42 (-336 280 -716 ) (-16 280 -716 ) (-16 280 -8 ) (-336 280 -8 ) 
4 40 41 (-16 280 -716 ) (0 280 -716 ) (0 280 624 ) (-16 280 624 ) 
4 40 43 (-1024 280 -716 ) (-336 280 -716 ) (-336 280 624 ) (-1024 280 624 ) 
4 41 46 (-16 264 -716 ) (0 264 -716 ) (0 264 -8 ) (-16 264 -8 ) 
4 41 42 (-16 280 -8 ) (-16 280 -716 ) (-16 264 -716 ) (-16 264 -8 ) 
4 42 47 (-336 264 -716 ) (-16 264 -716 ) (-16 264 -8 ) (-336 264 -8 ) 
4 42 43 (-336 280 -8 ) (-336 280 -716 ) (-336 264 -716 ) (-336 264 -8 ) 
4 43 77 (-1024 264 -716 ) (-1024 264 624 ) (-1024 280 624 ) (-1024 280 -716 ) 
4 43 50 (-992 264 -716 ) (-560 264 -716 ) (-560 264 624 ) (-992 264 624 ) 
4 43 49 (-560 264 -716 ) (-385 264 -716 ) (-385 264 624 ) (-560 264 624 ) 
4 43 53 (-1024 264 624 ) (-1024 264 -716 ) (-992 264 -716 ) (-992 264 624 ) 
4 43 48 (-385 264 -716 ) (-336 264 -716 ) (-336 264 -8 ) (-385 264 -8 ) 
4 44 54 (0 144 640 ) (0 144 1748 ) (-610 144 1748 ) (-610 144 640 ) 
4 44 45 (-610 144 640 ) (-610 144 1748 ) (-610 264 1748 ) (-610 264 640 ) 
4 45 77 (-1024 144 624 ) (-1024 144 1748 ) (-1024 264 1748 ) (-1024 264 624 ) 
4 45 55 (-1024 144 640 ) (-1024 144 624 ) (-610 144 624 ) (-610 144 640 ) 
4 45 54 (-610 144 1748 ) (-1024 144 1748 ) (-1024 144 640 ) (-610 144 640 ) 
4 45 51 (-610 144 624 ) (-992 144 624 ) (-992 160 624 ) (-610 160 624 ) 
4 45 50 (-992 160 624 ) (-992 264 624 ) (-610 264 624 ) (-610 160 624 ) 
4 45 53 (-992 144 624 ) (-1024 144 624 ) (-1024 264 624 ) (-992 264 624 ) 
4 46 76 (0 144 -716 ) (0 144 -384 ) (-16 144 -384 ) (-16 144 -716 ) 
4 46 71 (0 144 -384 ) (0 144 -368 ) (-16 144 -368 ) (-16 144 -384 ) 
4 46 66 (0 144 -368 ) (0 144 -240 ) (-16 144 -240 ) (-16 144 -368 ) 
4 46 56 (0 144 -240 ) (0 144 -24 ) (-16 144 -24 ) (-16 144 -240 ) 
4 46 47 (-16 144 -716 ) (-16 144 -8 ) (-16 264 -8 ) (-16 264 -716 ) 
4 47 76 (-16 144 -716 ) (-16 144 -384 ) (-336 144 -384 ) (-336 144 -716 ) 
4 47 71 (-16 144 -384 ) (-16 144 -368 ) (-336 144 -368 ) (-336 144 -384 ) 
4 47 66 (-16 144 -368 ) (-16 144 -240 ) (-336 144 -240 ) (-336 144 -368 ) 
4 47 57 (-16 144 -240 ) (-16 144 624 ) (-336 144 624 ) (-336 144 -240 ) 
4 47 48 (-336 144 -716 ) (-336 144 -8 ) (-336 264 -8 ) (-336 264 -716 ) 
4 48 76 (-336 144 -716 ) (-336 144 -384 ) (-385 144 -384 ) (-385 144 -716 ) 
4 48 71 (-336 144 -384 ) (-336 144 -368 ) (-385 144 -368 ) (-385 144 -384 ) 
4 48 66 (-336 144 -368 ) (-336 144 -240 ) (-385 144 -240 ) (-385 144 -368 ) 
4 48 58 (-336 144 -240 ) (-336 144 -24 ) (-385 144 -24 ) (-385 144 -240 ) 
4 48 49 (-385 144 -716 ) (-385 144 -8 ) (-385 264 -8 ) (-385 264 -716 ) 
4 49 76 (-385 144 -716 ) (-385 144 -384 ) (-560 144 -384 ) (-560 144 -716 ) 
4 49 71 (-385 144 -384 ) (-385 144 -368 ) (-560 144 -368 ) (-560 144 -384 ) 
4 49 66 (-385 144 -368 ) (-385 144 -240 ) (-544 144 -240 ) (-544 144 -368 ) 
4 49 59 (-385 144 -240 ) (-385 144 624 ) (-560 144 624 ) (-560 144 -240 ) 
4 49 51 (-560 144 -240 ) (-560 144 624 ) (-560 160 624 ) (-560 160 -240 ) 
4 49 52 (-560 160 -716 ) (-560 144 -716 ) (-560 144 -368 ) (-560 160 -368 ) 
4 49 50 (-560 264 -716 ) (-560 160 -716 ) (-560 160 624 ) (-560 264 624 ) 
4 50 51 (-992 160 624 ) (-992 160 -240 ) (-560 160 -240 ) (-560 160 624 ) 
4 50 52 (-992 160 -368 ) (-992 160 -716 ) (-560 160 -716 ) (-560 160 -368 ) 
4 50 53 (-992 264 -716 ) (-992 160 -716 ) (-992 160 624 ) (-992 264 624 ) 
4 51 60 (-560 144 624 ) (-992 144 624 ) (-992 144 -224 ) (-560 144 -224 ) 
4 51 53 (-992 144 -240 ) (-992 144 624 ) (-992 160 624 ) (-992 160 -240 ) 
4 52 76 (-992 144 -384 ) (-992 144 -716 ) (-560 144 -716 ) (-560 144 -384 ) 
4 52 53 (-992 160 -716 ) (-992 144 -716 ) (-992 144 -368 ) (-992 160 -368 ) 
4 53 77 (-1024 144 -716 ) (-1024 144 624 ) (-1024 264 624 ) (-1024 264 -716 ) 
4 53 76 (-1024 144 -384 ) (-1024 144 -716 ) (-992 144 -716 ) (-992 144 -384 ) 
4 53 72 (-1024 144 -368 ) (-1024 144 -384 ) (-992 144 -384 ) (-992 144 -368 ) 
4 53 65 (-992 144 624 ) (-1024 144 624 ) (-1024 144 -48 ) (-992 144 -48 ) 
4 54 288 (-992 0 1748 ) (-1024 0 1748 ) (-1024 0 640 ) (-992 0 640 ) 
4 54 280 (-704 0 1748 ) (-992 0 1748 ) (-992 0 640 ) (-704 0 640 ) 
4 54 259 (-624 0 1748 ) (-638 0 1748 ) (-638 0 640 ) (-624 0 640 ) 
4 54 262 (-638 0 1748 ) (-704 0 1748 ) (-704 0 640 ) (-638 0 640 ) 
4 54 252 (-610 0 1748 ) (-624 0 1748 ) (-624 0 640 ) (-610 0 640 ) 
4 54 200 (-224 0 1748 ) (-610 0 1748 ) (-610 0 640 ) (-224 0 640 ) 
4 54 164 (0 0 640 ) (0 0 1748 ) (-224 0 1748 ) (-224 0 640 ) 
4 54 78 (-1024 0 640 ) (-1024 0 1748 ) (-1024 144 1748 ) (-1024 144 640 ) 
4 54 55 (-610 0 640 ) (-1024 0 640 ) (-1024 144 640 ) (-610 144 640 ) 
4 55 288 (-992 0 640 ) (-1024 0 640 ) (-1024 0 624 ) (-992 0 624 ) 
4 55 280 (-704 0 640 ) (-992 0 640 ) (-992 0 624 ) (-704 0 624 ) 
4 55 259 (-624 0 640 ) (-638 0 640 ) (-638 0 624 ) (-624 0 624 ) 
4 55 262 (-638 0 640 ) (-704 0 640 ) (-704 0 624 ) (-638 0 624 ) 
4 55 252 (-610 0 640 ) (-624 0 640 ) (-624 0 624 ) (-610 0 624 ) 
4 55 78 (-1024 0 624 ) (-1024 0 640 ) (-1024 144 640 ) (-1024 144 624 ) 
4 55 65 (-1024 0 624 ) (-1024 144 624 ) (-992 144 624 ) (-992 0 624 ) 
4 55 64 (-864 0 624 ) (-992 0 624 ) (-992 16 624 ) (-864 16 624 ) 
4 55 63 (-688 0 624 ) (-864 0 624 ) (-864 16 624 ) (-688 16 624 ) 
4 55 62 (-610 16 624 ) (-610 0 624 ) (-688 0 624 ) (-688 16 624 ) 
4 55 60 (-992 144 624 ) (-610 144 624 ) (-610 16 624 ) (-992 16 624 ) 
4 56 195 (0 0 -240 ) (0 0 -96 ) (-16 0 -96 ) (-16 0 -240 ) 
4 56 194 (0 0 -96 ) (0 0 -80 ) (-16 0 -80 ) (-16 0 -96 ) 
4 56 190 (0 0 -80 ) (0 0 48 ) (-16 0 48 ) (-16 0 -80 ) 
4 56 66 (0 0 -240 ) (-16 0 -240 ) (-16 144 -240 ) (0 144 -240 ) 
4 56 57 (-16 144 -240 ) (-16 0 -240 ) (-16 0 48 ) (-16 144 -24 ) 
4 57 235 (-336 0 -96 ) (-336 0 -240 ) (-280 0 -240 ) (-280 0 -96 ) 
4 57 231 (-336 0 48 ) (-336 0 -96 ) (-280 0 -96 ) (-280 0 48 ) 
4 57 226 (-280 0 -240 ) (-248 0 -240 ) (-248 0 -80 ) (-280 0 -80 ) 
4 57 225 (-248 0 -240 ) (-224 0 -240 ) (-224 0 -96 ) (-248 0 -96 ) 
4 57 224 (-224 0 -96 ) (-224 0 -80 ) (-248 0 -80 ) (-248 0 -96 ) 
4 57 223 (-224 0 -80 ) (-224 0 48 ) (-280 0 48 ) (-280 0 -80 ) 
4 57 218 (-336 0 192 ) (-336 0 48 ) (-224 0 48 ) (-224 0 192 ) 
4 57 213 (-336 0 336 ) (-336 0 192 ) (-224 0 192 ) (-224 0 336 ) 
4 57 208 (-336 0 480 ) (-336 0 336 ) (-224 0 336 ) (-224 0 480 ) 
4 57 206 (-336 0 496 ) (-336 0 480 ) (-224 0 480 ) (-224 0 496 ) 
4 57 201 (-224 0 624 ) (-336 0 624 ) (-336 0 496 ) (-224 0 496 ) 
4 57 196 (-224 0 -96 ) (-224 0 -240 ) (-104 0 -240 ) (-104 0 -96 ) 
4 57 195 (-104 0 -240 ) (-16 0 -240 ) (-16 0 -96 ) (-104 0 -96 ) 
4 57 194 (-224 0 -80 ) (-224 0 -96 ) (-16 0 -96 ) (-16 0 -80 ) 
4 57 192 (-224 0 48 ) (-224 0 -80 ) (-16 0 -80 ) (-16 0 48 ) 
4 57 189 (-224 0 64 ) (-224 0 48 ) (-16 0 48 ) (-16 0 64 ) 
4 57 185 (-224 0 192 ) (-224 0 64 ) (-16 0 64 ) (-16 0 192 ) 
4 57 184 (-224 0 208 ) (-224 0 192 ) (-16 0 192 ) (-16 0 208 ) 
4 57 180 (-224 0 336 ) (-224 0 208 ) (-16 0 208 ) (-16 0 336 ) 
4 57 175 (-224 0 480 ) (-224 0 336 ) (-16 0 336 ) (-16 0 480 ) 
4 57 172 (-224 0 496 ) (-224 0 480 ) (-16 0 480 ) (-16 0 496 ) 
4 57 169 (-224 0 608 ) (-224 0 496 ) (-128 0 496 ) (-128 0 608 ) 
4 57 168 (-128 0 624 ) (-224 0 624 ) (-224 0 608 ) (-128 0 608 ) 
4 57 165 (-16 0 624 ) (-128 0 624 ) (-128 0 496 ) (-16 0 496 ) 
4 57 66 (-16 0 -240 ) (-336 0 -240 ) (-336 144 -240 ) (-16 144 -240 ) 
4 57 58 (-336 144 -240 ) (-336 0 -240 ) (-336 0 -96 ) (-336 144 -24 ) 
4 58 235 (-385 0 -96 ) (-385 0 -240 ) (-336 0 -240 ) (-336 0 -96 ) 
4 58 66 (-336 0 -240 ) (-385 0 -240 ) (-385 144 -240 ) (-336 144 -240 ) 
4 58 61 (-385 16 -240 ) (-385 0 -240 ) (-385 0 -96 ) (-385 16 -88 ) 
4 58 59 (-385 144 -240 ) (-385 16 -240 ) (-385 16 -88 ) (-385 144 -24 ) 
4 59 66 (-544 144 -240 ) (-385 144 -240 ) (-385 16 -240 ) (-544 16 -240 ) 
4 59 61 (-560 16 -240 ) (-385 16 -240 ) (-385 16 624 ) (-560 16 624 ) 
4 59 60 (-560 16 -224 ) (-560 16 624 ) (-560 144 624 ) (-560 144 -224 ) 
4 60 65 (-992 16 -48 ) (-992 16 624 ) (-992 144 624 ) (-992 144 -48 ) 
4 60 64 (-992 16 624 ) (-992 16 -2 ) (-864 16 -2 ) (-864 16 624 ) 
4 60 63 (-864 16 -224 ) (-688 16 -224 ) (-688 16 624 ) (-864 16 624 ) 
4 60 62 (-688 16 -224 ) (-560 16 -224 ) (-560 16 624 ) (-688 16 624 ) 
4 61 235 (-560 0 -96 ) (-560 0 -240 ) (-385 0 -240 ) (-385 0 -96 ) 
4 61 232 (-560 0 48 ) (-560 0 -96 ) (-385 0 -96 ) (-385 0 48 ) 
4 61 219 (-560 0 192 ) (-560 0 48 ) (-385 0 48 ) (-385 0 192 ) 
4 61 214 (-560 0 336 ) (-560 0 192 ) (-385 0 192 ) (-385 0 336 ) 
4 61 209 (-560 0 480 ) (-560 0 336 ) (-385 0 336 ) (-385 0 480 ) 
4 61 207 (-560 0 496 ) (-560 0 480 ) (-385 0 480 ) (-385 0 496 ) 
4 61 202 (-385 0 624 ) (-560 0 624 ) (-560 0 496 ) (-385 0 496 ) 
4 61 66 (-385 0 -240 ) (-544 0 -240 ) (-544 16 -240 ) (-385 16 -240 ) 
4 61 62 (-560 16 624 ) (-560 16 -224 ) (-560 0 -224 ) (-560 0 624 ) 
4 62 263 (-688 0 -96 ) (-688 0 -224 ) (-610 0 -224 ) (-610 0 -96 ) 
4 62 259 (-624 0 624 ) (-638 0 624 ) (-638 0 -96 ) (-624 0 -96 ) 
4 62 262 (-638 0 624 ) (-688 0 624 ) (-688 0 -96 ) (-638 0 -96 ) 
4 62 252 (-610 0 624 ) (-624 0 624 ) (-624 0 -96 ) (-610 0 -96 ) 
4 62 236 (-610 0 -96 ) (-610 0 -224 ) (-560 0 -224 ) (-560 0 -96 ) 
4 62 232 (-610 0 48 ) (-610 0 -96 ) (-560 0 -96 ) (-560 0 48 ) 
4 62 219 (-610 0 192 ) (-610 0 48 ) (-560 0 48 ) (-560 0 192 ) 
4 62 214 (-610 0 336 ) (-610 0 192 ) (-560 0 192 ) (-560 0 336 ) 
4 62 209 (-610 0 480 ) (-610 0 336 ) (-560 0 336 ) (-560 0 480 ) 
4 62 207 (-610 0 496 ) (-610 0 480 ) (-560 0 480 ) (-560 0 496 ) 
4 62 202 (-560 0 624 ) (-610 0 624 ) (-610 0 496 ) (-560 0 496 ) 
4 62 63 (-688 16 624 ) (-688 16 -224 ) (-688 0 -224 ) (-688 0 624 ) 
4 63 284 (-848 0 -240 ) (-720 0 -240 ) (-720 0 -2 ) (-848 0 -2 ) 
4 63 281 (-720 0 -240 ) (-704 0 -240 ) (-704 0 -2 ) (-720 0 -2 ) 
4 63 280 (-704 0 624 ) (-864 0 624 ) (-864 0 -2 ) (-704 0 -2 ) 
4 63 265 (-704 0 -96 ) (-704 0 -240 ) (-688 0 -240 ) (-688 0 -96 ) 
4 63 262 (-688 0 624 ) (-704 0 624 ) (-704 0 -96 ) (-688 0 -96 ) 
4 63 64 (-864 16 624 ) (-864 16 -2 ) (-864 0 -2 ) (-864 0 624 ) 
4 64 280 (-864 0 624 ) (-992 0 624 ) (-992 0 -2 ) (-864 0 -2 ) 
4 64 65 (-992 0 -2 ) (-992 0 624 ) (-992 16 624 ) (-992 16 -2 ) 
4 65 288 (-992 0 624 ) (-1024 0 624 ) (-1024 0 -48 ) (-992 0 -48 ) 
4 65 78 (-1024 0 -48 ) (-1024 0 624 ) (-1024 144 624 ) (-1024 144 -48 ) 
4 66 237 (-280 0 -240 ) (-544 0 -240 ) (-544 0 -368 ) (-280 0 -368 ) 
4 66 226 (-248 0 -240 ) (-280 0 -240 ) (-280 0 -368 ) (-248 0 -368 ) 
4 66 225 (-224 0 -240 ) (-248 0 -240 ) (-248 0 -368 ) (-224 0 -368 ) 
4 66 196 (-104 0 -240 ) (-224 0 -240 ) (-224 0 -368 ) (-104 0 -368 ) 
4 66 195 (0 0 -368 ) (0 0 -240 ) (-104 0 -240 ) (-104 0 -368 ) 
4 66 73 (0 16 -368 ) (0 0 -368 ) (-544 0 -368 ) (-544 16 -368 ) 
4 66 71 (-544 144 -368 ) (0 144 -368 ) (0 16 -368 ) (-544 16 -368 ) 
4 67 264 (-610 0 -240 ) (-688 0 -240 ) (-688 0 -368 ) (-610 0 -368 ) 
4 67 238 (-560 0 -240 ) (-610 0 -240 ) (-610 0 -368 ) (-560 0 -368 ) 
4 67 68 (-688 144 -368 ) (-688 16 -368 ) (-688 16 -240 ) (-688 144 -240 ) 
4 68 69 (-704 144 -368 ) (-704 16 -368 ) (-704 16 -240 ) (-704 144 -240 ) 
4 69 70 (-864 144 -368 ) (-864 16 -368 ) (-864 16 -240 ) (-864 144 -240 ) 
4 70 286 (-864 0 -240 ) (-992 0 -240 ) (-992 0 -368 ) (-864 0 -368 ) 
4 71 76 (-560 144 -384 ) (0 144 -384 ) (0 16 -384 ) (-560 16 -384 ) 
4 71 73 (-560 16 -384 ) (0 16 -384 ) (0 16 -368 ) (-560 16 -368 ) 
4 72 79 (-1024 16 -368 ) (-1024 144 -368 ) (-1024 144 -384 ) (-1024 16 -384 ) 
4 72 76 (-1024 16 -384 ) (-1024 144 -384 ) (-992 144 -384 ) (-992 16 -384 ) 
4 72 75 (-1024 16 -384 ) (-992 16 -384 ) (-992 16 -368 ) (-1024 16 -368 ) 
4 73 239 (-280 0 -368 ) (-560 0 -368 ) (-560 0 -384 ) (-280 0 -384 ) 
4 73 226 (-248 0 -368 ) (-280 0 -368 ) (-280 0 -384 ) (-248 0 -384 ) 
4 73 225 (-224 0 -368 ) (-248 0 -368 ) (-248 0 -384 ) (-224 0 -384 ) 
4 73 196 (-104 0 -368 ) (-224 0 -368 ) (-224 0 -384 ) (-104 0 -384 ) 
4 73 195 (0 0 -384 ) (0 0 -368 ) (-104 0 -368 ) (-104 0 -384 ) 
4 73 76 (0 0 -384 ) (-560 0 -384 ) (-560 16 -384 ) (0 16 -384 ) 
4 74 285 (-720 0 -368 ) (-864 0 -368 ) (-864 0 -384 ) (-720 0 -384 ) 
4 74 281 (-704 0 -368 ) (-720 0 -368 ) (-720 0 -384 ) (-704 0 -384 ) 
4 74 266 (-688 0 -368 ) (-704 0 -368 ) (-704 0 -384 ) (-688 0 -384 ) 
4 74 76 (-688 0 -384 ) (-864 0 -384 ) (-864 16 -384 ) (-688 16 -384 ) 
4 75 292 (-992 0 -368 ) (-1020 0 -368 ) (-1020 0 -384 ) (-992 0 -384 ) 
4 75 293 (-1020 0 -368 ) (-1024 0 -368 ) (-1024 0 -384 ) (-1020 0 -384 ) 
4 75 79 (-1024 0 -384 ) (-1024 0 -368 ) (-1024 16 -368 ) (-1024 16 -384 ) 
4 75 76 (-992 0 -384 ) (-1024 0 -384 ) (-1024 16 -384 ) (-992 16 -384 ) 
4 76 294 (-992 0 -384 ) (-1024 0 -384 ) (-1024 0 -716 ) (-992 0 -716 ) 
4 76 287 (-864 0 -384 ) (-992 0 -384 ) (-992 0 -716 ) (-864 0 -716 ) 
4 76 285 (-720 0 -384 ) (-864 0 -384 ) (-864 0 -716 ) (-720 0 -716 ) 
4 76 283 (-720 0 -390 ) (-720 0 -716 ) (-704 0 -716 ) (-704 0 -390 ) 
4 76 281 (-704 0 -384 ) (-720 0 -384 ) (-720 0 -390 ) (-704 0 -390 ) 
4 76 267 (-610 0 -384 ) (-704 0 -384 ) (-704 0 -716 ) (-610 0 -716 ) 
4 76 240 (-560 0 -384 ) (-610 0 -384 ) (-610 0 -716 ) (-560 0 -716 ) 
4 76 239 (-280 0 -384 ) (-560 0 -384 ) (-560 0 -716 ) (-280 0 -716 ) 
4 76 229 (-224 0 -384 ) (-280 0 -384 ) (-280 0 -716 ) (-224 0 -716 ) 
4 76 199 (0 0 -716 ) (0 0 -400 ) (-224 0 -400 ) (-224 0 -716 ) 
4 76 198 (-72 0 -384 ) (-224 0 -384 ) (-224 0 -400 ) (-72 0 -400 ) 
4 76 197 (0 0 -400 ) (0 0 -384 ) (-72 0 -384 ) (-72 0 -400 ) 
4 76 79 (-1024 0 -716 ) (-1024 0 -384 ) (-1024 144 -384 ) (-1024 144 -716 ) 
4 77 78 (-1048 144 1748 ) (-1048 144 -48 ) (-1024 144 -48 ) (-1024 144 1748 ) 
4 77 79 (-1048 144 -368 ) (-1048 144 -716 ) (-1024 144 -716 ) (-1024 144 -368 ) 
4 77 80 (-1048 754 1748 ) (-1048 754 -716 ) (-1048 144 -716 ) (-1048 144 1748 ) 
4 78 361 (-1024 0 -48 ) (-1024 0 1748 ) (-1048 0 1748 ) (-1048 0 -48 ) 
4 78 80 (-1048 0 -48 ) (-1048 0 1748 ) (-1048 144 1748 ) (-1048 144 -48 ) 
4 79 372 (-1024 0 -716 ) (-1024 0 -368 ) (-1048 0 -368 ) (-1048 0 -716 ) 
4 79 80 (-1048 144 -716 ) (-1048 0 -716 ) (-1048 0 -368 ) (-1048 144 -368 ) 
4 80 374 (-1878 0 -368 ) (-1878 0 -716 ) (-1120 0 -716 ) (-1120 0 -368 ) 
4 80 372 (-1120 0 -716 ) (-1048 0 -716 ) (-1048 0 -368 ) (-1120 0 -368 ) 
4 80 362 (-1048 0 1748 ) (-1878 0 1748 ) (-1878 0 -368 ) (-1048 0 -368 ) 
4 81 157 (1152 -1024 1748 ) (1024 -1024 1748 ) (1024 -1024 -716 ) (1152 -1024 -716 ) 
4 81 109 (1024 -1024 -716 ) (1024 -1024 -384 ) (1024 0 -384 ) (1024 0 -716 ) 
4 81 108 (1024 -1024 -384 ) (1024 -1024 -224 ) (1024 0 -224 ) (1024 0 -384 ) 
4 81 107 (1024 -1024 -224 ) (1024 -1024 460 ) (1024 -864 460 ) (1024 -864 -224 ) 
4 81 103 (1024 -864 460 ) (1024 0 460 ) (1024 0 -224 ) (1024 -864 -224 ) 
4 81 98 (1024 -1024 460 ) (1024 -1024 496 ) (1024 0 496 ) (1024 0 460 ) 
4 81 82 (1024 -1024 496 ) (1024 -1024 1748 ) (1024 0 1748 ) (1024 0 496 ) 
4 82 158 (1024 -1024 496 ) (1024 -1024 1748 ) (728 -1024 1748 ) (728 -1024 496 ) 
4 82 98 (728 0 496 ) (1024 0 496 ) (1024 -1024 496 ) (728 -1024 496 ) 
4 82 83 (728 -64 624.500000 ) (728 -64 1748 ) (728 0 1748 ) (728 0 624.500000 ) 
4 82 84 (728 -64 496 ) (728 -1024 496 ) (728 -1024 1748 ) (728 -64 1748 ) 
4 83 85 (720 0 1748 ) (720 0 630 ) (720 -64 630 ) (720 -64 1748 ) 
4 83 84 (728 -64 624.500000 ) (728 -64 1748 ) (720 -64 1748 ) (720 -64 624.500000 ) 
4 84 158 (728 -1024 1748 ) (720 -1024 1748 ) (720 -1024 496 ) (728 -1024 496 ) 
4 84 98 (728 -64 496 ) (728 -1024 496 ) (720 -1024 496 ) (720 -64 496 ) 
4 84 88 (720 -74 496 ) (720 -1024 496 ) (720 -1024 624.500000 ) (720 -74 624.500000 ) 
4 84 87 (720 -1024 624.500000 ) (720 -1024 1748 ) (720 -64 1748 ) (720 -64 624.500000 ) 
4 85 89 (606 -64 630 ) (606 -64 1748 ) (606 0 1748 ) (606 0 630 ) 
4 85 87 (606 -64 1748 ) (606 -64 630 ) (720 -64 630 ) (720 -64 1748 ) 
4 86 91 (606 -64 534 ) (606 -64 594 ) (606 0 594 ) (606 0 534 ) 
4 87 158 (606 -1024 1748 ) (606 -1024 624.500000 ) (720 -1024 624.500000 ) (720 -1024 1748 ) 
4 87 89 (606 -1024 624.500000 ) (606 -1024 1748 ) (606 -64 1748 ) (606 -64 624.500000 ) 
4 87 88 (606 -1024 624.500000 ) (606 -74 624.500000 ) (720 -74 624.500000 ) (720 -1024 624.500000 ) 
4 88 158 (606 -1024 624.500000 ) (606 -1024 496 ) (720 -1024 496 ) (720 -1024 624.500000 ) 
4 88 100 (720 -74 496 ) (720 -1024 496 ) (606 -1024 496 ) (606 -74 496 ) 
4 88 93 (606 -200 496 ) (606 -1024 496 ) (606 -1024 534 ) (606 -200 534 ) 
4 88 92 (606 -1024 534 ) (606 -1024 594 ) (606 -200 594 ) (606 -200 534 ) 
4 88 90 (606 -1024 594 ) (606 -1024 624 ) (606 -200 624 ) (606 -200 594 ) 
4 88 89 (606 -1024 624 ) (606 -1024 624.500000 ) (606 -74 624.500000 ) (606 -74 624 ) 
4 89 158 (590 -1024 1748 ) (590 -1024 624 ) (606 -1024 624 ) (606 -1024 1748 ) 
4 89 95 (590 -200 624 ) (590 -1024 624 ) (590 -1024 640 ) (590 -200 640 ) 
4 89 94 (590 0 1748 ) (590 0 640 ) (590 -1024 640 ) (590 -1024 1748 ) 
4 89 90 (590 -1024 624 ) (590 -200 624 ) (606 -200 624 ) (606 -1024 624 ) 
4 90 158 (590 -1024 624 ) (590 -1024 594 ) (606 -1024 594 ) (606 -1024 624 ) 
4 90 97 (590 -264 594 ) (590 -1024 594 ) (590 -1024 624 ) (590 -264 624 ) 
4 90 92 (590 -1024 594 ) (590 -200 594 ) (606 -200 594 ) (606 -1024 594 ) 
4 91 96 (590 0 594 ) (590 0 534 ) (590 -64 534 ) (590 -64 594 ) 
4 92 158 (590 -1024 594 ) (590 -1024 534 ) (606 -1024 534 ) (606 -1024 594 ) 
4 92 97 (590 -264 534 ) (590 -1024 534 ) (590 -1024 594 ) (590 -264 594 ) 
4 92 93 (590 -1024 534 ) (590 -200 534 ) (606 -200 534 ) (606 -1024 534 ) 
4 93 158 (590 -1024 534 ) (590 -1024 496 ) (606 -1024 496 ) (606 -1024 534 ) 
4 93 101 (606 -200 496 ) (606 -1024 496 ) (590 -1024 496 ) (590 -200 496 ) 
4 93 97 (590 -264 496 ) (590 -1024 496 ) (590 -1024 534 ) (590 -264 534 ) 
4 94 161 (270 -1024 1748 ) (270 -1024 640 ) (416 -1024 640 ) (416 -1024 1748 ) 
4 94 159 (416 -1024 640 ) (432 -1024 640 ) (432 -1024 1748 ) (416 -1024 1748 ) 
4 94 158 (432 -1024 640 ) (590 -1024 640 ) (590 -1024 1748 ) (432 -1024 1748 ) 
4 94 125 (270 -1024 640 ) (270 -1024 1748 ) (270 -208 1748 ) (270 -208 640 ) 
4 94 110 (270 -200 1748 ) (270 0 1748 ) (270 0 640 ) (270 -200 640 ) 
4 94 111 (270 -208 1748 ) (270 -200 1748 ) (270 -200 640 ) (270 -208 640 ) 
4 94 95 (270 -1024 640 ) (270 -200 640 ) (590 -200 640 ) (590 -1024 640 ) 
4 95 161 (270 -1024 640 ) (270 -1024 624 ) (416 -1024 624 ) (416 -1024 640 ) 
4 95 159 (416 -1024 624 ) (432 -1024 624 ) (432 -1024 640 ) (416 -1024 640 ) 
4 95 158 (432 -1024 624 ) (590 -1024 624 ) (590 -1024 640 ) (432 -1024 640 ) 
4 95 125 (270 -1024 624 ) (270 -1024 640 ) (270 -208 640 ) (270 -208 624 ) 
4 95 111 (270 -208 640 ) (270 -200 640 ) (270 -200 624 ) (270 -208 624 ) 
4 95 97 (270 -1024 624 ) (270 -264 624 ) (590 -264 624 ) (590 -1024 624 ) 
4 96 112 (270 -120 496 ) (270 -168 496 ) (270 -168 604 ) (270 -120 604 ) 
5 97 161 (270 -1024 624 ) (270 -1024 496 ) (395.354279 -1024 496 ) (416 -1024 527.766357 ) (416 -1024 624 ) 
3 97 106 (395.354279 -1024 496 ) (416 -1024 496 ) (416 -1024 527.766357 ) 
4 97 159 (416 -1024 496 ) (432 -1024 496 ) (432 -1024 624 ) (416 -1024 624 ) 
4 97 158 (432 -1024 496 ) (590 -1024 496 ) (590 -1024 624 ) (432 -1024 624 ) 
4 97 125 (270 -1024 496 ) (270 -1024 624 ) (270 -264 624 ) (270 -264 496 ) 
4 97 102 (270 -1024 496 ) (270 -264 496 ) (590 -264 496 ) (590 -1024 496 ) 
4 98 158 (1024 -1024 460 ) (1024 -1024 496 ) (720 -1024 496 ) (720 -1024 460 ) 
4 98 107 (1024 -864 460 ) (1024 -1024 460 ) (720 -1024 460 ) (720 -864 460 ) 
4 98 103 (720 0 460 ) (1024 0 460 ) (1024 -864 460 ) (720 -864 460 ) 
4 98 99 (720 0 460 ) (720 -64 460 ) (720 -64 490 ) (720 0 490 ) 
4 98 100 (720 -64 460 ) (720 -1024 460 ) (720 -1024 496 ) (720 -64 496 ) 
4 99 103 (606 0 460 ) (720 0 460 ) (720 -64 460 ) (606 -64 460 ) 
4 99 101 (606 0 460 ) (606 -64 460 ) (606 -64 490 ) (606 0 490 ) 
4 99 100 (606 -64 490 ) (606 -64 460 ) (720 -64 460 ) (720 -64 490 ) 
4 100 158 (720 -1024 496 ) (606 -1024 496 ) (606 -1024 460 ) (720 -1024 460 ) 
4 100 107 (720 -864 460 ) (720 -1024 460 ) (606 -1024 460 ) (606 -864 460 ) 
4 100 103 (720 -64 460 ) (720 -864 460 ) (606 -864 460 ) (606 -64 460 ) 
4 100 101 (606 -64 460 ) (606 -1024 460 ) (606 -1024 496 ) (606 -64 496 ) 
4 101 158 (606 -1024 496 ) (590 -1024 496 ) (590 -1024 460 ) (606 -1024 460 ) 
4 101 107 (606 -864 460 ) (606 -1024 460 ) (590 -1024 460 ) (590 -864 460 ) 
4 101 103 (590 0 460 ) (606 0 460 ) (606 -864 460 ) (590 -864 460 ) 
4 101 102 (590 -200 460 ) (590 -1024 460 ) (590 -1024 496 ) (590 -200 496 ) 
4 102 161 (395.354309 -1024 496 ) (270 -1024 496 ) (270 -1024 460 ) (371.957031 -1024 460 ) 
4 102 106 (416 -1024 496 ) (395.354309 -1024 496 ) (371.957031 -1024 460 ) (416 -1024 460 ) 
4 102 159 (432 -1024 496 ) (416 -1024 496 ) (416 -1024 460 ) (432 -1024 460 ) 
4 102 158 (590 -1024 496 ) (432 -1024 496 ) (432 -1024 460 ) (590 -1024 460 ) 
4 102 125 (270 -1024 460 ) (270 -1024 496 ) (270 -208 496 ) (270 -208 460 ) 
4 102 115 (270 -200 486 ) (270 -200 480 ) (270 -208 480 ) (270 -208 486 ) 
4 102 114 (270 -208 496 ) (270 -200 496 ) (270 -200 486 ) (270 -208 486 ) 
4 102 106 (270 -1024 460 ) (270 -864 460 ) (416 -864 460 ) (416 -1024 460 ) 
4 102 107 (416 -864 460 ) (590 -864 460 ) (590 -1024 460 ) (416 -1024 460 ) 
4 102 106 (270 -864 460 ) (270 -200 460 ) (284 -200 460 ) (284 -864 460 ) 
4 102 103 (284 -200 460 ) (590 -200 460 ) (590 -864 460 ) (284 -864 460 ) 
4 103 106 (284 0 -224 ) (416 0 -224 ) (416 -864 -224 ) (284 -864 -224 ) 
4 103 106 (416 0 -224 ) (432 0 -224 ) (432 -864 -224 ) (416 -864 -224 ) 
4 103 108 (432 0 -224 ) (1024 0 -224 ) (1024 -864 -224 ) (432 -864 -224 ) 
4 103 106 (416 -864 -208 ) (416 -864 460 ) (284 -864 460 ) (284 -864 -208 ) 
4 103 107 (416 -864 -224 ) (1024 -864 -224 ) (1024 -864 460 ) (416 -864 460 ) 
4 103 105 (284 -120 -224 ) (284 -168 -224 ) (284 -168 -96 ) (284 -120 -96 ) 
4 103 104 (284 0 -224 ) (284 -120 -224 ) (284 -120 460 ) (284 0 460 ) 
4 103 106 (284 -168 -224 ) (284 -864 -224 ) (284 -864 460 ) (284 -168 460 ) 
4 104 124 (270 0 -96 ) (270 0 -224 ) (270 -120 -224 ) (270 -120 -96 ) 
4 104 123 (270 0 -80 ) (270 0 -96 ) (270 -48 -96 ) (270 -48 -80 ) 
4 104 121 (270 0 64 ) (270 0 48 ) (270 -48 48 ) (270 -48 64 ) 
4 104 119 (270 0 208 ) (270 0 192 ) (270 -48 192 ) (270 -48 208 ) 
4 104 117 (270 0 352 ) (270 0 336 ) (270 -48 336 ) (270 -48 352 ) 
4 104 106 (270 -120 -224 ) (270 0 -224 ) (284 0 -224 ) (284 -120 -224 ) 
4 104 105 (270 -120 -224 ) (284 -120 -224 ) (284 -120 -96 ) (270 -120 -96 ) 
4 105 124 (270 -120 -96 ) (270 -120 -224 ) (270 -168 -224 ) (270 -168 -96 ) 
4 105 106 (270 -168 -224 ) (270 -120 -224 ) (284 -120 -224 ) (284 -168 -224 ) 
4 105 106 (270 -168 -224 ) (284 -168 -224 ) (284 -168 -96 ) (270 -168 -96 ) 
4 106 125 (270 -864 460 ) (270 -208 460 ) (270 -208 -208 ) (270 -864 -208 ) 
4 106 124 (270 -168 -96 ) (270 -168 -224 ) (270 -208 -224 ) (270 -208 -96 ) 
3 106 161 (371.957031 -1024 460 ) (270 -1024 460 ) (270 -1024 303.124512 ) 
4 106 125 (270 -1024 -208 ) (270 -1024 460 ) (270 -864 460 ) (270 -864 -208 ) 
4 106 109 (416 0 -384 ) (432 0 -384 ) (432 -864 -384 ) (416 -864 -384 ) 
4 106 124 (270 -208 -224 ) (270 0 -224 ) (270 0 -384 ) (270 -208 -384 ) 
4 106 109 (270 -880 -384 ) (270 0 -384 ) (416 0 -384 ) (416 -880 -384 ) 
4 106 150 (256 -464 -208 ) (256 -224 -208 ) (256 -224 -224 ) (256 -464 -224 ) 
4 106 148 (256 -224 -208 ) (256 -208 -208 ) (256 -208 -224 ) (256 -224 -224 ) 
4 106 150 (256 -464 -224 ) (256 -224 -224 ) (256 -224 -384 ) (256 -464 -384 ) 
4 106 148 (256 -224 -224 ) (256 -208 -224 ) (256 -208 -384 ) (256 -224 -384 ) 
4 106 126 (256 -880 -384 ) (256 -208 -384 ) (270 -208 -384 ) (270 -880 -384 ) 
4 106 156 (256 -464 -384 ) (256 -480 -384 ) (128 -480 -384 ) (128 -464 -384 ) 
4 106 155 (256 -480 281.583466 ) (256 -480 604 ) (128 -480 604 ) (128 -480 84.637207 ) 
4 106 154 (128 -464 604 ) (128 -464 64 ) (128 -480 64 ) (128 -480 604 ) 
4 106 156 (128 -480 -384 ) (0 -480 -384 ) (0 -464 -384 ) (128 -464 -384 ) 
4 106 155 (256 -1024 281.585907 ) (256 -480 281.585938 ) (7.998627 -480 -100 ) (7.998638 -1024 -100 ) 
4 106 156 (256 -480 -384 ) (256 -880 -384 ) (0 -880 -384 ) (0 -480 -384 ) 
4 106 162 (0 -1568 -208 ) (416 -1568 -208 ) (416 -1568 527.766357 ) (0 -1568 -112.309082 ) 
4 106 161 (8 -1568 -100 ) (416 -1568 527.765930 ) (416 -1024 527.765930 ) (8 -1024 -100 ) 
4 106 163 (272 -1990 -384 ) (272 -1408 -384 ) (416 -1408 -384 ) (416 -1990 -384 ) 
4 106 378 (0 -1990 -208 ) (0 -1584 -208 ) (0 -1584 -224 ) (0 -1990 -224 ) 
4 106 376 (0 -1584 -208 ) (0 -1568 -208 ) (0 -1568 -224 ) (0 -1584 -224 ) 
4 106 163 (0 -1408 -384 ) (0 -1040 -384 ) (256 -1040 -384 ) (256 -1408 -384 ) 
4 106 379 (0 -1584 -368 ) (0 -1990 -368 ) (0 -1990 -256 ) (0 -1584 -256 ) 
4 106 378 (0 -1990 -224 ) (0 -1584 -224 ) (0 -1584 -256 ) (0 -1990 -256 ) 
4 106 376 (0 -1584 -224 ) (0 -1568 -224 ) (0 -1568 -256 ) (0 -1584 -256 ) 
4 106 163 (0 -1990 -384 ) (0 -1408 -384 ) (272 -1408 -384 ) (272 -1990 -384 ) 
4 106 320 (-248 -480 -384 ) (-248 -480 -368 ) (-248 -464 -368 ) (-248 -464 -384 ) 
4 106 314 (-72 -480 -384 ) (-248 -480 -384 ) (-248 -464 -384 ) (-72 -464 -384 ) 
4 106 313 (0 -480 -384 ) (-72 -480 -384 ) (-72 -464 -384 ) (0 -464 -384 ) 
4 106 360 (-16 -480 -384 ) (0 -480 -384 ) (0 -880 -384 ) (-16 -880 -384 ) 
4 106 377 (-2 -1568 224.748886 ) (-16 -1568 220.748672 ) (-16 -1568 62 ) (-2 -1568 62 ) 
4 106 376 (0 -1568 -96 ) (0 -1568 225.320343 ) (-2 -1568 224.748886 ) (-2 -1568 -96 ) 
4 106 377 (-16 -1568 62 ) (-16 -1568 220.748672 ) (-565.282654 -1568 63.802399 ) (-558.974548 -1568 62 ) 
5 106 377 (-562.222961 -1568 62.928169 ) (-565.282654 -1568 63.802399 ) (-568.341980 -1568 62.928253 ) (-567.781982 -1568 62 ) (-562.782837 -1568 62 ) 
4 106 379 (-2 -1584 -368 ) (0 -1584 -368 ) (0 -1584 -256 ) (-2 -1584 -256 ) 
4 106 381 (0 -1040 -384 ) (0 -1990 -384 ) (-12 -1990 -384 ) (-12 -1040 -384 ) 
4 106 381 (-12 -1040 -384 ) (-12 -1990 -384 ) (-16 -1990 -384 ) (-16 -1040 -384 ) 
4 106 380 (-16 -1584 -384 ) (-16 -1990 -384 ) (-16 -1990 -368 ) (-16 -1584 -368 ) 
4 106 383 (-1120 -1568 -94.696846 ) (-1120 -1568 62 ) (-1120 -1024 62 ) (-1120 -1024 -94.696854 ) 
4 107 159 (432 -1024 460 ) (416 -1024 460 ) (416 -1024 -224 ) (432 -1024 -224 ) 
4 107 158 (1024 -1024 -224 ) (1024 -1024 460 ) (432 -1024 460 ) (432 -1024 -224 ) 
4 107 108 (1024 -1024 -224 ) (432 -1024 -224 ) (432 -864 -224 ) (1024 -864 -224 ) 
4 107 106 (416 -864 460 ) (416 -864 -208 ) (416 -1024 -208 ) (416 -1024 460 ) 
4 108 158 (1024 -1024 -384 ) (1024 -1024 -224 ) (432 -1024 -224 ) (432 -1024 -384 ) 
4 108 109 (432 0 -384 ) (1024 0 -384 ) (1024 -1024 -384 ) (432 -1024 -384 ) 
4 108 106 (432 0 -384 ) (432 -864 -384 ) (432 -864 -224 ) (432 0 -224 ) 
4 109 163 (1024 -1024 -716 ) (1024 -1024 -384 ) (270 -1024 -384 ) (270 -1024 -716 ) 
4 109 126 (270 -1024 -716 ) (270 -1024 -384 ) (270 -208 -384 ) (270 -208 -716 ) 
4 109 124 (270 -208 -384 ) (270 0 -384 ) (270 0 -716 ) (270 -208 -716 ) 
4 110 127 (256 0 1748 ) (256 0 640 ) (256 -200 640 ) (256 -200 1748 ) 
4 110 111 (270 -200 640 ) (270 -200 1748 ) (256 -200 1748 ) (256 -200 640 ) 
4 111 127 (256 -208 640 ) (256 -208 1748 ) (256 -200 1748 ) (256 -200 640 ) 
4 111 125 (256 -208 1748 ) (256 -208 624 ) (270 -208 624 ) (270 -208 1748 ) 
4 112 129 (256 -120 496 ) (256 -168 496 ) (256 -168 604 ) (256 -120 604 ) 
4 113 131 (256 0 496 ) (256 0 486 ) (256 -32 486 ) (256 -32 496 ) 
4 113 115 (256 -120 486 ) (256 0 486 ) (270 0 486 ) (270 -120 486 ) 
4 114 125 (256 -208 496 ) (256 -208 486 ) (270 -208 486 ) (270 -208 496 ) 
4 114 115 (270 -208 486 ) (256 -208 486 ) (256 -168 486 ) (270 -168 486 ) 
4 115 131 (256 0 486 ) (256 0 480 ) (256 -32 480 ) (256 -32 486 ) 
4 115 125 (256 -208 486 ) (256 -208 480 ) (270 -208 480 ) (270 -208 486 ) 
4 116 133 (256 -120 352 ) (256 -168 352 ) (256 -168 460 ) (256 -120 460 ) 
4 117 135 (256 0 352 ) (256 0 336 ) (256 -32 336 ) (256 -32 352 ) 
4 118 137 (256 -120 208 ) (256 -168 208 ) (256 -168 316 ) (256 -120 316 ) 
4 119 139 (256 0 208 ) (256 0 192 ) (256 -32 192 ) (256 -32 208 ) 
4 120 141 (256 -120 64 ) (256 -168 64 ) (256 -168 172 ) (256 -120 172 ) 
4 121 143 (256 0 64 ) (256 0 48 ) (256 -32 48 ) (256 -32 64 ) 
4 122 145 (256 -120 -80 ) (256 -168 -80 ) (256 -168 28 ) (256 -120 28 ) 
4 123 147 (256 0 -80 ) (256 0 -96 ) (256 -32 -96 ) (256 -32 -80 ) 
4 123 124 (256 -48 -96 ) (256 0 -96 ) (270 0 -96 ) (270 -48 -96 ) 
4 124 148 (256 0 -96 ) (256 0 -716 ) (256 -208 -716 ) (256 -208 -96 ) 
4 124 126 (256 -208 -384 ) (256 -208 -716 ) (270 -208 -716 ) (270 -208 -384 ) 
4 124 106 (256 -208 -224 ) (256 -208 -384 ) (270 -208 -384 ) (270 -208 -224 ) 
4 124 106 (256 -208 -208 ) (256 -208 -224 ) (270 -208 -224 ) (270 -208 -208 ) 
4 124 125 (256 -208 -96 ) (256 -208 -208 ) (270 -208 -208 ) (270 -208 -96 ) 
4 125 161 (270 -1024 303.124542 ) (270 -1024 1748 ) (256 -1024 1748 ) (256 -1024 281.583374 ) 
4 125 106 (270 -1024 -208 ) (270 -1024 303.124542 ) (256 -1024 281.583374 ) (256 -1024 -208 ) 
4 125 155 (256 -1024 281.583527 ) (256 -1024 1748 ) (256 -480 1748 ) (256 -480 281.583374 ) 
4 125 106 (256 -1024 -208 ) (256 -1024 281.583527 ) (256 -480 281.583374 ) (256 -480 -208 ) 
4 125 106 (256 -464 -208 ) (256 -480 -208 ) (256 -480 604 ) (256 -464 604 ) 
4 125 150 (256 -224 604 ) (256 -224 -208 ) (256 -464 -208 ) (256 -464 604 ) 
4 125 149 (256 -480 1748 ) (256 -224 1748 ) (256 -224 604 ) (256 -480 604 ) 
4 125 148 (256 -208 -96 ) (256 -208 -208 ) (256 -224 -208 ) (256 -224 -96 ) 
4 125 127 (256 -224 1748 ) (256 -208 1748 ) (256 -208 640 ) (256 -224 640 ) 
4 125 106 (256 -864 -208 ) (256 -208 -208 ) (270 -208 -208 ) (270 -864 -208 ) 
4 126 163 (270 -1024 -716 ) (270 -1024 -384 ) (256 -1024 -384 ) (256 -1024 -716 ) 
4 126 156 (256 -1024 -716 ) (256 -1024 -384 ) (256 -224 -384 ) (256 -224 -716 ) 
4 126 148 (256 -224 -384 ) (256 -208 -384 ) (256 -208 -716 ) (256 -224 -716 ) 
4 127 173 (0 -222 640 ) (0 -224 640 ) (0 -224 1748 ) (0 -222 1748 ) 
4 127 164 (0 0 1748 ) (0 0 640 ) (0 -222 640 ) (0 -222 1748 ) 
4 127 149 (256 -224 640 ) (256 -224 1748 ) (0 -224 1748 ) (0 -224 640 ) 
4 128 131 (33 0 496 ) (256 0 496 ) (256 -32 496 ) (33 -32 496 ) 
4 129 166 (0 -48 496 ) (0 -208 496 ) (0 -208 624 ) (0 -48 624 ) 
4 129 130 (96 -208 496 ) (142 -208 496 ) (142 -208 604 ) (96 -208 604 ) 
4 131 132 (33 0 480 ) (256 0 480 ) (256 -32 480 ) (33 -32 480 ) 
4 132 135 (33 0 352 ) (256 0 352 ) (256 -32 352 ) (33 -32 352 ) 
4 133 176 (0 -48 352 ) (0 -208 352 ) (0 -208 480 ) (0 -48 480 ) 
4 133 134 (96 -208 352 ) (142 -208 352 ) (142 -208 460 ) (96 -208 460 ) 
4 135 136 (33 0 336 ) (256 0 336 ) (256 -32 336 ) (33 -32 336 ) 
4 136 139 (33 0 208 ) (256 0 208 ) (256 -32 208 ) (33 -32 208 ) 
4 137 181 (0 -48 208 ) (0 -208 208 ) (0 -208 336 ) (0 -48 336 ) 
4 137 138 (96 -208 208 ) (142 -208 208 ) (142 -208 316 ) (96 -208 316 ) 
4 139 140 (33 0 192 ) (256 0 192 ) (256 -32 192 ) (33 -32 192 ) 
4 140 143 (33 0 64 ) (256 0 64 ) (256 -32 64 ) (33 -32 64 ) 
4 141 186 (0 -48 64 ) (0 -208 64 ) (0 -208 192 ) (0 -48 192 ) 
4 141 142 (96 -208 64 ) (142 -208 64 ) (142 -208 172 ) (96 -208 172 ) 
4 143 144 (33 0 48 ) (256 0 48 ) (256 -32 48 ) (33 -32 48 ) 
4 144 190 (0 0 48 ) (0 0 -80 ) (0 -32 -80 ) (0 -32 48 ) 
4 144 147 (0 -32 -80 ) (0 0 -80 ) (256 0 -80 ) (256 -32 -80 ) 
4 145 191 (0 -48 -80 ) (0 -208 -80 ) (0 -208 48 ) (0 -48 48 ) 
4 145 146 (96 -208 -80 ) (142 -208 -80 ) (142 -208 28 ) (96 -208 28 ) 
4 147 194 (0 0 -80 ) (0 0 -96 ) (0 -32 -96 ) (0 -32 -80 ) 
4 147 148 (0 -32 -96 ) (0 0 -96 ) (256 0 -96 ) (256 -32 -96 ) 
4 148 199 (0 0 -400 ) (0 0 -716 ) (0 -224 -716 ) (0 -224 -400 ) 
4 148 197 (0 0 -384 ) (0 0 -400 ) (0 -224 -400 ) (0 -224 -384 ) 
4 148 195 (0 0 -96 ) (0 0 -384 ) (0 -224 -384 ) (0 -224 -96 ) 
4 148 156 (256 -224 -716 ) (256 -224 -384 ) (0 -224 -384 ) (0 -224 -716 ) 
4 148 151 (142 -224 -96 ) (94 -224 -96 ) (94 -224 -384 ) (142 -224 -384 ) 
4 148 150 (256 -224 -384 ) (256 -224 -96 ) (142 -224 -96 ) (142 -224 -384 ) 
4 148 153 (94 -224 -96 ) (0 -224 -96 ) (0 -224 -384 ) (94 -224 -384 ) 
4 149 312 (0 -464 604 ) (0 -480 604 ) (0 -480 640 ) (0 -464 640 ) 
4 149 311 (0 -384 604 ) (0 -464 604 ) (0 -464 640 ) (0 -384 640 ) 
4 149 310 (0 -352 604 ) (0 -384 604 ) (0 -384 640 ) (0 -352 640 ) 
4 149 303 (0 -336 604 ) (0 -352 604 ) (0 -352 640 ) (0 -336 640 ) 
4 149 296 (0 -224 640 ) (0 -224 604 ) (0 -336 604 ) (0 -336 640 ) 
4 149 295 (0 -224 1748 ) (0 -224 640 ) (0 -480 640 ) (0 -480 1748 ) 
4 149 155 (256 -480 604 ) (256 -480 1748 ) (0 -480 1748 ) (0 -480 604 ) 
4 149 154 (128 -480 604 ) (0 -480 604 ) (0 -464 604 ) (128 -464 604 ) 
4 149 106 (256 -480 604 ) (128 -480 604 ) (128 -464 604 ) (256 -464 604 ) 
4 149 152 (142 -238 604 ) (142 -464 604 ) (94 -464 604 ) (94 -238 604 ) 
4 149 150 (142 -224 604 ) (256 -224 604 ) (256 -464 604 ) (142 -464 604 ) 
4 149 153 (0 -464 604 ) (0 -224 604 ) (94 -224 604 ) (94 -464 604 ) 
4 150 156 (142 -224 -384 ) (256 -224 -384 ) (256 -464 -384 ) (142 -464 -384 ) 
4 150 106 (142 -464 -384 ) (256 -464 -384 ) (256 -464 604 ) (142 -464 604 ) 
4 150 151 (142 -224 -384 ) (142 -238 -384 ) (142 -238 -96 ) (142 -224 -96 ) 
4 150 152 (142 -238 -384 ) (142 -464 -384 ) (142 -464 604 ) (142 -238 604 ) 
4 151 156 (94 -224 -384 ) (142 -224 -384 ) (142 -238 -384 ) (94 -238 -384 ) 
4 151 152 (94 -238 -96 ) (94 -238 -384 ) (142 -238 -384 ) (142 -238 -96 ) 
4 151 153 (94 -224 -384 ) (94 -238 -384 ) (94 -238 -96 ) (94 -224 -96 ) 
4 152 156 (142 -238 -384 ) (142 -464 -384 ) (94 -464 -384 ) (94 -238 -384 ) 
4 152 154 (128 -464 64 ) (128 -464 604 ) (94 -464 604 ) (94 -464 64 ) 
4 152 106 (94 -464 -384 ) (128 -464 -384 ) (128 -464 -368 ) (94 -464 -368 ) 
4 152 106 (128 -464 -384 ) (142 -464 -384 ) (142 -464 604 ) (128 -464 604 ) 
4 152 153 (94 -238 -384 ) (94 -464 -384 ) (94 -464 604 ) (94 -238 604 ) 
4 153 311 (0 -384 -384 ) (0 -464 -384 ) (0 -464 604 ) (0 -384 604 ) 
4 153 310 (0 -352 -384 ) (0 -384 -384 ) (0 -384 604 ) (0 -352 604 ) 
4 153 303 (0 -336 -384 ) (0 -352 -384 ) (0 -352 604 ) (0 -336 604 ) 
4 153 296 (0 -224 604 ) (0 -224 -384 ) (0 -336 -384 ) (0 -336 604 ) 
4 153 156 (0 -224 -384 ) (94 -224 -384 ) (94 -464 -384 ) (0 -464 -384 ) 
4 153 154 (94 -464 64 ) (94 -464 604 ) (0 -464 604 ) (0 -464 64 ) 
4 153 106 (0 -464 -384 ) (94 -464 -384 ) (94 -464 -368 ) (0 -464 -368 ) 
4 154 312 (0 -480 64 ) (0 -480 604 ) (0 -464 604 ) (0 -464 64 ) 
5 154 155 (128 -480 84.637215 ) (128 -480 604 ) (0 -480 604 ) (0 -480 64 ) (114.587395 -480 64 ) 
3 154 106 (128 -480 64 ) (128 -480 84.637215 ) (114.587395 -480 64 ) 
4 155 106 (0 -1024 -96 ) (0 -1024 225.320358 ) (0 -480 225.320435 ) (0 -480 -96 ) 
4 155 359 (0 -1024 225.320358 ) (0 -1024 1748 ) (0 -480 1748 ) (0 -480 225.320435 ) 
5 155 161 (0 -1024 1748 ) (0 -1024 -97.714111 ) (8 -1024 -100 ) (256 -1024 281.583527 ) (256 -1024 1748 ) 
4 156 360 (0 -1024 -716 ) (0 -1024 -384 ) (0 -480 -384 ) (0 -480 -716 ) 
4 156 315 (0 -224 -400 ) (0 -224 -716 ) (0 -480 -716 ) (0 -480 -400 ) 
4 156 313 (0 -480 -384 ) (0 -224 -384 ) (0 -224 -400 ) (0 -480 -400 ) 
4 156 163 (0 -1024 -384 ) (0 -1024 -716 ) (256 -1024 -716 ) (256 -1024 -384 ) 
4 157 163 (1024 -1024 -384 ) (1024 -1024 -716 ) (1024 -1990 -716 ) (1024 -1990 -384 ) 
4 157 158 (1024 -1024 1748 ) (1024 -1024 -384 ) (1024 -1990 -384 ) (1024 -1990 1748 ) 
4 158 163 (1024 -1024 -384 ) (1024 -1990 -384 ) (432 -1990 -384 ) (432 -1024 -384 ) 
4 158 159 (432 -1408 -224 ) (432 -1408 1748 ) (432 -1024 1748 ) (432 -1024 -224 ) 
4 158 160 (432 -1408 -384 ) (432 -1990 -384 ) (432 -1990 1748 ) (432 -1408 1748 ) 
4 159 161 (416 -1024 1748 ) (416 -1024 527.766479 ) (416 -1408 527.766357 ) (416 -1408 1748 ) 
4 159 106 (416 -1024 527.766479 ) (416 -1024 -208 ) (416 -1408 -208 ) (416 -1408 527.766357 ) 
4 159 160 (432 -1408 -224 ) (432 -1408 1748 ) (416 -1408 1748 ) (416 -1408 -224 ) 
4 160 163 (432 -1990 -384 ) (416 -1990 -384 ) (416 -1408 -384 ) (432 -1408 -384 ) 
4 160 106 (416 -1408 -384 ) (416 -1990 -384 ) (416 -1990 -208 ) (416 -1408 -208 ) 
4 160 162 (416 -1990 -208 ) (416 -1990 1748 ) (416 -1568 1748 ) (416 -1568 -208 ) 
4 160 161 (416 -1568 1748 ) (416 -1408 1748 ) (416 -1408 527.766479 ) (416 -1568 527.766357 ) 
4 160 106 (416 -1408 527.766479 ) (416 -1408 -208 ) (416 -1568 -208 ) (416 -1568 527.766357 ) 
4 161 106 (0 -1024 225.320435 ) (0 -1024 -96 ) (0 -1568 -96 ) (0 -1568 225.320358 ) 
4 161 375 (0 -1568 1748 ) (0 -1024 1748 ) (0 -1024 225.320435 ) (0 -1568 225.320358 ) 
5 161 162 (416 -1568 527.766357 ) (416 -1568 1748 ) (0 -1568 1748 ) (0 -1568 -97.714111 ) (8 -1568 -100 ) 
4 162 378 (0 -1990 1748 ) (0 -1584 1748 ) (0 -1584 -208 ) (0 -1990 -208 ) 
4 162 376 (0 -1584 1748 ) (0 -1568 1748 ) (0 -1568 -208 ) (0 -1584 -208 ) 
4 162 106 (272 -1990 -208 ) (0 -1990 -208 ) (0 -1568 -208 ) (272 -1568 -208 ) 
4 162 106 (416 -1568 -208 ) (416 -1990 -208 ) (272 -1990 -208 ) (272 -1568 -208 ) 
4 163 381 (0 -1990 -384 ) (0 -1024 -384 ) (0 -1024 -716 ) (0 -1990 -716 ) 
4 164 200 (-224 0 1748 ) (-224 0 640 ) (-224 -222 640 ) (-224 -222 1748 ) 
4 164 173 (-224 -222 1748 ) (-224 -222 640 ) (0 -222 640 ) (0 -222 1748 ) 
4 165 172 (-128 -32 496 ) (-128 0 496 ) (-16 0 496 ) (-16 -32 496 ) 
4 165 169 (-128 0 496 ) (-128 -32 496 ) (-128 -32 608 ) (-128 0 608 ) 
4 165 168 (-128 -32 608 ) (-128 -32 624 ) (-128 0 624 ) (-128 0 608 ) 
4 165 167 (-128 -32 624 ) (-128 -32 496 ) (-16 -32 496 ) (-16 -32 624 ) 
4 166 167 (-16 -48 496 ) (-16 -208 496 ) (-16 -208 624 ) (-16 -48 624 ) 
4 167 169 (-128 -32 496 ) (-128 -208 496 ) (-128 -208 608 ) (-128 -32 608 ) 
4 167 168 (-128 -208 608 ) (-128 -208 624 ) (-128 -32 624 ) (-128 -32 608 ) 
4 168 203 (-224 -32 608 ) (-224 -208 608 ) (-224 -208 624 ) (-224 -32 624 ) 
4 168 201 (-224 0 624 ) (-224 0 608 ) (-224 -32 608 ) (-224 -32 624 ) 
4 168 169 (-128 0 608 ) (-128 -208 608 ) (-224 -208 608 ) (-224 0 608 ) 
4 169 203 (-224 -32 496 ) (-224 -208 496 ) (-224 -208 608 ) (-224 -32 608 ) 
4 169 201 (-224 0 608 ) (-224 0 496 ) (-224 -32 496 ) (-224 -32 608 ) 
4 169 172 (-224 -32 496 ) (-224 0 496 ) (-128 0 496 ) (-128 -32 496 ) 
5 169 171 (-188 -218 496 ) (-157.414795 -218 496 ) (-129.011993 -218 602 ) (-151.404587 -218 608 ) (-188 -218 608 ) 
3 169 170 (-128 -218 601.728821 ) (-128 -218 608 ) (-151.404587 -218 608 ) 
3 170 174 (-128 -222 601.728821 ) (-128 -222 608 ) (-151.404587 -222 608 ) 
4 170 171 (-151.400772 -222 608 ) (-151.400772 -218 608 ) (-129.011734 -218 602 ) (-129.011734 -222 602 ) 
5 171 174 (-188 -222 496 ) (-157.414795 -222 496 ) (-129.011993 -222 602 ) (-151.404587 -222 608 ) (-188 -222 608 ) 
4 172 206 (-224 0 496 ) (-224 0 480 ) (-224 -32 480 ) (-224 -32 496 ) 
4 172 175 (-224 -32 480 ) (-224 0 480 ) (-16 0 480 ) (-16 -32 480 ) 
4 173 295 (0 -224 640 ) (0 -224 1748 ) (-224 -224 1748 ) (-224 -224 640 ) 
4 173 200 (-224 -224 640 ) (-224 -224 1748 ) (-224 -222 1748 ) (-224 -222 640 ) 
4 174 298 (-224 -224 608 ) (-224 -224 496 ) (-128 -224 496 ) (-128 -224 608 ) 
4 175 208 (-224 0 480 ) (-224 0 336 ) (-224 -32 336 ) (-224 -32 480 ) 
4 175 180 (-224 -32 336 ) (-224 0 336 ) (-16 0 336 ) (-16 -32 336 ) 
4 175 177 (-16 -32 352 ) (-16 -32 480 ) (-224 -32 480 ) (-224 -32 352 ) 
4 176 177 (-16 -48 352 ) (-16 -208 352 ) (-16 -208 480 ) (-16 -48 480 ) 
4 177 210 (-224 -208 352 ) (-224 -208 480 ) (-224 -32 480 ) (-224 -32 352 ) 
5 177 178 (-186.727005 -208 352 ) (-139.466995 -208 352 ) (-136.648972 -208 394.260529 ) (-183.776779 -208 413.111115 ) (-205.075851 -208 402.461578 ) 
5 178 179 (-186.727005 -210 352 ) (-139.466995 -210 352 ) (-136.648972 -210 394.260529 ) (-183.776779 -210 413.111115 ) (-205.075851 -210 402.461578 ) 
4 179 299 (-224 -224 464 ) (-224 -224 352 ) (-128 -224 352 ) (-128 -224 464 ) 
4 180 213 (-224 0 336 ) (-224 0 208 ) (-224 -32 208 ) (-224 -32 336 ) 
4 180 184 (-224 -32 208 ) (-224 0 208 ) (-16 0 208 ) (-16 -32 208 ) 
4 180 182 (-224 -32 208 ) (-16 -32 208 ) (-16 -32 336 ) (-224 -32 336 ) 
4 181 182 (-16 -48 208 ) (-16 -208 208 ) (-16 -208 336 ) (-16 -48 336 ) 
4 182 215 (-224 -32 208 ) (-224 -208 208 ) (-224 -208 336 ) (-224 -32 336 ) 
4 182 183 (-224 -208 208 ) (-128 -208 208 ) (-128 -208 320 ) (-224 -208 320 ) 
4 183 299 (-224 -224 320 ) (-224 -224 208 ) (-128 -224 208 ) (-128 -224 320 ) 
4 184 213 (-224 0 208 ) (-224 0 192 ) (-224 -32 192 ) (-224 -32 208 ) 
4 184 185 (-224 -32 192 ) (-224 0 192 ) (-16 0 192 ) (-16 -32 192 ) 
4 185 218 (-224 0 192 ) (-224 0 64 ) (-224 -32 64 ) (-224 -32 192 ) 
4 185 189 (-224 -32 64 ) (-224 0 64 ) (-16 0 64 ) (-16 -32 64 ) 
4 185 187 (-224 -32 64 ) (-16 -32 64 ) (-16 -32 192 ) (-224 -32 192 ) 
4 186 187 (-16 -48 64 ) (-16 -208 64 ) (-16 -208 192 ) (-16 -48 192 ) 
4 187 220 (-224 -32 64 ) (-224 -208 64 ) (-224 -208 192 ) (-224 -32 192 ) 
4 187 188 (-224 -208 64 ) (-128 -208 64 ) (-128 -208 176 ) (-224 -208 176 ) 
4 188 299 (-224 -224 176 ) (-224 -224 64 ) (-128 -224 64 ) (-128 -224 176 ) 
4 189 218 (-224 0 64 ) (-224 0 48 ) (-224 -32 48 ) (-224 -32 64 ) 
4 189 192 (-224 -32 48 ) (-224 0 48 ) (-16 0 48 ) (-16 -32 48 ) 
4 190 194 (-16 0 -80 ) (0 0 -80 ) (0 -32 -80 ) (-16 -32 -80 ) 
4 190 192 (-16 0 -80 ) (-16 -32 -80 ) (-16 -32 48 ) (-16 0 48 ) 
4 191 192 (-16 -48 -80 ) (-16 -208 -80 ) (-16 -208 48 ) (-16 -48 48 ) 
4 192 223 (-224 0 48 ) (-224 0 -80 ) (-224 -208 -80 ) (-224 -208 48 ) 
4 192 194 (-224 -32 -80 ) (-224 0 -80 ) (-16 0 -80 ) (-16 -32 -80 ) 
4 192 193 (-224 -208 -80 ) (-128 -208 -80 ) (-128 -208 32 ) (-224 -208 32 ) 
4 193 299 (-224 -224 32 ) (-224 -224 -80 ) (-128 -224 -80 ) (-128 -224 32 ) 
4 194 224 (-224 0 -80 ) (-224 0 -96 ) (-224 -32 -96 ) (-224 -32 -80 ) 
4 194 196 (-224 -32 -96 ) (-224 0 -96 ) (-104 0 -96 ) (-104 -32 -96 ) 
4 194 195 (-104 0 -96 ) (0 0 -96 ) (0 -32 -96 ) (-104 -32 -96 ) 
4 195 296 (0 -224 -384 ) (0 -224 -96 ) (-72 -224 -96 ) (-72 -224 -384 ) 
4 195 198 (-104 -192 -384 ) (-104 0 -384 ) (-72 0 -384 ) (-72 -192 -384 ) 
4 195 197 (0 -224 -384 ) (-72 -224 -384 ) (-72 0 -384 ) (0 0 -384 ) 
4 195 196 (-104 0 -384 ) (-104 -192 -384 ) (-104 -192 -96 ) (-104 0 -96 ) 
4 196 225 (-224 0 -96 ) (-224 0 -384 ) (-224 -192 -384 ) (-224 -192 -96 ) 
4 196 198 (-224 -192 -384 ) (-224 0 -384 ) (-104 0 -384 ) (-104 -192 -384 ) 
4 197 313 (0 -224 -400 ) (0 -224 -384 ) (-72 -224 -384 ) (-72 -224 -400 ) 
4 197 199 (0 -224 -400 ) (-72 -224 -400 ) (-72 0 -400 ) (0 0 -400 ) 
4 197 198 (-72 0 -400 ) (-72 -192 -400 ) (-72 -192 -384 ) (-72 0 -384 ) 
4 198 229 (-224 0 -384 ) (-224 0 -400 ) (-224 -192 -400 ) (-224 -192 -384 ) 
4 198 199 (-224 -192 -400 ) (-224 0 -400 ) (-72 0 -400 ) (-72 -192 -400 ) 
4 199 315 (0 -224 -716 ) (0 -224 -400 ) (-224 -224 -400 ) (-224 -224 -716 ) 
4 199 230 (-224 -192 -716 ) (-224 -224 -716 ) (-224 -224 -400 ) (-224 -192 -400 ) 
4 199 229 (-224 0 -400 ) (-224 0 -716 ) (-224 -192 -716 ) (-224 -192 -400 ) 
4 200 321 (-280 -224 1748 ) (-610 -224 1748 ) (-610 -224 640 ) (-280 -224 640 ) 
4 200 295 (-224 -224 640 ) (-224 -224 1748 ) (-280 -224 1748 ) (-280 -224 640 ) 
4 200 276 (-610 -224 640 ) (-610 -224 1748 ) (-610 -208 1748 ) (-610 -208 640 ) 
4 200 253 (-610 -208 1748 ) (-610 -48 1748 ) (-610 -48 640 ) (-610 -208 640 ) 
4 200 252 (-610 -48 1748 ) (-610 0 1748 ) (-610 0 640 ) (-610 -48 640 ) 
4 201 206 (-336 0 496 ) (-224 0 496 ) (-224 -32 496 ) (-336 -32 496 ) 
4 201 203 (-336 -32 496 ) (-224 -32 496 ) (-224 -32 624 ) (-336 -32 624 ) 
4 202 252 (-610 -32 624 ) (-610 0 624 ) (-610 0 496 ) (-610 -32 496 ) 
4 202 207 (-610 -32 496 ) (-610 0 496 ) (-385 0 496 ) (-385 -32 496 ) 
4 203 204 (-336 -48 496 ) (-336 -208 496 ) (-336 -208 624 ) (-336 -48 624 ) 
4 204 254 (-610 -120 496 ) (-610 -168 496 ) (-610 -168 604 ) (-610 -120 604 ) 
4 204 205 (-496 -208 496 ) (-450 -208 496 ) (-450 -208 604 ) (-496 -208 604 ) 
4 206 208 (-336 0 480 ) (-224 0 480 ) (-224 -32 480 ) (-336 -32 480 ) 
4 207 252 (-610 -32 496 ) (-610 0 496 ) (-610 0 480 ) (-610 -32 480 ) 
4 207 209 (-610 -32 480 ) (-610 0 480 ) (-385 0 480 ) (-385 -32 480 ) 
4 208 213 (-336 0 336 ) (-224 0 336 ) (-224 -32 336 ) (-336 -32 336 ) 
4 208 210 (-224 -32 352 ) (-224 -32 480 ) (-336 -32 480 ) (-336 -32 352 ) 
4 209 252 (-610 -32 480 ) (-610 0 480 ) (-610 0 336 ) (-610 -32 336 ) 
4 209 214 (-610 -32 336 ) (-610 0 336 ) (-385 0 336 ) (-385 -32 336 ) 
4 210 211 (-336 -48 352 ) (-336 -208 352 ) (-336 -208 480 ) (-336 -48 480 ) 
4 211 255 (-610 -120 352 ) (-610 -168 352 ) (-610 -168 460 ) (-610 -120 460 ) 
4 211 212 (-496 -208 460 ) (-496 -208 352 ) (-450 -208 352 ) (-450 -208 460 ) 
4 213 218 (-336 0 192 ) (-224 0 192 ) (-224 -32 192 ) (-336 -32 192 ) 
4 213 215 (-224 -32 208 ) (-224 -32 336 ) (-336 -32 336 ) (-336 -32 208 ) 
4 214 252 (-610 -32 336 ) (-610 0 336 ) (-610 0 192 ) (-610 -32 192 ) 
4 214 219 (-610 -32 192 ) (-610 0 192 ) (-385 0 192 ) (-385 -32 192 ) 
4 215 216 (-336 -48 208 ) (-336 -208 208 ) (-336 -208 336 ) (-336 -48 336 ) 
4 216 256 (-610 -120 208 ) (-610 -168 208 ) (-610 -168 316 ) (-610 -120 316 ) 
4 216 217 (-496 -208 316 ) (-496 -208 208 ) (-450 -208 208 ) (-450 -208 316 ) 
4 218 231 (-336 0 48 ) (-280 0 48 ) (-280 -32 48 ) (-336 -32 48 ) 
4 218 223 (-280 0 48 ) (-224 0 48 ) (-224 -32 48 ) (-280 -32 48 ) 
4 218 220 (-224 -32 64 ) (-224 -32 192 ) (-336 -32 192 ) (-336 -32 64 ) 
4 219 252 (-610 -32 192 ) (-610 0 192 ) (-610 0 48 ) (-610 -32 48 ) 
4 219 232 (-610 -32 48 ) (-610 0 48 ) (-385 0 48 ) (-385 -32 48 ) 
4 220 221 (-336 -48 64 ) (-336 -208 64 ) (-336 -208 192 ) (-336 -48 192 ) 
4 221 257 (-610 -120 64 ) (-610 -168 64 ) (-610 -168 172 ) (-610 -120 172 ) 
4 221 222 (-496 -208 172 ) (-496 -208 64 ) (-450 -208 64 ) (-450 -208 172 ) 
4 223 241 (-280 -208 48 ) (-280 -132 48 ) (-280 -132 -80 ) (-280 -208 -80 ) 
4 223 233 (-280 -132 48 ) (-280 -32 48 ) (-280 -32 -80 ) (-280 -132 -80 ) 
4 223 231 (-280 -32 48 ) (-280 0 48 ) (-280 0 -80 ) (-280 -32 -80 ) 
4 223 226 (-280 -32 -80 ) (-280 0 -80 ) (-248 0 -80 ) (-248 -32 -80 ) 
4 223 224 (-248 0 -80 ) (-224 0 -80 ) (-224 -32 -80 ) (-248 -32 -80 ) 
4 224 226 (-248 -32 -80 ) (-248 0 -80 ) (-248 0 -96 ) (-248 -32 -96 ) 
4 224 225 (-248 -32 -96 ) (-248 0 -96 ) (-224 0 -96 ) (-224 -32 -96 ) 
4 225 229 (-248 0 -384 ) (-224 0 -384 ) (-224 -192 -384 ) (-248 -192 -384 ) 
4 225 228 (-248 -192 -160 ) (-248 -192 -96 ) (-248 -144 -96 ) (-248 -144 -160 ) 
4 225 227 (-248 -32 -384 ) (-248 -144 -384 ) (-248 -144 -96 ) (-248 -32 -96 ) 
4 225 226 (-248 0 -384 ) (-248 -32 -384 ) (-248 -32 -96 ) (-248 0 -96 ) 
4 226 239 (-280 0 -368 ) (-280 0 -384 ) (-280 -32 -384 ) (-280 -32 -368 ) 
4 226 237 (-280 0 -240 ) (-280 0 -368 ) (-280 -32 -368 ) (-280 -32 -240 ) 
4 226 235 (-280 0 -96 ) (-280 0 -240 ) (-280 -32 -240 ) (-280 -32 -96 ) 
4 226 231 (-280 -32 -80 ) (-280 0 -80 ) (-280 0 -96 ) (-280 -32 -96 ) 
4 226 229 (-280 -32 -384 ) (-280 0 -384 ) (-248 0 -384 ) (-248 -32 -384 ) 
4 226 227 (-280 -32 -384 ) (-248 -32 -384 ) (-248 -32 -96 ) (-280 -32 -96 ) 
4 227 243 (-280 -144 -222.618652 ) (-280 -144 -96 ) (-280 -132 -96 ) (-280 -132 -256 ) 
4 227 239 (-280 -32 -368 ) (-280 -32 -384 ) (-280 -132 -384 ) (-280 -132 -368 ) 
4 227 237 (-280 -32 -240 ) (-280 -32 -368 ) (-280 -132 -368 ) (-280 -132 -240 ) 
4 227 235 (-280 -32 -96 ) (-280 -32 -240 ) (-280 -132 -240 ) (-280 -132 -96 ) 
4 227 229 (-280 -144 -384 ) (-280 -32 -384 ) (-248 -32 -384 ) (-248 -144 -384 ) 
4 227 228 (-248 -144 -160 ) (-248 -144 -96 ) (-280 -144 -96 ) (-280 -144 -160 ) 
3 228 249 (-280 -224 -160 ) (-280 -224 -157.975281 ) (-280 -221.456970 -160 ) 
5 228 246 (-280 -224 -157.975281 ) (-280 -224 -96 ) (-280 -144 -96 ) (-280 -144 -160 ) (-280 -221.456970 -160 ) 
4 229 251 (-280 -132 -390 ) (-280 -132 -716 ) (-280 -192 -716 ) (-280 -192 -390 ) 
4 229 239 (-280 -132 -384 ) (-280 0 -384 ) (-280 0 -716 ) (-280 -132 -716 ) 
4 229 230 (-280 -192 -716 ) (-224 -192 -716 ) (-224 -192 -400 ) (-280 -192 -400 ) 
4 230 317 (-248 -224 -400 ) (-280 -224 -400 ) (-280 -224 -716 ) (-248 -224 -716 ) 
4 230 315 (-224 -224 -716 ) (-224 -224 -400 ) (-248 -224 -400 ) (-248 -224 -716 ) 
4 230 251 (-280 -224 -716 ) (-280 -224 -400 ) (-280 -192 -400 ) (-280 -192 -716 ) 
4 231 235 (-336 0 -96 ) (-280 0 -96 ) (-280 -32 -96 ) (-336 -32 -96 ) 
4 231 233 (-280 -32 -80 ) (-280 -32 48 ) (-336 -32 48 ) (-336 -32 -80 ) 
4 232 252 (-610 -32 48 ) (-610 0 48 ) (-610 0 -96 ) (-610 -32 -96 ) 
4 232 236 (-610 -32 -96 ) (-610 0 -96 ) (-560 0 -96 ) (-560 -32 -96 ) 
4 232 235 (-560 0 -96 ) (-385 0 -96 ) (-385 -32 -96 ) (-560 -32 -96 ) 
4 233 241 (-280 -132 -80 ) (-280 -132 48 ) (-336 -132 48 ) (-336 -132 -80 ) 
4 233 234 (-336 -48 -80 ) (-336 -132 -80 ) (-336 -132 48 ) (-336 -48 48 ) 
4 234 258 (-610 -132 -80 ) (-610 -132 28 ) (-610 -120 28 ) (-610 -120 -80 ) 
4 234 241 (-336 -132 48 ) (-610 -132 48 ) (-610 -132 -80 ) (-336 -132 -80 ) 
4 235 243 (-280 -132 -240 ) (-280 -132 -96 ) (-560 -132 -96 ) (-560 -132 -240 ) 
4 235 237 (-280 -132 -240 ) (-544 -132 -240 ) (-544 0 -240 ) (-280 0 -240 ) 
4 235 236 (-560 -132 -224 ) (-560 -132 -96 ) (-560 0 -96 ) (-560 0 -224 ) 
4 236 263 (-610 -132 -224 ) (-610 -132 -96 ) (-610 0 -96 ) (-610 0 -224 ) 
4 236 244 (-560 -132 -96 ) (-610 -132 -96 ) (-610 -132 -224 ) (-560 -132 -224 ) 
4 237 243 (-280 -132 -256 ) (-280 -132 -240 ) (-544 -132 -240 ) (-544 -132 -256 ) 
4 237 239 (-280 -132 -368 ) (-544 -132 -368 ) (-544 0 -368 ) (-280 0 -368 ) 
4 238 264 (-610 -132 -368 ) (-610 -132 -240 ) (-610 0 -240 ) (-610 0 -368 ) 
4 238 245 (-610 -132 -260 ) (-610 -132 -368 ) (-576 -132 -368 ) (-576 -132 -260 ) 
4 239 251 (-280 -132 -716 ) (-280 -132 -390 ) (-560 -132 -390 ) (-560 -132 -716 ) 
4 239 240 (-560 0 -716 ) (-560 -132 -716 ) (-560 -132 -384 ) (-560 0 -384 ) 
4 240 267 (-610 -132 -716 ) (-610 -132 -384 ) (-610 0 -384 ) (-610 0 -716 ) 
4 240 251 (-610 -132 -390 ) (-610 -132 -716 ) (-560 -132 -716 ) (-560 -132 -390 ) 
4 241 258 (-610 -132 28 ) (-610 -132 -80 ) (-610 -168 -80 ) (-610 -168 28 ) 
4 241 242 (-496 -208 -80 ) (-450 -208 -80 ) (-450 -208 28 ) (-496 -208 28 ) 
4 243 247 (-280 -144 -222.618652 ) (-280 -144 -221.669571 ) (-560 -144 -221.669556 ) (-560 -144 -222.618652 ) 
4 243 246 (-280 -144 -221.669571 ) (-280 -144 -96 ) (-560 -144 -96 ) (-560 -144 -221.669556 ) 
5 243 244 (-560 -137.753998 -240 ) (-560 -144 -222.625000 ) (-560 -144 -96 ) (-560 -132 -96 ) (-560 -132 -240 ) 
5 244 268 (-610 -144 -96 ) (-610 -132 -96 ) (-610 -132 -240 ) (-610 -137.751709 -240 ) (-610 -144 -222.618652 ) 
4 244 247 (-610 -144 -221.669556 ) (-610 -144 -222.618652 ) (-560 -144 -222.618652 ) (-560 -144 -221.669571 ) 
4 244 246 (-560 -144 -96 ) (-610 -144 -96 ) (-610 -144 -221.669556 ) (-560 -144 -221.669571 ) 
4 245 270 (-610 -132 -260 ) (-610 -132 -368 ) (-610 -144 -368 ) (-610 -144 -260 ) 
4 245 248 (-610 -144 -368 ) (-576 -144 -368 ) (-576 -144 -260 ) (-610 -144 -260 ) 
4 246 323 (-450 -224 -96 ) (-498 -224 -96 ) (-498 -224 -157.975281 ) (-450 -224 -157.975281 ) 
4 246 322 (-280 -224 -157.975281 ) (-280 -224 -96 ) (-450 -224 -96 ) (-450 -224 -157.975281 ) 
4 246 325 (-498 -224 -96 ) (-610 -224 -96 ) (-610 -224 -157.975281 ) (-498 -224 -157.975281 ) 
4 246 276 (-610 -224 -157.975281 ) (-610 -224 -96 ) (-610 -208 -96 ) (-610 -208 -170.714142 ) 
4 246 271 (-610 -208 -96 ) (-610 -144 -96 ) (-610 -144 -221.669556 ) (-610 -208 -170.714142 ) 
4 246 249 (-610 -224 -157.973877 ) (-610 -179.436890 -193.453964 ) (-280 -179.436890 -193.453964 ) (-280 -224 -157.973877 ) 
4 246 247 (-610 -144.478775 -221.286774 ) (-610 -144 -221.667969 ) (-280 -144 -221.667969 ) (-280 -144.478775 -221.286774 ) 
3 247 272 (-610 -144.477982 -221.289001 ) (-610 -144 -221.669556 ) (-610 -144 -222.618622 ) 
4 248 329 (-280 -224 -368 ) (-280 -224 -192.184738 ) (-610 -224 -192.184738 ) (-610 -224 -368 ) 
4 248 277 (-610 -224 -368 ) (-610 -224 -192.184738 ) (-610 -208 -196.780563 ) (-610 -208 -368 ) 
6 248 273 (-610 -208 -196.780563 ) (-610 -186.922012 -202.834991 ) (-610 -155.289978 -226.496002 ) (-610 -144 -256 ) (-610 -144 -368 ) (-610 -208 -368 ) 
4 248 250 (-610 -224 -368 ) (-610 -218 -368 ) (-280 -218 -368 ) (-280 -224 -368 ) 
4 249 327 (-280 -224 -179.828873 ) (-280 -224 -178 ) (-610 -224 -178 ) (-610 -224 -179.828873 ) 
4 249 323 (-450 -224 -157.975281 ) (-498 -224 -157.975281 ) (-498 -224 -178 ) (-450 -224 -178 ) 
4 249 322 (-280 -224 -178 ) (-280 -224 -157.975281 ) (-450 -224 -157.975281 ) (-450 -224 -178 ) 
4 249 325 (-498 -224 -157.975281 ) (-610 -224 -157.975281 ) (-610 -224 -178 ) (-498 -224 -178 ) 
4 249 276 (-610 -224 -179.828873 ) (-610 -224 -157.975281 ) (-610 -208 -170.714127 ) (-610 -208 -184.720840 ) 
3 249 274 (-610 -208 -170.714127 ) (-610 -179.439972 -193.453003 ) (-610 -208 -184.720840 ) 
4 250 350 (-280 -224 -374 ) (-280 -224 -368 ) (-610 -224 -368 ) (-610 -224 -374 ) 
4 250 278 (-610 -224 -374 ) (-610 -224 -368 ) (-610 -218 -368 ) (-610 -218 -374 ) 
4 251 358 (-280 -224 -716 ) (-280 -224 -390 ) (-610 -224 -390 ) (-610 -224 -716 ) 
4 251 279 (-610 -224 -716 ) (-610 -224 -390 ) (-610 -208 -390 ) (-610 -208 -716 ) 
4 251 275 (-610 -208 -390 ) (-610 -132 -390 ) (-610 -132 -716 ) (-610 -208 -716 ) 
4 252 263 (-624 -48 -96 ) (-624 0 -96 ) (-610 0 -96 ) (-610 -48 -96 ) 
4 252 259 (-624 0 -96 ) (-624 -48 -96 ) (-624 -48 1748 ) (-624 0 1748 ) 
4 252 253 (-624 -48 1748 ) (-624 -48 624 ) (-610 -48 624 ) (-610 -48 1748 ) 
4 253 276 (-610 -208 624 ) (-610 -208 1748 ) (-624 -208 1748 ) (-624 -208 624 ) 
4 253 260 (-624 -168 1748 ) (-624 -120 1748 ) (-624 -120 624 ) (-624 -168 624 ) 
4 253 259 (-624 -120 1748 ) (-624 -48 1748 ) (-624 -48 624 ) (-624 -120 624 ) 
4 253 261 (-624 -208 624 ) (-624 -208 1748 ) (-624 -168 1748 ) (-624 -168 624 ) 
4 259 263 (-638 -120 -96 ) (-638 0 -96 ) (-624 0 -96 ) (-624 -120 -96 ) 
4 259 260 (-638 -120 1748 ) (-638 -120 604 ) (-624 -120 604 ) (-624 -120 1748 ) 
4 259 262 (-638 0 -96 ) (-638 -120 -96 ) (-638 -120 1748 ) (-638 0 1748 ) 
4 260 262 (-638 -168 604 ) (-638 -168 1748 ) (-638 -120 1748 ) (-638 -120 604 ) 
4 260 261 (-638 -168 1748 ) (-638 -168 604 ) (-624 -168 604 ) (-624 -168 1748 ) 
4 261 276 (-638 -208 -96 ) (-624 -208 -96 ) (-624 -208 1748 ) (-638 -208 1748 ) 
4 261 271 (-624 -208 -96 ) (-638 -208 -96 ) (-638 -168 -96 ) (-624 -168 -96 ) 
4 261 262 (-638 -168 -96 ) (-638 -208 -96 ) (-638 -208 1748 ) (-638 -168 1748 ) 
4 262 282 (-704 -144 -96 ) (-704 -208 -96 ) (-704 -208 -2 ) (-704 -144 -2 ) 
4 262 281 (-704 0 -2 ) (-704 0 -96 ) (-704 -144 -96 ) (-704 -144 -2 ) 
4 262 280 (-704 0 1748 ) (-704 0 -2 ) (-704 -208 -2 ) (-704 -208 1748 ) 
4 262 276 (-704 -208 1748 ) (-704 -208 -96 ) (-638 -208 -96 ) (-638 -208 1748 ) 
4 262 271 (-638 -208 -96 ) (-704 -208 -96 ) (-704 -144 -96 ) (-638 -144 -96 ) 
4 262 268 (-688 -132 -96 ) (-638 -132 -96 ) (-638 -144 -96 ) (-688 -144 -96 ) 
4 262 269 (-704 -144 -96 ) (-704 -132 -96 ) (-688 -132 -96 ) (-688 -144 -96 ) 
4 262 265 (-704 -132 -96 ) (-704 0 -96 ) (-688 0 -96 ) (-688 -132 -96 ) 
4 262 263 (-688 0 -96 ) (-638 0 -96 ) (-638 -132 -96 ) (-688 -132 -96 ) 
4 263 268 (-610 -132 -224 ) (-610 -132 -96 ) (-688 -132 -96 ) (-688 -132 -224 ) 
4 263 265 (-688 -132 -224 ) (-688 -132 -96 ) (-688 0 -96 ) (-688 0 -224 ) 
4 264 270 (-610 -132 -368 ) (-610 -132 -260 ) (-670 -132 -260 ) (-670 -132 -368 ) 
4 265 281 (-704 0 -96 ) (-704 0 -240 ) (-704 -132 -240 ) (-704 -132 -96 ) 
4 265 269 (-688 -132 -96 ) (-704 -132 -96 ) (-704 -132 -240 ) (-688 -132 -240 ) 
4 266 281 (-704 0 -368 ) (-704 0 -384 ) (-704 -132 -384 ) (-704 -132 -368 ) 
4 266 267 (-688 -132 -384 ) (-704 -132 -384 ) (-704 0 -384 ) (-688 0 -384 ) 
4 267 283 (-704 0 -390 ) (-704 0 -716 ) (-704 -132 -716 ) (-704 -132 -390 ) 
4 267 281 (-704 0 -384 ) (-704 0 -390 ) (-704 -132 -390 ) (-704 -132 -384 ) 
4 267 275 (-610 -132 -716 ) (-610 -132 -390 ) (-704 -132 -390 ) (-704 -132 -716 ) 
4 268 272 (-610 -144 -222.618652 ) (-610 -144 -221.669571 ) (-688 -144 -221.669556 ) (-688 -144 -222.618652 ) 
4 268 271 (-610 -144 -221.669571 ) (-610 -144 -96 ) (-688 -144 -96 ) (-688 -144 -221.669556 ) 
5 268 269 (-688 -132 -96 ) (-688 -132 -240 ) (-688 -137.753998 -240 ) (-688 -144 -222.625000 ) (-688 -144 -96 ) 
4 269 281 (-704 -144 -96 ) (-704 -132 -96 ) (-704 -132 -256 ) (-704 -144 -222.618652 ) 
4 269 272 (-704 -144 -221.669556 ) (-704 -144 -222.618652 ) (-688 -144 -222.618652 ) (-688 -144 -221.669571 ) 
4 269 271 (-688 -144 -96 ) (-704 -144 -96 ) (-704 -144 -221.669556 ) (-688 -144 -221.669571 ) 
4 270 273 (-670 -144 -368 ) (-610 -144 -368 ) (-610 -144 -260 ) (-670 -144 -260 ) 
5 271 282 (-704 -208 -170.714127 ) (-704 -208 -96 ) (-704 -144 -96 ) (-704 -144 -178 ) (-704 -198.848938 -178 ) 
4 271 276 (-704 -208 -96 ) (-704 -208 -170.714142 ) (-610 -208 -170.714127 ) (-610 -208 -96 ) 
4 271 274 (-610 -208 -170.712692 ) (-704 -208 -170.712692 ) (-704 -179.436905 -193.453949 ) (-610 -179.436905 -193.453949 ) 
4 271 272 (-704 -144.478775 -221.286774 ) (-704 -144 -221.667969 ) (-610 -144 -221.667969 ) (-610 -144.478775 -221.286774 ) 
4 273 277 (-704 -208 -196.780563 ) (-704 -208 -368 ) (-610 -208 -368 ) (-610 -208 -196.780563 ) 
3 274 282 (-704 -208 -178 ) (-704 -208 -170.714127 ) (-704 -198.848953 -178 ) 
4 274 276 (-704 -208 -170.714142 ) (-704 -208 -184.720825 ) (-610 -208 -184.720825 ) (-610 -208 -170.714127 ) 
4 275 283 (-704 -208 -716 ) (-704 -208 -390 ) (-704 -132 -390 ) (-704 -132 -716 ) 
4 275 279 (-704 -208 -390 ) (-704 -208 -716 ) (-610 -208 -716 ) (-610 -208 -390 ) 
4 276 327 (-610 -224 -179.828873 ) (-610 -224 -178 ) (-704 -224 -178 ) (-704 -224 -179.828857 ) 
4 276 325 (-610 -224 -178 ) (-610 -224 604 ) (-704 -224 604 ) (-704 -224 -178 ) 
4 276 321 (-610 -224 604 ) (-610 -224 1748 ) (-704 -224 1748 ) (-704 -224 604 ) 
4 276 282 (-704 -224 -178 ) (-704 -224 -2 ) (-704 -208 -2 ) (-704 -208 -178 ) 
4 276 280 (-704 -224 -2 ) (-704 -224 1748 ) (-704 -208 1748 ) (-704 -208 -2 ) 
4 277 329 (-610 -224 -368 ) (-610 -224 -192.184753 ) (-704 -224 -192.184738 ) (-704 -224 -368 ) 
4 277 278 (-704 -224 -368 ) (-704 -218 -368 ) (-610 -218 -368 ) (-610 -224 -368 ) 
4 278 350 (-610 -224 -374 ) (-610 -224 -368 ) (-704 -224 -368 ) (-704 -224 -374 ) 
4 279 358 (-610 -224 -716 ) (-610 -224 -390 ) (-704 -224 -390 ) (-704 -224 -716 ) 
4 279 283 (-704 -224 -716 ) (-704 -224 -390 ) (-704 -208 -390 ) (-704 -208 -716 ) 
4 280 341 (-864 -224 1748 ) (-992 -224 1748 ) (-992 -224 -2 ) (-864 -224 -2 ) 
4 280 340 (-848 -224 1748 ) (-864 -224 1748 ) (-864 -224 -2 ) (-848 -224 -2 ) 
4 280 336 (-704 -224 -2 ) (-704 -224 1748 ) (-720 -224 1748 ) (-720 -224 -2 ) 
4 280 337 (-720 -224 1748 ) (-848 -224 1748 ) (-848 -224 -2 ) (-720 -224 -2 ) 
4 280 289 (-992 -224 -2 ) (-992 -224 1748 ) (-992 -160 1748 ) (-992 -160 -2 ) 
4 280 288 (-992 -160 1748 ) (-992 0 1748 ) (-992 0 -2 ) (-992 -160 -2 ) 
4 280 284 (-848 0 -2 ) (-720 0 -2 ) (-720 -224 -2 ) (-848 -224 -2 ) 
4 280 282 (-704 -144 -2 ) (-704 -224 -2 ) (-720 -224 -2 ) (-720 -144 -2 ) 
4 280 281 (-720 0 -2 ) (-704 0 -2 ) (-704 -144 -2 ) (-720 -144 -2 ) 
4 281 285 (-720 0 -368 ) (-720 0 -390 ) (-720 -144 -390 ) (-720 -144 -368 ) 
4 281 284 (-720 -144 -2 ) (-720 0 -2 ) (-720 0 -368 ) (-720 -144 -368 ) 
4 281 283 (-720 -144 -390 ) (-720 0 -390 ) (-704 0 -390 ) (-704 -144 -390 ) 
4 281 282 (-720 -144 -2 ) (-720 -144 -178 ) (-704 -144 -178 ) (-704 -144 -2 ) 
4 282 336 (-704 -224 -178 ) (-704 -224 -2 ) (-720 -224 -2 ) (-720 -224 -178 ) 
4 282 284 (-720 -224 -178 ) (-720 -224 -2 ) (-720 -144 -2 ) (-720 -144 -178 ) 
4 283 358 (-704 -224 -716 ) (-704 -224 -390 ) (-720 -224 -390 ) (-720 -224 -716 ) 
4 283 285 (-720 -224 -716 ) (-720 -224 -390 ) (-720 0 -390 ) (-720 0 -716 ) 
4 284 337 (-720 -224 -368 ) (-720 -224 -2 ) (-848 -224 -2 ) (-848 -224 -368 ) 
4 284 285 (-848 0 -368 ) (-720 0 -368 ) (-720 -224 -368 ) (-848 -224 -368 ) 
4 285 358 (-720 -224 -716 ) (-720 -224 -390 ) (-864 -224 -390 ) (-864 -224 -716 ) 
4 285 353 (-720 -224 -390 ) (-720 -224 -368 ) (-864 -224 -368 ) (-864 -224 -390 ) 
4 285 287 (-864 -224 -716 ) (-864 -224 -384 ) (-864 0 -384 ) (-864 0 -716 ) 
4 286 343 (-864 -224 -368 ) (-864 -224 -260 ) (-992 -224 -260 ) (-992 -224 -368 ) 
4 286 342 (-864 -224 -260 ) (-864 -224 -240 ) (-992 -224 -240 ) (-992 -224 -260 ) 
4 286 291 (-992 -224 -368 ) (-992 -224 -240 ) (-992 -160 -240 ) (-992 -160 -368 ) 
4 287 358 (-864 -224 -716 ) (-864 -224 -390 ) (-992 -224 -390 ) (-992 -224 -716 ) 
4 287 354 (-864 -224 -390 ) (-864 -224 -384 ) (-992 -224 -384 ) (-992 -224 -390 ) 
4 287 294 (-992 -224 -716 ) (-992 -224 -384 ) (-992 0 -384 ) (-992 0 -716 ) 
4 288 361 (-1024 0 1748 ) (-1024 0 -48 ) (-1024 -160 -48 ) (-1024 -160 1748 ) 
4 288 289 (-992 -160 -48 ) (-992 -160 1748 ) (-1024 -160 1748 ) (-1024 -160 -48 ) 
4 289 363 (-1024 -224 -228 ) (-1024 -224 1748 ) (-1024 -160 1748 ) (-1024 -160 -228 ) 
4 289 344 (-992 -224 -228 ) (-992 -224 1748 ) (-1024 -224 1748 ) (-1024 -224 -228 ) 
4 289 290 (-1024 -160 -228 ) (-1020 -160 -228 ) (-1020 -224 -228 ) (-1024 -224 -228 ) 
4 290 363 (-1024 -224 -240 ) (-1024 -224 -228 ) (-1024 -160 -228 ) (-1024 -160 -240 ) 
4 290 345 (-1020 -224 -228 ) (-1024 -224 -228 ) (-1024 -224 -240 ) (-1020 -224 -240 ) 
4 291 346 (-992 -224 -368 ) (-992 -224 -240 ) (-1020 -224 -240 ) (-1020 -224 -368 ) 
4 292 294 (-1020 0 -384 ) (-992 0 -384 ) (-992 -160 -384 ) (-1020 -160 -384 ) 
4 292 293 (-1020 0 -384 ) (-1020 -160 -384 ) (-1020 -160 -368 ) (-1020 0 -368 ) 
4 293 372 (-1024 0 -368 ) (-1024 0 -384 ) (-1024 -224 -384 ) (-1024 -224 -368 ) 
4 293 357 (-1020 -224 -368 ) (-1024 -224 -368 ) (-1024 -224 -384 ) (-1020 -224 -384 ) 
4 293 294 (-1024 0 -384 ) (-1020 0 -384 ) (-1020 -224 -384 ) (-1024 -224 -384 ) 
4 294 372 (-1024 0 -384 ) (-1024 0 -716 ) (-1024 -224 -716 ) (-1024 -224 -384 ) 
4 294 358 (-992 -224 -716 ) (-992 -224 -390 ) (-1024 -224 -390 ) (-1024 -224 -716 ) 
4 294 355 (-992 -224 -390 ) (-992 -224 -384 ) (-1020 -224 -384 ) (-1020 -224 -390 ) 
4 294 357 (-1020 -224 -384 ) (-1024 -224 -384 ) (-1024 -224 -390 ) (-1020 -224 -390 ) 
4 295 359 (0 -480 640 ) (0 -480 1748 ) (-280 -480 1748 ) (-280 -480 640 ) 
4 295 321 (-280 -224 1748 ) (-280 -224 640 ) (-280 -480 640 ) (-280 -480 1748 ) 
4 295 319 (-248 -480 640 ) (-280 -480 640 ) (-280 -464 640 ) (-248 -464 640 ) 
4 295 318 (-280 -464 640 ) (-280 -384 640 ) (-248 -384 640 ) (-248 -464 640 ) 
4 295 312 (0 -480 640 ) (-248 -480 640 ) (-248 -464 640 ) (0 -464 640 ) 
4 295 311 (-248 -464 640 ) (-248 -384 640 ) (0 -384 640 ) (0 -464 640 ) 
4 295 310 (-72 -352 640 ) (0 -352 640 ) (0 -384 640 ) (-72 -384 640 ) 
4 295 306 (-248 -352 640 ) (-248 -336 640 ) (-232 -336 640 ) (-232 -352 640 ) 
4 295 304 (-120 -336 640 ) (-104 -336 640 ) (-104 -352 640 ) (-120 -352 640 ) 
4 295 303 (-72 -336 640 ) (0 -336 640 ) (0 -352 640 ) (-72 -352 640 ) 
4 295 296 (-72 -224 640 ) (0 -224 640 ) (0 -336 640 ) (-72 -336 640 ) 
4 296 313 (-72 -224 -384 ) (0 -224 -384 ) (0 -336 -384 ) (-72 -336 -384 ) 
4 296 303 (-72 -336 -384 ) (0 -336 -384 ) (0 -336 640 ) (-72 -336 640 ) 
4 297 305 (-120 -336 -384 ) (-104 -336 -384 ) (-104 -336 488 ) (-120 -336 488 ) 
4 297 299 (-120 -224 -384 ) (-120 -336 -384 ) (-120 -336 488 ) (-120 -224 488 ) 
4 299 307 (-232 -336 -384 ) (-120 -336 -384 ) (-120 -336 488 ) (-232 -336 488 ) 
4 299 300 (-232 -224 -384 ) (-232 -336 -384 ) (-232 -336 488 ) (-232 -224 488 ) 
4 300 307 (-246 -336 -384 ) (-232 -336 -384 ) (-232 -336 488 ) (-246 -336 488 ) 
4 300 302 (-246 -336 -352 ) (-246 -336 488 ) (-246 -304 488 ) (-246 -304 -352 ) 
4 300 301 (-246 -224 -384 ) (-246 -304 -384 ) (-246 -304 488 ) (-246 -224 488 ) 
4 301 302 (-246 -304 -352 ) (-246 -304 488 ) (-248 -304 488 ) (-248 -304 -352 ) 
4 302 316 (-248 -336 -352 ) (-248 -336 -312 ) (-248 -304 -312 ) (-248 -304 -352 ) 
4 302 308 (-248 -336 488 ) (-248 -336 -352 ) (-246 -336 -352 ) (-246 -336 488 ) 
4 303 313 (-72 -336 -384 ) (0 -336 -384 ) (0 -352 -384 ) (-72 -352 -384 ) 
4 303 310 (-72 -352 -384 ) (0 -352 -384 ) (0 -352 640 ) (-72 -352 640 ) 
4 305 307 (-120 -336 488 ) (-120 -336 -384 ) (-120 -352 -384 ) (-120 -352 488 ) 
4 307 308 (-246 -344 488 ) (-246 -336 488 ) (-246 -336 -352 ) (-246 -344 -352 ) 
4 307 309 (-246 -352 -384 ) (-246 -352 488 ) (-246 -344 488 ) (-246 -344 -384 ) 
4 308 316 (-248 -336 -312 ) (-248 -336 -352 ) (-248 -344 -352 ) (-248 -344 -312 ) 
4 308 309 (-246 -344 -352 ) (-246 -344 488 ) (-248 -344 488 ) (-248 -344 -352 ) 
4 310 313 (-72 -352 -384 ) (0 -352 -384 ) (0 -384 -384 ) (-72 -384 -384 ) 
4 310 311 (-72 -384 -384 ) (0 -384 -384 ) (0 -384 640 ) (-72 -384 640 ) 
4 311 320 (-248 -384 -368 ) (-248 -384 -384 ) (-248 -464 -384 ) (-248 -464 -368 ) 
4 311 318 (-248 -464 640 ) (-248 -384 640 ) (-248 -384 -368 ) (-248 -464 -368 ) 
4 311 314 (-248 -464 -384 ) (-248 -384 -384 ) (-72 -384 -384 ) (-72 -464 -384 ) 
4 311 313 (-72 -384 -384 ) (0 -384 -384 ) (0 -464 -384 ) (-72 -464 -384 ) 
4 311 312 (-248 -464 640 ) (-248 -464 64 ) (0 -464 64 ) (0 -464 640 ) 
4 311 106 (-248 -464 -368 ) (-248 -464 -384 ) (0 -464 -384 ) (0 -464 -368 ) 
4 312 106 (-16 -480 220.748688 ) (-248 -480 154.459412 ) (-248 -480 64 ) (-16 -480 64 ) 
4 312 106 (0 -480 64 ) (0 -480 225.320358 ) (-16 -480 220.748688 ) (-16 -480 64 ) 
4 312 359 (0 -480 225.320358 ) (0 -480 640 ) (-248 -480 640 ) (-248 -480 154.459412 ) 
4 312 319 (-248 -480 64 ) (-248 -480 640 ) (-248 -464 640 ) (-248 -464 64 ) 
4 313 360 (0 -480 -400 ) (0 -480 -384 ) (-72 -480 -384 ) (-72 -480 -400 ) 
4 313 315 (0 -480 -400 ) (-72 -480 -400 ) (-72 -224 -400 ) (0 -224 -400 ) 
4 313 314 (-72 -384 -400 ) (-72 -480 -400 ) (-72 -480 -384 ) (-72 -384 -384 ) 
4 314 360 (-72 -480 -384 ) (-248 -480 -384 ) (-248 -480 -400 ) (-72 -480 -400 ) 
4 314 320 (-248 -480 -400 ) (-248 -480 -384 ) (-248 -384 -384 ) (-248 -384 -400 ) 
4 314 315 (-72 -480 -400 ) (-248 -480 -400 ) (-248 -384 -400 ) (-72 -384 -400 ) 
4 315 360 (0 -480 -716 ) (0 -480 -400 ) (-248 -480 -400 ) (-248 -480 -716 ) 
4 315 320 (-248 -480 -716 ) (-248 -480 -400 ) (-248 -384 -400 ) (-248 -384 -716 ) 
4 315 317 (-248 -384 -400 ) (-248 -224 -400 ) (-248 -224 -716 ) (-248 -384 -716 ) 
4 316 329 (-280 -304 -352 ) (-280 -344 -352 ) (-280 -344 -312 ) (-280 -304 -312 ) 
4 317 358 (-280 -224 -400 ) (-280 -224 -716 ) (-280 -384 -716 ) (-280 -384 -400 ) 
4 317 320 (-248 -384 -716 ) (-248 -384 -400 ) (-280 -384 -400 ) (-280 -384 -716 ) 
4 318 335 (-280 -384 -178 ) (-280 -384 -368 ) (-280 -464 -368 ) (-280 -464 -178 ) 
4 318 322 (-280 -384 604 ) (-280 -384 -178 ) (-280 -464 -178 ) (-280 -464 604 ) 
4 318 321 (-280 -464 640 ) (-280 -384 640 ) (-280 -384 604 ) (-280 -464 604 ) 
4 318 320 (-280 -464 -368 ) (-280 -384 -368 ) (-248 -384 -368 ) (-248 -464 -368 ) 
4 318 319 (-248 -464 64 ) (-248 -464 640 ) (-280 -464 640 ) (-280 -464 64 ) 
4 319 106 (-248 -480 64 ) (-248 -480 154.459381 ) (-280 -480 145.316071 ) (-280 -480 64 ) 
4 319 359 (-248 -480 154.459381 ) (-248 -480 640 ) (-280 -480 640 ) (-280 -480 145.316071 ) 
4 319 326 (-280 -480 64 ) (-280 -480 604 ) (-280 -464 604 ) (-280 -464 64 ) 
4 319 321 (-280 -480 604 ) (-280 -480 640 ) (-280 -464 640 ) (-280 -464 604 ) 
4 320 360 (-248 -480 -716 ) (-248 -480 -384 ) (-280 -480 -384 ) (-280 -480 -716 ) 
4 320 358 (-280 -480 -716 ) (-280 -480 -390 ) (-280 -384 -390 ) (-280 -384 -716 ) 
4 320 351 (-280 -480 -390 ) (-280 -480 -368 ) (-280 -384 -368 ) (-280 -384 -390 ) 
4 321 359 (-280 -480 604 ) (-280 -480 1748 ) (-704 -480 1748 ) (-704 -480 604 ) 
4 321 339 (-704 -464 604 ) (-704 -480 604 ) (-704 -480 1748 ) (-704 -464 1748 ) 
4 321 338 (-704 -384 604 ) (-704 -464 604 ) (-704 -464 1748 ) (-704 -384 1748 ) 
4 321 336 (-704 -224 1748 ) (-704 -224 604 ) (-704 -384 604 ) (-704 -384 1748 ) 
4 321 326 (-704 -480 604 ) (-704 -464 604 ) (-280 -464 604 ) (-280 -480 604 ) 
4 321 324 (-450 -238 604 ) (-450 -464 604 ) (-498 -464 604 ) (-498 -238 604 ) 
4 321 322 (-450 -224 604 ) (-280 -224 604 ) (-280 -464 604 ) (-450 -464 604 ) 
4 321 325 (-704 -464 604 ) (-704 -224 604 ) (-498 -224 604 ) (-498 -464 604 ) 
4 322 335 (-280 -384 -178 ) (-280 -464 -178 ) (-450 -464 -178 ) (-450 -384 -178 ) 
4 322 328 (-280 -286.018402 -178 ) (-280 -384 -178 ) (-450 -384 -178 ) (-450 -286.018402 -178 ) 
4 322 327 (-450 -224 -178 ) (-280 -224 -178 ) (-280 -229.981567 -178 ) (-450 -229.981567 -178 ) 
4 322 326 (-280 -464 64 ) (-280 -464 604 ) (-450 -464 604 ) (-450 -464 64 ) 
4 322 323 (-450 -224 -178 ) (-450 -238 -178 ) (-450 -238 -96 ) (-450 -224 -96 ) 
4 322 324 (-450 -238 -178 ) (-450 -464 -178 ) (-450 -464 604 ) (-450 -238 604 ) 
4 323 327 (-498 -224 -178 ) (-450 -224 -178 ) (-450 -229.981567 -178 ) (-498 -229.981567 -178 ) 
4 323 324 (-498 -238 -96 ) (-498 -238 -178 ) (-450 -238 -178 ) (-450 -238 -96 ) 
4 323 325 (-498 -224 -178 ) (-498 -238 -178 ) (-498 -238 -96 ) (-498 -224 -96 ) 
4 324 335 (-450 -384 -178 ) (-450 -464 -178 ) (-498 -464 -178 ) (-498 -384 -178 ) 
4 324 328 (-450 -286.018402 -178 ) (-450 -384 -178 ) (-498 -384 -178 ) (-498 -286.018402 -178 ) 
4 324 326 (-450 -464 64 ) (-450 -464 604 ) (-498 -464 604 ) (-498 -464 64 ) 
4 324 325 (-498 -238 -178 ) (-498 -464 -178 ) (-498 -464 604 ) (-498 -238 604 ) 
4 325 338 (-704 -384 -178 ) (-704 -464 -178 ) (-704 -464 604 ) (-704 -384 604 ) 
4 325 336 (-704 -224 604 ) (-704 -224 -178 ) (-704 -384 -178 ) (-704 -384 604 ) 
4 325 335 (-704 -464 -178 ) (-704 -384 -178 ) (-498 -384 -178 ) (-498 -464 -178 ) 
4 325 328 (-704 -384 -178 ) (-704 -286.018402 -178 ) (-498 -286.018402 -178 ) (-498 -384 -178 ) 
4 325 327 (-704 -229.981567 -178 ) (-704 -224 -178 ) (-498 -224 -178 ) (-498 -229.981567 -178 ) 
4 325 326 (-498 -464 64 ) (-498 -464 604 ) (-704 -464 604 ) (-704 -464 64 ) 
3 326 106 (-280 -480 64 ) (-280 -480 145.316040 ) (-564.590942 -480 64 ) 
5 326 359 (-280 -480 145.316040 ) (-280 -480 604 ) (-704 -480 604 ) (-704 -480 64 ) (-564.590942 -480 64 ) 
4 326 339 (-704 -480 64 ) (-704 -480 604 ) (-704 -464 604 ) (-704 -464 64 ) 
4 328 335 (-280 -384 -178 ) (-704 -384 -178 ) (-704 -384 -189.705002 ) (-280 -384 -189.705002 ) 
4 328 334 (-280 -384 -189.705002 ) (-704 -384 -189.705002 ) (-704 -372 -189.705002 ) (-280 -372 -189.705002 ) 
4 328 332 (-704 -372 -189.705002 ) (-704 -346.631531 -189.705002 ) (-280 -346.631531 -189.705002 ) (-280 -372 -189.705002 ) 
4 328 331 (-704 -331.852509 -189.705002 ) (-704 -324.301514 -189.705002 ) (-280 -324.301514 -189.705002 ) (-280 -331.852509 -189.705002 ) 
4 328 330 (-704 -346.631531 -189.705002 ) (-704 -331.852509 -189.705002 ) (-280 -331.852509 -189.705002 ) (-280 -346.631531 -189.705002 ) 
4 329 350 (-704 -224 -368 ) (-280 -224 -368 ) (-280 -308 -368 ) (-704 -308 -368 ) 
4 330 332 (-280 -353.106537 -206.626999 ) (-280 -346.630890 -189.705002 ) (-704 -346.630890 -189.705002 ) (-704 -353.106567 -206.627014 ) 
4 330 331 (-704 -336.560730 -193.453232 ) (-704 -331.852814 -189.705002 ) (-280 -331.852814 -189.705002 ) (-280 -336.560730 -193.453232 ) 
4 332 334 (-280 -372 -189.705002 ) (-704 -372 -189.705002 ) (-704 -372 -221.669571 ) (-280 -372 -221.669556 ) 
4 332 333 (-280 -372 -221.666870 ) (-704 -372 -221.666885 ) (-704 -371.520630 -221.285233 ) (-280 -371.520630 -221.285217 ) 
4 333 334 (-704 -372 -221.669571 ) (-704 -372 -222.618698 ) (-280 -372 -222.618683 ) (-280 -372 -221.669556 ) 
4 334 335 (-704 -384 -189.705002 ) (-704 -384 -256 ) (-280 -384 -256 ) (-280 -384 -189.705002 ) 
4 335 351 (-280 -384 -368 ) (-280 -464 -368 ) (-704 -464 -368 ) (-704 -384 -368 ) 
4 335 338 (-704 -384 -368 ) (-704 -464 -368 ) (-704 -464 -178 ) (-704 -384 -178 ) 
4 336 338 (-704 -384 -178 ) (-704 -384 1748 ) (-720 -384 1748 ) (-720 -384 -178 ) 
4 336 337 (-720 -384 -178 ) (-720 -384 1748 ) (-720 -224 1748 ) (-720 -224 -178 ) 
4 337 353 (-848 -224 -368 ) (-720 -224 -368 ) (-720 -384 -368 ) (-848 -384 -368 ) 
4 337 340 (-848 -224 1748 ) (-848 -224 -2 ) (-848 -384 -2 ) (-848 -384 1748 ) 
4 337 338 (-848 -384 1748 ) (-848 -384 -368 ) (-720 -384 -368 ) (-720 -384 1748 ) 
4 338 352 (-704 -384 -368 ) (-704 -464 -368 ) (-720 -464 -368 ) (-720 -384 -368 ) 
4 338 353 (-720 -464 -368 ) (-848 -464 -368 ) (-848 -384 -368 ) (-720 -384 -368 ) 
4 338 340 (-848 -464 -2 ) (-848 -464 1748 ) (-848 -384 1748 ) (-848 -384 -2 ) 
4 338 339 (-704 -464 64 ) (-704 -464 1748 ) (-848 -464 1748 ) (-848 -464 64 ) 
4 339 359 (-704 -480 64 ) (-704 -480 1748 ) (-848 -480 1748 ) (-848 -480 64 ) 
4 339 340 (-848 -480 64 ) (-848 -480 1748 ) (-848 -464 1748 ) (-848 -464 64 ) 
4 340 359 (-848 -480 -2 ) (-848 -480 1748 ) (-864 -480 1748 ) (-864 -480 -2 ) 
4 340 341 (-864 -224 1748 ) (-864 -224 -2 ) (-864 -480 -2 ) (-864 -480 1748 ) 
4 341 359 (-864 -480 -2 ) (-864 -480 1748 ) (-992 -480 1748 ) (-992 -480 -2 ) 
4 341 349 (-992 -470 -2 ) (-992 -480 -2 ) (-992 -480 1748 ) (-992 -470 1748 ) 
4 341 347 (-992 -288 -2 ) (-992 -470 -2 ) (-992 -470 1748 ) (-992 -288 1748 ) 
4 341 344 (-992 -224 1748 ) (-992 -224 -2 ) (-992 -288 -2 ) (-992 -288 1748 ) 
4 342 346 (-992 -224 -240 ) (-992 -224 -260 ) (-992 -288 -260 ) (-992 -288 -240 ) 
4 342 343 (-992 -470 -260 ) (-992 -224 -260 ) (-864 -224 -260 ) (-864 -470 -260 ) 
4 343 346 (-992 -224 -260 ) (-992 -224 -368 ) (-992 -288 -368 ) (-992 -288 -260 ) 
4 343 106 (-882 -470 -260 ) (-976 -470 -260 ) (-976 -470 -368 ) (-882 -470 -368 ) 
4 344 363 (-1024 -224 1748 ) (-1024 -224 -228 ) (-1024 -288 -228 ) (-1024 -288 1748 ) 
4 344 348 (-1020 -288 -48 ) (-1024 -288 -48 ) (-1024 -288 -228 ) (-1020 -288 -228 ) 
4 344 347 (-992 -288 -48 ) (-992 -288 1748 ) (-1024 -288 1748 ) (-1024 -288 -48 ) 
4 344 345 (-1020 -288 -228 ) (-1024 -288 -228 ) (-1024 -224 -228 ) (-1020 -224 -228 ) 
4 345 363 (-1024 -224 -228 ) (-1024 -224 -240 ) (-1024 -288 -240 ) (-1024 -288 -228 ) 
4 345 348 (-1020 -288 -228 ) (-1024 -288 -228 ) (-1024 -288 -240 ) (-1020 -288 -240 ) 
4 347 365 (-1024 -288 1748 ) (-1024 -288 -48 ) (-1024 -470 -48 ) (-1024 -470 1748 ) 
4 347 349 (-1024 -470 1748 ) (-1024 -470 -40 ) (-992 -470 -40 ) (-992 -470 1748 ) 
4 347 348 (-1020 -470 -48 ) (-1024 -470 -48 ) (-1024 -288 -48 ) (-1020 -288 -48 ) 
4 348 365 (-1024 -288 -48 ) (-1024 -288 -368 ) (-1024 -470 -368 ) (-1024 -470 -48 ) 
4 348 357 (-1020 -470 -368 ) (-1024 -470 -368 ) (-1024 -288 -368 ) (-1020 -288 -368 ) 
4 349 366 (-1024 -480 -40 ) (-1024 -480 1748 ) (-1024 -470 1748 ) (-1024 -470 -40 ) 
4 349 359 (-1024 -480 1748 ) (-1024 -480 -40 ) (-992 -480 -40 ) (-992 -480 1748 ) 
4 351 360 (-704 -480 -390 ) (-280 -480 -390 ) (-280 -480 -384 ) (-704 -480 -384 ) 
4 351 358 (-280 -384 -390 ) (-280 -480 -390 ) (-704 -480 -390 ) (-704 -384 -390 ) 
4 351 352 (-704 -384 -390 ) (-704 -480 -390 ) (-704 -480 -368 ) (-704 -384 -368 ) 
4 352 360 (-720 -480 -390 ) (-704 -480 -390 ) (-704 -480 -384 ) (-720 -480 -384 ) 
4 352 358 (-704 -384 -390 ) (-704 -480 -390 ) (-720 -480 -390 ) (-720 -384 -390 ) 
4 352 353 (-720 -384 -390 ) (-720 -480 -390 ) (-720 -480 -368 ) (-720 -384 -368 ) 
4 353 360 (-864 -480 -390 ) (-720 -480 -390 ) (-720 -480 -384 ) (-864 -480 -384 ) 
4 353 358 (-864 -224 -390 ) (-720 -224 -390 ) (-720 -480 -390 ) (-864 -480 -390 ) 
4 353 354 (-864 -224 -390 ) (-864 -480 -390 ) (-864 -480 -384 ) (-864 -224 -384 ) 
4 354 360 (-992 -480 -390 ) (-864 -480 -390 ) (-864 -480 -384 ) (-992 -480 -384 ) 
4 354 358 (-992 -224 -390 ) (-864 -224 -390 ) (-864 -480 -390 ) (-992 -480 -390 ) 
4 354 355 (-992 -224 -390 ) (-992 -288 -390 ) (-992 -288 -384 ) (-992 -224 -384 ) 
4 354 356 (-992 -288 -390 ) (-992 -480 -390 ) (-992 -480 -384 ) (-992 -288 -384 ) 
4 355 358 (-1020 -224 -390 ) (-992 -224 -390 ) (-992 -288 -390 ) (-1020 -288 -390 ) 
4 355 356 (-1020 -288 -384 ) (-1020 -288 -390 ) (-992 -288 -390 ) (-992 -288 -384 ) 
4 355 357 (-1020 -224 -390 ) (-1020 -288 -390 ) (-1020 -288 -384 ) (-1020 -224 -384 ) 
4 356 360 (-1020 -480 -390 ) (-992 -480 -390 ) (-992 -480 -384 ) (-1020 -480 -384 ) 
4 356 358 (-992 -288 -390 ) (-992 -480 -390 ) (-1020 -480 -390 ) (-1020 -288 -390 ) 
4 356 357 (-1020 -288 -390 ) (-1020 -480 -390 ) (-1020 -480 -368 ) (-1020 -288 -368 ) 
4 357 372 (-1024 -480 -390 ) (-1024 -480 -368 ) (-1024 -224 -368 ) (-1024 -224 -390 ) 
4 357 360 (-1024 -480 -384 ) (-1024 -480 -390 ) (-1020 -480 -390 ) (-1020 -480 -384 ) 
4 357 358 (-1024 -224 -390 ) (-1020 -224 -390 ) (-1020 -480 -390 ) (-1024 -480 -390 ) 
4 358 372 (-1024 -480 -716 ) (-1024 -480 -390 ) (-1024 -224 -390 ) (-1024 -224 -716 ) 
4 358 360 (-1024 -480 -390 ) (-1024 -480 -716 ) (-280 -480 -716 ) (-280 -480 -390 ) 
4 359 375 (0 -1024 225.320343 ) (0 -1024 1748 ) (-1024 -1024 1748 ) (-1024 -1024 -67.266724 ) 
4 359 368 (-1024 -1024 -67.266800 ) (-1024 -1024 1748 ) (-1024 -480 1748 ) (-1024 -480 -67.266724 ) 
4 359 106 (-568.341553 -480 62.927452 ) (-565.281006 -480 63.801941 ) (-565.281006 -1024 63.801941 ) (-568.341553 -1024 62.927448 ) 
4 359 106 (-565.281006 -480 63.801941 ) (-16 -480 220.747803 ) (-16 -1024 220.747818 ) (-565.281006 -1024 63.801941 ) 
4 359 106 (-16 -480 220.747803 ) (0 -480 225.319489 ) (0 -1024 225.319489 ) (-16 -1024 220.747818 ) 
4 360 381 (0 -1024 -716 ) (0 -1024 -384 ) (-1024 -1024 -384 ) (-1024 -1024 -716 ) 
4 360 373 (-1024 -1024 -716 ) (-1024 -1024 -384 ) (-1024 -480 -384 ) (-1024 -480 -716 ) 
4 361 363 (-1024 -160 -48 ) (-1024 -160 1748 ) (-1048 -160 1748 ) (-1048 -160 -48 ) 
4 361 362 (-1048 -160 -48 ) (-1048 -160 1748 ) (-1048 0 1748 ) (-1048 0 -48 ) 
4 362 374 (-1878 0 -368 ) (-1120 0 -368 ) (-1120 -160 -368 ) (-1878 -160 -368 ) 
4 362 372 (-1120 0 -368 ) (-1048 0 -368 ) (-1048 -160 -368 ) (-1120 -160 -368 ) 
4 362 367 (-1878 -160 -368 ) (-1120 -160 -368 ) (-1120 -160 1748 ) (-1878 -160 1748 ) 
4 362 364 (-1120 -160 -368 ) (-1048 -160 -368 ) (-1048 -160 1748 ) (-1120 -160 1748 ) 
4 363 365 (-1024 -288 -240 ) (-1024 -288 1748 ) (-1048 -288 1748 ) (-1048 -288 -240 ) 
4 363 364 (-1048 -160 1748 ) (-1048 -160 -240 ) (-1048 -288 -240 ) (-1048 -288 1748 ) 
4 364 372 (-1048 -288 -368 ) (-1120 -288 -368 ) (-1120 -160 -368 ) (-1048 -160 -368 ) 
4 364 367 (-1120 -160 1748 ) (-1120 -160 -368 ) (-1120 -288 -368 ) (-1120 -288 1748 ) 
4 364 365 (-1120 -288 1748 ) (-1120 -288 -368 ) (-1048 -288 -368 ) (-1048 -288 1748 ) 
4 365 372 (-1024 -288 -368 ) (-1024 -470 -368 ) (-1120 -470 -368 ) (-1120 -288 -368 ) 
4 365 367 (-1120 -288 -368 ) (-1120 -470 -368 ) (-1120 -470 1748 ) (-1120 -288 1748 ) 
4 365 366 (-1120 -470 1748 ) (-1120 -470 -40 ) (-1024 -470 -40 ) (-1024 -470 1748 ) 
4 366 368 (-1024 -480 -40 ) (-1024 -480 1748 ) (-1120 -480 1748 ) (-1120 -480 -40 ) 
4 366 367 (-1120 -480 -40 ) (-1120 -480 1748 ) (-1120 -470 1748 ) (-1120 -470 -40 ) 
4 367 374 (-1120 -480 -368 ) (-1878 -480 -368 ) (-1878 -160 -368 ) (-1120 -160 -368 ) 
5 367 371 (-1136 -480 -99.268524 ) (-1136 -480 1748 ) (-1878 -480 1748 ) (-1878 -480 1037.144287 ) (-1138.560059 -480 -100 ) 
4 367 370 (-1878 -480 -368 ) (-1136 -480 -368 ) (-1136 -480 -103.936981 ) (-1878 -480 1037.144287 ) 
5 367 369 (-1120 -480 -94.696846 ) (-1120 -480 1748 ) (-1136 -480 1748 ) (-1136 -480 -96 ) (-1124.560791 -480 -96 ) 
4 368 106 (-1024 -1024 -67.266785 ) (-1024 -1024 62 ) (-1120 -1024 62 ) (-1120 -1024 -94.696899 ) 
4 368 382 (-1024 -1024 62 ) (-1024 -1024 1748 ) (-1120 -1024 1748 ) (-1120 -1024 62 ) 
4 368 369 (-1120 -480 1748 ) (-1120 -480 -94.696899 ) (-1120 -1024 -94.696854 ) (-1120 -1024 1748 ) 
5 369 383 (-1136 -1024 62 ) (-1136 -1024 -96 ) (-1124.560791 -1024 -96 ) (-1120 -1024 -94.696846 ) (-1120 -1024 62 ) 
4 369 382 (-1120 -1024 1748 ) (-1136 -1024 1748 ) (-1136 -1024 62 ) (-1120 -1024 62 ) 
4 369 371 (-1136 -480 1748 ) (-1136 -480 -96 ) (-1136 -1024 -96 ) (-1136 -1024 1748 ) 
5 370 384 (-1878 -1024 -96 ) (-1878 -1024 -368 ) (-1136 -1024 -368 ) (-1136 -1024 -103.936981 ) (-1141.161133 -1024 -96 ) 
4 370 383 (-1878 -1024 62 ) (-1878 -1024 -96 ) (-1141.161133 -1024 -96 ) (-1243.902222 -1024 62 ) 
3 370 382 (-1878 -1024 1037.144287 ) (-1878 -1024 62 ) (-1243.902222 -1024 62 ) 
4 370 374 (-1136 -1024 -368 ) (-1878 -1024 -368 ) (-1878 -480 -368 ) (-1136 -480 -368 ) 
4 370 371 (-1138.561401 -480 -100 ) (-1878 -480 1037.142212 ) (-1878 -1024 1037.142212 ) (-1138.561401 -1024 -100 ) 
4 371 385 (-1141.161133 -1024 -96 ) (-1138.560059 -1024 -100 ) (-1136 -1024 -99.268524 ) (-1136 -1024 -96 ) 
4 371 383 (-1243.902344 -1024 62 ) (-1141.161133 -1024 -96 ) (-1136 -1024 -96 ) (-1136 -1024 62 ) 
5 371 382 (-1136 -1024 1748 ) (-1878 -1024 1748 ) (-1878 -1024 1037.144287 ) (-1243.902344 -1024 62 ) (-1136 -1024 62 ) 
4 372 374 (-1120 0 -716 ) (-1120 -480 -716 ) (-1120 -480 -368 ) (-1120 0 -368 ) 
4 372 373 (-1120 -480 -384 ) (-1120 -480 -716 ) (-1024 -480 -716 ) (-1024 -480 -384 ) 
4 373 388 (-1024 -1024 -716 ) (-1024 -1024 -384 ) (-1120 -1024 -384 ) (-1120 -1024 -716 ) 
4 373 374 (-1120 -480 -716 ) (-1120 -1024 -716 ) (-1120 -1024 -384 ) (-1120 -480 -384 ) 
4 374 389 (-1120 -1024 -368 ) (-1878 -1024 -368 ) (-1878 -1024 -716 ) (-1120 -1024 -716 ) 
4 375 106 (-1024 -1024 62 ) (-1024 -1024 -67.266724 ) (-1024 -1568 -67.266800 ) (-1024 -1568 62 ) 
4 375 382 (-1024 -1024 1748 ) (-1024 -1024 62 ) (-1024 -1568 62 ) (-1024 -1568 1748 ) 
5 375 377 (-1024 -1568 1748 ) (-1024 -1568 62 ) (-571.590637 -1568 62 ) (-2 -1568 224.748871 ) (-2 -1568 1748 ) 
4 375 376 (-2 -1568 224.748871 ) (0 -1568 225.320343 ) (0 -1568 1748 ) (-2 -1568 1748 ) 
4 375 106 (-568.341553 -1024 62.927441 ) (-565.280945 -1024 63.801941 ) (-565.281006 -1568 63.801941 ) (-568.341553 -1568 62.927448 ) 
4 375 106 (-565.280945 -1024 63.801941 ) (-16 -1024 220.747772 ) (-16 -1568 220.747787 ) (-565.281006 -1568 63.801941 ) 
4 375 106 (-16 -1024 220.747772 ) (0 -1024 225.319458 ) (0 -1568 225.319458 ) (-16 -1568 220.747787 ) 
4 376 106 (-2 -1568 -256 ) (0 -1568 -256 ) (0 -1584 -256 ) (-2 -1584 -256 ) 
4 376 378 (-2 -1584 -256 ) (0 -1584 -256 ) (0 -1584 1748 ) (-2 -1584 1748 ) 
4 376 377 (-2 -1584 62 ) (-2 -1584 1748 ) (-2 -1568 1748 ) (-2 -1568 62 ) 
4 377 382 (-1024 -1584 1748 ) (-1024 -1568 1748 ) (-1024 -1568 62 ) (-1024 -1584 62 ) 
4 377 378 (-2 -1584 62 ) (-2 -1584 1748 ) (-1024 -1584 1748 ) (-1024 -1584 62 ) 
4 378 390 (-1024 -1990 1748 ) (-1024 -1584 1748 ) (-1024 -1584 -256 ) (-1024 -1990 -256 ) 
4 378 379 (-1024 -1990 -256 ) (-1024 -1584 -256 ) (0 -1584 -256 ) (0 -1990 -256 ) 
4 379 390 (-1024 -1584 -368 ) (-1024 -1990 -368 ) (-1024 -1990 -256 ) (-1024 -1584 -256 ) 
4 379 380 (-1024 -1990 -368 ) (-1024 -1584 -368 ) (-16 -1584 -368 ) (-16 -1990 -368 ) 
4 379 106 (-16 -1584 -368 ) (-12 -1584 -368 ) (-12 -1990 -368 ) (-16 -1990 -368 ) 
4 379 106 (-12 -1584 -368 ) (0 -1584 -368 ) (0 -1990 -368 ) (-12 -1990 -368 ) 
4 380 390 (-1024 -1584 -384 ) (-1024 -1990 -384 ) (-1024 -1990 -368 ) (-1024 -1584 -368 ) 
4 380 381 (-1024 -1990 -384 ) (-1024 -1584 -384 ) (-16 -1584 -384 ) (-16 -1990 -384 ) 
4 381 390 (-1024 -1584 -716 ) (-1024 -1990 -716 ) (-1024 -1990 -384 ) (-1024 -1584 -384 ) 
4 381 388 (-1024 -1024 -384 ) (-1024 -1024 -716 ) (-1024 -1584 -716 ) (-1024 -1584 -384 ) 
4 382 390 (-1024 -1584 62 ) (-1024 -1584 1748 ) (-1878 -1584 1748 ) (-1878 -1584 62 ) 
4 382 386 (-1120 -1584 62 ) (-1136 -1584 62 ) (-1136 -1568 62 ) (-1120 -1568 62 ) 
4 382 387 (-1136 -1584 62 ) (-1878 -1584 62 ) (-1878 -1568 62 ) (-1136 -1568 62 ) 
4 382 383 (-1878 -1568 62 ) (-1878 -1024 62 ) (-1120 -1024 62 ) (-1120 -1568 62 ) 
4 382 106 (-1120 -1568 62 ) (-1120 -1024 62 ) (-1024 -1024 62 ) (-1024 -1568 62 ) 
5 383 386 (-1120 -1568 -94.696846 ) (-1120 -1568 62 ) (-1136 -1568 62 ) (-1136 -1568 -96 ) (-1124.560791 -1568 -96 ) 
4 383 387 (-1136 -1568 62 ) (-1878 -1568 62 ) (-1878 -1568 -96 ) (-1136 -1568 -96 ) 
4 383 385 (-1136 -1568 -96 ) (-1141.161133 -1568 -96 ) (-1141.161133 -1024 -96 ) (-1136 -1024 -96 ) 
4 383 384 (-1141.161133 -1568 -96 ) (-1878 -1568 -96 ) (-1878 -1024 -96 ) (-1141.161133 -1024 -96 ) 
4 384 389 (-1878 -1568 -368 ) (-1878 -1024 -368 ) (-1136 -1024 -368 ) (-1136 -1568 -368 ) 
5 384 387 (-1136 -1568 -103.937012 ) (-1141.161133 -1568 -96 ) (-1878 -1568 -96 ) (-1878 -1568 -368 ) (-1136 -1568 -368 ) 
4 384 385 (-1141.164063 -1024 -96 ) (-1141.164063 -1568 -96 ) (-1138.562500 -1568 -100 ) (-1138.562500 -1024 -100 ) 
4 385 387 (-1136 -1568 -96 ) (-1141.161133 -1568 -96 ) (-1138.560059 -1568 -100 ) (-1136 -1568 -99.268524 ) 
4 386 390 (-1120 -1584 62 ) (-1136 -1584 62 ) (-1136 -1584 -96 ) (-1120 -1584 -96 ) 
4 386 387 (-1136 -1568 62 ) (-1136 -1568 -96 ) (-1136 -1584 -96 ) (-1136 -1584 62 ) 
4 387 390 (-1136 -1584 62 ) (-1878 -1584 62 ) (-1878 -1584 -368 ) (-1136 -1584 -368 ) 
4 387 389 (-1136 -1584 -368 ) (-1878 -1584 -368 ) (-1878 -1568 -368 ) (-1136 -1568 -368 ) 
4 388 390 (-1120 -1584 -716 ) (-1024 -1584 -716 ) (-1024 -1584 -384 ) (-1120 -1584 -384 ) 
4 388 389 (-1120 -1024 -716 ) (-1120 -1584 -716 ) (-1120 -1584 -384 ) (-1120 -1024 -384 ) 
4 389 390 (-1878 -1584 -716 ) (-1120 -1584 -716 ) (-1120 -1584 -368 ) (-1878 -1584 -368 ) 
