


materialPath: E:\steam\steamapps\sourcemods\bcws\materials
Loading e:\steam\steamapps\sourcemods\bcws\maps\parallax.vmf
Could not locate 'GameData' key in e:\steam\steamapps\sourcemods\bcws\gameinfo.txt
fixing up env_cubemap materials on brush sides...
0...1...2...3...4...5...6...7...8...9...100...1...2...3...4...5...6...7...8...9...10Processing areas...done (0)
Building Faces...done (0)
FixTjuncs...
PruneNodes...
WriteBSP...
done (0)
writing e:\steam\steamapps\sourcemods\bcws\maps\parallax.prt...Building visibility clusters...
done (0)
Creating default LDR cubemaps for env_cubemap using skybox materials:
   skybox/sky_day01_01*.vmt
 ! Run buildcubemaps in the engine to get the correct cube maps.
Creating default HDR cubemaps for env_cubemap using skybox materials:
   skybox/sky_day01_01*.vmt
 ! Run buildcubemaps in the engine to get the correct cube maps.
Finding displacement neighbors...
Finding lightmap sample positions...
Displacement Alpha : 0...1...2...3...4...5...6...7...8...9...10
Building Physics collision data...
done (0) (2718 bytes)
Placing detail props : 0...1...2...3...4...5...6...7...8...9...10
Compacting texture/material tables...
Reduced 6 texinfos to 6
Reduced 2 texdatas to 2 (30 bytes to 30)
Writing e:\steam\steamapps\sourcemods\bcws\maps\parallax.bsp
0 seconds elapsed



4 threads
reading e:\steam\steamapps\sourcemods\bcws\maps\parallax.bsp
reading e:\steam\steamapps\sourcemods\bcws\maps\parallax.prt
   6 portalclusters
   9 numportals
0...1...2...3...4...5...6...7...8...9...100...1...2...3...4...5...6...7...8...9...10Optimized: 0 visible clusters (0.00%)
Total clusters visible: 36
Average clusters visible: 6
Building PAS...
Average clusters audible: 6
visdatasize:64  compressed from 96
writing e:\steam\steamapps\sourcemods\bcws\maps\parallax.bsp
0 seconds elapsed



[Reading texlights from 'lights.rad']
[45 texlights parsed from 'lights.rad']

Loading e:\steam\steamapps\sourcemods\bcws\maps\parallax.bsp
22 faces
19854 square feet [2859008.00 square inches]
0 Displacements
0 Square Feet [0.00 Square Inches]
22 patches before subdivision
2866 patches after subdivision
1 direct lights
0...1...2...3...4...5...6...7...8...9...100...1...2...3...4...5...6...7...8...9...10transfers 293994, max 243
transfer lists:   2.2 megs
0...1...2...3...4...5...6...7...8...9...10	Bounce #1 added RGB(15277, 10223, 6943)
0...1...2...3...4...5...6...7...8...9...10	Bounce #2 added RGB(3344, 1498, 692)
0...1...2...3...4...5...6...7...8...9...10	Bounce #3 added RGB(741, 222, 70)
0...1...2...3...4...5...6...7...8...9...10	Bounce #4 added RGB(165, 33, 7)
0...1...2...3...4...5...6...7...8...9...10	Bounce #5 added RGB(37, 5, 1)
0...1...2...3...4...5...6...7...8...9...10	Bounce #6 added RGB(8, 1, 0)
0...1...2...3...4...5...6...7...8...9...10	Bounce #7 added RGB(2, 0, 0)
0...1...2...3...4...5...6...7...8...9...10	Bounce #8 added RGB(0, 0, 0)
Build Patch/Sample Hash Table(s).....Done<0.0009 sec>
0...1...2...3...4...5...6...7...8...9...10FinalLightFace Done
0 of 0 (0% of) surface lights went in leaf ambient cubes.
0...1...2...3...4...5...6...7...8...9...10Writing leaf ambient...done
Ready to Finish

Object names       Objects/Maxobjs  Memory / Maxmem  Fullness 
------------       ---------------  ---------------  -------- 
models                   1/1024           48/49152    ( 0.1%) 
brushes                  7/8192           84/98304    ( 0.1%) 
brushsides              42/65536         336/524288   ( 0.1%) 
planes                  46/65536         920/1310720  ( 0.1%) 
vertexes                43/65536         516/786432   ( 0.1%) 
nodes                   30/65536         960/2097152  ( 0.0%) 
texinfos                 6/12288         432/884736   ( 0.0%) 
texdata                  2/2048           64/65536    ( 0.1%) 
dispinfos                0/0               0/0        ( 0.0%) 
disp_verts               0/0               0/0        ( 0.0%) 
disp_tris                0/0               0/0        ( 0.0%) 
disp_lmsamples           0/0               0/0        ( 0.0%) 
faces                   22/65536        1232/3670016  ( 0.0%) 
hdr faces               22/65536        1232/3670016  ( 0.0%) 
origfaces               11/65536         616/3670016  ( 0.0%) 
leaves                  32/65536        1024/2097152  ( 0.0%) 
leaffaces               25/65536          50/131072   ( 0.0%) 
leafbrushes             17/65536          34/131072   ( 0.0%) 
areas                    2/256            16/2048     ( 0.8%) 
surfedges              136/512000        544/2048000  ( 0.0%) 
edges                   83/256000        332/1024000  ( 0.0%) 
LDR worldlights          0/8192            0/720896   ( 0.0%) 
HDR worldlights          1/8192           88/720896   ( 0.0%) 
leafwaterdata            0/32768           0/393216   ( 0.0%) 
waterstrips              0/32768           0/327680   ( 0.0%) 
waterverts               0/65536           0/786432   ( 0.0%) 
waterindices             0/65536           0/131072   ( 0.0%) 
cubemapsamples           0/1024            0/16384    ( 0.0%) 
overlays                 0/512             0/180224   ( 0.0%) 
LDR lightdata         [variable]           0/0        ( 0.0%) 
HDR lightdata         [variable]       48496/0        ( 0.0%) 
visdata               [variable]          64/16777216 ( 0.0%) 
entdata               [variable]         557/393216   ( 0.1%) 
LDR ambient table       32/65536         128/262144   ( 0.0%) 
HDR ambient table       32/65536         128/262144   ( 0.0%) 
LDR leaf ambient        32/65536         896/1835008  ( 0.0%) 
HDR leaf ambient        84/65536        2352/1835008  ( 0.1%) 
occluders                0/0               0/0        ( 0.0%) 
occluder polygons        0/0               0/0        ( 0.0%) 
occluder vert ind        0/0               0/0        ( 0.0%) 
detail props          [variable]           1/12       ( 8.3%) 
static props          [variable]           1/12       ( 8.3%) 
pakfile               [variable]      105663/0        ( 0.0%) 
physics               [variable]        2718/4194304  ( 0.1%) 
physics terrain       [variable]           2/1048576  ( 0.0%) 

Level flags = 2

Total triangle count: 48
Writing e:\steam\steamapps\sourcemods\bcws\maps\parallax.bsp
0 seconds elapsed
