PRT1
16
29
4 0 2 (1670.130127 1024 2016 ) (1024 1024 2016 ) (1024 1024 0 ) (1670.130127 1024 0 ) 
4 0 1 (1024 1024 0 ) (1024 1024 2016 ) (1024 1852.250000 2016 ) (1024 1852.250000 0 ) 
4 1 10 (0 1024 0 ) (0 1024 2016 ) (0 1852.250000 2016 ) (0 1852.250000 0 ) 
4 1 4 (68 1024 2016 ) (4 1024 2016 ) (4 1024 0 ) (68 1024 0 ) 
4 1 3 (1024 1024 0 ) (1024 1024 2016 ) (68 1024 2016 ) (68 1024 0 ) 
4 1 7 (4 1024 2016 ) (0 1024 2016 ) (0 1024 0 ) (4 1024 0 ) 
4 2 8 (1670.130127 0 2016 ) (1024 0 2016 ) (1024 0 0 ) (1670.130127 0 0 ) 
4 2 3 (1024 1024 2016 ) (1024 1024 0 ) (1024 0 0 ) (1024 0 2016 ) 
4 3 9 (68 0 0 ) (1024 0 0 ) (1024 0 2016 ) (68 0 2016 ) 
4 3 5 (68 588 137 ) (68 588 2016 ) (68 652 2016 ) (68 652 137 ) 
4 3 4 (68 1024 0 ) (68 652 0 ) (68 652 2016 ) (68 1024 2016 ) 
4 3 6 (68 588 0 ) (68 0 0 ) (68 0 2016 ) (68 588 2016 ) 
4 4 5 (4 652 2016 ) (4 652 137 ) (68 652 137 ) (68 652 2016 ) 
4 4 7 (4 1024 0 ) (4 652 0 ) (4 652 2016 ) (4 1024 2016 ) 
4 5 7 (4 588 137 ) (4 588 2016 ) (4 652 2016 ) (4 652 137 ) 
4 5 6 (4 588 2016 ) (4 588 137 ) (68 588 137 ) (68 588 2016 ) 
4 6 9 (4 0 0 ) (68 0 0 ) (68 0 2016 ) (4 0 2016 ) 
4 6 7 (4 588 0 ) (4 0 0 ) (4 0 2016 ) (4 588 2016 ) 
4 7 12 (0 0 0 ) (0 0 2016 ) (0 1024 2016 ) (0 1024 0 ) 
4 7 9 (0 0 2016 ) (0 0 0 ) (4 0 0 ) (4 0 2016 ) 
4 8 9 (1024 0 2016 ) (1024 0 0 ) (1024 -420.246033 0 ) (1024 -420.246033 2016 ) 
4 9 14 (0 -420.246033 2016 ) (0 0 2016 ) (0 0 0 ) (0 -420.246033 0 ) 
4 10 12 (0 1024 0 ) (0 1024 2016 ) (-1024 1024 2016 ) (-1024 1024 0 ) 
4 10 11 (-1024 1024 0 ) (-1024 1024 2016 ) (-1024 1852.250000 2016 ) (-1024 1852.250000 0 ) 
4 11 13 (-1024 1024 0 ) (-1024 1024 2016 ) (-1186.400146 1024 2016 ) (-1186.400146 1024 0 ) 
4 12 14 (0 0 0 ) (0 0 2016 ) (-1024 0 2016 ) (-1024 0 0 ) 
4 12 13 (-1024 0 0 ) (-1024 0 2016 ) (-1024 1024 2016 ) (-1024 1024 0 ) 
4 13 15 (-1024 0 0 ) (-1024 0 2016 ) (-1186.400146 0 2016 ) (-1186.400146 0 0 ) 
4 14 15 (-1024 0 2016 ) (-1024 0 0 ) (-1024 -420.246033 0 ) (-1024 -420.246033 2016 ) 
