PRT1
548
1057
4 0 1 (144 8 38 ) (144 8 98 ) (144 104 98 ) (144 104 38 ) 
4 1 2 (128 8 98 ) (128 104 98 ) (128 104 38 ) (128 8 38 ) 
4 2 259 (128 0 0 ) (128 0 128 ) (0 0 128 ) (0 0 0 ) 
4 2 145 (0 0 0 ) (0 0 108 ) (0 48 108 ) (0 48 0 ) 
4 2 144 (0 0 108 ) (0 0 128 ) (0 48 128 ) (0 48 108 ) 
4 2 4 (0 136 108 ) (0 136 0 ) (0 48 0 ) (0 48 108 ) 
4 2 3 (0 48 128 ) (0 136 128 ) (0 136 108 ) (0 48 108 ) 
4 3 144 (0 48 108 ) (0 48 128 ) (-192 48 128 ) (-192 48 108 ) 
4 3 4 (0 48 108 ) (-192 48 108 ) (-192 136 108 ) (0 136 108 ) 
4 4 145 (0 48 0 ) (0 48 108 ) (-192 48 108 ) (-192 48 0 ) 
4 5 49 (-479 48 128 ) (-479 48 142.500000 ) (-479 181 142.500000 ) (-479 181 128 ) 
4 5 45 (-479 181 142.500000 ) (-479 236.500000 142.500000 ) (-479 236.500000 128 ) (-479 181 128 ) 
4 5 43 (-479 236.500000 142.500000 ) (-479 294 142.500000 ) (-479 294 128 ) (-479 236.500000 128 ) 
4 5 24 (-479 294 142.500000 ) (-479 303.500000 142.500000 ) (-479 303.500000 128 ) (-479 294 128 ) 
4 5 6 (-479 48 128 ) (-479 303.500000 128 ) (-471 303.500000 128 ) (-471 48 128 ) 
4 6 49 (-479 48 128 ) (-479 181 128 ) (-479 181 80 ) (-479 120 80 ) 
4 6 45 (-479 181 128 ) (-479 236.500000 128 ) (-479 236.500000 80 ) (-479 181 80 ) 
4 6 43 (-479 236.500000 128 ) (-479 294 128 ) (-479 294 80 ) (-479 236.500000 80 ) 
4 6 24 (-479 294 128 ) (-479 303.500000 128 ) (-479 303.500000 80 ) (-479 294 80 ) 
4 6 7 (-479 120 80 ) (-479 303.500000 80 ) (-471 303.500000 80 ) (-471 120 80 ) 
4 7 50 (-479 120 80 ) (-479 181 80 ) (-479 181 72 ) (-479 132 72 ) 
4 7 46 (-479 181 80 ) (-479 236.500000 80 ) (-479 236.500000 72 ) (-479 181 72 ) 
4 7 44 (-479 236.500000 80 ) (-479 294 80 ) (-479 294 72 ) (-479 236.500000 72 ) 
4 7 25 (-479 294 80 ) (-479 303.500000 80 ) (-479 303.500000 72 ) (-479 294 72 ) 
4 7 8 (-479 132 72 ) (-479 303.500000 72 ) (-471 303.500000 72 ) (-471 132 72 ) 
4 8 51 (-479 132 72 ) (-479 181 72 ) (-479 181 40 ) (-479 180 40 ) 
4 8 48 (-479 181 72 ) (-479 236.500000 72 ) (-479 236.500000 40 ) (-479 181 40 ) 
4 8 47 (-479 236.500000 72 ) (-479 294 72 ) (-479 294 40 ) (-479 236.500000 40 ) 
4 8 26 (-479 294 72 ) (-479 303.500000 72 ) (-479 303.500000 40 ) (-479 294 40 ) 
4 8 9 (-479 294 40 ) (-479 303.500000 40 ) (-471 303.500000 40 ) (-471 294 40 ) 
4 9 10 (-479 294 -88 ) (-479 303.500000 -88 ) (-471 303.500000 -88 ) (-471 294 -88 ) 
4 10 11 (-479 294 -96 ) (-479 303.500000 -96 ) (-471 303.500000 -96 ) (-471 294 -96 ) 
4 11 12 (-479 294 -256 ) (-479 303.500000 -256 ) (-471 303.500000 -256 ) (-471 294 -256 ) 
4 12 13 (-479 294 -264 ) (-479 303.500000 -264 ) (-471 303.500000 -264 ) (-471 294 -264 ) 
4 13 14 (-479 294 -424 ) (-479 303.500000 -424 ) (-471 303.500000 -424 ) (-471 294 -424 ) 
4 14 15 (-471 294 -432 ) (-479 294 -432 ) (-479 303.500000 -432 ) (-471 303.500000 -432 ) 
4 15 16 (-479 294 -592 ) (-479 303.500000 -592 ) (-471 303.500000 -592 ) (-471 294 -592 ) 
4 16 17 (-471 294 -600 ) (-479 294 -600 ) (-479 303.500000 -600 ) (-471 303.500000 -600 ) 
4 17 18 (-479 294 -760 ) (-479 303.500000 -760 ) (-471 303.500000 -760 ) (-471 294 -760 ) 
4 18 19 (-471 294 -768 ) (-479 294 -768 ) (-479 303.500000 -768 ) (-471 303.500000 -768 ) 
4 19 20 (-471 294 -928 ) (-479 294 -928 ) (-479 303.500000 -928 ) (-471 303.500000 -928 ) 
4 20 21 (-471 294 -936 ) (-479 294 -936 ) (-479 303.500000 -936 ) (-471 303.500000 -936 ) 
4 21 23 (-479 294 -1136 ) (-479 303.500000 -1136 ) (-471 303.500000 -1136 ) (-471 294 -1136 ) 
3 22 138 (-479 48 -1136 ) (-479 48 -1048 ) (-479 180 -1136 ) 
4 22 23 (-479 48 -1136 ) (-479 180 -1136 ) (-471 180 -1136 ) (-471 48 -1136 ) 
4 23 141 (-479 48 -1214.500000 ) (-479 48 -1136 ) (-479 181 -1136 ) (-479 181 -1214.500000 ) 
4 23 140 (-479 181 -1136 ) (-479 236.500000 -1136 ) (-479 236.500000 -1214.500000 ) (-479 181 -1214.500000 ) 
4 23 139 (-479 236.500000 -1136 ) (-479 294 -1136 ) (-479 294 -1214.500000 ) (-479 236.500000 -1214.500000 ) 
4 23 42 (-479 294 -1136 ) (-479 303.500000 -1136 ) (-479 303.500000 -1214.500000 ) (-479 294 -1214.500000 ) 
4 24 52 (-792 294 80 ) (-785 294 80 ) (-785 294 142.500000 ) (-792 294 142.500000 ) 
4 24 43 (-785 294 80 ) (-479 294 80 ) (-479 294 142.500000 ) (-785 294 142.500000 ) 
4 24 25 (-479 294 80 ) (-792 294 80 ) (-792 303.500000 80 ) (-479 303.500000 80 ) 
4 25 53 (-792 294 72 ) (-785 294 72 ) (-785 294 80 ) (-792 294 80 ) 
4 25 44 (-785 294 72 ) (-479 294 72 ) (-479 294 80 ) (-785 294 80 ) 
4 25 26 (-479 294 72 ) (-792 294 72 ) (-792 303.500000 72 ) (-479 303.500000 72 ) 
4 26 54 (-792 294 40 ) (-785 294 40 ) (-785 294 72 ) (-792 294 72 ) 
4 26 47 (-785 294 40 ) (-479 294 40 ) (-479 294 72 ) (-785 294 72 ) 
4 26 27 (-784 294 40 ) (-792 294 40 ) (-792 303.500000 40 ) (-784 303.500000 40 ) 
4 27 28 (-784 294 -88 ) (-792 294 -88 ) (-792 303.500000 -88 ) (-784 303.500000 -88 ) 
4 28 29 (-784 294 -96 ) (-792 294 -96 ) (-792 303.500000 -96 ) (-784 303.500000 -96 ) 
4 29 31 (-784 294 -139 ) (-792 294 -139 ) (-792 303.500000 -139 ) (-784 303.500000 -139 ) 
3 30 69 (-656 294 -167.541031 ) (-656 294 -139 ) (-679.189026 294 -139 ) 
4 31 32 (-784 294 -256 ) (-792 294 -256 ) (-792 303.500000 -256 ) (-784 303.500000 -256 ) 
4 32 33 (-792 303.500000 -264 ) (-784 303.500000 -264 ) (-784 294 -264 ) (-792 294 -264 ) 
4 33 34 (-792 303.500000 -424 ) (-784 303.500000 -424 ) (-784 294 -424 ) (-792 294 -424 ) 
4 34 35 (-792 303.500000 -432 ) (-784 303.500000 -432 ) (-784 294 -432 ) (-792 294 -432 ) 
4 35 36 (-784 294 -592 ) (-792 294 -592 ) (-792 303.500000 -592 ) (-784 303.500000 -592 ) 
4 36 37 (-792 303.500000 -600 ) (-784 303.500000 -600 ) (-784 294 -600 ) (-792 294 -600 ) 
4 37 38 (-784 294 -760 ) (-792 294 -760 ) (-792 303.500000 -760 ) (-784 303.500000 -760 ) 
4 38 39 (-784 294 -768 ) (-792 294 -768 ) (-792 303.500000 -768 ) (-784 303.500000 -768 ) 
4 39 40 (-792 303.500000 -928 ) (-784 303.500000 -928 ) (-784 294 -928 ) (-792 294 -928 ) 
4 40 41 (-784 294 -936 ) (-792 294 -936 ) (-792 303.500000 -936 ) (-784 303.500000 -936 ) 
4 41 42 (-784 294 -1136 ) (-792 294 -1136 ) (-792 303.500000 -1136 ) (-784 303.500000 -1136 ) 
4 42 143 (-785 294 -1136 ) (-792 294 -1136 ) (-792 294 -1214.500000 ) (-785 294 -1214.500000 ) 
4 42 139 (-479 294 -1214.500000 ) (-479 294 -1136 ) (-785 294 -1136 ) (-785 294 -1214.500000 ) 
4 43 52 (-785 236.500000 142.500000 ) (-785 294 142.500000 ) (-785 294 80 ) (-785 236.500000 80 ) 
4 43 45 (-785 236.500000 142.500000 ) (-785 236.500000 80 ) (-479 236.500000 80 ) (-479 236.500000 142.500000 ) 
4 43 44 (-479 236.500000 80 ) (-785 236.500000 80 ) (-785 294 80 ) (-479 294 80 ) 
4 44 53 (-785 294 80 ) (-785 294 72 ) (-785 236.500000 72 ) (-785 236.500000 80 ) 
4 44 47 (-785 236.500000 72 ) (-785 294 72 ) (-479 294 72 ) (-479 236.500000 72 ) 
4 44 46 (-785 236.500000 80 ) (-785 236.500000 72 ) (-479 236.500000 72 ) (-479 236.500000 80 ) 
4 45 52 (-785 181 80 ) (-785 181 142.500000 ) (-785 236.500000 142.500000 ) (-785 236.500000 80 ) 
4 45 49 (-785 181 142.500000 ) (-785 181 80 ) (-479 181 80 ) (-479 181 142.500000 ) 
4 45 46 (-479 181 80 ) (-785 181 80 ) (-785 236.500000 80 ) (-479 236.500000 80 ) 
4 46 53 (-785 181 72 ) (-785 181 80 ) (-785 236.500000 80 ) (-785 236.500000 72 ) 
4 46 50 (-785 181 80 ) (-785 181 72 ) (-479 181 72 ) (-479 181 80 ) 
4 46 48 (-479 181 72 ) (-785 181 72 ) (-785 236.500000 72 ) (-479 236.500000 72 ) 
4 47 55 (-784 294 40 ) (-479 294 40 ) (-479 236.500000 40 ) (-784 236.500000 40 ) 
4 47 54 (-785 294 40 ) (-785 236.500000 40 ) (-785 236.500000 72 ) (-785 294 72 ) 
4 47 48 (-479 236.500000 72 ) (-785 236.500000 72 ) (-785 236.500000 40 ) (-479 236.500000 40 ) 
4 48 57 (-479 236.500000 40 ) (-479 181 40 ) (-784 181 40 ) (-784 236.500000 40 ) 
4 48 54 (-785 236.500000 40 ) (-785 181 40 ) (-785 181 72 ) (-785 236.500000 72 ) 
4 48 51 (-785 181 72 ) (-785 181 40 ) (-479 181 40 ) (-479 181 72 ) 
4 49 146 (-479 48 80 ) (-479 48 128 ) (-784 48 128 ) (-784 48 80 ) 
4 49 52 (-785 48 80 ) (-785 48 142.500000 ) (-785 181 142.500000 ) (-785 181 80 ) 
4 49 50 (-785 48 80 ) (-785 181 80 ) (-479 181 80 ) (-479 48 80 ) 
4 50 147 (-479 48 72 ) (-479 48 80 ) (-784 48 80 ) (-784 48 72 ) 
4 50 53 (-785 48 72 ) (-785 48 80 ) (-785 181 80 ) (-785 181 72 ) 
4 50 51 (-785 48 72 ) (-785 181 72 ) (-479 181 72 ) (-479 48 72 ) 
4 51 148 (-479 48 40 ) (-479 48 72 ) (-784 48 72 ) (-784 48 40 ) 
4 51 60 (-784 48 40 ) (-785 48 40 ) (-785 180 40 ) (-784 180 40 ) 
4 51 59 (-479 181 40 ) (-479 48 40 ) (-784 48 40 ) (-784 181 40 ) 
4 51 54 (-785 181 40 ) (-785 48 40 ) (-785 48 72 ) (-785 181 72 ) 
4 52 53 (-792 48 80 ) (-792 294 80 ) (-785 294 80 ) (-785 48 80 ) 
4 53 54 (-792 48 72 ) (-792 294 72 ) (-785 294 72 ) (-785 48 72 ) 
4 54 75 (-792 48 40 ) (-792 180 40 ) (-785 180 40 ) (-785 48 40 ) 
4 55 57 (-784 236.500000 0 ) (-479 236.500000 0 ) (-479 236.500000 40 ) (-784 236.500000 40 ) 
4 55 56 (-479 236.500000 0 ) (-784 236.500000 0 ) (-784 294 0 ) (-479 294 0 ) 
4 56 63 (-784 294 -40 ) (-479 294 -40 ) (-479 236.500000 -40 ) (-784 236.500000 -40 ) 
4 56 58 (-784 236.500000 -40 ) (-479 236.500000 -40 ) (-479 236.500000 0 ) (-784 236.500000 0 ) 
4 57 59 (-784 181 0 ) (-479 181 0 ) (-479 181 40 ) (-784 181 40 ) 
4 57 58 (-479 181 0 ) (-784 181 0 ) (-784 236.500000 0 ) (-479 236.500000 0 ) 
4 58 64 (-784 236.500000 -40 ) (-479 236.500000 -40 ) (-479 181 -40 ) (-784 181 -40 ) 
4 58 61 (-784 181 -40 ) (-479 181 -40 ) (-479 181 0 ) (-784 181 0 ) 
4 59 148 (-479 48 0 ) (-479 48 40 ) (-784 48 40 ) (-784 48 0 ) 
4 59 61 (-784 181 0 ) (-479 181 0 ) (-479 48 0 ) (-784 48 0 ) 
4 59 60 (-784 120 0 ) (-784 48 0 ) (-784 48 40 ) (-784 180 40 ) 
4 60 75 (-785 48 0 ) (-785 48 40 ) (-785 180 40 ) (-785 120 0 ) 
4 60 62 (-785 48 0 ) (-785 120 0 ) (-784 120 0 ) (-784 48 0 ) 
4 61 67 (-784 181 -40 ) (-479 181 -40 ) (-479 48 -40 ) (-784 48 -40 ) 
4 61 62 (-784 48 0 ) (-784 120 0 ) (-784 60 -40 ) (-784 48 -40 ) 
4 62 75 (-785 48 -40 ) (-785 48 0 ) (-785 120 0 ) (-785 60 -40 ) 
4 63 65 (-784 294 -88 ) (-479 294 -88 ) (-479 236.500000 -88 ) (-784 236.500000 -88 ) 
4 63 64 (-784 236.500000 -88 ) (-479 236.500000 -88 ) (-479 236.500000 -40 ) (-784 236.500000 -40 ) 
4 64 67 (-479 181 -88 ) (-479 181 -40 ) (-784 181 -40 ) (-784 181 -88 ) 
4 64 66 (-479 181 -88 ) (-784 181 -88 ) (-784 236.500000 -88 ) (-479 236.500000 -88 ) 
4 65 69 (-784 294 -96 ) (-479 294 -96 ) (-479 236.500000 -96 ) (-784 236.500000 -96 ) 
4 65 66 (-784 236.500000 -96 ) (-479 236.500000 -96 ) (-479 236.500000 -88 ) (-784 236.500000 -88 ) 
4 66 70 (-784 236.500000 -96 ) (-479 236.500000 -96 ) (-479 181 -96 ) (-784 181 -96 ) 
4 66 68 (-784 181 -96 ) (-479 181 -96 ) (-479 181 -88 ) (-784 181 -88 ) 
4 67 161 (-479 48 -88 ) (-479 48 -40 ) (-784 48 -40 ) (-784 48 -88 ) 
4 67 68 (-784 48 -88 ) (-784 181 -88 ) (-479 181 -88 ) (-479 48 -88 ) 
4 68 162 (-479 48 -96 ) (-479 48 -88 ) (-784 48 -88 ) (-784 48 -96 ) 
4 68 73 (-784 181 -96 ) (-479 181 -96 ) (-479 48 -96 ) (-784 48 -96 ) 
4 69 71 (-784 236.500000 -168 ) (-784 294 -168 ) (-479 294 -168 ) (-479 236.500000 -168 ) 
4 69 70 (-784 236.500000 -96 ) (-784 236.500000 -168 ) (-479 236.500000 -168 ) (-479 236.500000 -96 ) 
4 70 73 (-479 181 -96 ) (-784 181 -96 ) (-784 181 -168 ) (-479 181 -168 ) 
4 70 72 (-479 181 -168 ) (-784 181 -168 ) (-784 236.500000 -168 ) (-479 236.500000 -168 ) 
4 71 76 (-784 294 -208 ) (-479 294 -208 ) (-479 236.500000 -208 ) (-784 236.500000 -208 ) 
4 71 72 (-479 236.500000 -168 ) (-784 236.500000 -168 ) (-784 236.500000 -208 ) (-479 236.500000 -208 ) 
4 72 77 (-479 236.500000 -208 ) (-479 181 -208 ) (-784 181 -208 ) (-784 236.500000 -208 ) 
4 72 74 (-784 181 -208 ) (-479 181 -208 ) (-479 181 -168 ) (-784 181 -168 ) 
4 73 163 (-479 48 -168 ) (-479 48 -96 ) (-784 48 -96 ) (-784 48 -168 ) 
4 73 74 (-784 48 -168 ) (-784 181 -168 ) (-479 181 -168 ) (-479 48 -168 ) 
4 74 80 (-479 181 -208 ) (-479 48 -208 ) (-784 48 -208 ) (-784 181 -208 ) 
4 76 78 (-784 294 -256 ) (-479 294 -256 ) (-479 236.500000 -256 ) (-784 236.500000 -256 ) 
4 76 77 (-784 236.500000 -256 ) (-479 236.500000 -256 ) (-479 236.500000 -208 ) (-784 236.500000 -208 ) 
4 77 80 (-784 181 -256 ) (-479 181 -256 ) (-479 181 -208 ) (-784 181 -208 ) 
4 77 79 (-479 181 -256 ) (-784 181 -256 ) (-784 236.500000 -256 ) (-479 236.500000 -256 ) 
4 78 82 (-784 294 -264 ) (-479 294 -264 ) (-479 236.500000 -264 ) (-784 236.500000 -264 ) 
4 78 79 (-784 236.500000 -264 ) (-479 236.500000 -264 ) (-479 236.500000 -256 ) (-784 236.500000 -256 ) 
4 79 83 (-784 236.500000 -264 ) (-479 236.500000 -264 ) (-479 181 -264 ) (-784 181 -264 ) 
4 79 81 (-784 181 -264 ) (-479 181 -264 ) (-479 181 -256 ) (-784 181 -256 ) 
4 80 173 (-479 48 -256 ) (-479 48 -208 ) (-784 48 -208 ) (-784 48 -256 ) 
4 80 81 (-784 48 -256 ) (-784 181 -256 ) (-479 181 -256 ) (-479 48 -256 ) 
4 81 174 (-479 48 -264 ) (-479 48 -256 ) (-784 48 -256 ) (-784 48 -264 ) 
4 81 86 (-784 181 -264 ) (-479 181 -264 ) (-479 48 -264 ) (-784 48 -264 ) 
4 82 84 (-784 236.500000 -336 ) (-784 294 -336 ) (-479 294 -336 ) (-479 236.500000 -336 ) 
4 82 83 (-784 236.500000 -264 ) (-784 236.500000 -336 ) (-479 236.500000 -336 ) (-479 236.500000 -264 ) 
4 83 86 (-479 181 -336 ) (-479 181 -264 ) (-784 181 -264 ) (-784 181 -336 ) 
4 83 85 (-479 181 -336 ) (-784 181 -336 ) (-784 236.500000 -336 ) (-479 236.500000 -336 ) 
4 84 88 (-784 294 -376 ) (-479 294 -376 ) (-479 236.500000 -376 ) (-784 236.500000 -376 ) 
4 84 85 (-784 236.500000 -376 ) (-479 236.500000 -376 ) (-479 236.500000 -336 ) (-784 236.500000 -336 ) 
4 85 89 (-784 236.500000 -376 ) (-479 236.500000 -376 ) (-479 181 -376 ) (-784 181 -376 ) 
4 85 87 (-784 181 -376 ) (-479 181 -376 ) (-479 181 -336 ) (-784 181 -336 ) 
4 86 175 (-479 48 -336 ) (-479 48 -264 ) (-784 48 -264 ) (-784 48 -336 ) 
4 86 87 (-784 48 -336 ) (-784 181 -336 ) (-479 181 -336 ) (-479 48 -336 ) 
4 87 92 (-784 181 -376 ) (-479 181 -376 ) (-479 48 -376 ) (-784 48 -376 ) 
4 88 90 (-784 294 -424 ) (-479 294 -424 ) (-479 236.500000 -424 ) (-784 236.500000 -424 ) 
4 88 89 (-784 236.500000 -424 ) (-479 236.500000 -424 ) (-479 236.500000 -376 ) (-784 236.500000 -376 ) 
4 89 92 (-479 181 -424 ) (-479 181 -376 ) (-784 181 -376 ) (-784 181 -424 ) 
4 89 91 (-479 181 -424 ) (-784 181 -424 ) (-784 236.500000 -424 ) (-479 236.500000 -424 ) 
4 90 94 (-784 294 -432 ) (-479 294 -432 ) (-479 236.500000 -432 ) (-784 236.500000 -432 ) 
4 90 91 (-784 236.500000 -432 ) (-479 236.500000 -432 ) (-479 236.500000 -424 ) (-784 236.500000 -424 ) 
4 91 95 (-784 236.500000 -432 ) (-479 236.500000 -432 ) (-479 181 -432 ) (-784 181 -432 ) 
4 91 93 (-784 181 -432 ) (-479 181 -432 ) (-479 181 -424 ) (-784 181 -424 ) 
4 92 185 (-479 48 -424 ) (-479 48 -376 ) (-784 48 -376 ) (-784 48 -424 ) 
4 92 93 (-784 48 -424 ) (-784 181 -424 ) (-479 181 -424 ) (-479 48 -424 ) 
4 93 186 (-479 48 -432 ) (-479 48 -424 ) (-784 48 -424 ) (-784 48 -432 ) 
4 93 98 (-784 181 -432 ) (-479 181 -432 ) (-479 48 -432 ) (-784 48 -432 ) 
4 94 96 (-784 236.500000 -504 ) (-784 294 -504 ) (-479 294 -504 ) (-479 236.500000 -504 ) 
4 94 95 (-784 236.500000 -432 ) (-784 236.500000 -504 ) (-479 236.500000 -504 ) (-479 236.500000 -432 ) 
4 95 98 (-479 181 -432 ) (-784 181 -432 ) (-784 181 -504 ) (-479 181 -504 ) 
4 95 97 (-479 181 -504 ) (-784 181 -504 ) (-784 236.500000 -504 ) (-479 236.500000 -504 ) 
4 96 100 (-784 294 -544 ) (-479 294 -544 ) (-479 236.500000 -544 ) (-784 236.500000 -544 ) 
4 96 97 (-479 236.500000 -504 ) (-784 236.500000 -504 ) (-784 236.500000 -544 ) (-479 236.500000 -544 ) 
4 97 102 (-479 236.500000 -544 ) (-479 181 -544 ) (-784 181 -544 ) (-784 236.500000 -544 ) 
4 97 99 (-784 181 -544 ) (-479 181 -544 ) (-479 181 -504 ) (-784 181 -504 ) 
4 98 187 (-479 48 -504 ) (-479 48 -432 ) (-784 48 -432 ) (-784 48 -504 ) 
4 98 99 (-784 48 -504 ) (-784 181 -504 ) (-479 181 -504 ) (-479 48 -504 ) 
4 99 104 (-479 181 -544 ) (-479 48 -544 ) (-784 48 -544 ) (-784 181 -544 ) 
4 100 102 (-784 236.500000 -592 ) (-479 236.500000 -592 ) (-479 236.500000 -544 ) (-784 236.500000 -544 ) 
4 100 101 (-479 236.500000 -592 ) (-784 236.500000 -592 ) (-784 294 -592 ) (-479 294 -592 ) 
4 101 106 (-784 294 -600 ) (-479 294 -600 ) (-479 236.500000 -600 ) (-784 236.500000 -600 ) 
4 101 103 (-784 236.500000 -600 ) (-479 236.500000 -600 ) (-479 236.500000 -592 ) (-784 236.500000 -592 ) 
4 102 104 (-784 181 -592 ) (-479 181 -592 ) (-479 181 -544 ) (-784 181 -544 ) 
4 102 103 (-479 181 -592 ) (-784 181 -592 ) (-784 236.500000 -592 ) (-479 236.500000 -592 ) 
4 103 107 (-784 236.500000 -600 ) (-479 236.500000 -600 ) (-479 181 -600 ) (-784 181 -600 ) 
4 103 105 (-784 181 -600 ) (-479 181 -600 ) (-479 181 -592 ) (-784 181 -592 ) 
4 104 197 (-479 48 -592 ) (-479 48 -544 ) (-784 48 -544 ) (-784 48 -592 ) 
4 104 105 (-784 181 -592 ) (-479 181 -592 ) (-479 48 -592 ) (-784 48 -592 ) 
4 105 198 (-479 48 -600 ) (-479 48 -592 ) (-784 48 -592 ) (-784 48 -600 ) 
4 105 112 (-784 181 -600 ) (-479 181 -600 ) (-479 48 -600 ) (-784 48 -600 ) 
4 106 108 (-784 294 -672 ) (-479 294 -672 ) (-479 236.500000 -672 ) (-784 236.500000 -672 ) 
4 106 107 (-784 236.500000 -672 ) (-479 236.500000 -672 ) (-479 236.500000 -600 ) (-784 236.500000 -600 ) 
4 107 112 (-479 181 -672 ) (-479 181 -600 ) (-784 181 -600 ) (-784 181 -672 ) 
4 107 109 (-479 181 -672 ) (-784 181 -672 ) (-784 236.500000 -672 ) (-479 236.500000 -672 ) 
4 108 110 (-784 294 -712 ) (-479 294 -712 ) (-479 236.500000 -712 ) (-784 236.500000 -712 ) 
4 108 109 (-784 236.500000 -712 ) (-479 236.500000 -712 ) (-479 236.500000 -672 ) (-784 236.500000 -672 ) 
4 109 113 (-479 181 -712 ) (-479 181 -672 ) (-784 181 -672 ) (-784 181 -712 ) 
4 109 111 (-479 181 -712 ) (-784 181 -712 ) (-784 236.500000 -712 ) (-479 236.500000 -712 ) 
4 110 115 (-784 294 -760 ) (-479 294 -760 ) (-479 236.500000 -760 ) (-784 236.500000 -760 ) 
4 110 111 (-784 236.500000 -760 ) (-479 236.500000 -760 ) (-479 236.500000 -712 ) (-784 236.500000 -712 ) 
4 111 116 (-784 236.500000 -760 ) (-479 236.500000 -760 ) (-479 181 -760 ) (-784 181 -760 ) 
4 111 114 (-784 181 -760 ) (-479 181 -760 ) (-479 181 -712 ) (-784 181 -712 ) 
4 112 199 (-479 48 -672 ) (-479 48 -600 ) (-784 48 -600 ) (-784 48 -672 ) 
4 112 113 (-784 181 -672 ) (-479 181 -672 ) (-479 48 -672 ) (-784 48 -672 ) 
4 113 114 (-784 48 -712 ) (-784 181 -712 ) (-479 181 -712 ) (-479 48 -712 ) 
4 114 209 (-479 48 -760 ) (-479 48 -712 ) (-784 48 -712 ) (-784 48 -760 ) 
4 114 121 (-784 181 -760 ) (-479 181 -760 ) (-479 48 -760 ) (-784 48 -760 ) 
4 115 117 (-784 294 -768 ) (-479 294 -768 ) (-479 236.500000 -768 ) (-784 236.500000 -768 ) 
4 115 116 (-784 236.500000 -768 ) (-479 236.500000 -768 ) (-479 236.500000 -760 ) (-784 236.500000 -760 ) 
4 116 121 (-479 181 -760 ) (-784 181 -760 ) (-784 181 -768 ) (-479 181 -768 ) 
4 116 118 (-479 181 -768 ) (-784 181 -768 ) (-784 236.500000 -768 ) (-479 236.500000 -768 ) 
4 117 119 (-784 294 -840 ) (-479 294 -840 ) (-479 236.500000 -840 ) (-784 236.500000 -840 ) 
4 117 118 (-784 236.500000 -840 ) (-479 236.500000 -840 ) (-479 236.500000 -768 ) (-784 236.500000 -768 ) 
4 118 122 (-784 181 -840 ) (-479 181 -840 ) (-479 181 -768 ) (-784 181 -768 ) 
4 118 120 (-479 181 -840 ) (-784 181 -840 ) (-784 236.500000 -840 ) (-479 236.500000 -840 ) 
4 119 124 (-784 294 -880 ) (-479 294 -880 ) (-479 236.500000 -880 ) (-784 236.500000 -880 ) 
4 119 120 (-479 236.500000 -840 ) (-784 236.500000 -840 ) (-784 236.500000 -880 ) (-479 236.500000 -880 ) 
4 120 125 (-479 236.500000 -880 ) (-479 181 -880 ) (-784 181 -880 ) (-784 236.500000 -880 ) 
4 120 123 (-784 181 -880 ) (-479 181 -880 ) (-479 181 -840 ) (-784 181 -840 ) 
4 121 210 (-479 48 -768 ) (-479 48 -760 ) (-784 48 -760 ) (-784 48 -768 ) 
4 121 122 (-784 48 -768 ) (-784 181 -768 ) (-479 181 -768 ) (-479 48 -768 ) 
4 122 211 (-479 48 -840 ) (-479 48 -768 ) (-784 48 -768 ) (-784 48 -840 ) 
4 122 123 (-784 48 -840 ) (-784 181 -840 ) (-479 181 -840 ) (-479 48 -840 ) 
4 123 128 (-479 181 -880 ) (-479 48 -880 ) (-784 48 -880 ) (-784 181 -880 ) 
4 124 126 (-784 294 -928 ) (-479 294 -928 ) (-479 236.500000 -928 ) (-784 236.500000 -928 ) 
4 124 125 (-784 236.500000 -928 ) (-479 236.500000 -928 ) (-479 236.500000 -880 ) (-784 236.500000 -880 ) 
4 125 128 (-784 181 -928 ) (-479 181 -928 ) (-479 181 -880 ) (-784 181 -880 ) 
4 125 127 (-479 181 -928 ) (-784 181 -928 ) (-784 236.500000 -928 ) (-479 236.500000 -928 ) 
4 126 130 (-784 294 -936 ) (-479 294 -936 ) (-479 236.500000 -936 ) (-784 236.500000 -936 ) 
4 126 127 (-784 236.500000 -936 ) (-479 236.500000 -936 ) (-479 236.500000 -928 ) (-784 236.500000 -928 ) 
4 127 131 (-784 236.500000 -936 ) (-479 236.500000 -936 ) (-479 181 -936 ) (-784 181 -936 ) 
4 127 129 (-784 181 -936 ) (-479 181 -936 ) (-479 181 -928 ) (-784 181 -928 ) 
4 128 221 (-479 48 -928 ) (-479 48 -880 ) (-784 48 -880 ) (-784 48 -928 ) 
4 128 129 (-784 48 -928 ) (-784 181 -928 ) (-479 181 -928 ) (-479 48 -928 ) 
4 129 222 (-479 48 -936 ) (-479 48 -928 ) (-784 48 -928 ) (-784 48 -936 ) 
4 129 136 (-784 181 -936 ) (-479 181 -936 ) (-479 48 -936 ) (-784 48 -936 ) 
4 130 132 (-784 294 -1008 ) (-479 294 -1008 ) (-479 236.500000 -1008 ) (-784 236.500000 -1008 ) 
4 130 131 (-784 236.500000 -1008 ) (-479 236.500000 -1008 ) (-479 236.500000 -936 ) (-784 236.500000 -936 ) 
4 131 136 (-479 181 -1008 ) (-479 181 -936 ) (-784 181 -936 ) (-784 181 -1008 ) 
4 131 133 (-479 181 -1008 ) (-784 181 -1008 ) (-784 236.500000 -1008 ) (-479 236.500000 -1008 ) 
4 132 134 (-784 294 -1048 ) (-479 294 -1048 ) (-479 236.500000 -1048 ) (-784 236.500000 -1048 ) 
4 132 133 (-784 236.500000 -1048 ) (-479 236.500000 -1048 ) (-479 236.500000 -1008 ) (-784 236.500000 -1008 ) 
4 133 137 (-479 181 -1048 ) (-479 181 -1008 ) (-784 181 -1008 ) (-784 181 -1048 ) 
4 133 135 (-479 181 -1048 ) (-784 181 -1048 ) (-784 236.500000 -1048 ) (-479 236.500000 -1048 ) 
4 134 139 (-784 294 -1136 ) (-479 294 -1136 ) (-479 236.500000 -1136 ) (-784 236.500000 -1136 ) 
4 134 135 (-784 236.500000 -1136 ) (-479 236.500000 -1136 ) (-479 236.500000 -1048 ) (-784 236.500000 -1048 ) 
4 135 140 (-784 236.500000 -1136 ) (-479 236.500000 -1136 ) (-479 181 -1136 ) (-784 181 -1136 ) 
4 135 138 (-784 181 -1136 ) (-479 181 -1136 ) (-479 181 -1048 ) (-784 181 -1048 ) 
4 136 223 (-479 48 -1008 ) (-479 48 -936 ) (-784 48 -936 ) (-784 48 -1008 ) 
4 136 137 (-784 181 -1008 ) (-479 181 -1008 ) (-479 48 -1008 ) (-784 48 -1008 ) 
4 137 138 (-784 48 -1048 ) (-784 181 -1048 ) (-479 181 -1048 ) (-479 48 -1048 ) 
4 138 233 (-479 48 -1136 ) (-479 48 -1048 ) (-784 48 -1048 ) (-784 48 -1136 ) 
4 138 141 (-784 181 -1136 ) (-479 181 -1136 ) (-479 48 -1136 ) (-784 48 -1136 ) 
4 139 143 (-785 294 -1214.500000 ) (-785 236.500000 -1214.500000 ) (-785 236.500000 -1136 ) (-785 294 -1136 ) 
4 139 140 (-479 236.500000 -1136 ) (-785 236.500000 -1136 ) (-785 236.500000 -1214.500000 ) (-479 236.500000 -1214.500000 ) 
4 140 143 (-785 236.500000 -1214.500000 ) (-785 181 -1214.500000 ) (-785 181 -1136 ) (-785 236.500000 -1136 ) 
4 140 142 (-784 181 -1136 ) (-785 181 -1136 ) (-785 181 -1214.500000 ) (-784 181 -1214.500000 ) 
4 140 141 (-479 181 -1136 ) (-784 181 -1136 ) (-784 181 -1214.500000 ) (-479 181 -1214.500000 ) 
4 141 233 (-479 48 -1176 ) (-479 48 -1136 ) (-784 48 -1136 ) (-784 48 -1176 ) 
4 141 142 (-784 181 -1136 ) (-784 181 -1214.500000 ) (-784 62.249893 -1214.500000 ) (-784 180 -1136 ) 
4 142 143 (-785 181 -1214.500000 ) (-785 62.249893 -1214.500000 ) (-785 180 -1136 ) (-785 181 -1136 ) 
4 144 261 (0 0 108 ) (0 0 128 ) (-192 0 128 ) (-192 0 108 ) 
4 144 145 (-192 48 108 ) (0 48 108 ) (0 0 108 ) (-192 0 108 ) 
4 145 261 (0 0 0 ) (0 0 108 ) (-192 0 108 ) (-192 0 0 ) 
4 146 152 (-479 32 128 ) (-784 32 128 ) (-784 32 80 ) (-479 32 80 ) 
4 146 147 (-479 32 80 ) (-784 32 80 ) (-784 48 80 ) (-479 48 80 ) 
4 147 154 (-479 32 80 ) (-784 32 80 ) (-784 32 72 ) (-479 32 72 ) 
4 147 148 (-479 32 72 ) (-784 32 72 ) (-784 48 72 ) (-479 48 72 ) 
4 148 158 (-784 32 0 ) (-479 32 0 ) (-479 32 72 ) (-784 32 72 ) 
4 149 266 (-206 0 128 ) (-214 0 128 ) (-214 0 80 ) (-206 0 80 ) 
4 149 153 (-214 32 128 ) (-214 32 80 ) (-214 0 80 ) (-214 0 128 ) 
4 149 150 (-214 0 80 ) (-214 32 80 ) (-206 32 80 ) (-206 0 80 ) 
4 150 267 (-214 0 80 ) (-214 0 72 ) (-206 0 72 ) (-206 0 80 ) 
4 150 155 (-214 32 80 ) (-214 32 72 ) (-214 0 72 ) (-214 0 80 ) 
4 150 151 (-214 0 72 ) (-214 32 72 ) (-206 32 72 ) (-206 0 72 ) 
4 151 268 (-214 0 72 ) (-214 0 0 ) (-206 0 0 ) (-206 0 72 ) 
4 151 159 (-214 32 72 ) (-214 32 0 ) (-214 0 0 ) (-214 0 72 ) 
4 152 288 (-668 0 128 ) (-844 0 128 ) (-844 0 80 ) (-668 0 80 ) 
4 152 284 (-566.250000 0 128 ) (-668 0 128 ) (-668 0 80 ) (-566.250000 0 80 ) 
4 152 278 (-426 0 128 ) (-566.250000 0 128 ) (-566.250000 0 80 ) (-426 0 80 ) 
4 152 156 (-791.002563 32 128 ) (-791.002563 32 80 ) (-844.002747 0 80 ) (-844.003906 0 128 ) 
4 152 154 (-844.003906 0 80 ) (-791.003906 32 80 ) (-479 32 80 ) (-426 0 80 ) 
4 152 153 (-426 0 80 ) (-479.001221 32 80 ) (-479.001221 32 128 ) (-426 0 128 ) 
4 153 279 (-368 0 128 ) (-426 0 128 ) (-426 0 80 ) (-368 0 80 ) 
4 153 270 (-214 0 128 ) (-368 0 128 ) (-368 0 80 ) (-214 0 80 ) 
4 153 155 (-479 32 80 ) (-214 32 80 ) (-214 0 80 ) (-426 0 80 ) 
4 154 290 (-844 0 80 ) (-844 0 72 ) (-668 0 72 ) (-668 0 80 ) 
4 154 286 (-668 0 72 ) (-566.250000 0 72 ) (-566.250000 0 80 ) (-668 0 80 ) 
4 154 280 (-566.250000 0 72 ) (-426 0 72 ) (-426 0 80 ) (-566.250000 0 80 ) 
4 154 158 (-791 32 72 ) (-479 32 72 ) (-426 0 72 ) (-844 0 72 ) 
4 154 157 (-791.002563 32 80 ) (-791.002563 32 72 ) (-844.002563 0 72 ) (-844.002747 0 80 ) 
4 154 155 (-426 0 72 ) (-479.001221 32 72 ) (-479.001953 32 80 ) (-426.001953 0 80 ) 
4 155 281 (-426 0 72 ) (-368 0 72 ) (-368 0 80 ) (-426 0 80 ) 
4 155 272 (-368 0 72 ) (-214 0 72 ) (-214 0 80 ) (-368 0 80 ) 
4 155 159 (-479 32 72 ) (-214 32 72 ) (-214 0 72 ) (-426 0 72 ) 
4 156 289 (-844 0 128 ) (-1024 0 128 ) (-1024 0 80 ) (-844 0 80 ) 
4 156 237 (-1024 0 80 ) (-1024 0 128 ) (-1024 32 128 ) (-1024 32 80 ) 
4 156 157 (-791.002563 32 80 ) (-844.002563 0 80 ) (-1024 0 80 ) (-1024 32 80 ) 
4 157 291 (-1024 0 80 ) (-1024 0 72 ) (-844 0 72 ) (-844 0 80 ) 
4 157 238 (-1024 0 72 ) (-1024 0 80 ) (-1024 32 80 ) (-1024 32 72 ) 
4 157 160 (-1024 0 72 ) (-1024 32 72 ) (-791 32 72 ) (-844 0 72 ) 
4 158 292 (-844 0 0 ) (-668 0 0 ) (-668 0 72 ) (-844 0 72 ) 
4 158 287 (-668 0 0 ) (-566.250000 0 0 ) (-566.250000 0 72 ) (-668 0 72 ) 
4 158 282 (-566.250000 0 0 ) (-426 0 0 ) (-426 0 72 ) (-566.250000 0 72 ) 
4 158 160 (-844 0 72 ) (-791 32 72 ) (-791 32 0 ) (-844 0 0 ) 
4 158 159 (-479.001953 32 0 ) (-479.001953 32 72 ) (-426.001953 0 72 ) (-426.001953 0 0 ) 
4 159 283 (-426 0 0 ) (-368 0 0 ) (-368 0 72 ) (-426 0 72 ) 
4 159 274 (-368 0 0 ) (-214 0 0 ) (-214 0 72 ) (-368 0 72 ) 
4 160 293 (-1024 0 72 ) (-1024 0 0 ) (-844 0 0 ) (-844 0 72 ) 
4 160 239 (-1024 0 0 ) (-1024 0 72 ) (-1024 32 72 ) (-1024 32 0 ) 
4 161 164 (-479 32 -40 ) (-784 32 -40 ) (-784 32 -88 ) (-479 32 -88 ) 
4 161 162 (-784 48 -88 ) (-479 48 -88 ) (-479 32 -88 ) (-784 32 -88 ) 
4 162 166 (-784 32 -96 ) (-479 32 -96 ) (-479 32 -88 ) (-784 32 -88 ) 
4 162 163 (-784 48 -96 ) (-479 48 -96 ) (-479 32 -96 ) (-784 32 -96 ) 
4 163 170 (-784 32 -168 ) (-479 32 -168 ) (-479 32 -96 ) (-784 32 -96 ) 
4 164 300 (-426 0 -40 ) (-844 0 -40 ) (-844 0 -88 ) (-426 0 -88 ) 
4 164 168 (-479 32 -88 ) (-479 32 -40 ) (-426 0 -40 ) (-426 0 -88 ) 
4 164 166 (-791 32 -88 ) (-479.007813 32 -88 ) (-426.007538 0 -88 ) (-844 0 -88 ) 
4 164 165 (-791.001953 32 -40 ) (-791.001953 32 -88 ) (-844.001953 0 -88 ) (-844.003906 0 -40 ) 
4 165 304 (-844 0 -40 ) (-1024 0 -40 ) (-1024 0 -88 ) (-844 0 -88 ) 
4 165 240 (-1024 0 -88 ) (-1024 0 -40 ) (-1024 32 -40 ) (-1024 32 -88 ) 
4 165 167 (-1024 0 -88 ) (-1024 32 -88 ) (-791 32 -88 ) (-844 0 -88 ) 
4 166 302 (-844 0 -96 ) (-426 0 -96 ) (-426 0 -88 ) (-844 0 -88 ) 
4 166 170 (-791 32 -96 ) (-479 32 -96 ) (-426 0 -96 ) (-844 0 -96 ) 
4 166 169 (-426 0 -96 ) (-479 32 -96 ) (-479 32 -88 ) (-426 0 -88 ) 
4 166 167 (-844.003906 0 -88 ) (-791.003906 32 -88 ) (-791.004517 32 -96 ) (-844.004517 0 -96 ) 
4 167 305 (-1024 0 -88 ) (-1024 0 -96 ) (-844 0 -96 ) (-844 0 -88 ) 
4 167 241 (-1024 0 -96 ) (-1024 0 -88 ) (-1024 32 -88 ) (-1024 32 -96 ) 
4 167 171 (-1024 0 -96 ) (-1024 32 -96 ) (-791 32 -96 ) (-844 0 -96 ) 
4 168 301 (-214 0 -40 ) (-426 0 -40 ) (-426 0 -88 ) (-214 0 -88 ) 
4 168 169 (-426.006470 0 -88 ) (-479.006439 32 -88 ) (-214 32 -88 ) (-214 0 -88 ) 
4 169 303 (-426 0 -88 ) (-426 0 -96 ) (-214 0 -96 ) (-214 0 -88 ) 
4 169 172 (-479 32 -96 ) (-214 32 -96 ) (-214 0 -96 ) (-426 0 -96 ) 
4 170 306 (-844 0 -168 ) (-426 0 -168 ) (-426 0 -96 ) (-844 0 -96 ) 
4 170 172 (-479 32 -168 ) (-479 32 -96 ) (-426 0 -96 ) (-426 0 -168 ) 
4 170 171 (-844 0 -96 ) (-791 32 -96 ) (-791 32 -168 ) (-844 0 -168 ) 
4 171 308 (-1024 0 -96 ) (-1024 0 -168 ) (-844 0 -168 ) (-844 0 -96 ) 
4 171 242 (-1024 0 -168 ) (-1024 0 -96 ) (-1024 32 -96 ) (-1024 32 -168 ) 
4 172 307 (-426 0 -168 ) (-214 0 -168 ) (-214 0 -96 ) (-426 0 -96 ) 
4 173 176 (-479 32 -208 ) (-784 32 -208 ) (-784 32 -256 ) (-479 32 -256 ) 
4 173 174 (-784 48 -256 ) (-479 48 -256 ) (-479 32 -256 ) (-784 32 -256 ) 
4 174 178 (-479 32 -256 ) (-784 32 -256 ) (-784 32 -264 ) (-479 32 -264 ) 
4 174 175 (-784 48 -264 ) (-479 48 -264 ) (-479 32 -264 ) (-784 32 -264 ) 
4 175 182 (-784 32 -336 ) (-479 32 -336 ) (-479 32 -264 ) (-784 32 -264 ) 
4 176 326 (-426 0 -208 ) (-844 0 -208 ) (-844 0 -256 ) (-426 0 -256 ) 
4 176 180 (-479 32 -256 ) (-479 32 -208 ) (-426 0 -208 ) (-426 0 -256 ) 
4 176 178 (-791 32 -256 ) (-479.007813 32 -256 ) (-426.007538 0 -256 ) (-844 0 -256 ) 
4 176 177 (-791.001953 32 -208 ) (-791.001953 32 -256 ) (-844.001953 0 -256 ) (-844.002808 0 -208 ) 
4 177 327 (-844 0 -208 ) (-1024 0 -208 ) (-1024 0 -256 ) (-844 0 -256 ) 
4 177 243 (-1024 0 -256 ) (-1024 0 -208 ) (-1024 32 -208 ) (-1024 32 -256 ) 
4 177 179 (-1024 32 -256 ) (-791 32 -256 ) (-844 0 -256 ) (-1024 0 -256 ) 
4 178 328 (-844 0 -264 ) (-426 0 -264 ) (-426 0 -256 ) (-844 0 -256 ) 
4 178 182 (-791 32 -264 ) (-479 32 -264 ) (-426 0 -264 ) (-844 0 -264 ) 
4 178 181 (-426 0 -264 ) (-479 32 -264 ) (-479 32 -256 ) (-426 0 -256 ) 
4 178 179 (-844.004333 0 -256 ) (-791.003906 32 -256 ) (-791.004517 32 -264 ) (-844.004517 0 -264 ) 
4 179 329 (-1024 0 -256 ) (-1024 0 -264 ) (-844 0 -264 ) (-844 0 -256 ) 
4 179 244 (-1024 0 -264 ) (-1024 0 -256 ) (-1024 32 -256 ) (-1024 32 -264 ) 
4 179 183 (-1024 32 -264 ) (-791 32 -264 ) (-844 0 -264 ) (-1024 0 -264 ) 
4 180 330 (-214 0 -208 ) (-426 0 -208 ) (-426 0 -256 ) (-214 0 -256 ) 
4 180 181 (-426.006470 0 -256 ) (-479.006439 32 -256 ) (-214 32 -256 ) (-214 0 -256 ) 
4 181 331 (-426 0 -256 ) (-426 0 -264 ) (-214 0 -264 ) (-214 0 -256 ) 
4 181 184 (-479 32 -264 ) (-214 32 -264 ) (-214 0 -264 ) (-426 0 -264 ) 
4 182 332 (-844 0 -336 ) (-426 0 -336 ) (-426 0 -264 ) (-844 0 -264 ) 
4 182 184 (-479 32 -336 ) (-479 32 -264 ) (-426 0 -264 ) (-426 0 -336 ) 
4 182 183 (-844 0 -264 ) (-791 32 -264 ) (-791 32 -336 ) (-844 0 -336 ) 
4 183 333 (-1024 0 -264 ) (-1024 0 -336 ) (-844 0 -336 ) (-844 0 -264 ) 
4 183 245 (-1024 0 -336 ) (-1024 0 -264 ) (-1024 32 -264 ) (-1024 32 -336 ) 
4 184 334 (-426 0 -336 ) (-214 0 -336 ) (-214 0 -264 ) (-426 0 -264 ) 
4 185 188 (-479 32 -376 ) (-784 32 -376 ) (-784 32 -424 ) (-479 32 -424 ) 
4 185 186 (-784 48 -424 ) (-479 48 -424 ) (-479 32 -424 ) (-784 32 -424 ) 
4 186 190 (-784 32 -432 ) (-479 32 -432 ) (-479 32 -424 ) (-784 32 -424 ) 
4 186 187 (-784 48 -432 ) (-479 48 -432 ) (-479 32 -432 ) (-784 32 -432 ) 
4 187 194 (-784 32 -504 ) (-479 32 -504 ) (-479 32 -432 ) (-784 32 -432 ) 
4 188 348 (-426 0 -376 ) (-844 0 -376 ) (-844 0 -424 ) (-426 0 -424 ) 
4 188 192 (-479 32 -424 ) (-479 32 -376 ) (-426 0 -376 ) (-426 0 -424 ) 
4 188 190 (-791 32 -424 ) (-479.007813 32 -424 ) (-426.007538 0 -424 ) (-844 0 -424 ) 
4 188 189 (-791.001953 32 -376 ) (-791.001953 32 -424 ) (-844.001953 0 -424 ) (-844.003906 0 -376 ) 
4 189 352 (-844 0 -376 ) (-1024 0 -376 ) (-1024 0 -424 ) (-844 0 -424 ) 
4 189 246 (-1024 0 -424 ) (-1024 0 -376 ) (-1024 32 -376 ) (-1024 32 -424 ) 
4 189 191 (-1024 0 -424 ) (-1024 32 -424 ) (-791 32 -424 ) (-844 0 -424 ) 
4 190 350 (-844 0 -432 ) (-426 0 -432 ) (-426 0 -424 ) (-844 0 -424 ) 
4 190 194 (-791 32 -432 ) (-479 32 -432 ) (-426 0 -432 ) (-844 0 -432 ) 
4 190 193 (-426 0 -432 ) (-479 32 -432 ) (-479 32 -424 ) (-426 0 -424 ) 
4 190 191 (-844.003906 0 -424 ) (-791.003906 32 -424 ) (-791.004517 32 -432 ) (-844.004517 0 -432 ) 
4 191 353 (-1024 0 -424 ) (-1024 0 -432 ) (-844 0 -432 ) (-844 0 -424 ) 
4 191 247 (-1024 0 -432 ) (-1024 0 -424 ) (-1024 32 -424 ) (-1024 32 -432 ) 
4 191 195 (-1024 0 -432 ) (-1024 32 -432 ) (-791 32 -432 ) (-844 0 -432 ) 
4 192 349 (-214 0 -376 ) (-426 0 -376 ) (-426 0 -424 ) (-214 0 -424 ) 
4 192 193 (-426.006470 0 -424 ) (-479.006439 32 -424 ) (-214 32 -424 ) (-214 0 -424 ) 
4 193 351 (-426 0 -424 ) (-426 0 -432 ) (-214 0 -432 ) (-214 0 -424 ) 
4 193 196 (-479 32 -432 ) (-214 32 -432 ) (-214 0 -432 ) (-426 0 -432 ) 
4 194 354 (-844 0 -504 ) (-426 0 -504 ) (-426 0 -432 ) (-844 0 -432 ) 
4 194 196 (-479 32 -504 ) (-479 32 -432 ) (-426 0 -432 ) (-426 0 -504 ) 
4 194 195 (-844 0 -432 ) (-791 32 -432 ) (-791 32 -504 ) (-844 0 -504 ) 
4 195 356 (-1024 0 -432 ) (-1024 0 -504 ) (-844 0 -504 ) (-844 0 -432 ) 
4 195 248 (-1024 0 -504 ) (-1024 0 -432 ) (-1024 32 -432 ) (-1024 32 -504 ) 
4 196 355 (-426 0 -504 ) (-214 0 -504 ) (-214 0 -432 ) (-426 0 -432 ) 
4 197 200 (-479 32 -544 ) (-784 32 -544 ) (-784 32 -592 ) (-479 32 -592 ) 
4 197 198 (-784 48 -592 ) (-479 48 -592 ) (-479 32 -592 ) (-784 32 -592 ) 
4 198 202 (-784 32 -600 ) (-479 32 -600 ) (-479 32 -592 ) (-784 32 -592 ) 
4 198 199 (-784 48 -600 ) (-479 48 -600 ) (-479 32 -600 ) (-784 32 -600 ) 
4 199 206 (-784 32 -672 ) (-479 32 -672 ) (-479 32 -600 ) (-784 32 -600 ) 
4 200 370 (-426 0 -544 ) (-844 0 -544 ) (-844 0 -592 ) (-426 0 -592 ) 
4 200 204 (-791.002563 32 -544 ) (-791.002563 32 -592 ) (-844.002747 0 -592 ) (-844.003906 0 -544 ) 
4 200 202 (-844.003906 0 -592 ) (-791.003906 32 -592 ) (-479 32 -592 ) (-426 0 -592 ) 
4 200 201 (-426 0 -592 ) (-479.001221 32 -592 ) (-479.001221 32 -544 ) (-426 0 -544 ) 
4 201 374 (-214 0 -544 ) (-426 0 -544 ) (-426 0 -592 ) (-214 0 -592 ) 
4 201 203 (-479 32 -592 ) (-214 32 -592 ) (-214 0 -592 ) (-426 0 -592 ) 
4 202 372 (-844 0 -592 ) (-844 0 -600 ) (-426 0 -600 ) (-426 0 -592 ) 
4 202 206 (-791 32 -600 ) (-479 32 -600 ) (-426 0 -600 ) (-844 0 -600 ) 
4 202 205 (-791.002563 32 -592 ) (-791.002563 32 -600 ) (-844.002563 0 -600 ) (-844.002747 0 -592 ) 
4 202 203 (-426 0 -600 ) (-479.001221 32 -600 ) (-479.001953 32 -592 ) (-426.001953 0 -592 ) 
4 203 375 (-426 0 -600 ) (-214 0 -600 ) (-214 0 -592 ) (-426 0 -592 ) 
4 203 207 (-479 32 -600 ) (-214 32 -600 ) (-214 0 -600 ) (-426 0 -600 ) 
4 204 371 (-844 0 -544 ) (-1024 0 -544 ) (-1024 0 -592 ) (-844 0 -592 ) 
4 204 249 (-1024 0 -592 ) (-1024 0 -544 ) (-1024 32 -544 ) (-1024 32 -592 ) 
4 204 205 (-791.002563 32 -592 ) (-844.002563 0 -592 ) (-1024 0 -592 ) (-1024 32 -592 ) 
4 205 373 (-1024 0 -592 ) (-1024 0 -600 ) (-844 0 -600 ) (-844 0 -592 ) 
4 205 250 (-1024 0 -600 ) (-1024 0 -592 ) (-1024 32 -592 ) (-1024 32 -600 ) 
4 205 208 (-1024 0 -600 ) (-1024 32 -600 ) (-791 32 -600 ) (-844 0 -600 ) 
4 206 376 (-844 0 -672 ) (-426 0 -672 ) (-426 0 -600 ) (-844 0 -600 ) 
4 206 208 (-844 0 -600 ) (-791 32 -600 ) (-791 32 -672 ) (-844 0 -672 ) 
4 206 207 (-479.001953 32 -672 ) (-479.001953 32 -600 ) (-426.001953 0 -600 ) (-426.001953 0 -672 ) 
4 207 378 (-426 0 -672 ) (-214 0 -672 ) (-214 0 -600 ) (-426 0 -600 ) 
4 208 377 (-1024 0 -600 ) (-1024 0 -672 ) (-844 0 -672 ) (-844 0 -600 ) 
4 208 251 (-1024 0 -672 ) (-1024 0 -600 ) (-1024 32 -600 ) (-1024 32 -672 ) 
4 209 212 (-479 32 -712 ) (-784 32 -712 ) (-784 32 -760 ) (-479 32 -760 ) 
4 209 210 (-784 48 -760 ) (-479 48 -760 ) (-479 32 -760 ) (-784 32 -760 ) 
4 210 214 (-784 32 -768 ) (-479 32 -768 ) (-479 32 -760 ) (-784 32 -760 ) 
4 210 211 (-784 48 -768 ) (-479 48 -768 ) (-479 32 -768 ) (-784 32 -768 ) 
4 211 218 (-784 32 -840 ) (-479 32 -840 ) (-479 32 -768 ) (-784 32 -768 ) 
4 212 392 (-426 0 -712 ) (-844 0 -712 ) (-844 0 -760 ) (-426 0 -760 ) 
4 212 216 (-479 32 -760 ) (-479 32 -712 ) (-426 0 -712 ) (-426 0 -760 ) 
4 212 214 (-791 32 -760 ) (-479.007813 32 -760 ) (-426.007538 0 -760 ) (-844 0 -760 ) 
4 212 213 (-791.001953 32 -712 ) (-791.001953 32 -760 ) (-844.001953 0 -760 ) (-844.003906 0 -712 ) 
4 213 393 (-844 0 -712 ) (-1024 0 -712 ) (-1024 0 -760 ) (-844 0 -760 ) 
4 213 252 (-1024 0 -760 ) (-1024 0 -712 ) (-1024 32 -712 ) (-1024 32 -760 ) 
4 213 215 (-1024 0 -760 ) (-1024 32 -760 ) (-791 32 -760 ) (-844 0 -760 ) 
4 214 394 (-844 0 -768 ) (-426 0 -768 ) (-426 0 -760 ) (-844 0 -760 ) 
4 214 218 (-791 32 -768 ) (-479 32 -768 ) (-426 0 -768 ) (-844 0 -768 ) 
4 214 217 (-426 0 -768 ) (-479 32 -768 ) (-479 32 -760 ) (-426 0 -760 ) 
4 214 215 (-844.003906 0 -760 ) (-791.003906 32 -760 ) (-791.004517 32 -768 ) (-844.004517 0 -768 ) 
4 215 395 (-1024 0 -760 ) (-1024 0 -768 ) (-844 0 -768 ) (-844 0 -760 ) 
4 215 253 (-1024 0 -768 ) (-1024 0 -760 ) (-1024 32 -760 ) (-1024 32 -768 ) 
4 215 219 (-1024 0 -768 ) (-1024 32 -768 ) (-791 32 -768 ) (-844 0 -768 ) 
4 216 408 (-214 0 -712 ) (-426 0 -712 ) (-426 0 -760 ) (-214 0 -760 ) 
4 216 217 (-426.006470 0 -760 ) (-479.006439 32 -760 ) (-214 32 -760 ) (-214 0 -760 ) 
4 217 409 (-426 0 -760 ) (-426 0 -768 ) (-214 0 -768 ) (-214 0 -760 ) 
4 217 220 (-479 32 -768 ) (-214 32 -768 ) (-214 0 -768 ) (-426 0 -768 ) 
4 218 396 (-844 0 -840 ) (-426 0 -840 ) (-426 0 -768 ) (-844 0 -768 ) 
4 218 220 (-479 32 -840 ) (-479 32 -768 ) (-426 0 -768 ) (-426 0 -840 ) 
4 218 219 (-844 0 -768 ) (-791 32 -768 ) (-791 32 -840 ) (-844 0 -840 ) 
4 219 397 (-1024 0 -768 ) (-1024 0 -840 ) (-844 0 -840 ) (-844 0 -768 ) 
4 219 254 (-1024 0 -840 ) (-1024 0 -768 ) (-1024 32 -768 ) (-1024 32 -840 ) 
4 220 410 (-426 0 -840 ) (-214 0 -840 ) (-214 0 -768 ) (-426 0 -768 ) 
4 221 224 (-479 32 -880 ) (-784 32 -880 ) (-784 32 -928 ) (-479 32 -928 ) 
4 221 222 (-784 48 -928 ) (-479 48 -928 ) (-479 32 -928 ) (-784 32 -928 ) 
4 222 226 (-479 32 -928 ) (-784 32 -928 ) (-784 32 -936 ) (-479 32 -936 ) 
4 222 223 (-784 48 -936 ) (-479 48 -936 ) (-479 32 -936 ) (-784 32 -936 ) 
4 223 230 (-784 32 -1008 ) (-479 32 -1008 ) (-479 32 -936 ) (-784 32 -936 ) 
4 224 414 (-426 0 -880 ) (-844 0 -880 ) (-844 0 -928 ) (-426 0 -928 ) 
4 224 228 (-479 32 -928 ) (-479 32 -880 ) (-426 0 -880 ) (-426 0 -928 ) 
4 224 226 (-791 32 -928 ) (-479.007813 32 -928 ) (-426.007538 0 -928 ) (-844 0 -928 ) 
4 224 225 (-791.001953 32 -880 ) (-791.001953 32 -928 ) (-844.001953 0 -928 ) (-844.002808 0 -880 ) 
4 225 415 (-844 0 -880 ) (-1024 0 -880 ) (-1024 0 -928 ) (-844 0 -928 ) 
4 225 255 (-1024 0 -928 ) (-1024 0 -880 ) (-1024 32 -880 ) (-1024 32 -928 ) 
4 225 227 (-1024 32 -928 ) (-791 32 -928 ) (-844 0 -928 ) (-1024 0 -928 ) 
4 226 416 (-844 0 -936 ) (-426 0 -936 ) (-426 0 -928 ) (-844 0 -928 ) 
4 226 230 (-791 32 -936 ) (-479 32 -936 ) (-426 0 -936 ) (-844 0 -936 ) 
4 226 229 (-426 0 -936 ) (-479 32 -936 ) (-479 32 -928 ) (-426 0 -928 ) 
4 226 227 (-844.004333 0 -928 ) (-791.003906 32 -928 ) (-791.004517 32 -936 ) (-844.004517 0 -936 ) 
4 227 417 (-1024 0 -928 ) (-1024 0 -936 ) (-844 0 -936 ) (-844 0 -928 ) 
4 227 256 (-1024 0 -936 ) (-1024 0 -928 ) (-1024 32 -928 ) (-1024 32 -936 ) 
4 227 231 (-1024 32 -936 ) (-791 32 -936 ) (-844 0 -936 ) (-1024 0 -936 ) 
4 228 430 (-214 0 -880 ) (-426 0 -880 ) (-426 0 -928 ) (-214 0 -928 ) 
4 228 229 (-426.006470 0 -928 ) (-479.006439 32 -928 ) (-214 32 -928 ) (-214 0 -928 ) 
4 229 431 (-426 0 -928 ) (-426 0 -936 ) (-214 0 -936 ) (-214 0 -928 ) 
4 229 232 (-479 32 -936 ) (-214 32 -936 ) (-214 0 -936 ) (-426 0 -936 ) 
4 230 418 (-844 0 -1008 ) (-426 0 -1008 ) (-426 0 -936 ) (-844 0 -936 ) 
4 230 232 (-479 32 -1008 ) (-479 32 -936 ) (-426 0 -936 ) (-426 0 -1008 ) 
4 230 231 (-844 0 -936 ) (-791 32 -936 ) (-791 32 -1008 ) (-844 0 -1008 ) 
4 231 419 (-1024 0 -936 ) (-1024 0 -1008 ) (-844 0 -1008 ) (-844 0 -936 ) 
4 231 257 (-1024 0 -1008 ) (-1024 0 -936 ) (-1024 32 -936 ) (-1024 32 -1008 ) 
4 232 432 (-426 0 -1008 ) (-214 0 -1008 ) (-214 0 -936 ) (-426 0 -936 ) 
4 233 234 (-784 32 -1176 ) (-479 32 -1176 ) (-479 32 -1048 ) (-784 32 -1048 ) 
4 234 434 (-426 0 -1048 ) (-844 0 -1048 ) (-844 0 -1176 ) (-426 0 -1176 ) 
4 234 236 (-426 0 -1176 ) (-479 32 -1176 ) (-479 32 -1048 ) (-426 0 -1048 ) 
4 234 235 (-791.002930 32 -1048 ) (-791.002930 32 -1176 ) (-844.002930 0 -1176 ) (-844.003540 0 -1048 ) 
4 235 435 (-844 0 -1048 ) (-1024 0 -1048 ) (-1024 0 -1176 ) (-844 0 -1176 ) 
4 235 258 (-1024 0 -1176 ) (-1024 0 -1048 ) (-1024 32 -1048 ) (-1024 32 -1176 ) 
4 236 436 (-214 0 -1048 ) (-426 0 -1048 ) (-426 0 -1176 ) (-214 0 -1176 ) 
4 237 477 (-1024 0 80 ) (-1024 0 128 ) (-1056 0 128 ) (-1056 0 80 ) 
4 237 238 (-1056 0 80 ) (-1056 32 80 ) (-1024 32 80 ) (-1024 0 80 ) 
4 238 479 (-1024 0 72 ) (-1024 0 80 ) (-1056 0 80 ) (-1056 0 72 ) 
4 238 239 (-1024 32 72 ) (-1024 0 72 ) (-1056 0 72 ) (-1056 32 72 ) 
4 239 481 (-1024 0 0 ) (-1024 0 72 ) (-1056 0 72 ) (-1056 0 0 ) 
4 240 486 (-1024 0 -88 ) (-1024 0 -40 ) (-1056 0 -40 ) (-1056 0 -88 ) 
4 240 241 (-1056 0 -88 ) (-1056 32 -88 ) (-1024 32 -88 ) (-1024 0 -88 ) 
4 241 488 (-1024 0 -96 ) (-1024 0 -88 ) (-1056 0 -88 ) (-1056 0 -96 ) 
4 241 242 (-1024 32 -96 ) (-1024 0 -96 ) (-1056 0 -96 ) (-1056 32 -96 ) 
4 242 490 (-1024 0 -168 ) (-1024 0 -96 ) (-1056 0 -96 ) (-1056 0 -168 ) 
4 243 495 (-1024 0 -256 ) (-1024 0 -208 ) (-1056 0 -208 ) (-1056 0 -256 ) 
4 243 244 (-1056 0 -256 ) (-1056 32 -256 ) (-1024 32 -256 ) (-1024 0 -256 ) 
4 244 497 (-1024 0 -264 ) (-1024 0 -256 ) (-1056 0 -256 ) (-1056 0 -264 ) 
4 244 245 (-1024 32 -264 ) (-1024 0 -264 ) (-1056 0 -264 ) (-1056 32 -264 ) 
4 245 499 (-1024 0 -336 ) (-1024 0 -264 ) (-1056 0 -264 ) (-1056 0 -336 ) 
4 246 504 (-1024 0 -424 ) (-1024 0 -376 ) (-1056 0 -376 ) (-1056 0 -424 ) 
4 246 247 (-1056 0 -424 ) (-1056 32 -424 ) (-1024 32 -424 ) (-1024 0 -424 ) 
4 247 506 (-1024 0 -432 ) (-1024 0 -424 ) (-1056 0 -424 ) (-1056 0 -432 ) 
4 247 248 (-1024 32 -432 ) (-1024 0 -432 ) (-1056 0 -432 ) (-1056 32 -432 ) 
4 248 508 (-1024 0 -504 ) (-1024 0 -432 ) (-1056 0 -432 ) (-1056 0 -504 ) 
4 249 513 (-1024 0 -592 ) (-1024 0 -544 ) (-1056 0 -544 ) (-1056 0 -592 ) 
4 249 250 (-1056 0 -592 ) (-1056 32 -592 ) (-1024 32 -592 ) (-1024 0 -592 ) 
4 250 515 (-1024 0 -600 ) (-1024 0 -592 ) (-1056 0 -592 ) (-1056 0 -600 ) 
4 250 251 (-1024 32 -600 ) (-1024 0 -600 ) (-1056 0 -600 ) (-1056 32 -600 ) 
4 251 517 (-1024 0 -672 ) (-1024 0 -600 ) (-1056 0 -600 ) (-1056 0 -672 ) 
4 252 522 (-1024 0 -760 ) (-1024 0 -712 ) (-1056 0 -712 ) (-1056 0 -760 ) 
4 252 253 (-1056 0 -760 ) (-1056 32 -760 ) (-1024 32 -760 ) (-1024 0 -760 ) 
4 253 524 (-1024 0 -768 ) (-1024 0 -760 ) (-1056 0 -760 ) (-1056 0 -768 ) 
4 253 254 (-1024 32 -768 ) (-1024 0 -768 ) (-1056 0 -768 ) (-1056 32 -768 ) 
4 254 526 (-1024 0 -840 ) (-1024 0 -768 ) (-1056 0 -768 ) (-1056 0 -840 ) 
4 255 531 (-1024 0 -928 ) (-1024 0 -880 ) (-1056 0 -880 ) (-1056 0 -928 ) 
4 255 256 (-1056 0 -928 ) (-1056 32 -928 ) (-1024 32 -928 ) (-1024 0 -928 ) 
4 256 533 (-1024 0 -936 ) (-1024 0 -928 ) (-1056 0 -928 ) (-1056 0 -936 ) 
4 256 257 (-1024 32 -936 ) (-1024 0 -936 ) (-1056 0 -936 ) (-1056 32 -936 ) 
4 257 535 (-1024 0 -1008 ) (-1024 0 -936 ) (-1056 0 -936 ) (-1056 0 -1008 ) 
4 258 540 (-1024 0 -1176 ) (-1024 0 -1048 ) (-1056 0 -1048 ) (-1056 0 -1176 ) 
4 259 261 (0 0 128 ) (0 0 0 ) (0 -128 0 ) (0 -128 128 ) 
4 261 262 (-192 -48 0 ) (-192 -96 0 ) (-192 -96 108 ) (-192 -48 108 ) 
4 262 265 (-200 -48 0 ) (-200 -96 0 ) (-200 -96 72 ) (-200 -48 72 ) 
4 262 264 (-200 -96 72 ) (-200 -96 80 ) (-200 -48 80 ) (-200 -48 72 ) 
4 262 263 (-200 -96 80 ) (-200 -96 108 ) (-200 -48 108 ) (-200 -48 80 ) 
4 263 266 (-206 -96 108 ) (-206 -48 108 ) (-206 -48 80 ) (-206 -96 80 ) 
4 263 264 (-206 -96 80 ) (-206 -48 80 ) (-200 -48 80 ) (-200 -96 80 ) 
4 264 267 (-206 -96 80 ) (-206 -48 80 ) (-206 -48 72 ) (-206 -96 72 ) 
4 264 265 (-206 -96 72 ) (-206 -48 72 ) (-200 -48 72 ) (-200 -96 72 ) 
4 265 268 (-206 -48 0 ) (-206 -96 0 ) (-206 -96 72 ) (-206 -48 72 ) 
4 266 270 (-214 -128 128 ) (-214 0 128 ) (-214 0 80 ) (-214 -128 80 ) 
4 266 267 (-214 -128 80 ) (-214 0 80 ) (-206 0 80 ) (-206 -128 80 ) 
4 267 272 (-214 -128 80 ) (-214 0 80 ) (-214 0 72 ) (-214 -128 72 ) 
4 267 268 (-214 -128 72 ) (-214 0 72 ) (-206 0 72 ) (-206 -128 72 ) 
4 268 274 (-214 0 0 ) (-214 -128 0 ) (-214 -128 72 ) (-214 0 72 ) 
4 269 278 (-368 -128 80 ) (-368 -128 128 ) (-368 -35.018867 128 ) (-368 -35.018871 80 ) 
4 269 275 (-368 -128 108 ) (-368 -128 80 ) (-320 -128 80 ) (-320 -128 108 ) 
3 269 271 (-214 -128 80 ) (-368 -128 80 ) (-368 -35.018867 80 ) 
4 269 270 (-214 -128 128 ) (-214 -128 80 ) (-368 -35.018867 80 ) (-368 -35.018867 128 ) 
4 270 279 (-368 -35.018867 128 ) (-368 0 128 ) (-368 0 80 ) (-368 -35.018871 80 ) 
4 270 272 (-214 -128 80 ) (-368 -35.018867 80 ) (-368 0 80 ) (-214 0 80 ) 
4 271 280 (-368 -128 72 ) (-368 -128 80 ) (-368 -35.018867 80 ) (-368 -35.018871 72 ) 
4 271 276 (-368 -128 80 ) (-368 -128 72 ) (-320 -128 72 ) (-320 -128 80 ) 
3 271 273 (-214 -128 72 ) (-368 -128 72 ) (-368 -35.018867 72 ) 
4 271 272 (-214 -128 72 ) (-368 -35.018867 72 ) (-368 -35.019531 80 ) (-214 -128 80 ) 
4 272 281 (-368 -35.018867 80 ) (-368 0 80 ) (-368 0 72 ) (-368 -35.018871 72 ) 
4 272 274 (-214 -128 72 ) (-368 -35.018867 72 ) (-368 0 72 ) (-214 0 72 ) 
4 273 282 (-368 -35.018871 0 ) (-368 -128 0 ) (-368 -128 72 ) (-368 -35.018867 72 ) 
4 273 277 (-368 -128 72 ) (-368 -128 0 ) (-320 -128 0 ) (-320 -128 72 ) 
4 273 274 (-368 -35.019531 0 ) (-368 -35.019531 72 ) (-214 -128 72 ) (-214 -128 0 ) 
4 274 283 (-368 0 0 ) (-368 -35.018871 0 ) (-368 -35.018867 72 ) (-368 0 72 ) 
4 275 276 (-368 -144 80 ) (-368 -128 80 ) (-320 -128 80 ) (-320 -144 80 ) 
4 276 277 (-368 -144 72 ) (-368 -128 72 ) (-320 -128 72 ) (-320 -144 72 ) 
4 278 284 (-566.250000 -128 80 ) (-566.250000 -128 128 ) (-566.250000 0 128 ) (-566.250000 0 80 ) 
5 278 280 (-368 -128 80 ) (-566.250000 -128 80 ) (-566.250000 0 80 ) (-426 0 80 ) (-368 -35.018871 80 ) 
4 278 279 (-368 -35.018867 128 ) (-368 -35.018867 80 ) (-426 0 80 ) (-426 0 128 ) 
3 279 281 (-426 0 80 ) (-368 0 80 ) (-368 -35.018871 80 ) 
4 280 286 (-566.250000 -128 72 ) (-566.250000 -128 80 ) (-566.250000 0 80 ) (-566.250000 0 72 ) 
5 280 282 (-368 -128 72 ) (-566.250000 -128 72 ) (-566.250000 0 72 ) (-426 0 72 ) (-368 -35.018871 72 ) 
4 280 281 (-368 -35.018867 72 ) (-426 0 72 ) (-426 0 80 ) (-368 -35.019531 80 ) 
3 281 283 (-426 0 72 ) (-368 0 72 ) (-368 -35.018871 72 ) 
4 282 287 (-566.250000 0 0 ) (-566.250000 -128 0 ) (-566.250000 -128 72 ) (-566.250000 0 72 ) 
4 282 283 (-426 0 72 ) (-368 -35.019531 72 ) (-368 -35.019531 0 ) (-426 0 0 ) 
4 284 288 (-668 -128 128 ) (-668 0 128 ) (-668 0 80 ) (-668 -128 80 ) 
4 284 286 (-668 -128 80 ) (-668 0 80 ) (-566.250000 0 80 ) (-566.250000 -128 80 ) 
4 284 285 (-668 -128 117 ) (-668 -128 80 ) (-566.250000 -128 80 ) (-566.250000 -128 117 ) 
4 285 440 (-668 -144 117 ) (-668 -144 80 ) (-566.250000 -144 80 ) (-566.250000 -144 117 ) 
4 285 286 (-668 -144 80 ) (-668 -128 80 ) (-566.250000 -128 80 ) (-566.250000 -144 80 ) 
4 286 441 (-668 -144 80 ) (-668 -144 72 ) (-566.250000 -144 72 ) (-566.250000 -144 80 ) 
4 286 290 (-668 -128 80 ) (-668 0 80 ) (-668 0 72 ) (-668 -128 72 ) 
4 286 287 (-668 -144 72 ) (-668 0 72 ) (-566.250000 0 72 ) (-566.250000 -144 72 ) 
4 287 442 (-668 -144 72 ) (-668 -144 0 ) (-566.250000 -144 0 ) (-566.250000 -144 72 ) 
4 287 292 (-668 0 0 ) (-668 -128 0 ) (-668 -128 72 ) (-668 0 72 ) 
4 288 476 (-1024 -108.679268 80 ) (-1024 -128 80 ) (-1024 -128 128 ) (-1024 -108.679268 128 ) 
4 288 294 (-944 -128 80 ) (-896 -128 80 ) (-896 -128 108 ) (-944 -128 108 ) 
5 288 290 (-668 -128 80 ) (-1024 -128 80 ) (-1024 -108.679268 80 ) (-844 0 80 ) (-668 0 80 ) 
4 288 289 (-844.001343 0 80 ) (-1024 -108.679123 80 ) (-1024 -108.679123 128 ) (-844.001343 0 128 ) 
4 289 477 (-1024 0 128 ) (-1024 0 80 ) (-1024 -108.679268 80 ) (-1024 -108.679268 128 ) 
3 289 291 (-1024 -108.679268 80 ) (-1024 0 80 ) (-844 0 80 ) 
4 290 478 (-1024 -108.679268 72 ) (-1024 -128 72 ) (-1024 -128 80 ) (-1024 -108.679268 80 ) 
4 290 295 (-896 -128 80 ) (-944 -128 80 ) (-944 -128 72 ) (-896 -128 72 ) 
5 290 292 (-668 -128 72 ) (-1024 -128 72 ) (-1024 -108.679268 72 ) (-844 0 72 ) (-668 0 72 ) 
4 290 291 (-844.001343 0 72 ) (-1024 -108.679123 72 ) (-1024 -108.676888 80 ) (-844.003906 0 80 ) 
4 291 479 (-1024 0 80 ) (-1024 0 72 ) (-1024 -108.679268 72 ) (-1024 -108.679268 80 ) 
3 291 293 (-1024 -108.679268 72 ) (-1024 0 72 ) (-844 0 72 ) 
4 292 480 (-1024 -108.679268 0 ) (-1024 -128 0 ) (-1024 -128 72 ) (-1024 -108.679268 72 ) 
4 292 296 (-944 -128 0 ) (-896 -128 0 ) (-896 -128 72 ) (-944 -128 72 ) 
4 292 293 (-1024 -108.676888 72 ) (-844.003906 0 72 ) (-844.003906 0 0 ) (-1024 -108.676880 0 ) 
4 293 481 (-1024 0 72 ) (-1024 0 0 ) (-1024 -108.679268 0 ) (-1024 -108.679268 72 ) 
4 294 295 (-944 -128 80 ) (-896 -128 80 ) (-896 -144 80 ) (-944 -144 80 ) 
4 295 296 (-944 -128 72 ) (-896 -128 72 ) (-896 -144 72 ) (-944 -144 72 ) 
4 297 301 (-214 -97 -88 ) (-214 -97 -60 ) (-214 -49 -60 ) (-214 -49 -88 ) 
4 297 298 (-200 -97 -88 ) (-214 -97 -88 ) (-214 -49 -88 ) (-200 -49 -88 ) 
4 298 303 (-214 -97 -96 ) (-214 -97 -88 ) (-214 -49 -88 ) (-214 -49 -96 ) 
4 298 299 (-200 -97 -96 ) (-214 -97 -96 ) (-214 -49 -96 ) (-200 -49 -96 ) 
4 299 307 (-214 -49 -168 ) (-214 -97 -168 ) (-214 -97 -96 ) (-214 -49 -96 ) 
4 300 485 (-1024 -128 -88 ) (-1024 -128 -40 ) (-1024 -108.679268 -40 ) (-1024 -108.679268 -88 ) 
4 300 316 (-944 -128 -88 ) (-896 -128 -88 ) (-896 -128 -60 ) (-944 -128 -60 ) 
4 300 313 (-668 -128 -88 ) (-566 -128 -88 ) (-566 -128 -60 ) (-668 -128 -60 ) 
4 300 312 (-566 -128 -40 ) (-668 -128 -40 ) (-668 -128 -60 ) (-566 -128 -60 ) 
4 300 309 (-320 -128 -60 ) (-368 -128 -60 ) (-368 -128 -88 ) (-320 -128 -88 ) 
4 300 304 (-1024 -108.679184 -88 ) (-1024 -108.679192 -40 ) (-844 0 -40 ) (-844 0 -88 ) 
5 300 302 (-214 -128 -88 ) (-1024 -128 -88 ) (-1024 -108.679245 -88 ) (-844 0 -88 ) (-426 0 -88 ) 
4 300 301 (-214 -128 -40 ) (-214 -128 -88 ) (-426 0 -88 ) (-426 0 -40 ) 
3 301 303 (-214 -128 -88 ) (-426 0 -88 ) (-214 0 -88 ) 
4 302 487 (-1024 -108.679268 -96 ) (-1024 -128 -96 ) (-1024 -128 -88 ) (-1024 -108.679268 -88 ) 
4 302 317 (-896 -128 -88 ) (-944 -128 -88 ) (-944 -128 -96 ) (-896 -128 -96 ) 
4 302 314 (-566 -128 -88 ) (-668 -128 -88 ) (-668 -128 -96 ) (-566 -128 -96 ) 
4 302 310 (-320 -128 -88 ) (-368 -128 -88 ) (-368 -128 -96 ) (-320 -128 -96 ) 
5 302 306 (-214 -128 -96 ) (-1024 -128 -96 ) (-1024 -108.679268 -96 ) (-844 0 -96 ) (-426 0 -96 ) 
4 302 305 (-844 0 -96 ) (-1024 -108.679184 -96 ) (-1024 -108.679184 -88 ) (-844 0 -88 ) 
4 302 303 (-214 -128 -96 ) (-426 0 -96 ) (-426.001953 0 -88 ) (-214.001923 -128 -88 ) 
3 303 307 (-214 -128 -96 ) (-426 0 -96 ) (-214 0 -96 ) 
4 304 486 (-1024 0 -40 ) (-1024 0 -88 ) (-1024 -108.679268 -88 ) (-1024 -108.679268 -40 ) 
3 304 305 (-844 0 -88 ) (-1024 -108.679169 -88 ) (-1024 0 -88 ) 
4 305 488 (-1024 0 -88 ) (-1024 0 -96 ) (-1024 -108.679268 -96 ) (-1024 -108.679268 -88 ) 
3 305 308 (-1024 -108.679268 -96 ) (-1024 0 -96 ) (-844 0 -96 ) 
4 306 489 (-1024 -108.679268 -168 ) (-1024 -128 -168 ) (-1024 -128 -96 ) (-1024 -108.679268 -96 ) 
4 306 322 (-944 -128 -168 ) (-896 -128 -168 ) (-896 -128 -110 ) (-944 -128 -110 ) 
4 306 321 (-668 -128 -168 ) (-626 -128 -168 ) (-626 -128 -110 ) (-668 -128 -110 ) 
4 306 320 (-626 -128 -168 ) (-566 -128 -168 ) (-566 -128 -110 ) (-626 -128 -110 ) 
4 306 319 (-368 -128 -168 ) (-320 -128 -168 ) (-320 -128 -110 ) (-368 -128 -110 ) 
4 306 318 (-896 -128 -96 ) (-944 -128 -96 ) (-944 -128 -110 ) (-896 -128 -110 ) 
4 306 315 (-566 -128 -96 ) (-668 -128 -96 ) (-668 -128 -110 ) (-566 -128 -110 ) 
4 306 311 (-320 -128 -96 ) (-368 -128 -96 ) (-368 -128 -110 ) (-320 -128 -110 ) 
4 306 308 (-1024 -108.676888 -96 ) (-844.003906 0 -96 ) (-844.003906 0 -168 ) (-1024 -108.676888 -168 ) 
4 306 307 (-426.001953 0 -96 ) (-214.001923 -128 -96 ) (-214.001923 -128 -168 ) (-426.001923 0 -168 ) 
4 308 490 (-1024 0 -96 ) (-1024 0 -168 ) (-1024 -108.679268 -168 ) (-1024 -108.679268 -96 ) 
4 309 310 (-368 -128 -88 ) (-320 -128 -88 ) (-320 -144 -88 ) (-368 -144 -88 ) 
4 310 311 (-368 -128 -96 ) (-320 -128 -96 ) (-320 -144 -96 ) (-368 -144 -96 ) 
4 311 319 (-368 -128 -110 ) (-320 -128 -110 ) (-320 -144 -110 ) (-368 -144 -110 ) 
4 312 313 (-668 -128 -60 ) (-566 -128 -60 ) (-566 -139 -60 ) (-668 -139 -60 ) 
4 313 314 (-668 -139 -88 ) (-668 -128 -88 ) (-566 -128 -88 ) (-566 -139 -88 ) 
4 314 315 (-668 -139 -96 ) (-668 -128 -96 ) (-566 -128 -96 ) (-566 -139 -96 ) 
4 315 321 (-668 -128 -110 ) (-626 -128 -110 ) (-626 -139 -110 ) (-668 -139 -110 ) 
4 315 320 (-626 -128 -110 ) (-566 -128 -110 ) (-566 -139 -110 ) (-626 -139 -110 ) 
4 316 317 (-944 -128 -88 ) (-896 -128 -88 ) (-896 -144 -88 ) (-944 -144 -88 ) 
4 317 318 (-944 -128 -96 ) (-896 -128 -96 ) (-896 -144 -96 ) (-944 -144 -96 ) 
4 318 322 (-944 -128 -110 ) (-896 -128 -110 ) (-896 -144 -110 ) (-944 -144 -110 ) 
4 320 446 (-626 -144 -168 ) (-566 -144 -168 ) (-566 -144 -110 ) (-626 -144 -110 ) 
4 320 321 (-626 -139 -110 ) (-626 -128 -110 ) (-626 -128 -168 ) (-626 -139 -168 ) 
4 323 330 (-214 -97 -228 ) (-214 -49 -228 ) (-214 -49 -256 ) (-214 -97 -256 ) 
4 323 324 (-214 -97 -256 ) (-214 -49 -256 ) (-200 -49 -256 ) (-200 -97 -256 ) 
4 324 331 (-214 -97 -256 ) (-214 -49 -256 ) (-214 -49 -264 ) (-214 -97 -264 ) 
4 324 325 (-214 -97 -264 ) (-214 -49 -264 ) (-200 -49 -264 ) (-200 -97 -264 ) 
4 325 334 (-214 -49 -336 ) (-214 -97 -336 ) (-214 -97 -264 ) (-214 -49 -264 ) 
4 326 494 (-1024 -108.679268 -256 ) (-1024 -128 -256 ) (-1024 -128 -208 ) (-1024 -108.679268 -208 ) 
4 326 339 (-566 -128 -228 ) (-668 -128 -228 ) (-668 -128 -256 ) (-566 -128 -256 ) 
4 326 340 (-896 -128 -228 ) (-944 -128 -228 ) (-944 -128 -256 ) (-896 -128 -256 ) 
4 326 336 (-320 -128 -228 ) (-368 -128 -228 ) (-368 -128 -256 ) (-320 -128 -256 ) 
4 326 335 (-566 -128 -208 ) (-668 -128 -208 ) (-668 -128 -228 ) (-566 -128 -228 ) 
4 326 330 (-214 -128 -208 ) (-214 -128 -256 ) (-426 0 -256 ) (-426 0 -208 ) 
5 326 328 (-426.003723 0 -256 ) (-214.003906 -128 -256 ) (-1024 -128 -256 ) (-1024 -108.679268 -256 ) (-844 0 -256 ) 
4 326 327 (-844.001953 0 -256 ) (-1024 -108.678062 -256 ) (-1024 -108.678070 -208 ) (-844.001953 0 -208 ) 
4 327 495 (-1024 0 -208 ) (-1024 0 -256 ) (-1024 -108.679268 -256 ) (-1024 -108.679268 -208 ) 
3 327 329 (-1024 -108.679268 -256 ) (-1024 0 -256 ) (-844 0 -256 ) 
4 328 496 (-1024 -108.679268 -264 ) (-1024 -128 -264 ) (-1024 -128 -256 ) (-1024 -108.679268 -256 ) 
4 328 341 (-566 -128 -256 ) (-668 -128 -256 ) (-668 -128 -264 ) (-566 -128 -264 ) 
4 328 342 (-896 -128 -256 ) (-944 -128 -256 ) (-944 -128 -264 ) (-896 -128 -264 ) 
4 328 337 (-320 -128 -256 ) (-368 -128 -256 ) (-368 -128 -264 ) (-320 -128 -264 ) 
5 328 332 (-214 -128 -264 ) (-1024 -128 -264 ) (-1024 -108.679268 -264 ) (-844 0 -264 ) (-426 0 -264 ) 
4 328 331 (-214 -128 -256 ) (-214 -128 -264 ) (-426 0 -264 ) (-426 0 -256 ) 
4 328 329 (-1024 -108.676857 -256 ) (-844.004211 0 -256 ) (-844.004517 0 -264 ) (-1024 -108.676521 -264 ) 
4 329 497 (-1024 0 -256 ) (-1024 0 -264 ) (-1024 -108.679268 -264 ) (-1024 -108.679268 -256 ) 
3 329 333 (-1024 -108.679268 -264 ) (-1024 0 -264 ) (-844 0 -264 ) 
4 330 331 (-214 -128 -256 ) (-214.007813 -128 -256 ) (-426.007813 0 -256 ) (-214 0 -256 ) 
3 331 334 (-214 -128 -264 ) (-426 0 -264 ) (-214 0 -264 ) 
4 332 498 (-1024 -108.679268 -336 ) (-1024 -128 -336 ) (-1024 -128 -264 ) (-1024 -108.679268 -264 ) 
4 332 343 (-668 -128 -336 ) (-566 -128 -336 ) (-566 -128 -264 ) (-668 -128 -264 ) 
4 332 344 (-944 -128 -336 ) (-896 -128 -336 ) (-896 -128 -264 ) (-944 -128 -264 ) 
4 332 338 (-368 -128 -336 ) (-320 -128 -336 ) (-320 -128 -264 ) (-368 -128 -264 ) 
4 332 334 (-426 0 -264 ) (-214 -128 -264 ) (-214 -128 -336 ) (-426 0 -336 ) 
4 332 333 (-844.001648 0 -336 ) (-1024 -108.679100 -336 ) (-1024 -108.679092 -264 ) (-844.001587 0 -264 ) 
4 333 499 (-1024 0 -264 ) (-1024 0 -336 ) (-1024 -108.679268 -336 ) (-1024 -108.679268 -264 ) 
4 335 448 (-566 -144 -208 ) (-668 -144 -208 ) (-668 -144 -228 ) (-566 -144 -228 ) 
4 335 339 (-668 -128 -228 ) (-566 -128 -228 ) (-566 -144 -228 ) (-668 -144 -228 ) 
4 336 337 (-368 -128 -256 ) (-320 -128 -256 ) (-320 -144 -256 ) (-368 -144 -256 ) 
4 337 338 (-368 -128 -264 ) (-320 -128 -264 ) (-320 -144 -264 ) (-368 -144 -264 ) 
4 339 448 (-566 -144 -256 ) (-566 -144 -228 ) (-668 -144 -228 ) (-668 -144 -256 ) 
4 339 341 (-668 -128 -256 ) (-566 -128 -256 ) (-566 -144 -256 ) (-668 -144 -256 ) 
4 340 342 (-944 -144 -256 ) (-944 -128 -256 ) (-896 -128 -256 ) (-896 -144 -256 ) 
4 341 449 (-668 -144 -264 ) (-566 -144 -264 ) (-566 -144 -256 ) (-668 -144 -256 ) 
4 341 343 (-668 -128 -264 ) (-566 -128 -264 ) (-566 -144 -264 ) (-668 -144 -264 ) 
4 342 344 (-944 -128 -264 ) (-896 -128 -264 ) (-896 -144 -264 ) (-944 -144 -264 ) 
4 343 450 (-668 -144 -336 ) (-566 -144 -336 ) (-566 -144 -264 ) (-668 -144 -264 ) 
4 345 349 (-214 -97 -396 ) (-214 -49 -396 ) (-214 -49 -424 ) (-214 -97 -424 ) 
4 345 346 (-214 -97 -424 ) (-214 -49 -424 ) (-200 -49 -424 ) (-200 -97 -424 ) 
4 346 351 (-214 -97 -424 ) (-214 -49 -424 ) (-214 -49 -432 ) (-214 -97 -432 ) 
4 346 347 (-214 -97 -432 ) (-214 -49 -432 ) (-200 -49 -432 ) (-200 -97 -432 ) 
4 347 355 (-214 -49 -504 ) (-214 -97 -504 ) (-214 -97 -432 ) (-214 -49 -432 ) 
4 348 503 (-1024 -128 -424 ) (-1024 -128 -376 ) (-1024 -108.679268 -376 ) (-1024 -108.679268 -424 ) 
4 348 363 (-896 -128 -396 ) (-944 -128 -396 ) (-944 -128 -424 ) (-896 -128 -424 ) 
4 348 361 (-566 -128 -396 ) (-668 -128 -396 ) (-668 -128 -424 ) (-566 -128 -424 ) 
4 348 358 (-320 -128 -396 ) (-368 -128 -396 ) (-368 -128 -424 ) (-320 -128 -424 ) 
4 348 357 (-566 -128 -376 ) (-668 -128 -376 ) (-668 -128 -396 ) (-566 -128 -396 ) 
4 348 352 (-1024 -108.679184 -424 ) (-1024 -108.679192 -376 ) (-844 0 -376 ) (-844 0 -424 ) 
5 348 350 (-214 -128 -424 ) (-1024 -128 -424 ) (-1024 -108.679245 -424 ) (-844 0 -424 ) (-426 0 -424 ) 
4 348 349 (-214 -128 -376 ) (-214 -128 -424 ) (-426 0 -424 ) (-426 0 -376 ) 
3 349 351 (-214 -128 -424 ) (-426 0 -424 ) (-214 0 -424 ) 
4 350 505 (-1024 -108.679268 -432 ) (-1024 -128 -432 ) (-1024 -128 -424 ) (-1024 -108.679268 -424 ) 
4 350 364 (-896 -128 -424 ) (-944 -128 -424 ) (-944 -128 -432 ) (-896 -128 -432 ) 
4 350 362 (-566 -128 -424 ) (-668 -128 -424 ) (-668 -128 -432 ) (-566 -128 -432 ) 
4 350 359 (-320 -128 -424 ) (-368 -128 -424 ) (-368 -128 -432 ) (-320 -128 -432 ) 
5 350 354 (-214 -128 -432 ) (-1024 -128 -432 ) (-1024 -108.679268 -432 ) (-844 0 -432 ) (-426 0 -432 ) 
4 350 353 (-844 0 -432 ) (-1024 -108.679184 -432 ) (-1024 -108.679184 -424 ) (-844 0 -424 ) 
4 350 351 (-214 -128 -432 ) (-426 0 -432 ) (-426.001953 0 -424 ) (-214.001923 -128 -424 ) 
3 351 355 (-214 -128 -432 ) (-426 0 -432 ) (-214 0 -432 ) 
4 352 504 (-1024 0 -376 ) (-1024 0 -424 ) (-1024 -108.679268 -424 ) (-1024 -108.679268 -376 ) 
3 352 353 (-844 0 -424 ) (-1024 -108.679169 -424 ) (-1024 0 -424 ) 
4 353 506 (-1024 0 -424 ) (-1024 0 -432 ) (-1024 -108.679268 -432 ) (-1024 -108.679268 -424 ) 
3 353 356 (-1024 -108.679268 -432 ) (-1024 0 -432 ) (-844 0 -432 ) 
4 354 507 (-1024 -108.679268 -504 ) (-1024 -128 -504 ) (-1024 -128 -432 ) (-1024 -108.679268 -432 ) 
4 354 366 (-944 -128 -504 ) (-896 -128 -504 ) (-896 -128 -432 ) (-944 -128 -432 ) 
4 354 365 (-668 -128 -504 ) (-566 -128 -504 ) (-566 -128 -432 ) (-668 -128 -432 ) 
4 354 360 (-368 -128 -504 ) (-320 -128 -504 ) (-320 -128 -432 ) (-368 -128 -432 ) 
4 354 356 (-1024 -108.676888 -432 ) (-844.003906 0 -432 ) (-844.003906 0 -504 ) (-1024 -108.676888 -504 ) 
4 354 355 (-426.001953 0 -432 ) (-214.001923 -128 -432 ) (-214.001923 -128 -504 ) (-426.001923 0 -504 ) 
4 356 508 (-1024 0 -432 ) (-1024 0 -504 ) (-1024 -108.679268 -504 ) (-1024 -108.679268 -432 ) 
4 357 452 (-566 -144 -376 ) (-668 -144 -376 ) (-668 -144 -396 ) (-566 -144 -396 ) 
4 357 361 (-668 -128 -396 ) (-566 -128 -396 ) (-566 -144 -396 ) (-668 -144 -396 ) 
4 358 359 (-368 -128 -424 ) (-320 -128 -424 ) (-320 -144 -424 ) (-368 -144 -424 ) 
4 359 360 (-368 -128 -432 ) (-320 -128 -432 ) (-320 -144 -432 ) (-368 -144 -432 ) 
4 361 452 (-566 -144 -424 ) (-566 -144 -396 ) (-668 -144 -396 ) (-668 -144 -424 ) 
4 361 362 (-668 -128 -424 ) (-566 -128 -424 ) (-566 -144 -424 ) (-668 -144 -424 ) 
4 362 453 (-668 -144 -432 ) (-566 -144 -432 ) (-566 -144 -424 ) (-668 -144 -424 ) 
4 362 365 (-668 -128 -432 ) (-566 -128 -432 ) (-566 -144 -432 ) (-668 -144 -432 ) 
4 363 364 (-944 -128 -424 ) (-896 -128 -424 ) (-896 -144 -424 ) (-944 -144 -424 ) 
4 364 366 (-944 -128 -432 ) (-896 -128 -432 ) (-896 -144 -432 ) (-944 -144 -432 ) 
4 365 454 (-668 -144 -504 ) (-566 -144 -504 ) (-566 -144 -432 ) (-668 -144 -432 ) 
4 367 374 (-214 -97 -592 ) (-214 -97 -564 ) (-214 -49 -564 ) (-214 -49 -592 ) 
4 367 368 (-200 -97 -592 ) (-214 -97 -592 ) (-214 -49 -592 ) (-200 -49 -592 ) 
4 368 375 (-214 -97 -600 ) (-214 -97 -592 ) (-214 -49 -592 ) (-214 -49 -600 ) 
4 368 369 (-200 -97 -600 ) (-214 -97 -600 ) (-214 -49 -600 ) (-200 -49 -600 ) 
4 369 378 (-214 -49 -672 ) (-214 -97 -672 ) (-214 -97 -600 ) (-214 -49 -600 ) 
4 370 512 (-1024 -108.679268 -592 ) (-1024 -128 -592 ) (-1024 -128 -544 ) (-1024 -108.679268 -544 ) 
4 370 385 (-896 -128 -564 ) (-944 -128 -564 ) (-944 -128 -592 ) (-896 -128 -592 ) 
4 370 383 (-566 -128 -564 ) (-668 -128 -564 ) (-668 -128 -592 ) (-566 -128 -592 ) 
4 370 380 (-320 -128 -564 ) (-368 -128 -564 ) (-368 -128 -592 ) (-320 -128 -592 ) 
4 370 379 (-566 -128 -544 ) (-668 -128 -544 ) (-668 -128 -564 ) (-566 -128 -564 ) 
4 370 374 (-214 -128 -544 ) (-214 -128 -592 ) (-426 0 -592 ) (-426 0 -544 ) 
5 370 372 (-426.003723 0 -592 ) (-214.003906 -128 -592 ) (-1024 -128 -592 ) (-1024 -108.679268 -592 ) (-844 0 -592 ) 
4 370 371 (-844.001953 0 -592 ) (-1024 -108.678062 -592 ) (-1024 -108.678070 -544 ) (-844.001953 0 -544 ) 
4 371 513 (-1024 0 -544 ) (-1024 0 -592 ) (-1024 -108.679268 -592 ) (-1024 -108.679268 -544 ) 
3 371 373 (-1024 -108.679268 -592 ) (-1024 0 -592 ) (-844 0 -592 ) 
4 372 514 (-1024 -108.679268 -600 ) (-1024 -128 -600 ) (-1024 -128 -592 ) (-1024 -108.679268 -592 ) 
4 372 386 (-896 -128 -592 ) (-944 -128 -592 ) (-944 -128 -600 ) (-896 -128 -600 ) 
4 372 384 (-566 -128 -592 ) (-668 -128 -592 ) (-668 -128 -600 ) (-566 -128 -600 ) 
4 372 381 (-320 -128 -592 ) (-368 -128 -592 ) (-368 -128 -600 ) (-320 -128 -600 ) 
5 372 376 (-214 -128 -600 ) (-1024 -128 -600 ) (-1024 -108.679268 -600 ) (-844 0 -600 ) (-426 0 -600 ) 
4 372 375 (-214 -128 -592 ) (-214 -128 -600 ) (-426 0 -600 ) (-426 0 -592 ) 
4 372 373 (-1024 -108.676857 -592 ) (-844.004211 0 -592 ) (-844.004517 0 -600 ) (-1024 -108.676521 -600 ) 
4 373 515 (-1024 0 -592 ) (-1024 0 -600 ) (-1024 -108.679268 -600 ) (-1024 -108.679268 -592 ) 
3 373 377 (-1024 -108.679268 -600 ) (-1024 0 -600 ) (-844 0 -600 ) 
4 374 375 (-214 -128 -592 ) (-214.007813 -128 -592 ) (-426.007813 0 -592 ) (-214 0 -592 ) 
3 375 378 (-214 -128 -600 ) (-426 0 -600 ) (-214 0 -600 ) 
4 376 516 (-1024 -108.679268 -672 ) (-1024 -128 -672 ) (-1024 -128 -600 ) (-1024 -108.679268 -600 ) 
4 376 388 (-944 -128 -672 ) (-896 -128 -672 ) (-896 -128 -600 ) (-944 -128 -600 ) 
4 376 387 (-668 -128 -672 ) (-566 -128 -672 ) (-566 -128 -600 ) (-668 -128 -600 ) 
4 376 382 (-368 -128 -672 ) (-320 -128 -672 ) (-320 -128 -600 ) (-368 -128 -600 ) 
4 376 378 (-426 0 -600 ) (-214 -128 -600 ) (-214 -128 -672 ) (-426 0 -672 ) 
4 376 377 (-844.001648 0 -672 ) (-1024 -108.679092 -672 ) (-1024 -108.679100 -600 ) (-844.001587 0 -600 ) 
4 377 517 (-1024 0 -600 ) (-1024 0 -672 ) (-1024 -108.679268 -672 ) (-1024 -108.679268 -600 ) 
4 379 456 (-566 -144 -544 ) (-668 -144 -544 ) (-668 -144 -564 ) (-566 -144 -564 ) 
4 379 383 (-668 -128 -564 ) (-566 -128 -564 ) (-566 -144 -564 ) (-668 -144 -564 ) 
4 380 381 (-368 -128 -592 ) (-320 -128 -592 ) (-320 -144 -592 ) (-368 -144 -592 ) 
4 381 382 (-368 -128 -600 ) (-320 -128 -600 ) (-320 -144 -600 ) (-368 -144 -600 ) 
4 383 456 (-566 -144 -592 ) (-566 -144 -564 ) (-668 -144 -564 ) (-668 -144 -592 ) 
4 383 384 (-668 -128 -592 ) (-566 -128 -592 ) (-566 -144 -592 ) (-668 -144 -592 ) 
4 384 457 (-668 -144 -600 ) (-566 -144 -600 ) (-566 -144 -592 ) (-668 -144 -592 ) 
4 384 387 (-668 -128 -600 ) (-566 -128 -600 ) (-566 -144 -600 ) (-668 -144 -600 ) 
4 385 386 (-944 -128 -592 ) (-896 -128 -592 ) (-896 -144 -592 ) (-944 -144 -592 ) 
4 386 388 (-944 -128 -600 ) (-896 -128 -600 ) (-896 -144 -600 ) (-944 -144 -600 ) 
4 387 458 (-668 -144 -672 ) (-566 -144 -672 ) (-566 -144 -600 ) (-668 -144 -600 ) 
4 389 408 (-214 -97 -760 ) (-214 -97 -732 ) (-214 -49 -732 ) (-214 -49 -760 ) 
4 389 390 (-200 -97 -760 ) (-214 -97 -760 ) (-214 -49 -760 ) (-200 -49 -760 ) 
4 390 409 (-214 -97 -768 ) (-214 -97 -760 ) (-214 -49 -760 ) (-214 -49 -768 ) 
4 390 391 (-200 -97 -768 ) (-214 -97 -768 ) (-214 -49 -768 ) (-200 -49 -768 ) 
4 391 410 (-214 -49 -840 ) (-214 -97 -840 ) (-214 -97 -768 ) (-214 -49 -768 ) 
4 392 521 (-1024 -108.679268 -760 ) (-1024 -128 -760 ) (-1024 -128 -712 ) (-1024 -108.679268 -712 ) 
4 392 408 (-214 -128 -712 ) (-214 -128 -760 ) (-426 0 -760 ) (-426 0 -712 ) 
4 392 405 (-896 -128 -732 ) (-944 -128 -732 ) (-944 -128 -760 ) (-896 -128 -760 ) 
4 392 401 (-566 -128 -732 ) (-668 -128 -732 ) (-668 -128 -760 ) (-566 -128 -760 ) 
4 392 399 (-320 -128 -732 ) (-368 -128 -732 ) (-368 -128 -760 ) (-320 -128 -760 ) 
4 392 398 (-566 -128 -712 ) (-668 -128 -712 ) (-668 -128 -732 ) (-566 -128 -732 ) 
5 392 394 (-214 -128 -760 ) (-1024 -128 -760 ) (-1024 -108.679268 -760 ) (-844 0 -760 ) (-426 0 -760 ) 
4 392 393 (-844 0 -760 ) (-1024 -108.679337 -760 ) (-1024 -108.679337 -712 ) (-844 0 -712 ) 
4 393 522 (-1024 0 -712 ) (-1024 0 -760 ) (-1024 -108.679268 -760 ) (-1024 -108.679268 -712 ) 
3 393 395 (-1024 -108.679268 -760 ) (-1024 0 -760 ) (-844 0 -760 ) 
4 394 523 (-1024 -108.679268 -768 ) (-1024 -128 -768 ) (-1024 -128 -760 ) (-1024 -108.679268 -760 ) 
4 394 409 (-214 -128 -760 ) (-214 -128 -768 ) (-426 0 -768 ) (-426 0 -760 ) 
4 394 406 (-896 -128 -760 ) (-944 -128 -760 ) (-944 -128 -768 ) (-896 -128 -768 ) 
4 394 402 (-566 -128 -760 ) (-668 -128 -760 ) (-668 -128 -768 ) (-566 -128 -768 ) 
4 394 400 (-320 -128 -760 ) (-368 -128 -760 ) (-368 -128 -768 ) (-320 -128 -768 ) 
5 394 396 (-214 -128 -768 ) (-1024 -128 -768 ) (-1024 -108.679268 -768 ) (-844 0 -768 ) (-426 0 -768 ) 
4 394 395 (-844 0 -768 ) (-1024 -108.679337 -768 ) (-1024 -108.676888 -760 ) (-844.003906 0 -760 ) 
4 395 524 (-1024 0 -760 ) (-1024 0 -768 ) (-1024 -108.679268 -768 ) (-1024 -108.679268 -760 ) 
3 395 397 (-1024 -108.679268 -768 ) (-1024 0 -768 ) (-844 0 -768 ) 
4 396 525 (-1024 -108.679268 -840 ) (-1024 -128 -840 ) (-1024 -128 -768 ) (-1024 -108.679268 -768 ) 
4 396 410 (-214 -128 -768 ) (-214 -128 -840 ) (-426 0 -840 ) (-426 0 -768 ) 
4 396 407 (-944 -128 -840 ) (-896 -128 -840 ) (-896 -128 -768 ) (-944 -128 -768 ) 
4 396 404 (-668 -128 -840 ) (-566 -128 -840 ) (-566 -128 -768 ) (-668 -128 -768 ) 
4 396 403 (-368 -128 -840 ) (-320 -128 -840 ) (-320 -128 -768 ) (-368 -128 -768 ) 
4 396 397 (-1024 -108.676888 -768 ) (-844.003845 0 -768 ) (-844.003906 0 -840 ) (-1024 -108.676880 -840 ) 
4 397 526 (-1024 0 -768 ) (-1024 0 -840 ) (-1024 -108.679268 -840 ) (-1024 -108.679268 -768 ) 
4 398 460 (-566 -144 -712 ) (-668 -144 -712 ) (-668 -144 -732 ) (-566 -144 -732 ) 
4 398 401 (-668 -128 -732 ) (-566 -128 -732 ) (-566 -144 -732 ) (-668 -144 -732 ) 
4 399 400 (-368 -144 -760 ) (-368 -128 -760 ) (-320 -128 -760 ) (-320 -144 -760 ) 
4 400 403 (-368 -128 -768 ) (-320 -128 -768 ) (-320 -144 -768 ) (-368 -144 -768 ) 
4 401 460 (-566 -144 -732 ) (-668 -144 -732 ) (-668 -144 -760 ) (-566 -144 -760 ) 
4 401 402 (-668 -144 -760 ) (-668 -128 -760 ) (-566 -128 -760 ) (-566 -144 -760 ) 
4 402 461 (-668 -144 -760 ) (-668 -144 -768 ) (-566 -144 -768 ) (-566 -144 -760 ) 
4 402 404 (-668 -144 -768 ) (-668 -128 -768 ) (-566 -128 -768 ) (-566 -144 -768 ) 
4 404 462 (-668 -144 -840 ) (-566 -144 -840 ) (-566 -144 -768 ) (-668 -144 -768 ) 
4 405 406 (-944 -144 -760 ) (-944 -128 -760 ) (-896 -128 -760 ) (-896 -144 -760 ) 
4 406 407 (-944 -128 -768 ) (-896 -128 -768 ) (-896 -144 -768 ) (-944 -144 -768 ) 
3 408 409 (-214 -128.003906 -760 ) (-426.006470 0 -760 ) (-214 0 -760 ) 
3 409 410 (-214 -128.003906 -768 ) (-426.006470 0 -768 ) (-214 0 -768 ) 
4 411 430 (-214 -97 -928 ) (-214 -97 -900 ) (-214 -49 -900 ) (-214 -49 -928 ) 
4 411 412 (-200 -97 -928 ) (-214 -97 -928 ) (-214 -49 -928 ) (-200 -49 -928 ) 
4 412 431 (-214 -97 -936 ) (-214 -97 -928 ) (-214 -49 -928 ) (-214 -49 -936 ) 
4 412 413 (-200 -97 -936 ) (-214 -97 -936 ) (-214 -49 -936 ) (-200 -49 -936 ) 
4 413 432 (-214 -49 -1008 ) (-214 -97 -1008 ) (-214 -97 -936 ) (-214 -49 -936 ) 
4 414 530 (-1024 -108.679268 -928 ) (-1024 -128 -928 ) (-1024 -128 -880 ) (-1024 -108.679268 -880 ) 
4 414 430 (-214 -128 -880 ) (-214 -128 -928 ) (-426 0 -928 ) (-426 0 -880 ) 
4 414 427 (-896 -128 -900 ) (-944 -128 -900 ) (-944 -128 -928 ) (-896 -128 -928 ) 
4 414 421 (-320 -128 -900 ) (-368 -128 -900 ) (-368 -128 -928 ) (-320 -128 -928 ) 
4 414 422 (-566 -128 -900 ) (-668 -128 -900 ) (-668 -128 -928 ) (-566 -128 -928 ) 
4 414 420 (-566 -128 -880 ) (-668 -128 -880 ) (-668 -128 -900 ) (-566 -128 -900 ) 
5 414 416 (-214 -128 -928 ) (-1024 -128 -928 ) (-1024 -108.679268 -928 ) (-844 0 -928 ) (-426 0 -928 ) 
4 414 415 (-844 0 -928 ) (-1024 -108.679337 -928 ) (-1024 -108.679337 -880 ) (-844 0 -880 ) 
4 415 531 (-1024 0 -880 ) (-1024 0 -928 ) (-1024 -108.679268 -928 ) (-1024 -108.679268 -880 ) 
3 415 417 (-1024 -108.679268 -928 ) (-1024 0 -928 ) (-844 0 -928 ) 
4 416 532 (-1024 -108.679268 -936 ) (-1024 -128 -936 ) (-1024 -128 -928 ) (-1024 -108.679268 -928 ) 
4 416 431 (-214 -128 -928 ) (-214 -128 -936 ) (-426 0 -936 ) (-426 0 -928 ) 
4 416 428 (-896 -128 -928 ) (-944 -128 -928 ) (-944 -128 -936 ) (-896 -128 -936 ) 
4 416 423 (-320 -128 -928 ) (-368 -128 -928 ) (-368 -128 -936 ) (-320 -128 -936 ) 
4 416 424 (-566 -128 -928 ) (-668 -128 -928 ) (-668 -128 -936 ) (-566 -128 -936 ) 
5 416 418 (-214 -128 -936 ) (-1024 -128 -936 ) (-1024 -108.679268 -936 ) (-844 0 -936 ) (-426 0 -936 ) 
4 416 417 (-844 0 -936 ) (-1024 -108.679337 -936 ) (-1024 -108.676888 -928 ) (-844.003906 0 -928 ) 
4 417 533 (-1024 0 -928 ) (-1024 0 -936 ) (-1024 -108.679268 -936 ) (-1024 -108.679268 -928 ) 
3 417 419 (-1024 -108.679268 -936 ) (-1024 0 -936 ) (-844 0 -936 ) 
4 418 534 (-1024 -108.679268 -1008 ) (-1024 -128 -1008 ) (-1024 -128 -936 ) (-1024 -108.679268 -936 ) 
4 418 432 (-214 -128 -936 ) (-214 -128 -1008 ) (-426 0 -1008 ) (-426 0 -936 ) 
4 418 429 (-944 -128 -1008 ) (-896 -128 -1008 ) (-896 -128 -936 ) (-944 -128 -936 ) 
4 418 425 (-368 -128 -1008 ) (-320 -128 -1008 ) (-320 -128 -936 ) (-368 -128 -936 ) 
4 418 426 (-668 -128 -1008 ) (-566 -128 -1008 ) (-566 -128 -936 ) (-668 -128 -936 ) 
4 418 419 (-1024 -108.676888 -936 ) (-844.003845 0 -936 ) (-844.003906 0 -1008 ) (-1024 -108.676880 -1008 ) 
4 419 535 (-1024 0 -936 ) (-1024 0 -1008 ) (-1024 -108.679268 -1008 ) (-1024 -108.679268 -936 ) 
4 420 464 (-566 -144 -880 ) (-668 -144 -880 ) (-668 -144 -900 ) (-566 -144 -900 ) 
4 420 422 (-668 -128 -900 ) (-566 -128 -900 ) (-566 -144 -900 ) (-668 -144 -900 ) 
4 421 423 (-368 -128 -928 ) (-320 -128 -928 ) (-320 -144 -928 ) (-368 -144 -928 ) 
4 422 464 (-566 -144 -900 ) (-668 -144 -900 ) (-668 -144 -928 ) (-566 -144 -928 ) 
4 422 424 (-668 -144 -928 ) (-668 -128 -928 ) (-566 -128 -928 ) (-566 -144 -928 ) 
4 423 425 (-368 -128 -936 ) (-320 -128 -936 ) (-320 -144 -936 ) (-368 -144 -936 ) 
4 424 465 (-668 -144 -928 ) (-668 -144 -936 ) (-566 -144 -936 ) (-566 -144 -928 ) 
4 424 426 (-668 -144 -936 ) (-668 -128 -936 ) (-566 -128 -936 ) (-566 -144 -936 ) 
4 426 466 (-668 -144 -1008 ) (-566 -144 -1008 ) (-566 -144 -936 ) (-668 -144 -936 ) 
4 427 428 (-944 -144 -928 ) (-944 -128 -928 ) (-896 -128 -928 ) (-896 -144 -928 ) 
4 428 429 (-944 -128 -936 ) (-896 -128 -936 ) (-896 -144 -936 ) (-944 -144 -936 ) 
3 430 431 (-214 -128.003906 -928 ) (-426.006470 0 -928 ) (-214 0 -928 ) 
3 431 432 (-214 -128.003906 -936 ) (-426.006470 0 -936 ) (-214 0 -936 ) 
4 433 436 (-214 -49 -1176 ) (-214 -97 -1176 ) (-214 -97 -1068 ) (-214 -49 -1068 ) 
4 434 539 (-1024 -108.679268 -1176 ) (-1024 -128 -1176 ) (-1024 -128 -1048 ) (-1024 -108.679268 -1048 ) 
4 434 439 (-944 -128 -1176 ) (-896 -128 -1176 ) (-896 -128 -1068 ) (-944 -128 -1068 ) 
4 434 438 (-668 -128 -1176 ) (-566 -128 -1176 ) (-566 -128 -1048 ) (-668 -128 -1048 ) 
4 434 437 (-368 -128 -1176 ) (-320 -128 -1176 ) (-320 -128 -1068 ) (-368 -128 -1068 ) 
4 434 436 (-214 -128 -1048 ) (-214 -128 -1176 ) (-426 0 -1176 ) (-426 0 -1048 ) 
4 434 435 (-844.003052 0 -1176 ) (-1024 -108.677467 -1176 ) (-1024 -108.677467 -1048 ) (-844.003052 0 -1048 ) 
4 435 540 (-1024 0 -1048 ) (-1024 0 -1176 ) (-1024 -108.679268 -1176 ) (-1024 -108.679268 -1048 ) 
4 438 468 (-566 -144 -1048 ) (-668 -144 -1048 ) (-668 -144 -1176 ) (-566 -144 -1176 ) 
4 440 469 (-522 -299 168 ) (-704 -299 168 ) (-704 -299 80 ) (-522 -299 80 ) 
4 440 441 (-704 -299 80 ) (-704 -144 80 ) (-522 -144 80 ) (-522 -299 80 ) 
4 441 469 (-522 -299 80 ) (-704 -299 80 ) (-704 -299 72 ) (-522 -299 72 ) 
4 441 442 (-704 -299 72 ) (-704 -144 72 ) (-522 -144 72 ) (-522 -299 72 ) 
4 442 469 (-522 -299 72 ) (-704 -299 72 ) (-704 -299 0 ) (-522 -299 0 ) 
4 442 443 (-704 -299 0 ) (-704 -144 0 ) (-522 -144 0 ) (-522 -299 0 ) 
4 443 469 (-704 -299 0 ) (-704 -299 -8 ) (-522 -299 -8 ) (-522 -299 0 ) 
4 443 444 (-704 -299 -8 ) (-704 -144 -8 ) (-522 -144 -8 ) (-522 -299 -8 ) 
4 444 469 (-522 -299 -8 ) (-704 -299 -8 ) (-704 -299 -88 ) (-522 -299 -88 ) 
4 444 445 (-704 -299 -88 ) (-704 -144 -88 ) (-522 -144 -88 ) (-522 -299 -88 ) 
4 445 469 (-522 -299 -88 ) (-704 -299 -88 ) (-704 -299 -96 ) (-522 -299 -96 ) 
4 445 446 (-704 -144 -96 ) (-522 -144 -96 ) (-522 -299 -96 ) (-704 -299 -96 ) 
4 446 469 (-522 -299 -96 ) (-704 -299 -96 ) (-704 -299 -168 ) (-522 -299 -168 ) 
4 446 447 (-704 -299 -168 ) (-704 -144 -168 ) (-522 -144 -168 ) (-522 -299 -168 ) 
4 447 469 (-704 -299 -168 ) (-704 -299 -176 ) (-522 -299 -176 ) (-522 -299 -168 ) 
4 447 448 (-704 -299 -176 ) (-704 -144 -176 ) (-522 -144 -176 ) (-522 -299 -176 ) 
4 448 469 (-704 -299 -176 ) (-704 -299 -256 ) (-522 -299 -256 ) (-522 -299 -176 ) 
4 448 449 (-704 -299 -256 ) (-704 -144 -256 ) (-522 -144 -256 ) (-522 -299 -256 ) 
4 449 469 (-704 -299 -256 ) (-704 -299 -264 ) (-522 -299 -264 ) (-522 -299 -256 ) 
4 449 450 (-704 -299 -264 ) (-704 -144 -264 ) (-522 -144 -264 ) (-522 -299 -264 ) 
4 450 469 (-522 -299 -264 ) (-704 -299 -264 ) (-704 -299 -336 ) (-522 -299 -336 ) 
4 450 451 (-704 -299 -336 ) (-704 -144 -336 ) (-522 -144 -336 ) (-522 -299 -336 ) 
4 451 469 (-704 -299 -336 ) (-704 -299 -344 ) (-522 -299 -344 ) (-522 -299 -336 ) 
4 451 452 (-704 -299 -344 ) (-704 -144 -344 ) (-522 -144 -344 ) (-522 -299 -344 ) 
4 452 469 (-704 -299 -344 ) (-704 -299 -424 ) (-522 -299 -424 ) (-522 -299 -344 ) 
4 452 453 (-704 -299 -424 ) (-704 -144 -424 ) (-522 -144 -424 ) (-522 -299 -424 ) 
4 453 469 (-522 -299 -424 ) (-704 -299 -424 ) (-704 -299 -432 ) (-522 -299 -432 ) 
4 453 454 (-704 -299 -432 ) (-704 -144 -432 ) (-522 -144 -432 ) (-522 -299 -432 ) 
4 454 469 (-522 -299 -432 ) (-704 -299 -432 ) (-704 -299 -504 ) (-522 -299 -504 ) 
4 454 455 (-704 -144 -504 ) (-522 -144 -504 ) (-522 -299 -504 ) (-704 -299 -504 ) 
4 455 469 (-522 -299 -504 ) (-704 -299 -504 ) (-704 -299 -512 ) (-522 -299 -512 ) 
4 455 456 (-704 -299 -512 ) (-704 -144 -512 ) (-522 -144 -512 ) (-522 -299 -512 ) 
4 456 469 (-704 -299 -512 ) (-704 -299 -592 ) (-522 -299 -592 ) (-522 -299 -512 ) 
4 456 457 (-704 -299 -592 ) (-704 -144 -592 ) (-522 -144 -592 ) (-522 -299 -592 ) 
4 457 469 (-704 -299 -592 ) (-704 -299 -600 ) (-522 -299 -600 ) (-522 -299 -592 ) 
4 457 458 (-704 -299 -600 ) (-704 -144 -600 ) (-522 -144 -600 ) (-522 -299 -600 ) 
4 458 469 (-522 -299 -600 ) (-704 -299 -600 ) (-704 -299 -672 ) (-522 -299 -672 ) 
4 458 459 (-704 -299 -672 ) (-704 -144 -672 ) (-522 -144 -672 ) (-522 -299 -672 ) 
4 459 469 (-704 -299 -672 ) (-704 -299 -680 ) (-522 -299 -680 ) (-522 -299 -672 ) 
4 459 460 (-704 -299 -680 ) (-704 -144 -680 ) (-522 -144 -680 ) (-522 -299 -680 ) 
4 460 469 (-704 -299 -680 ) (-704 -299 -760 ) (-522 -299 -760 ) (-522 -299 -680 ) 
4 460 461 (-704 -299 -760 ) (-704 -144 -760 ) (-522 -144 -760 ) (-522 -299 -760 ) 
4 461 469 (-522 -299 -760 ) (-704 -299 -760 ) (-704 -299 -768 ) (-522 -299 -768 ) 
4 461 462 (-704 -299 -768 ) (-704 -144 -768 ) (-522 -144 -768 ) (-522 -299 -768 ) 
4 462 469 (-522 -299 -768 ) (-704 -299 -768 ) (-704 -299 -840 ) (-522 -299 -840 ) 
4 462 463 (-704 -299 -840 ) (-704 -144 -840 ) (-522 -144 -840 ) (-522 -299 -840 ) 
4 463 469 (-522 -299 -848 ) (-522 -299 -840 ) (-704 -299 -840 ) (-704 -299 -848 ) 
4 463 464 (-704 -299 -848 ) (-704 -144 -848 ) (-522 -144 -848 ) (-522 -299 -848 ) 
4 464 469 (-522 -299 -928 ) (-522 -299 -848 ) (-704 -299 -848 ) (-704 -299 -928 ) 
4 464 465 (-704 -299 -928 ) (-704 -144 -928 ) (-522 -144 -928 ) (-522 -299 -928 ) 
4 465 469 (-522 -299 -936 ) (-522 -299 -928 ) (-704 -299 -928 ) (-704 -299 -936 ) 
4 465 466 (-704 -299 -936 ) (-704 -144 -936 ) (-522 -144 -936 ) (-522 -299 -936 ) 
4 466 469 (-522 -299 -1008 ) (-522 -299 -936 ) (-704 -299 -936 ) (-704 -299 -1008 ) 
4 466 467 (-704 -299 -1008 ) (-704 -144 -1008 ) (-522 -144 -1008 ) (-522 -299 -1008 ) 
4 467 469 (-522 -299 -1016 ) (-522 -299 -1008 ) (-704 -299 -1008 ) (-704 -299 -1016 ) 
4 467 468 (-704 -299 -1016 ) (-704 -144 -1016 ) (-522 -144 -1016 ) (-522 -299 -1016 ) 
4 468 470 (-704 -144 -1280 ) (-522 -144 -1280 ) (-522 -299 -1280 ) (-704 -299 -1280 ) 
4 468 469 (-704 -299 -1280 ) (-522 -299 -1280 ) (-522 -299 -1016 ) (-704 -299 -1016 ) 
4 469 470 (-704 -299 -1280 ) (-522 -299 -1280 ) (-522 -304 -1280 ) (-704 -304 -1280 ) 
4 470 471 (-704 -184 -1512 ) (-704 -184 -1472 ) (-704 -144 -1472 ) (-704 -144 -1512 ) 
4 471 472 (-720 -184 -1472 ) (-720 -144 -1472 ) (-720 -144 -1512 ) (-720 -184 -1512 ) 
5 472 542 (-1024 -216 -1512 ) (-1024 -216 -1300 ) (-1024 -190 -1300 ) (-1024 -144 -1380 ) (-1024 -144 -1512 ) 
4 472 473 (-720 -216 -1512 ) (-720 -216 -1300 ) (-1024 -216 -1300 ) (-1024 -216 -1512 ) 
4 473 543 (-1024 -304 -1542 ) (-1024 -304 -1512 ) (-1024 -216 -1512 ) (-1024 -216 -1542 ) 
4 473 542 (-1024 -304 -1512 ) (-1024 -304 -1300 ) (-1024 -216 -1300 ) (-1024 -216 -1512 ) 
4 473 474 (-1024 -304 -1300 ) (-1024 -304 -1542 ) (-720 -304 -1542 ) (-720 -304 -1300 ) 
4 474 543 (-1024 -350 -1542 ) (-1024 -350 -1512 ) (-1024 -304 -1512 ) (-1024 -304 -1542 ) 
4 474 542 (-1024 -350 -1512 ) (-1024 -350 -1300 ) (-1024 -304 -1300 ) (-1024 -304 -1512 ) 
4 474 475 (-720 -350 -1512 ) (-720 -350 -1300 ) (-1024 -350 -1300 ) (-1024 -350 -1512 ) 
5 475 544 (-1024 -376 -1300 ) (-1024 -350 -1300 ) (-1024 -350 -1512 ) (-1024 -422 -1512 ) (-1024 -422 -1380 ) 
3 476 478 (-1024 -128 80 ) (-1056 -128 80 ) (-1024 -108.679268 80 ) 
4 476 477 (-1024 -108.679245 80 ) (-1056 -128 80 ) (-1056 -128 128 ) (-1024 -108.679245 128 ) 
4 477 482 (-1056 -48 108 ) (-1056 -48 80 ) (-1056 -96 80 ) (-1056 -96 108 ) 
4 477 479 (-1056 -128 80 ) (-1056 0 80 ) (-1024 0 80 ) (-1024 -108.679268 80 ) 
3 478 480 (-1056 -128 72 ) (-1024 -108.679268 72 ) (-1024 -128 72 ) 
4 478 479 (-1024 -108.675217 72 ) (-1056 -127.996094 72 ) (-1056 -127.997643 80 ) (-1024 -108.676888 80 ) 
4 479 483 (-1056 -48 72 ) (-1056 -96 72 ) (-1056 -96 80 ) (-1056 -48 80 ) 
4 479 481 (-1056 -128 72 ) (-1056 0 72 ) (-1024 0 72 ) (-1024 -108.679268 72 ) 
4 480 481 (-1024 -108.679688 0 ) (-1056 -127.998817 0 ) (-1056 -127.998817 72 ) (-1024 -108.678062 72 ) 
4 481 484 (-1056 -48 0 ) (-1056 -96 0 ) (-1056 -96 72 ) (-1056 -48 72 ) 
4 482 483 (-1056 -96 80 ) (-1064 -96 80 ) (-1064 -48 80 ) (-1056 -48 80 ) 
4 483 484 (-1056 -96 72 ) (-1064 -96 72 ) (-1064 -48 72 ) (-1056 -48 72 ) 
3 485 487 (-1024 -128 -88 ) (-1056 -128 -88 ) (-1024 -108.679268 -88 ) 
4 485 486 (-1024 -108.679688 -88 ) (-1056 -128 -88 ) (-1056 -128 -40 ) (-1024 -108.679245 -40 ) 
4 486 491 (-1056 -96 -60 ) (-1056 -48 -60 ) (-1056 -48 -88 ) (-1056 -96 -88 ) 
4 486 488 (-1056 -128 -88 ) (-1056 0 -88 ) (-1024 0 -88 ) (-1024 -108.679268 -88 ) 
3 487 489 (-1024 -128 -96 ) (-1056 -128 -96 ) (-1024 -108.679268 -96 ) 
4 487 488 (-1024 -108.679688 -96 ) (-1056 -128 -96 ) (-1056 -127.997643 -88 ) (-1024 -108.676888 -88 ) 
4 488 492 (-1056 -96 -88 ) (-1056 -48 -88 ) (-1056 -48 -96 ) (-1056 -96 -96 ) 
4 488 490 (-1056 -128 -96 ) (-1056 0 -96 ) (-1024 0 -96 ) (-1024 -108.679268 -96 ) 
4 489 490 (-1024 -108.676537 -168 ) (-1056 -127.997643 -168 ) (-1056 -127.997643 -96 ) (-1024 -108.676888 -96 ) 
4 490 493 (-1056 -48 -168 ) (-1056 -96 -168 ) (-1056 -96 -96 ) (-1056 -48 -96 ) 
4 491 492 (-1064 -96 -88 ) (-1064 -48 -88 ) (-1056 -48 -88 ) (-1056 -96 -88 ) 
4 492 493 (-1064 -96 -96 ) (-1064 -48 -96 ) (-1056 -48 -96 ) (-1056 -96 -96 ) 
3 494 496 (-1024 -128 -256 ) (-1056 -128 -256 ) (-1024 -108.679268 -256 ) 
4 494 495 (-1024 -108.679245 -256 ) (-1056 -128 -256 ) (-1056 -128 -208 ) (-1024 -108.679245 -208 ) 
4 495 500 (-1056 -48 -228 ) (-1056 -48 -256 ) (-1056 -96 -256 ) (-1056 -96 -228 ) 
4 495 497 (-1056 -128 -256 ) (-1056 0 -256 ) (-1024 0 -256 ) (-1024 -108.679268 -256 ) 
3 496 498 (-1056 -128 -264 ) (-1024 -108.679268 -264 ) (-1024 -128 -264 ) 
4 496 497 (-1024 -108.675217 -264 ) (-1056 -127.996094 -264 ) (-1056 -127.997643 -256 ) (-1024 -108.676888 -256 ) 
4 497 501 (-1056 -48 -264 ) (-1056 -96 -264 ) (-1056 -96 -256 ) (-1056 -48 -256 ) 
4 497 499 (-1056 -128 -264 ) (-1056 0 -264 ) (-1024 0 -264 ) (-1024 -108.679268 -264 ) 
4 498 499 (-1024 -108.679688 -336 ) (-1056 -127.998817 -336 ) (-1056 -127.998817 -264 ) (-1024 -108.678062 -264 ) 
4 499 502 (-1056 -48 -336 ) (-1056 -96 -336 ) (-1056 -96 -264 ) (-1056 -48 -264 ) 
4 500 501 (-1056 -96 -256 ) (-1064 -96 -256 ) (-1064 -48 -256 ) (-1056 -48 -256 ) 
4 501 502 (-1056 -96 -264 ) (-1064 -96 -264 ) (-1064 -48 -264 ) (-1056 -48 -264 ) 
3 503 505 (-1024 -128 -424 ) (-1056 -128 -424 ) (-1024 -108.679268 -424 ) 
4 503 504 (-1024 -108.679245 -424 ) (-1056 -128 -424 ) (-1056 -128 -376 ) (-1024 -108.679245 -376 ) 
4 504 509 (-1056 -48 -396 ) (-1056 -48 -424 ) (-1056 -96 -424 ) (-1056 -96 -396 ) 
4 504 506 (-1056 -128 -424 ) (-1056 0 -424 ) (-1024 0 -424 ) (-1024 -108.679268 -424 ) 
3 505 507 (-1056 -128 -432 ) (-1024 -108.679268 -432 ) (-1024 -128 -432 ) 
4 505 506 (-1024 -108.675217 -432 ) (-1056 -127.996094 -432 ) (-1056 -127.997643 -424 ) (-1024 -108.676888 -424 ) 
4 506 510 (-1056 -48 -432 ) (-1056 -96 -432 ) (-1056 -96 -424 ) (-1056 -48 -424 ) 
4 506 508 (-1056 -128 -432 ) (-1056 0 -432 ) (-1024 0 -432 ) (-1024 -108.679268 -432 ) 
4 507 508 (-1024 -108.679688 -504 ) (-1056 -127.998817 -504 ) (-1056 -127.998817 -432 ) (-1024 -108.678062 -432 ) 
4 508 511 (-1056 -48 -504 ) (-1056 -96 -504 ) (-1056 -96 -432 ) (-1056 -48 -432 ) 
4 509 510 (-1056 -96 -424 ) (-1064 -96 -424 ) (-1064 -48 -424 ) (-1056 -48 -424 ) 
4 510 511 (-1056 -96 -432 ) (-1064 -96 -432 ) (-1064 -48 -432 ) (-1056 -48 -432 ) 
3 512 514 (-1024 -128 -592 ) (-1056 -128 -592 ) (-1024 -108.679268 -592 ) 
4 512 513 (-1024 -108.679688 -592 ) (-1056 -128 -592 ) (-1056 -128 -544 ) (-1024 -108.679245 -544 ) 
4 513 518 (-1056 -96 -564 ) (-1056 -48 -564 ) (-1056 -48 -592 ) (-1056 -96 -592 ) 
4 513 515 (-1056 -128 -592 ) (-1056 0 -592 ) (-1024 0 -592 ) (-1024 -108.679268 -592 ) 
3 514 516 (-1024 -128 -600 ) (-1056 -128 -600 ) (-1024 -108.679268 -600 ) 
4 514 515 (-1024 -108.679688 -600 ) (-1056 -128 -600 ) (-1056 -127.997643 -592 ) (-1024 -108.676888 -592 ) 
4 515 519 (-1056 -96 -592 ) (-1056 -48 -592 ) (-1056 -48 -600 ) (-1056 -96 -600 ) 
4 515 517 (-1056 -128 -600 ) (-1056 0 -600 ) (-1024 0 -600 ) (-1024 -108.679268 -600 ) 
4 516 517 (-1024 -108.676537 -672 ) (-1056 -127.997643 -672 ) (-1056 -127.997643 -600 ) (-1024 -108.676888 -600 ) 
4 517 520 (-1056 -48 -672 ) (-1056 -96 -672 ) (-1056 -96 -600 ) (-1056 -48 -600 ) 
4 518 519 (-1064 -96 -592 ) (-1064 -48 -592 ) (-1056 -48 -592 ) (-1056 -96 -592 ) 
4 519 520 (-1064 -96 -600 ) (-1064 -48 -600 ) (-1056 -48 -600 ) (-1056 -96 -600 ) 
3 521 523 (-1024 -128 -760 ) (-1056 -128 -760 ) (-1024 -108.679268 -760 ) 
4 521 522 (-1024 -108.679245 -760 ) (-1056 -128 -760 ) (-1056 -128 -712 ) (-1024 -108.679245 -712 ) 
4 522 527 (-1056 -48 -732 ) (-1056 -48 -760 ) (-1056 -96 -760 ) (-1056 -96 -732 ) 
4 522 524 (-1056 -128 -760 ) (-1056 0 -760 ) (-1024 0 -760 ) (-1024 -108.679268 -760 ) 
3 523 525 (-1056 -128 -768 ) (-1024 -108.679268 -768 ) (-1024 -128 -768 ) 
4 523 524 (-1024 -108.675217 -768 ) (-1056 -127.996094 -768 ) (-1056 -127.997643 -760 ) (-1024 -108.676888 -760 ) 
4 524 528 (-1056 -48 -768 ) (-1056 -96 -768 ) (-1056 -96 -760 ) (-1056 -48 -760 ) 
4 524 526 (-1056 -128 -768 ) (-1056 0 -768 ) (-1024 0 -768 ) (-1024 -108.679268 -768 ) 
4 525 526 (-1024 -108.679688 -840 ) (-1056 -127.998817 -840 ) (-1056 -127.998817 -768 ) (-1024 -108.678062 -768 ) 
4 526 529 (-1056 -48 -840 ) (-1056 -96 -840 ) (-1056 -96 -768 ) (-1056 -48 -768 ) 
4 527 528 (-1056 -96 -760 ) (-1064 -96 -760 ) (-1064 -48 -760 ) (-1056 -48 -760 ) 
4 528 529 (-1056 -96 -768 ) (-1064 -96 -768 ) (-1064 -48 -768 ) (-1056 -48 -768 ) 
3 530 532 (-1024 -128 -928 ) (-1056 -128 -928 ) (-1024 -108.679268 -928 ) 
4 530 531 (-1024 -108.679688 -928 ) (-1056 -128 -928 ) (-1056 -128 -880 ) (-1024 -108.679245 -880 ) 
4 531 536 (-1056 -96 -900 ) (-1056 -48 -900 ) (-1056 -48 -928 ) (-1056 -96 -928 ) 
4 531 533 (-1056 -128 -928 ) (-1056 0 -928 ) (-1024 0 -928 ) (-1024 -108.679268 -928 ) 
3 532 534 (-1024 -128 -936 ) (-1056 -128 -936 ) (-1024 -108.679268 -936 ) 
4 532 533 (-1024 -108.679688 -936 ) (-1056 -128 -936 ) (-1056 -127.997643 -928 ) (-1024 -108.676888 -928 ) 
4 533 537 (-1056 -96 -928 ) (-1056 -48 -928 ) (-1056 -48 -936 ) (-1056 -96 -936 ) 
4 533 535 (-1056 -128 -936 ) (-1056 0 -936 ) (-1024 0 -936 ) (-1024 -108.679268 -936 ) 
4 534 535 (-1024 -108.676537 -1008 ) (-1056 -127.997643 -1008 ) (-1056 -127.997643 -936 ) (-1024 -108.676888 -936 ) 
4 535 538 (-1056 -48 -1008 ) (-1056 -96 -1008 ) (-1056 -96 -936 ) (-1056 -48 -936 ) 
4 536 537 (-1064 -96 -928 ) (-1064 -48 -928 ) (-1056 -48 -928 ) (-1056 -96 -928 ) 
4 537 538 (-1064 -96 -936 ) (-1064 -48 -936 ) (-1056 -48 -936 ) (-1056 -96 -936 ) 
4 539 540 (-1024 -108.679688 -1176 ) (-1056 -127.998840 -1176 ) (-1056 -127.998840 -1048 ) (-1024 -108.678085 -1048 ) 
4 540 541 (-1056 -48 -1176 ) (-1056 -96 -1176 ) (-1056 -96 -1068 ) (-1056 -48 -1068 ) 
4 542 547 (-1215 -350 -1300 ) (-1247 -350 -1300 ) (-1247 -350 -1512 ) (-1215 -350 -1512 ) 
4 542 545 (-1119 -350 -1300 ) (-1215 -350 -1300 ) (-1215 -350 -1404 ) (-1119 -350 -1404 ) 
4 542 546 (-1215 -350 -1404 ) (-1215 -350 -1512 ) (-1119 -350 -1512 ) (-1119 -350 -1404 ) 
4 542 544 (-1024 -350 -1512 ) (-1024 -350 -1300 ) (-1119 -350 -1300 ) (-1119 -350 -1512 ) 
4 542 543 (-1024 -350 -1512 ) (-1247 -350 -1512 ) (-1247 -216 -1512 ) (-1024 -216 -1512 ) 
5 544 545 (-1119 -350 -1300 ) (-1119 -350 -1404 ) (-1119 -422 -1404 ) (-1119 -422 -1380 ) (-1119 -376 -1300 ) 
4 544 546 (-1119 -350 -1404 ) (-1119 -350 -1512 ) (-1119 -422 -1512 ) (-1119 -422 -1404 ) 
5 545 547 (-1215 -350 -1300 ) (-1215 -350 -1404 ) (-1215 -422 -1404 ) (-1215 -422 -1380 ) (-1215 -376 -1300 ) 
4 545 546 (-1215 -422 -1404 ) (-1215 -350 -1404 ) (-1119 -350 -1404 ) (-1119 -422 -1404 ) 
4 546 260 (-1215 -440 -1404 ) (-1215 -440 -1512 ) (-1119 -440 -1512 ) (-1119 -440 -1404 ) 
4 546 547 (-1215 -350 -1404 ) (-1215 -350 -1512 ) (-1215 -422 -1512 ) (-1215 -422 -1404 ) 
