


materialPath: E:\steam\steamapps\sourcemods\bcws\materials
Loading e:\steam\steamapps\sourcemods\bcws\maps\wp.vmf
"materials/dev/dev_windowportal.vtf": cached version doesn't exist
Could not locate 'GameData' key in e:\steam\steamapps\sourcemods\bcws\gameinfo.txt
fixing up env_cubemap materials on brush sides...
0...1...2...3...4...5...6...7...8...9...100...1...2...3...4...5...6...7...8...9...10Processing areas...done (0)
Building Faces...done (0)
FixTjuncs...
PruneNodes...
WriteBSP...
done (0)
writing e:\steam\steamapps\sourcemods\bcws\maps\wp.prt...Building visibility clusters...
done (0)
Creating default LDR cubemaps for env_cubemap using skybox materials:
   skybox/sky_day01_01*.vmt
 ! Run buildcubemaps in the engine to get the correct cube maps.
Creating default HDR cubemaps for env_cubemap using skybox materials:
   skybox/sky_day01_01*.vmt
 ! Run buildcubemaps in the engine to get the correct cube maps.
Finding displacement neighbors...
Finding lightmap sample positions...
Displacement Alpha : 0...1...2...3...4...5...6...7...8...9...10
Building Physics collision data...
done (0) (5544 bytes)
Placing detail props : 0...1...2...3...4...5...6...7...8...9...10
Compacting texture/material tables...
Reduced 22 texinfos to 9
Reduced 4 texdatas to 4 (90 bytes to 90)
Writing e:\steam\steamapps\sourcemods\bcws\maps\wp.bsp
0 seconds elapsed



4 threads
reading e:\steam\steamapps\sourcemods\bcws\maps\wp.bsp
reading e:\steam\steamapps\sourcemods\bcws\maps\wp.prt
   6 portalclusters
   5 numportals
0...1...2...3...4...5...6...7...8...9...100...1...2...3...4...5...6...7...8...9...10Optimized: 0 visible clusters (0.00%)
Total clusters visible: 20
Average clusters visible: 3
Building PAS...
Average clusters audible: 3
visdatasize:64  compressed from 96
writing e:\steam\steamapps\sourcemods\bcws\maps\wp.bsp
0 seconds elapsed



[Reading texlights from 'lights.rad']
[45 texlights parsed from 'lights.rad']

Loading e:\steam\steamapps\sourcemods\bcws\maps\wp.bsp
66 faces
66787 square feet [9617408.00 square inches]
0 Displacements
0 Square Feet [0.00 Square Inches]
66 patches before subdivision
8450 patches after subdivision
0 direct lights
0...1...2...3...4...5...6...7...8...9...100...1...2...3...4...5...6...7...8...9...10transfers 928197, max 243
transfer lists:   7.1 megs
0...1...2...3...4...5...6...7...8...9...10	Bounce #1 added RGB(0, 0, 0)
Build Patch/Sample Hash Table(s).....Done<0.0030 sec>
0...1...2...3...4...5...6...7...8...9...10FinalLightFace Done
0 of 0 (0% of) surface lights went in leaf ambient cubes.
0...1...2...3...4...5...6...7...8...9...10Writing leaf ambient...done
Ready to Finish

Object names       Objects/Maxobjs  Memory / Maxmem  Fullness 
------------       ---------------  ---------------  -------- 
models                   3/1024          144/49152    ( 0.3%) 
brushes                 14/8192          168/98304    ( 0.2%) 
brushsides              84/65536         672/524288   ( 0.1%) 
planes                  78/65536        1560/1310720  ( 0.1%) 
vertexes               117/65536        1404/786432   ( 0.2%) 
nodes                   53/65536        1696/2097152  ( 0.1%) 
texinfos                 9/12288         648/884736   ( 0.1%) 
texdata                  4/2048          128/65536    ( 0.2%) 
dispinfos                0/0               0/0        ( 0.0%) 
disp_verts               0/0               0/0        ( 0.0%) 
disp_tris                0/0               0/0        ( 0.0%) 
disp_lmsamples           0/0               0/0        ( 0.0%) 
faces                   66/65536        3696/3670016  ( 0.1%) 
hdr faces               66/65536        3696/3670016  ( 0.1%) 
origfaces               14/65536         784/3670016  ( 0.0%) 
leaves                  57/65536        1824/2097152  ( 0.1%) 
leaffaces               66/65536         132/131072   ( 0.1%) 
leafbrushes             28/65536          56/131072   ( 0.0%) 
areas                    3/256            24/2048     ( 1.2%) 
surfedges              320/512000       1280/2048000  ( 0.1%) 
edges                  193/256000        772/1024000  ( 0.1%) 
LDR worldlights          0/8192            0/720896   ( 0.0%) 
HDR worldlights          0/8192            0/720896   ( 0.0%) 
leafwaterdata            0/32768           0/393216   ( 0.0%) 
waterstrips              0/32768           0/327680   ( 0.0%) 
waterverts               0/65536           0/786432   ( 0.0%) 
waterindices             0/65536           0/131072   ( 0.0%) 
cubemapsamples           0/1024            0/16384    ( 0.0%) 
overlays                 0/512             0/180224   ( 0.0%) 
LDR lightdata         [variable]           0/0        ( 0.0%) 
HDR lightdata         [variable]      162688/0        ( 0.0%) 
visdata               [variable]          64/16777216 ( 0.0%) 
entdata               [variable]        1158/393216   ( 0.3%) 
LDR ambient table       57/65536         228/262144   ( 0.1%) 
HDR ambient table       57/65536         228/262144   ( 0.1%) 
LDR leaf ambient        57/65536        1596/1835008  ( 0.1%) 
HDR leaf ambient        20/65536         560/1835008  ( 0.0%) 
occluders                0/0               0/0        ( 0.0%) 
occluder polygons        0/0               0/0        ( 0.0%) 
occluder vert ind        0/0               0/0        ( 0.0%) 
detail props          [variable]           1/12       ( 8.3%) 
static props          [variable]           1/12       ( 8.3%) 
pakfile               [variable]      105639/0        ( 0.0%) 
physics               [variable]        5544/4194304  ( 0.1%) 
physics terrain       [variable]           2/1048576  ( 0.0%) 

Level flags = 2

Total triangle count: 132
Writing e:\steam\steamapps\sourcemods\bcws\maps\wp.bsp
0 seconds elapsed



materialPath: E:\steam\steamapps\sourcemods\bcws\materials
Loading e:\steam\steamapps\sourcemods\bcws\maps\wp.vmf
"materials/dev/dev_windowportal.vtf": cached version doesn't exist
Could not locate 'GameData' key in e:\steam\steamapps\sourcemods\bcws\gameinfo.txt
fixing up env_cubemap materials on brush sides...
0...1...2...3...4...5...6...7...8...9...100...1...2...3...4...5...6...7...8...9...10Processing areas...done (0)
Building Faces...done (0)
FixTjuncs...
PruneNodes...
WriteBSP...
done (0)
writing e:\steam\steamapps\sourcemods\bcws\maps\wp.prt...Building visibility clusters...
done (0)
Creating default LDR cubemaps for env_cubemap using skybox materials:
   skybox/sky_day01_01*.vmt
 ! Run buildcubemaps in the engine to get the correct cube maps.
Creating default HDR cubemaps for env_cubemap using skybox materials:
   skybox/sky_day01_01*.vmt
 ! Run buildcubemaps in the engine to get the correct cube maps.
Finding displacement neighbors...
Finding lightmap sample positions...
Displacement Alpha : 0...1...2...3...4...5...6...7...8...9...10
Building Physics collision data...
done (0) (5544 bytes)
Placing detail props : 0...1...2...3...4...5...6...7...8...9...10
Compacting texture/material tables...
Reduced 22 texinfos to 9
Reduced 4 texdatas to 4 (90 bytes to 90)
Writing e:\steam\steamapps\sourcemods\bcws\maps\wp.bsp
1 second elapsed



4 threads
reading e:\steam\steamapps\sourcemods\bcws\maps\wp.bsp
reading e:\steam\steamapps\sourcemods\bcws\maps\wp.prt
   6 portalclusters
   5 numportals
0...1...2...3...4...5...6...7...8...9...100...1...2...3...4...5...6...7...8...9...10Optimized: 0 visible clusters (0.00%)
Total clusters visible: 20
Average clusters visible: 3
Building PAS...
Average clusters audible: 3
visdatasize:64  compressed from 96
writing e:\steam\steamapps\sourcemods\bcws\maps\wp.bsp
0 seconds elapsed



[Reading texlights from 'lights.rad']
[45 texlights parsed from 'lights.rad']

Loading e:\steam\steamapps\sourcemods\bcws\maps\wp.bsp
66 faces
66787 square feet [9617408.00 square inches]
0 Displacements
0 Square Feet [0.00 Square Inches]
66 patches before subdivision
8450 patches after subdivision
0 direct lights
0...1...2...3...4...5...6...7...8...9...100...1...2...3...4...5...6...7...8...9...10transfers 928197, max 243
transfer lists:   7.1 megs
0...1...2...3...4...5...6...7...8...9...10	Bounce #1 added RGB(0, 0, 0)
Build Patch/Sample Hash Table(s).....Done<0.0044 sec>
0...1...2...3...4...5...6...7...8...9...10FinalLightFace Done
0 of 0 (0% of) surface lights went in leaf ambient cubes.
0...1...2...3...4...5...6...7...8...9...10Writing leaf ambient...done
Ready to Finish

Object names       Objects/Maxobjs  Memory / Maxmem  Fullness 
------------       ---------------  ---------------  -------- 
models                   3/1024          144/49152    ( 0.3%) 
brushes                 14/8192          168/98304    ( 0.2%) 
brushsides              84/65536         672/524288   ( 0.1%) 
planes                  78/65536        1560/1310720  ( 0.1%) 
vertexes               117/65536        1404/786432   ( 0.2%) 
nodes                   53/65536        1696/2097152  ( 0.1%) 
texinfos                 9/12288         648/884736   ( 0.1%) 
texdata                  4/2048          128/65536    ( 0.2%) 
dispinfos                0/0               0/0        ( 0.0%) 
disp_verts               0/0               0/0        ( 0.0%) 
disp_tris                0/0               0/0        ( 0.0%) 
disp_lmsamples           0/0               0/0        ( 0.0%) 
faces                   66/65536        3696/3670016  ( 0.1%) 
hdr faces               66/65536        3696/3670016  ( 0.1%) 
origfaces               14/65536         784/3670016  ( 0.0%) 
leaves                  57/65536        1824/2097152  ( 0.1%) 
leaffaces               66/65536         132/131072   ( 0.1%) 
leafbrushes             28/65536          56/131072   ( 0.0%) 
areas                    3/256            24/2048     ( 1.2%) 
surfedges              320/512000       1280/2048000  ( 0.1%) 
edges                  193/256000        772/1024000  ( 0.1%) 
LDR worldlights          0/8192            0/720896   ( 0.0%) 
HDR worldlights          0/8192            0/720896   ( 0.0%) 
leafwaterdata            0/32768           0/393216   ( 0.0%) 
waterstrips              0/32768           0/327680   ( 0.0%) 
waterverts               0/65536           0/786432   ( 0.0%) 
waterindices             0/65536           0/131072   ( 0.0%) 
cubemapsamples           0/1024            0/16384    ( 0.0%) 
overlays                 0/512             0/180224   ( 0.0%) 
LDR lightdata         [variable]           0/0        ( 0.0%) 
HDR lightdata         [variable]      162688/0        ( 0.0%) 
visdata               [variable]          64/16777216 ( 0.0%) 
entdata               [variable]        1160/393216   ( 0.3%) 
LDR ambient table       57/65536         228/262144   ( 0.1%) 
HDR ambient table       57/65536         228/262144   ( 0.1%) 
LDR leaf ambient        57/65536        1596/1835008  ( 0.1%) 
HDR leaf ambient        20/65536         560/1835008  ( 0.0%) 
occluders                0/0               0/0        ( 0.0%) 
occluder polygons        0/0               0/0        ( 0.0%) 
occluder vert ind        0/0               0/0        ( 0.0%) 
detail props          [variable]           1/12       ( 8.3%) 
static props          [variable]           1/12       ( 8.3%) 
pakfile               [variable]      105639/0        ( 0.0%) 
physics               [variable]        5544/4194304  ( 0.1%) 
physics terrain       [variable]           2/1048576  ( 0.0%) 

Level flags = 2

Total triangle count: 132
Writing e:\steam\steamapps\sourcemods\bcws\maps\wp.bsp
1 second elapsed



materialPath: E:\steam\steamapps\sourcemods\bcws\materials
Loading e:\steam\steamapps\sourcemods\bcws\maps\wp.vmf
"materials/dev/dev_windowportal.vtf": cached version doesn't exist
Could not locate 'GameData' key in e:\steam\steamapps\sourcemods\bcws\gameinfo.txt
fixing up env_cubemap materials on brush sides...
0...1...2...3...4...5...6...7...8...9...100...1...2...3...4...5...6...7...8...9...10Processing areas...done (0)
Building Faces...done (0)
FixTjuncs...
PruneNodes...
WriteBSP...
done (0)
writing e:\steam\steamapps\sourcemods\bcws\maps\wp.prt...Building visibility clusters...
done (0)
Creating default LDR cubemaps for env_cubemap using skybox materials:
   skybox/sky_day01_01*.vmt
 ! Run buildcubemaps in the engine to get the correct cube maps.
Creating default HDR cubemaps for env_cubemap using skybox materials:
   skybox/sky_day01_01*.vmt
 ! Run buildcubemaps in the engine to get the correct cube maps.
Finding displacement neighbors...
Finding lightmap sample positions...
Displacement Alpha : 0...1...2...3...4...5...6...7...8...9...10
Building Physics collision data...
done (0) (5544 bytes)
Placing detail props : 0...1...2...3...4...5...6...7...8...9...10
Compacting texture/material tables...
Reduced 22 texinfos to 9
Reduced 4 texdatas to 4 (90 bytes to 90)
Writing e:\steam\steamapps\sourcemods\bcws\maps\wp.bsp
0 seconds elapsed



4 threads
reading e:\steam\steamapps\sourcemods\bcws\maps\wp.bsp
reading e:\steam\steamapps\sourcemods\bcws\maps\wp.prt
   6 portalclusters
   5 numportals
0...1...2...3...4...5...6...7...8...9...100...1...2...3...4...5...6...7...8...9...10Optimized: 0 visible clusters (0.00%)
Total clusters visible: 20
Average clusters visible: 3
Building PAS...
Average clusters audible: 3
visdatasize:64  compressed from 96
writing e:\steam\steamapps\sourcemods\bcws\maps\wp.bsp
0 seconds elapsed



[Reading texlights from 'lights.rad']
[45 texlights parsed from 'lights.rad']

Loading e:\steam\steamapps\sourcemods\bcws\maps\wp.bsp
66 faces
66787 square feet [9617408.00 square inches]
0 Displacements
0 Square Feet [0.00 Square Inches]
66 patches before subdivision
8450 patches after subdivision
0 direct lights
0...1...2...3...4...5...6...7...8...9...100...1...2...3...4...5...6...7...8...9...10transfers 928197, max 243
transfer lists:   7.1 megs
0...1...2...3...4...5...6...7...8...9...10	Bounce #1 added RGB(0, 0, 0)
Build Patch/Sample Hash Table(s).....Done<0.0028 sec>
0...1...2...3...4...5...6...7...8...9...10FinalLightFace Done
0 of 0 (0% of) surface lights went in leaf ambient cubes.
0...1...2...3...4...5...6...7...8...9...10Writing leaf ambient...done
Ready to Finish

Object names       Objects/Maxobjs  Memory / Maxmem  Fullness 
------------       ---------------  ---------------  -------- 
models                   3/1024          144/49152    ( 0.3%) 
brushes                 14/8192          168/98304    ( 0.2%) 
brushsides              84/65536         672/524288   ( 0.1%) 
planes                  78/65536        1560/1310720  ( 0.1%) 
vertexes               117/65536        1404/786432   ( 0.2%) 
nodes                   53/65536        1696/2097152  ( 0.1%) 
texinfos                 9/12288         648/884736   ( 0.1%) 
texdata                  4/2048          128/65536    ( 0.2%) 
dispinfos                0/0               0/0        ( 0.0%) 
disp_verts               0/0               0/0        ( 0.0%) 
disp_tris                0/0               0/0        ( 0.0%) 
disp_lmsamples           0/0               0/0        ( 0.0%) 
faces                   66/65536        3696/3670016  ( 0.1%) 
hdr faces               66/65536        3696/3670016  ( 0.1%) 
origfaces               14/65536         784/3670016  ( 0.0%) 
leaves                  57/65536        1824/2097152  ( 0.1%) 
leaffaces               66/65536         132/131072   ( 0.1%) 
leafbrushes             28/65536          56/131072   ( 0.0%) 
areas                    3/256            24/2048     ( 1.2%) 
surfedges              320/512000       1280/2048000  ( 0.1%) 
edges                  193/256000        772/1024000  ( 0.1%) 
LDR worldlights          0/8192            0/720896   ( 0.0%) 
HDR worldlights          0/8192            0/720896   ( 0.0%) 
leafwaterdata            0/32768           0/393216   ( 0.0%) 
waterstrips              0/32768           0/327680   ( 0.0%) 
waterverts               0/65536           0/786432   ( 0.0%) 
waterindices             0/65536           0/131072   ( 0.0%) 
cubemapsamples           0/1024            0/16384    ( 0.0%) 
overlays                 0/512             0/180224   ( 0.0%) 
LDR lightdata         [variable]           0/0        ( 0.0%) 
HDR lightdata         [variable]      162688/0        ( 0.0%) 
visdata               [variable]          64/16777216 ( 0.0%) 
entdata               [variable]        1159/393216   ( 0.3%) 
LDR ambient table       57/65536         228/262144   ( 0.1%) 
HDR ambient table       57/65536         228/262144   ( 0.1%) 
LDR leaf ambient        57/65536        1596/1835008  ( 0.1%) 
HDR leaf ambient        20/65536         560/1835008  ( 0.0%) 
occluders                0/0               0/0        ( 0.0%) 
occluder polygons        0/0               0/0        ( 0.0%) 
occluder vert ind        0/0               0/0        ( 0.0%) 
detail props          [variable]           1/12       ( 8.3%) 
static props          [variable]           1/12       ( 8.3%) 
pakfile               [variable]      105639/0        ( 0.0%) 
physics               [variable]        5544/4194304  ( 0.1%) 
physics terrain       [variable]           2/1048576  ( 0.0%) 

Level flags = 2

Total triangle count: 132
Writing e:\steam\steamapps\sourcemods\bcws\maps\wp.bsp
0 seconds elapsed



materialPath: E:\steam\steamapps\sourcemods\bcws\materials
Loading e:\steam\steamapps\sourcemods\bcws\maps\wp.vmf
"materials/dev/dev_windowportal.vtf": cached version doesn't exist
Could not locate 'GameData' key in e:\steam\steamapps\sourcemods\bcws\gameinfo.txt
fixing up env_cubemap materials on brush sides...
0...1...2...3...4...5...6...7...8...9...100...1...2...3...4...5...6...7...8...9...10Processing areas...done (0)
Building Faces...done (0)
FixTjuncs...
PruneNodes...
WriteBSP...
done (0)
writing e:\steam\steamapps\sourcemods\bcws\maps\wp.prt...Building visibility clusters...
done (0)
Creating default LDR cubemaps for env_cubemap using skybox materials:
   skybox/sky_day01_01*.vmt
 ! Run buildcubemaps in the engine to get the correct cube maps.
Creating default HDR cubemaps for env_cubemap using skybox materials:
   skybox/sky_day01_01*.vmt
 ! Run buildcubemaps in the engine to get the correct cube maps.
Finding displacement neighbors...
Finding lightmap sample positions...
Displacement Alpha : 0...1...2...3...4...5...6...7...8...9...10
Building Physics collision data...
done (0) (5544 bytes)
Placing detail props : 0...1...2...3...4...5...6...7...8...9...10
Compacting texture/material tables...
Reduced 22 texinfos to 9
Reduced 4 texdatas to 4 (90 bytes to 90)
Writing e:\steam\steamapps\sourcemods\bcws\maps\wp.bsp
1 second elapsed



4 threads
reading e:\steam\steamapps\sourcemods\bcws\maps\wp.bsp
reading e:\steam\steamapps\sourcemods\bcws\maps\wp.prt
   6 portalclusters
   5 numportals
0...1...2...3...4...5...6...7...8...9...100...1...2...3...4...5...6...7...8...9...10Optimized: 0 visible clusters (0.00%)
Total clusters visible: 20
Average clusters visible: 3
Building PAS...
Average clusters audible: 3
visdatasize:64  compressed from 96
writing e:\steam\steamapps\sourcemods\bcws\maps\wp.bsp
0 seconds elapsed



[Reading texlights from 'lights.rad']
[45 texlights parsed from 'lights.rad']

Loading e:\steam\steamapps\sourcemods\bcws\maps\wp.bsp
66 faces
66787 square feet [9617408.00 square inches]
0 Displacements
0 Square Feet [0.00 Square Inches]
66 patches before subdivision
8450 patches after subdivision
0 direct lights
0...1...2...3...4...5...6...7...8...9...100...1...2...3...4...5...6...7...8...9...10transfers 928197, max 243
transfer lists:   7.1 megs
0...1...2...3...4...5...6...7...8...9...10	Bounce #1 added RGB(0, 0, 0)
Build Patch/Sample Hash Table(s).....Done<0.0045 sec>
0...1...2...3...4...5...6...7...8...9...10FinalLightFace Done
0 of 0 (0% of) surface lights went in leaf ambient cubes.
0...1...2...3...4...5...6...7...8...9...10Writing leaf ambient...done
Ready to Finish

Object names       Objects/Maxobjs  Memory / Maxmem  Fullness 
------------       ---------------  ---------------  -------- 
models                   3/1024          144/49152    ( 0.3%) 
brushes                 14/8192          168/98304    ( 0.2%) 
brushsides              84/65536         672/524288   ( 0.1%) 
planes                  78/65536        1560/1310720  ( 0.1%) 
vertexes               117/65536        1404/786432   ( 0.2%) 
nodes                   53/65536        1696/2097152  ( 0.1%) 
texinfos                 9/12288         648/884736   ( 0.1%) 
texdata                  4/2048          128/65536    ( 0.2%) 
dispinfos                0/0               0/0        ( 0.0%) 
disp_verts               0/0               0/0        ( 0.0%) 
disp_tris                0/0               0/0        ( 0.0%) 
disp_lmsamples           0/0               0/0        ( 0.0%) 
faces                   66/65536        3696/3670016  ( 0.1%) 
hdr faces               66/65536        3696/3670016  ( 0.1%) 
origfaces               14/65536         784/3670016  ( 0.0%) 
leaves                  57/65536        1824/2097152  ( 0.1%) 
leaffaces               66/65536         132/131072   ( 0.1%) 
leafbrushes             28/65536          56/131072   ( 0.0%) 
areas                    3/256            24/2048     ( 1.2%) 
surfedges              320/512000       1280/2048000  ( 0.1%) 
edges                  193/256000        772/1024000  ( 0.1%) 
LDR worldlights          0/8192            0/720896   ( 0.0%) 
HDR worldlights          0/8192            0/720896   ( 0.0%) 
leafwaterdata            0/32768           0/393216   ( 0.0%) 
waterstrips              0/32768           0/327680   ( 0.0%) 
waterverts               0/65536           0/786432   ( 0.0%) 
waterindices             0/65536           0/131072   ( 0.0%) 
cubemapsamples           0/1024            0/16384    ( 0.0%) 
overlays                 0/512             0/180224   ( 0.0%) 
LDR lightdata         [variable]           0/0        ( 0.0%) 
HDR lightdata         [variable]      162688/0        ( 0.0%) 
visdata               [variable]          64/16777216 ( 0.0%) 
entdata               [variable]        1160/393216   ( 0.3%) 
LDR ambient table       57/65536         228/262144   ( 0.1%) 
HDR ambient table       57/65536         228/262144   ( 0.1%) 
LDR leaf ambient        57/65536        1596/1835008  ( 0.1%) 
HDR leaf ambient        20/65536         560/1835008  ( 0.0%) 
occluders                0/0               0/0        ( 0.0%) 
occluder polygons        0/0               0/0        ( 0.0%) 
occluder vert ind        0/0               0/0        ( 0.0%) 
detail props          [variable]           1/12       ( 8.3%) 
static props          [variable]           1/12       ( 8.3%) 
pakfile               [variable]      105639/0        ( 0.0%) 
physics               [variable]        5544/4194304  ( 0.1%) 
physics terrain       [variable]           2/1048576  ( 0.0%) 

Level flags = 2

Total triangle count: 132
Writing e:\steam\steamapps\sourcemods\bcws\maps\wp.bsp
1 second elapsed



materialPath: E:\steam\steamapps\sourcemods\bcws\materials
Loading e:\steam\steamapps\sourcemods\bcws\maps\wp.vmf
"materials/dev/dev_windowportal.vtf": cached version doesn't exist
Could not locate 'GameData' key in e:\steam\steamapps\sourcemods\bcws\gameinfo.txt
fixing up env_cubemap materials on brush sides...
0...1...2...3...4...5...6...7...8...9...100...1...2...3...4...5...6...7...8...9...10Processing areas...done (0)
Building Faces...done (0)
FixTjuncs...
PruneNodes...
WriteBSP...
done (0)
writing e:\steam\steamapps\sourcemods\bcws\maps\wp.prt...Building visibility clusters...
done (0)
Creating default LDR cubemaps for env_cubemap using skybox materials:
   skybox/sky_day01_01*.vmt
 ! Run buildcubemaps in the engine to get the correct cube maps.
Creating default HDR cubemaps for env_cubemap using skybox materials:
   skybox/sky_day01_01*.vmt
 ! Run buildcubemaps in the engine to get the correct cube maps.
Finding displacement neighbors...
Finding lightmap sample positions...
Displacement Alpha : 0...1...2...3...4...5...6...7...8...9...10
Building Physics collision data...
done (0) (5544 bytes)
Placing detail props : 0...1...2...3...4...5...6...7...8...9...10
Compacting texture/material tables...
Reduced 22 texinfos to 9
Reduced 4 texdatas to 4 (90 bytes to 90)
Writing e:\steam\steamapps\sourcemods\bcws\maps\wp.bsp
0 seconds elapsed



4 threads
reading e:\steam\steamapps\sourcemods\bcws\maps\wp.bsp
reading e:\steam\steamapps\sourcemods\bcws\maps\wp.prt
   6 portalclusters
   5 numportals
0...1...2...3...4...5...6...7...8...9...100...1...2...3...4...5...6...7...8...9...10Optimized: 0 visible clusters (0.00%)
Total clusters visible: 20
Average clusters visible: 3
Building PAS...
Average clusters audible: 3
visdatasize:64  compressed from 96
writing e:\steam\steamapps\sourcemods\bcws\maps\wp.bsp
0 seconds elapsed



[Reading texlights from 'lights.rad']
[45 texlights parsed from 'lights.rad']

Loading e:\steam\steamapps\sourcemods\bcws\maps\wp.bsp
66 faces
66787 square feet [9617408.00 square inches]
0 Displacements
0 Square Feet [0.00 Square Inches]
66 patches before subdivision
8450 patches after subdivision
0 direct lights
0...1...2...3...4...5...6...7...8...9...100...1...2...3...4...5...6...7...8...9...10transfers 928197, max 243
transfer lists:   7.1 megs
0...1...2...3...4...5...6...7...8...9...10	Bounce #1 added RGB(0, 0, 0)
Build Patch/Sample Hash Table(s).....Done<0.0028 sec>
0...1...2...3...4...5...6...7...8...9...10FinalLightFace Done
0 of 0 (0% of) surface lights went in leaf ambient cubes.
0...1...2...3...4...5...6...7...8...9...10Writing leaf ambient...done
Ready to Finish

Object names       Objects/Maxobjs  Memory / Maxmem  Fullness 
------------       ---------------  ---------------  -------- 
models                   3/1024          144/49152    ( 0.3%) 
brushes                 14/8192          168/98304    ( 0.2%) 
brushsides              84/65536         672/524288   ( 0.1%) 
planes                  78/65536        1560/1310720  ( 0.1%) 
vertexes               117/65536        1404/786432   ( 0.2%) 
nodes                   53/65536        1696/2097152  ( 0.1%) 
texinfos                 9/12288         648/884736   ( 0.1%) 
texdata                  4/2048          128/65536    ( 0.2%) 
dispinfos                0/0               0/0        ( 0.0%) 
disp_verts               0/0               0/0        ( 0.0%) 
disp_tris                0/0               0/0        ( 0.0%) 
disp_lmsamples           0/0               0/0        ( 0.0%) 
faces                   66/65536        3696/3670016  ( 0.1%) 
hdr faces               66/65536        3696/3670016  ( 0.1%) 
origfaces               14/65536         784/3670016  ( 0.0%) 
leaves                  57/65536        1824/2097152  ( 0.1%) 
leaffaces               66/65536         132/131072   ( 0.1%) 
leafbrushes             28/65536          56/131072   ( 0.0%) 
areas                    3/256            24/2048     ( 1.2%) 
surfedges              320/512000       1280/2048000  ( 0.1%) 
edges                  193/256000        772/1024000  ( 0.1%) 
LDR worldlights          0/8192            0/720896   ( 0.0%) 
HDR worldlights          0/8192            0/720896   ( 0.0%) 
leafwaterdata            0/32768           0/393216   ( 0.0%) 
waterstrips              0/32768           0/327680   ( 0.0%) 
waterverts               0/65536           0/786432   ( 0.0%) 
waterindices             0/65536           0/131072   ( 0.0%) 
cubemapsamples           0/1024            0/16384    ( 0.0%) 
overlays                 0/512             0/180224   ( 0.0%) 
LDR lightdata         [variable]           0/0        ( 0.0%) 
HDR lightdata         [variable]      162688/0        ( 0.0%) 
visdata               [variable]          64/16777216 ( 0.0%) 
entdata               [variable]        1160/393216   ( 0.3%) 
LDR ambient table       57/65536         228/262144   ( 0.1%) 
HDR ambient table       57/65536         228/262144   ( 0.1%) 
LDR leaf ambient        57/65536        1596/1835008  ( 0.1%) 
HDR leaf ambient        20/65536         560/1835008  ( 0.0%) 
occluders                0/0               0/0        ( 0.0%) 
occluder polygons        0/0               0/0        ( 0.0%) 
occluder vert ind        0/0               0/0        ( 0.0%) 
detail props          [variable]           1/12       ( 8.3%) 
static props          [variable]           1/12       ( 8.3%) 
pakfile               [variable]      105639/0        ( 0.0%) 
physics               [variable]        5544/4194304  ( 0.1%) 
physics terrain       [variable]           2/1048576  ( 0.0%) 

Level flags = 2

Total triangle count: 132
Writing e:\steam\steamapps\sourcemods\bcws\maps\wp.bsp
1 second elapsed
